
VAE(
  (loss_func): MSELoss()
  (encoder): Sequential(
    (0): Linear(in_features=10, out_features=100, bias=True)
    (1): Sigmoid()
  )
  (u): Sequential(
    (0): Linear(in_features=100, out_features=50, bias=True)
    (1): Affine()
  )
  (logv2): Sequential(
    (0): Linear(in_features=100, out_features=50, bias=True)
    (1): Affine()
  )
  (decoder): Sequential(
    (0): Linear(in_features=50, out_features=100, bias=True)
    (1): Sigmoid()
    (2): Linear(in_features=100, out_features=10, bias=True)
    (3): Affine()
  )
)

run paras: {'run_times': 1, 'multirun_seed': 'r*2', '_run_id': '', 'e': 18, 'load_para_type': None, 'load_sub': None, 'load_file_name': None, 'view_addi_info': ['recon_loss', 'kl_loss', 'loss'], 'if_log': True, 'if_epoch_eval': None, 'if_vmap': False, 'if_save_excel': True, 'if_save_plot': True, 'fd_pr': ['re-T2-ineq'], 'fd_pr_dt': [{'mm': 're', 'ts': 'T2', 'thrd_meth': 'ineq'}], 'fd_pr_name': ['re-T2-ineq'], 'if_minus_mean': True, 'if_use_lstsq': False, 'expt_FAR': 0.005, 'if_plot_mm_kde': False, 'if_plot_score_hm': False, 'if_mm_tab': False, 'if_mm_tsne': False, 'alld_error': 0.005, 'cl': 0.995, 'if_intp': False}

Train VAE[unsup_res]_CSTR_fd_Act2 in cuda:
Epoch: 18 - 751/751 | recon_loss = 2.0333, kl_loss = 2.9854, loss = 5.0187                
Finish training~ Spend 69 seconds

Mean training losses: ['train-recon_loss' 'train-kl_loss' 'train-loss'] = [2.2767 3.1005 5.3773]

Save model paras in '../Result/VAE[unsup_res]_CSTR_fd_Act2/Last'
Plot [T2_cov_sqrt_inv] re-T2-ineq.pdf in '../Result/VAE[unsup_res]_CSTR_fd_Act2'

1) 're-T2-ineq':

Sample size: N = 12010
Chernoff's minimum requirements: N >= 119830
Freedman's minimum requirements: N >= 5400
De la Pena's minimum requirements: N >= 5394
Bernstein's minimum requirements: N >= 5802
Threshold = 49.56

The test false alarm rates (FARs) are:
[0.5 0.  0.  0.  0.5 0.  0.5 1.  0.  0.5](%)

The test missed detection rates (MDRs) are:
[37.76 11.39 10.29  0.7   2.3   2.7   1.7   3.5   3.4  17.28](%)

The test AFAR is 0.3(%).
The test AMDR is 9.1(%).

Save FD Result.xlsx in '../Result/VAE[unsup_res]_CSTR_fd_Act2'
Plot Epoch-Loss.pdf in '../Result/VAE[unsup_res]_CSTR_fd_Act2'
Plot Fault 01.pdf in '../Result/VAE[unsup_res]_CSTR_fd_Act2/re-T2-ineq'
Plot Fault 02.pdf in '../Result/VAE[unsup_res]_CSTR_fd_Act2/re-T2-ineq'
Plot Fault 03.pdf in '../Result/VAE[unsup_res]_CSTR_fd_Act2/re-T2-ineq'
Plot Fault 04.pdf in '../Result/VAE[unsup_res]_CSTR_fd_Act2/re-T2-ineq'
Plot Fault 05.pdf in '../Result/VAE[unsup_res]_CSTR_fd_Act2/re-T2-ineq'
Plot Fault 06.pdf in '../Result/VAE[unsup_res]_CSTR_fd_Act2/re-T2-ineq'
Plot Fault 07.pdf in '../Result/VAE[unsup_res]_CSTR_fd_Act2/re-T2-ineq'
Plot Fault 08.pdf in '../Result/VAE[unsup_res]_CSTR_fd_Act2/re-T2-ineq'
Plot Fault 09.pdf in '../Result/VAE[unsup_res]_CSTR_fd_Act2/re-T2-ineq'
Plot Fault 10.pdf in '../Result/VAE[unsup_res]_CSTR_fd_Act2/re-T2-ineq'
