
NDO(
  (loss_func): MSELoss()
  (seq): Sequential(
    (layer_0): Sequential_F(
      (0): Linear(in_features=102, out_features=1, bias=True)
      (1): Gaussian()
    )
    (layer_1): Sequential_F(
      (0): Linear(in_features=1, out_features=100, bias=True)
      (1): Sigmoid()
    )
  )
)

run paras: {'run_times': 1, 'multirun_seed': 'r*2', '_run_id': '', 'e': 1, 'load_para_type': None, 'load_sub': None, 'load_file_name': None, 'load_path_replace': None, 'view_addi_info': ['observer_loss', 'stability_loss', 'loss'], 'if_log': True, 'if_epoch_eval': None, 'if_vmap': False, 'if_save_excel': True, 'if_save_plot': True, 'fd_pr': ['cust_mm_ey-T2&Q-kde'], 'fd_pr_dt': [{'mm': 'cust_mm_ey', 'ts': 'T2', 'thrd_meth': 'kde'}, {'mm': 'cust_mm_ey', 'ts': 'Q', 'thrd_meth': 'kde'}], 'fd_pr_name': ['cust_mm_ey-T2-kde', 'cust_mm_ey-Q-kde'], 'expt_FAR': 0.005, 'ts_post_op': None, 'if_use_lstsq': True, 'if_plot_mm_kde': False, 'if_plot_score_hm': False, 'if_plot_cov_inv': True, 'if_save_ts': False, 'alld_error': 0.005, 'cl': 0.995, 'if_intp': False}

Train NDO_HY/fd_Act1 via cuda:
Traceback (most recent call last):
  File "F:\torch_joff\joff\_run\_run_model.py", line 67, in _run_with_log
    _run_n(self, p)
  File "F:\torch_joff\joff\_run\_run_model.py", line 111, in _run_n
    train_model(self, **p)
  File "F:\torch_joff\joff\_run\_run_model.py", line 199, in train_model
    else: batch_training(self)
          ^^^^^^^^^^^^^^^^^^^^
  File "F:\torch_joff\joff\_run\_epoch.py", line 29, in batch_training
    self.forward(input)
  File "F:\torch_joff\joff\_model\arx.py", line 172, in forward
    x = self.dynamics_fn(x_pre, u, self.h_pres, self.c_pres)
        ^^^^^^^^^^^^^^^^^^^^^^^^^^^^^^^^^^^^^^^^^^^^^^^^^^^^
  File "F:\torch_joff\joff\_model\arx.py", line 144, in dynamics_fn
    a = layer(a, exd_h)
        ^^^^^^^^^^^^^^^
  File "F:\anaconda3\Lib\site-packages\torch\nn\modules\module.py", line 1736, in _wrapped_call_impl
    return self._call_impl(*args, **kwargs)
           ^^^^^^^^^^^^^^^^^^^^^^^^^^^^^^^^
  File "F:\anaconda3\Lib\site-packages\torch\nn\modules\module.py", line 1747, in _call_impl
    return forward_call(*args, **kwargs)
           ^^^^^^^^^^^^^^^^^^^^^^^^^^^^^
  File "F:\torch_joff\joff\_model\seq.py", line 19, in forward
    return self[0].forward(*args, **kwargs)
           ^^^^^^^^^^^^^^^^^^^^^^^^^^^^^^^^
  File "F:\torch_joff\joff\_model\cell.py", line 14, in forward
    z = torch.cat([x, h0.to(self.device)], dim=-1) if h0 is not None else x
                            ^^^^^^^^^^^
  File "F:\anaconda3\Lib\site-packages\torch\nn\modules\module.py", line 1931, in __getattr__
    raise AttributeError(
AttributeError: 'FCCell' object has no attribute 'device'
