
PFBO(
  (loss_func): MSELoss()
  (H_E): NICE(
    (loss_func): MSELoss()
    (layers): ModuleList(
      (0): AdditiveCouplingLayer(
        (loss_func): MSELoss()
        (net): Sequential(
          (0): Linear(in_features=130, out_features=130, bias=True)
          (1): Gaussian()
          (2): Linear(in_features=130, out_features=130, bias=True)
          (3): Affine()
        )
      )
      (1): AdditiveCouplingLayer(
        (loss_func): MSELoss()
        (net): Sequential(
          (0): Linear(in_features=130, out_features=130, bias=True)
          (1): Sigmoid()
          (2): Linear(in_features=130, out_features=130, bias=True)
          (3): Affine()
        )
      )
      (2): AdditiveCouplingLayer(
        (loss_func): MSELoss()
        (net): Sequential(
          (0): Linear(in_features=130, out_features=130, bias=True)
          (1): Gaussian()
          (2): Linear(in_features=130, out_features=130, bias=True)
          (3): Affine()
        )
      )
    )
  )
  (H_P): NICE(
    (loss_func): MSELoss()
    (layers): ModuleList(
      (0): AdditiveCouplingLayer(
        (loss_func): MSELoss()
        (net): Sequential(
          (0): Linear(in_features=107, out_features=107, bias=True)
          (1): Gaussian()
          (2): Linear(in_features=107, out_features=108, bias=True)
          (3): Affine()
        )
      )
      (1): AdditiveCouplingLayer(
        (loss_func): MSELoss()
        (net): Sequential(
          (0): Linear(in_features=108, out_features=107, bias=True)
          (1): Affine()
          (2): Linear(in_features=107, out_features=107, bias=True)
          (3): Affine()
        )
      )
      (2): AdditiveCouplingLayer(
        (loss_func): MSELoss()
        (net): Sequential(
          (0): Linear(in_features=107, out_features=107, bias=True)
          (1): Affine()
          (2): Linear(in_features=107, out_features=108, bias=True)
          (3): Affine()
        )
      )
    )
  )
)

run paras: {'run_times': 1, 'multirun_seed': 'r*2', '_run_id': '', 'e': 24, 'load_para_type': None, 'load_sub': None, 'load_file_name': None, 'view_addi_info': ['forward_loss', 'reverse_loss', 'he_w_inv_loss', 'hp_w_inv_loss', 'loss'], 'if_log': True, 'if_epoch_eval': None, 'if_vmap': False, 'if_save_excel': True, 'if_save_plot': True, 'fd_pr': ['cust_mm_hp&cust_mm_he&cust_mm_cat-T2&Q-kde'], 'fd_pr_dt': [{'mm': 'cust_mm_hp', 'ts': 'T2', 'thrd_meth': 'kde'}, {'mm': 'cust_mm_hp', 'ts': 'Q', 'thrd_meth': 'kde'}, {'mm': 'cust_mm_he', 'ts': 'T2', 'thrd_meth': 'kde'}, {'mm': 'cust_mm_he', 'ts': 'Q', 'thrd_meth': 'kde'}, {'mm': 'cust_mm_cat', 'ts': 'T2', 'thrd_meth': 'kde'}, {'mm': 'cust_mm_cat', 'ts': 'Q', 'thrd_meth': 'kde'}], 'fd_pr_name': ['cust_mm_hp-T2-kde', 'cust_mm_hp-Q-kde', 'cust_mm_he-T2-kde', 'cust_mm_he-Q-kde', 'cust_mm_cat-T2-kde', 'cust_mm_cat-Q-kde'], 'expt_FAR': 0.02, 'ts_post_op': None, 'if_use_lstsq': True, 'if_plot_mm_kde': False, 'if_plot_score_hm': False, 'if_plot_cov_inv': True, 'if_save_ts': False, 'alld_error': 0.005, 'cl': 0.995, 'if_intp': False}

Train PFBO_HY/selected1_fd_Act1 via cuda:
Epoch: 24 - 786/786 | forward_loss = 1.5031, reverse_loss = 2.0225, he_w_inv_loss = 0.4714, hp_w_inv_loss = 0.3732, loss = 4.3703                
Finish training~ Spend 322 seconds

Mean training losses: ['train-forward_loss' 'train-reverse_loss' 'train-he_w_inv_loss'
 'train-hp_w_inv_loss' 'train-loss'] = [2.0927 2.8958 0.4704 0.4193 5.8782]

Save model paras [Last] in 'file:///F:/torch_joff/joff/Result/PFBO_HY/selected1_fd_Act1'

1) 'cust_mm_hp-T2-kde':
Threshold = 634.36

The test false alarm rates (FARs) are:
[6.75 0.   0.61 5.56 5.56 6.79 3.09 2.47](%)

The test missed detection rates (MDRs) are:
[18.94  9.73 11.75 10.24  3.34  0.42  4.66 31.72](%)

The test AFAR is 3.85(%).
The test AMDR is 13.1(%).

2) 'cust_mm_hp-Q-kde':
Threshold = 6.15

The test false alarm rates (FARs) are:
[3.68 0.   0.   3.09 3.7  3.09 1.85 1.23](%)

The test missed detection rates (MDRs) are:
[17.23 10.49  8.81 19.02  0.    0.36  2.47 32.18](%)

The test AFAR is 2.08(%).
The test AMDR is 12.58(%).

3) 'cust_mm_he-T2-kde':
Threshold = 686.55

The test false alarm rates (FARs) are:
[3.07 0.   1.23 2.47 0.62 2.47 0.62 1.85](%)

The test missed detection rates (MDRs) are:
[40.92 13.5  20.23 15.61 13.04  2.1  20.3  60.04](%)

The test AFAR is 1.54(%).
The test AMDR is 26.06(%).

4) 'cust_mm_he-Q-kde':
Threshold = 12.49

The test false alarm rates (FARs) are:
[4.29 0.   3.07 4.94 0.62 2.47 0.   0.  ](%)

The test missed detection rates (MDRs) are:
[60.79 37.15 52.43 66.83 63.88 17.42 68.45 83.51](%)

The test AFAR is 1.92(%).
The test AMDR is 52.05(%).

5) 'cust_mm_cat-T2-kde':
Threshold = 1223.28

The test false alarm rates (FARs) are:
[9.2  0.   1.84 8.64 7.41 6.79 4.32 0.  ](%)

The test missed detection rates (MDRs) are:
[ 9.83  5.    5.88  2.44  1.67  0.36  0.   15.43](%)

The test AFAR is 4.77(%).
The test AMDR is 6.32(%).

6) 'cust_mm_cat-Q-kde':
Threshold = 16.62

The test false alarm rates (FARs) are:
[6.13 0.   2.45 6.17 4.32 5.56 1.23 0.  ](%)

The test missed detection rates (MDRs) are:
[30.43 16.66 22.71 31.71  6.69  1.26 14.13 59.44](%)

The test AFAR is 3.23(%).
The test AMDR is 24.31(%).

Save FD Result.xlsx in 'file:///F:/torch_joff/joff/Result/PFBO_HY/selected1_fd_Act1/FD%20Result.xlsx'
Plot Epoch-Loss.pdf in 'file:///F:/torch_joff/joff/Result/PFBO_HY/selected1_fd_Act1/Epoch-Loss.pdf'
Plot Normal.pdf in 'file:///F:/torch_joff/joff/Result/PFBO_HY/selected1_fd_Act1/cust_mm_hp-T2-kde/Normal.pdf'
Plot Fault 1.pdf in 'file:///F:/torch_joff/joff/Result/PFBO_HY/selected1_fd_Act1/cust_mm_hp-T2-kde/Fault%201.pdf'
Plot Fault 2.pdf in 'file:///F:/torch_joff/joff/Result/PFBO_HY/selected1_fd_Act1/cust_mm_hp-T2-kde/Fault%202.pdf'
Plot Fault 3.pdf in 'file:///F:/torch_joff/joff/Result/PFBO_HY/selected1_fd_Act1/cust_mm_hp-T2-kde/Fault%203.pdf'
Plot Fault 4.pdf in 'file:///F:/torch_joff/joff/Result/PFBO_HY/selected1_fd_Act1/cust_mm_hp-T2-kde/Fault%204.pdf'
Plot Fault 5.pdf in 'file:///F:/torch_joff/joff/Result/PFBO_HY/selected1_fd_Act1/cust_mm_hp-T2-kde/Fault%205.pdf'
Plot Fault 6.pdf in 'file:///F:/torch_joff/joff/Result/PFBO_HY/selected1_fd_Act1/cust_mm_hp-T2-kde/Fault%206.pdf'
Plot Fault 7.pdf in 'file:///F:/torch_joff/joff/Result/PFBO_HY/selected1_fd_Act1/cust_mm_hp-T2-kde/Fault%207.pdf'
Plot Fault 8.pdf in 'file:///F:/torch_joff/joff/Result/PFBO_HY/selected1_fd_Act1/cust_mm_hp-T2-kde/Fault%208.pdf'
Plot Whole_fd.pdf in 'file:///F:/torch_joff/joff/Result/PFBO_HY/selected1_fd_Act1/cust_mm_hp-T2-kde/Whole_fd.pdf'
Plot Normal.pdf in 'file:///F:/torch_joff/joff/Result/PFBO_HY/selected1_fd_Act1/cust_mm_hp-Q-kde/Normal.pdf'
Plot Fault 1.pdf in 'file:///F:/torch_joff/joff/Result/PFBO_HY/selected1_fd_Act1/cust_mm_hp-Q-kde/Fault%201.pdf'
Plot Fault 2.pdf in 'file:///F:/torch_joff/joff/Result/PFBO_HY/selected1_fd_Act1/cust_mm_hp-Q-kde/Fault%202.pdf'
Plot Fault 3.pdf in 'file:///F:/torch_joff/joff/Result/PFBO_HY/selected1_fd_Act1/cust_mm_hp-Q-kde/Fault%203.pdf'
Plot Fault 4.pdf in 'file:///F:/torch_joff/joff/Result/PFBO_HY/selected1_fd_Act1/cust_mm_hp-Q-kde/Fault%204.pdf'
Plot Fault 5.pdf in 'file:///F:/torch_joff/joff/Result/PFBO_HY/selected1_fd_Act1/cust_mm_hp-Q-kde/Fault%205.pdf'
Plot Fault 6.pdf in 'file:///F:/torch_joff/joff/Result/PFBO_HY/selected1_fd_Act1/cust_mm_hp-Q-kde/Fault%206.pdf'
Plot Fault 7.pdf in 'file:///F:/torch_joff/joff/Result/PFBO_HY/selected1_fd_Act1/cust_mm_hp-Q-kde/Fault%207.pdf'
Plot Fault 8.pdf in 'file:///F:/torch_joff/joff/Result/PFBO_HY/selected1_fd_Act1/cust_mm_hp-Q-kde/Fault%208.pdf'
Plot Whole_fd.pdf in 'file:///F:/torch_joff/joff/Result/PFBO_HY/selected1_fd_Act1/cust_mm_hp-Q-kde/Whole_fd.pdf'
Plot Normal.pdf in 'file:///F:/torch_joff/joff/Result/PFBO_HY/selected1_fd_Act1/cust_mm_he-T2-kde/Normal.pdf'
Plot Fault 1.pdf in 'file:///F:/torch_joff/joff/Result/PFBO_HY/selected1_fd_Act1/cust_mm_he-T2-kde/Fault%201.pdf'
Plot Fault 2.pdf in 'file:///F:/torch_joff/joff/Result/PFBO_HY/selected1_fd_Act1/cust_mm_he-T2-kde/Fault%202.pdf'
Plot Fault 3.pdf in 'file:///F:/torch_joff/joff/Result/PFBO_HY/selected1_fd_Act1/cust_mm_he-T2-kde/Fault%203.pdf'
Plot Fault 4.pdf in 'file:///F:/torch_joff/joff/Result/PFBO_HY/selected1_fd_Act1/cust_mm_he-T2-kde/Fault%204.pdf'
Plot Fault 5.pdf in 'file:///F:/torch_joff/joff/Result/PFBO_HY/selected1_fd_Act1/cust_mm_he-T2-kde/Fault%205.pdf'
Plot Fault 6.pdf in 'file:///F:/torch_joff/joff/Result/PFBO_HY/selected1_fd_Act1/cust_mm_he-T2-kde/Fault%206.pdf'
Plot Fault 7.pdf in 'file:///F:/torch_joff/joff/Result/PFBO_HY/selected1_fd_Act1/cust_mm_he-T2-kde/Fault%207.pdf'
Plot Fault 8.pdf in 'file:///F:/torch_joff/joff/Result/PFBO_HY/selected1_fd_Act1/cust_mm_he-T2-kde/Fault%208.pdf'
Plot Whole_fd.pdf in 'file:///F:/torch_joff/joff/Result/PFBO_HY/selected1_fd_Act1/cust_mm_he-T2-kde/Whole_fd.pdf'
Plot Normal.pdf in 'file:///F:/torch_joff/joff/Result/PFBO_HY/selected1_fd_Act1/cust_mm_he-Q-kde/Normal.pdf'
Plot Fault 1.pdf in 'file:///F:/torch_joff/joff/Result/PFBO_HY/selected1_fd_Act1/cust_mm_he-Q-kde/Fault%201.pdf'
Plot Fault 2.pdf in 'file:///F:/torch_joff/joff/Result/PFBO_HY/selected1_fd_Act1/cust_mm_he-Q-kde/Fault%202.pdf'
Plot Fault 3.pdf in 'file:///F:/torch_joff/joff/Result/PFBO_HY/selected1_fd_Act1/cust_mm_he-Q-kde/Fault%203.pdf'
Plot Fault 4.pdf in 'file:///F:/torch_joff/joff/Result/PFBO_HY/selected1_fd_Act1/cust_mm_he-Q-kde/Fault%204.pdf'
Plot Fault 5.pdf in 'file:///F:/torch_joff/joff/Result/PFBO_HY/selected1_fd_Act1/cust_mm_he-Q-kde/Fault%205.pdf'
Plot Fault 6.pdf in 'file:///F:/torch_joff/joff/Result/PFBO_HY/selected1_fd_Act1/cust_mm_he-Q-kde/Fault%206.pdf'
Plot Fault 7.pdf in 'file:///F:/torch_joff/joff/Result/PFBO_HY/selected1_fd_Act1/cust_mm_he-Q-kde/Fault%207.pdf'
Plot Fault 8.pdf in 'file:///F:/torch_joff/joff/Result/PFBO_HY/selected1_fd_Act1/cust_mm_he-Q-kde/Fault%208.pdf'
Plot Whole_fd.pdf in 'file:///F:/torch_joff/joff/Result/PFBO_HY/selected1_fd_Act1/cust_mm_he-Q-kde/Whole_fd.pdf'
Plot Normal.pdf in 'file:///F:/torch_joff/joff/Result/PFBO_HY/selected1_fd_Act1/cust_mm_cat-T2-kde/Normal.pdf'
Plot Fault 1.pdf in 'file:///F:/torch_joff/joff/Result/PFBO_HY/selected1_fd_Act1/cust_mm_cat-T2-kde/Fault%201.pdf'
Plot Fault 2.pdf in 'file:///F:/torch_joff/joff/Result/PFBO_HY/selected1_fd_Act1/cust_mm_cat-T2-kde/Fault%202.pdf'
Plot Fault 3.pdf in 'file:///F:/torch_joff/joff/Result/PFBO_HY/selected1_fd_Act1/cust_mm_cat-T2-kde/Fault%203.pdf'
Plot Fault 4.pdf in 'file:///F:/torch_joff/joff/Result/PFBO_HY/selected1_fd_Act1/cust_mm_cat-T2-kde/Fault%204.pdf'
Plot Fault 5.pdf in 'file:///F:/torch_joff/joff/Result/PFBO_HY/selected1_fd_Act1/cust_mm_cat-T2-kde/Fault%205.pdf'
Plot Fault 6.pdf in 'file:///F:/torch_joff/joff/Result/PFBO_HY/selected1_fd_Act1/cust_mm_cat-T2-kde/Fault%206.pdf'
Plot Fault 7.pdf in 'file:///F:/torch_joff/joff/Result/PFBO_HY/selected1_fd_Act1/cust_mm_cat-T2-kde/Fault%207.pdf'
Plot Fault 8.pdf in 'file:///F:/torch_joff/joff/Result/PFBO_HY/selected1_fd_Act1/cust_mm_cat-T2-kde/Fault%208.pdf'
Plot Whole_fd.pdf in 'file:///F:/torch_joff/joff/Result/PFBO_HY/selected1_fd_Act1/cust_mm_cat-T2-kde/Whole_fd.pdf'
Plot Normal.pdf in 'file:///F:/torch_joff/joff/Result/PFBO_HY/selected1_fd_Act1/cust_mm_cat-Q-kde/Normal.pdf'
Plot Fault 1.pdf in 'file:///F:/torch_joff/joff/Result/PFBO_HY/selected1_fd_Act1/cust_mm_cat-Q-kde/Fault%201.pdf'
Plot Fault 2.pdf in 'file:///F:/torch_joff/joff/Result/PFBO_HY/selected1_fd_Act1/cust_mm_cat-Q-kde/Fault%202.pdf'
Plot Fault 3.pdf in 'file:///F:/torch_joff/joff/Result/PFBO_HY/selected1_fd_Act1/cust_mm_cat-Q-kde/Fault%203.pdf'
Plot Fault 4.pdf in 'file:///F:/torch_joff/joff/Result/PFBO_HY/selected1_fd_Act1/cust_mm_cat-Q-kde/Fault%204.pdf'
Plot Fault 5.pdf in 'file:///F:/torch_joff/joff/Result/PFBO_HY/selected1_fd_Act1/cust_mm_cat-Q-kde/Fault%205.pdf'
Plot Fault 6.pdf in 'file:///F:/torch_joff/joff/Result/PFBO_HY/selected1_fd_Act1/cust_mm_cat-Q-kde/Fault%206.pdf'
Plot Fault 7.pdf in 'file:///F:/torch_joff/joff/Result/PFBO_HY/selected1_fd_Act1/cust_mm_cat-Q-kde/Fault%207.pdf'
Plot Fault 8.pdf in 'file:///F:/torch_joff/joff/Result/PFBO_HY/selected1_fd_Act1/cust_mm_cat-Q-kde/Fault%208.pdf'
Plot Whole_fd.pdf in 'file:///F:/torch_joff/joff/Result/PFBO_HY/selected1_fd_Act1/cust_mm_cat-Q-kde/Whole_fd.pdf'
