
VAE(
  (loss_func): MSELoss()
  (encoder): Sequential(
    (0): Dropout(p=0.052, inplace=False)
    (1): Linear(in_features=520, out_features=260, bias=True)
    (2): Gaussian()
  )
  (u): Sequential(
    (0): Dropout(p=0.026, inplace=False)
    (1): Linear(in_features=260, out_features=130, bias=True)
    (2): Affine()
  )
  (logv2): Sequential(
    (0): Dropout(p=0.026, inplace=False)
    (1): Linear(in_features=260, out_features=130, bias=True)
    (2): Affine()
  )
  (decoder): Sequential(
    (0): Dropout(p=0.013, inplace=False)
    (1): Linear(in_features=130, out_features=260, bias=True)
    (2): Affine()
    (3): Dropout(p=0.026, inplace=False)
    (4): Linear(in_features=260, out_features=520, bias=True)
    (5): Affine()
  )
)

run paras: {'run_times': 1, 'multirun_seed': 'r*2', '_run_id': '', 'e': 50, 'load_para_type': None, 'load_sub': None, 'load_file_name': None, 'view_addi_info': ['recon_loss', 'kl_loss', 'loss'], 'if_log': True, 'if_epoch_eval': None, 'if_vmap': False, 'if_save_excel': True, 'if_save_plot': True, 'fd_pr': ['re-T2&Q-kde'], 'fd_pr_dt': [{'mm': 're', 'ts': 'T2', 'thrd_meth': 'kde'}, {'mm': 're', 'ts': 'Q', 'thrd_meth': 'kde'}], 'fd_pr_name': ['re-T2-kde', 're-Q-kde'], 'ts_post_op': None, 'if_use_lstsq': True, 'expt_FAR': 0.005, 'if_plot_mm_kde': False, 'if_plot_score_hm': False, 'if_plot_cov_inv': True, 'if_mm_tab': False, 'if_mm_tsne': False, 'alld_error': 0.005, 'cl': 0.995, 'if_intp': False}

Train VAE_HY/fd_Act1 in cuda:
Traceback (most recent call last):
  File "F:\torch_joff\joff\_run\_run_model.py", line 67, in _run_with_log
    _run_n(self, p)
  File "F:\torch_joff\joff\_run\_run_model.py", line 111, in _run_n
    train_model(self, **p)
  File "F:\torch_joff\joff\_run\_run_model.py", line 199, in train_model
    else: batch_training(self)
          ^^^^^^^^^^^^^^^^^^^^
  File "F:\torch_joff\joff\_run\_epoch.py", line 29, in batch_training
    self.forward(input)
  File "F:\torch_joff\joff\_run\../_model\vae.py", line 60, in forward
    self.loss = self.weighted_loss([self.recon_loss, self.kl_loss])
                ^^^^^^^^^^^^^^^^^^^^^^^^^^^^^^^^^^^^^^^^^^^^^^^^^^^
  File "F:\torch_joff\joff\_nn\_fcnn_module.py", line 72, in weighted_loss
    if alf is None: alf = self._alf
                          ^^^^^^^^^
  File "F:\anaconda3\Lib\site-packages\torch\nn\modules\module.py", line 1931, in __getattr__
    raise AttributeError(
AttributeError: 'VAE' object has no attribute '_alf'. Did you mean: 'alf'?
