
VAE(
  (loss_func): MSELoss()
  (encoder): Sequential(
    (0): Dropout(p=0.052, inplace=False)
    (1): Linear(in_features=520, out_features=260, bias=True)
    (2): Gaussian()
  )
  (u): Sequential(
    (0): Dropout(p=0.026, inplace=False)
    (1): Linear(in_features=260, out_features=130, bias=True)
    (2): Affine()
  )
  (logv2): Sequential(
    (0): Dropout(p=0.026, inplace=False)
    (1): Linear(in_features=260, out_features=130, bias=True)
    (2): Affine()
  )
  (decoder): Sequential(
    (0): Dropout(p=0.013, inplace=False)
    (1): Linear(in_features=130, out_features=260, bias=True)
    (2): Affine()
    (3): Dropout(p=0.026, inplace=False)
    (4): Linear(in_features=260, out_features=520, bias=True)
    (5): Affine()
  )
)

run paras: {'run_times': 1, 'multirun_seed': 'r*2', '_run_id': '', 'e': 50, 'load_para_type': None, 'load_sub': None, 'load_file_name': None, 'view_addi_info': ['recon_loss', 'kl_loss', 'loss'], 'if_log': True, 'if_epoch_eval': None, 'if_vmap': False, 'if_save_excel': True, 'if_save_plot': True, 'fd_pr': ['re-T2&Q-kde'], 'fd_pr_dt': [{'mm': 're', 'ts': 'T2', 'thrd_meth': 'kde'}, {'mm': 're', 'ts': 'Q', 'thrd_meth': 'kde'}], 'fd_pr_name': ['re-T2-kde', 're-Q-kde'], 'ts_post_op': None, 'if_use_lstsq': True, 'expt_FAR': 0.005, 'if_plot_mm_kde': False, 'if_plot_score_hm': False, 'if_plot_cov_inv': True, 'if_mm_tab': False, 'if_mm_tsne': False, 'alld_error': 0.005, 'cl': 0.995, 'if_intp': False}

Train VAE_HY/fd_Act1 in cuda:
Epoch: 50 - 929/929 | recon_loss = 36.9439, kl_loss = 28.7026, loss = 65.6465                
Finish training~ Spend 474 seconds

Mean training losses: ['train-recon_loss' 'train-kl_loss' 'train-loss'] = [34.405  29.8185 64.2234]

Save model paras [Last] in 'file:///F:/torch_joff/joff/Result/VAE_HY/fd_Act1'

1) 're-T2-kde':
Threshold = 3406.37

The test false alarm rates (FARs) are:
[1.18 0.   9.41 1.18 0.   0.   0.   0.  ](%)

The test missed detection rates (MDRs) are:
[91.88 83.   93.87 93.58 84.28 47.3  95.88 98.72](%)

The test AFAR is 1.47(%).
The test AMDR is 82.81(%).

2) 're-Q-kde':
Threshold = 115.86

The test false alarm rates (FARs) are:
[0.   0.   8.24 0.   0.   0.59 0.   0.59](%)

The test missed detection rates (MDRs) are:
[67.92 49.49 68.89 89.84 62.88 36.24 99.59 99.73](%)

The test AFAR is 1.18(%).
The test AMDR is 67.15(%).

Save FD Result.xlsx in 'file:///F:/torch_joff/joff/Result/VAE_HY/fd_Act1/FD%20Result.xlsx'
Traceback (most recent call last):
  File "F:\torch_joff\joff\_run\_run_model.py", line 67, in _run_with_log
    _run_n(self, p)
  File "F:\torch_joff\joff\_run\_run_model.py", line 119, in _run_n
    self.test()
  File "F:\torch_joff\joff\_nn\_fcnn_module.py", line 100, in test
    _test(self, **kwargs)
  File "F:\torch_joff\joff\_test\_test_model.py", line 27, in _test
    _test_model(self, p)
  File "F:\torch_joff\joff\_test\_test_model.py", line 81, in _test_model
    _save_result(self, p)
  File "F:\torch_joff\joff\_save\_save_result.py", line 21, in _save_result
    if p['if_save_plot']: _save_result2plot(self, p)
                          ^^^^^^^^^^^^^^^^^^^^^^^^^^
  File "F:\torch_joff\joff\_save\_save_result.py", line 54, in _save_result2plot
    _plot_loss_perf(self._save_path, self.train_loss_df, self.test_perf_df, self.task, **p)
  File "F:\torch_joff\joff\_plot\_line.py", line 48, in _plot_loss_perf
    _plot(loss, path = path, file = 'Epoch-Loss', **p)
  File "F:\torch_joff\joff\_plot\_line.py", line 191, in _plot
    if 'labels' in p and p['labels'] and j < len(p['labels']):
                         ~^^^^^^^^^^
ValueError: The truth value of an array with more than one element is ambiguous. Use a.any() or a.all()
