
SAE_GAN(
  (loss_func): MSELoss()
  (generator): Sequential(
    (0): Sequential(
      (0): Linear(in_features=10, out_features=100, bias=True)
      (1): Sigmoid()
      (2): Linear(in_features=100, out_features=50, bias=True)
      (3): Sigmoid()
    )
    (1): Sequential(
      (0): Linear(in_features=50, out_features=100, bias=True)
      (1): Sigmoid()
      (2): Linear(in_features=100, out_features=10, bias=True)
      (3): Affine()
    )
  )
  (discriminator): Sequential(
    (0): Linear(in_features=10, out_features=100, bias=True)
    (1): Sigmoid()
    (2): Linear(in_features=100, out_features=1, bias=True)
    (3): Sigmoid()
  )
)

run paras: {'run_times': 1, 'multirun_seed': 'r*2', '_run_id': '', 'e': 24, 'load_para_type': None, 'load_sub': None, 'load_file_name': None, 'view_addi_info': ['recon_loss', 'g_loss', 'd_real_loss', 'd_fake_loss'], 'if_log': True, 'if_epoch_eval': None, 'if_vmap': False, 'if_save_excel': True, 'if_save_plot': True, 'fd_pr': ['re-T2-kde', 'lv-\\phi_{\\cal{D}}-kde'], 'fd_pr_dt': [{'mm': 're', 'ts': 'T2', 'thrd_meth': 'kde'}, {'mm': 'lv', 'ts': '\\phi_{\\cal{D}}', 'thrd_meth': 'kde'}], 'fd_pr_name': ['re-T2-kde', 'lv-\\phi_{\\cal{D}}-kde'], 'if_minus_mean': True, 'if_use_lstsq': False, 'expt_FAR': 0.005, 'if_plot_mm_kde': True, 'if_plot_score_hm': False, 'if_mm_tab': False, 'if_mm_tsne': False, 'alld_error': 0.005, 'cl': 0.995, 'if_intp': False}

Train SAE_GAN[unsup_res]_CSTR_fd_Act2 in cuda:
Epoch: 24 - 751/751 | g_loss = 2.4022, d_real_loss = 1.5148, d_fake_loss = 0.5196                
Finish training~ Spend 91 seconds

Mean training losses: ['train-recon_loss' 'train-g_loss' 'train-d_real_loss' 'train-d_fake_loss'] = [0.     2.4095 1.4622 0.5145]

Save model paras in '../Result/SAE_GAN[unsup_res]_CSTR_fd_Act2/Last'
Traceback (most recent call last):
  File "D:\torch_joff\joff\_run\_run_model.py", line 67, in _run_with_log
    _run_n(self, p)
  File "D:\torch_joff\joff\_run\_run_model.py", line 119, in _run_n
    self.test()
  File "D:\torch_joff\joff\_nn\_fcnn_module.py", line 72, in test
    _test(self, **kwargs)
  File "D:\torch_joff\joff\_test\_test_model.py", line 27, in _test
    _test_model(self, p)
  File "D:\torch_joff\joff\_test\_test_model.py", line 52, in _test_model
    train_In, train_Out, train_Latent, _ = self._batch_testing()
  File "D:\torch_joff\joff\_model\_variant\sae_gan.py", line 52, in _batch_testing
    if self.if_augment_data == False: return batch_testing(self, 'train')
  File "D:\torch_joff\joff\_run\_epoch.py", line 56, in batch_testing
    output = self.forward(input)
  File "D:\torch_joff\joff\_model\_variant\sae_gan.py", line 78, in forward
    self._latent = ( torch.sqrt( - torch.log(self.discriminator(x)) ) + torch.log(0.5) ) **2
TypeError: log(): argument 'input' (position 1) must be Tensor, not float
