
SAE_GAN(
  (loss_func): MSELoss()
  (generator): Sequential(
    (0): Sequential(
      (0): Linear(in_features=10, out_features=100, bias=True)
      (1): Sigmoid()
      (2): Linear(in_features=100, out_features=50, bias=True)
      (3): Sigmoid()
    )
    (1): Sequential(
      (0): Linear(in_features=50, out_features=100, bias=True)
      (1): Sigmoid()
      (2): Linear(in_features=100, out_features=10, bias=True)
      (3): Affine()
    )
  )
  (discriminator): Sequential(
    (0): Linear(in_features=10, out_features=100, bias=True)
    (1): Sigmoid()
    (2): Linear(in_features=100, out_features=1, bias=True)
    (3): Sigmoid()
  )
)

run paras: {'run_times': 1, 'multirun_seed': 'r*2', '_run_id': '', 'e': 24, 'load_para_type': None, 'load_sub': None, 'load_file_name': None, 'view_addi_info': ['recon_loss', 'g_loss', 'd_real_loss', 'd_fake_loss'], 'if_log': True, 'if_epoch_eval': None, 'if_vmap': False, 'if_save_excel': True, 'if_save_plot': True, 'fd_pr': ['re-T2-kde', 'lv-\\phi_{\\cal{D}}-kde'], 'fd_pr_dt': [{'mm': 're', 'ts': 'T2', 'thrd_meth': 'kde'}, {'mm': 'lv', 'ts': '\\phi_{\\cal{D}}', 'thrd_meth': 'kde'}], 'fd_pr_name': ['re-T2-kde', 'lv-\\phi_{\\cal{D}}-kde'], 'if_minus_mean': True, 'if_use_lstsq': False, 'expt_FAR': 0.005, 'if_plot_mm_kde': True, 'if_plot_score_hm': False, 'if_mm_tab': False, 'if_mm_tsne': False, 'alld_error': 0.005, 'cl': 0.995, 'if_intp': False}

Train SAE_GAN[unsup_res]_CSTR_fd_Act2 in cuda:
Epoch: 24 - 751/751 | g_loss = 1.1355, d_real_loss = 0.7309, d_fake_loss = 0.2731                
Save alf in '../Result/SAE_GAN[unsup_res]_CSTR_fd_Act2'
Traceback (most recent call last):
  File "D:\torch_joff\joff\_run\_run_model.py", line 67, in _run_with_log
    _run_n(self, p)
  File "D:\torch_joff\joff\_run\_run_model.py", line 111, in _run_n
    train_model(self, **p)
  File "D:\torch_joff\joff\_run\_run_model.py", line 206, in train_model
    if hasattr(self, '_save_epoch_data'): self._save_epoch_data(epoch)
  File "D:\torch_joff\joff\_model\_variant\sae_gan.py", line 133, in _save_epoch_data
    _alf_df = _save_epoch_data_df(self, epoch, _alf.numpy().reshape(1,-1), 'alf')
  File "D:\torch_joff\joff\_save\_save_df.py", line 49, in _save_epoch_data_df
    _save_excel(self._save_path, name, _data)
  File "D:\torch_joff\joff\_save\_save_excel.py", line 29, in _save_excel
    index, columns = len(df.index) != 0, len(df.columns) != 0
  File "D:\Anaconda3\lib\site-packages\pandas\core\generic.py", line 5575, in __getattr__
    return object.__getattribute__(self, name)
AttributeError: 'Series' object has no attribute 'columns'
