
SAE_GAN(
  (loss_func): MSELoss()
  (generator): Sequential(
    (0): Sequential(
      (0): Linear(in_features=10, out_features=100, bias=True)
      (1): Sigmoid()
      (2): Linear(in_features=100, out_features=50, bias=True)
      (3): Sigmoid()
    )
    (1): Sequential(
      (0): Linear(in_features=50, out_features=100, bias=True)
      (1): Sigmoid()
      (2): Linear(in_features=100, out_features=10, bias=True)
      (3): Affine()
    )
  )
  (discriminator): Sequential(
    (0): Linear(in_features=10, out_features=100, bias=True)
    (1): Sigmoid()
    (2): Linear(in_features=100, out_features=1, bias=True)
    (3): Sigmoid()
  )
)

run paras: {'run_times': 1, 'multirun_seed': 'r*2', '_run_id': '', 'e': 24, 'load_para_type': None, 'load_sub': None, 'load_file_name': None, 'view_addi_info': ['recon_loss', 'g_loss', 'd_loss_r', 'd_loss_g'], 'if_log': True, 'if_epoch_eval': None, 'if_vmap': False, 'if_save_excel': True, 'if_save_plot': True, 'fd_pr': ['re-T2&Q-kde', 'lv-\\phi_{\\cal{D}}-kde'], 'fd_pr_dt': [{'mm': 're', 'ts': 'T2', 'thrd_meth': 'kde'}, {'mm': 're', 'ts': 'Q', 'thrd_meth': 'kde'}, {'mm': 'lv', 'ts': '\\phi_{\\cal{D}}', 'thrd_meth': 'kde'}], 'fd_pr_name': ['re-T2-kde', 're-Q-kde', 'lv-\\phi_{\\cal{D}}-kde'], 'if_minus_mean': True, 'if_use_lstsq': False, 'expt_FAR': 0.005, 'if_plot_mm_kde': False, 'if_plot_score_hm': False, 'if_mm_tab': False, 'if_mm_tsne': False, 'alld_error': 0.005, 'cl': 0.995, 'if_intp': False}

Train SAE_GAN[unsup_res]_CSTR_fd_Act2 in cuda:
Epoch: 24 - 751/751 | recon_loss = 0.0353, g_loss = 2.7109, d_loss_r = 1.4993, d_loss_g = 0.5661                
Finish training~ Spend 113 seconds

Mean training losses: ['train-recon_loss' 'train-g_loss' 'train-d_loss_r' 'train-d_loss_g'] = [0.0716 2.7286 1.5222 0.5532]

Save model paras in '../Result/SAE_GAN[unsup_res]_CSTR_fd_Act2/Last'
Plot [T2_cov_sqrt_inv] re-T2-kde.pdf in '../Result/SAE_GAN[unsup_res]_CSTR_fd_Act2'

1) 're-T2-kde':

Solutions = [151.63]
Threshold = 151.63

The test false alarm rates (FARs) are:
[0. 0. 0. 0. 0. 0. 0. 0. 0. 0.](%)

The test missed detection rates (MDRs) are:
[49.05 21.38 22.18  1.6   5.09  5.09  2.6   6.29  5.79 32.37](%)

The test AFAR is 0.0(%).
The test AMDR is 15.14(%).

2) 're-Q-kde':

Solutions = [5.77]
Threshold = 5.77

The test false alarm rates (FARs) are:
[0. 0. 0. 0. 0. 0. 0. 0. 0. 0.](%)

The test missed detection rates (MDRs) are:
[51.35 40.66 38.86 12.59  7.19  7.09  3.   11.99 11.19 55.14](%)

The test AFAR is 0.0(%).
The test AMDR is 23.91(%).

3) 'lv-\phi_{\cal{D}}-kde':

Solutions = [0.78]
Threshold = 0.78

The test false alarm rates (FARs) are:
[0. 0. 0. 0. 0. 0. 0. 0. 0. 0.](%)

The test missed detection rates (MDRs) are:
[ 67.33  99.4   77.52  35.76  23.28  23.48   9.99  27.47  21.58 100.  ](%)

The test AFAR is 0.0(%).
The test AMDR is 48.58(%).

Save FD Result.xlsx in '../Result/SAE_GAN[unsup_res]_CSTR_fd_Act2'
Plot Epoch-Loss.pdf in '../Result/SAE_GAN[unsup_res]_CSTR_fd_Act2'
Plot Fault 01.pdf in '../Result/SAE_GAN[unsup_res]_CSTR_fd_Act2/re-T2-kde'
Plot Fault 02.pdf in '../Result/SAE_GAN[unsup_res]_CSTR_fd_Act2/re-T2-kde'
Plot Fault 03.pdf in '../Result/SAE_GAN[unsup_res]_CSTR_fd_Act2/re-T2-kde'
Plot Fault 04.pdf in '../Result/SAE_GAN[unsup_res]_CSTR_fd_Act2/re-T2-kde'
Plot Fault 05.pdf in '../Result/SAE_GAN[unsup_res]_CSTR_fd_Act2/re-T2-kde'
Plot Fault 06.pdf in '../Result/SAE_GAN[unsup_res]_CSTR_fd_Act2/re-T2-kde'
Plot Fault 07.pdf in '../Result/SAE_GAN[unsup_res]_CSTR_fd_Act2/re-T2-kde'
Plot Fault 08.pdf in '../Result/SAE_GAN[unsup_res]_CSTR_fd_Act2/re-T2-kde'
Plot Fault 09.pdf in '../Result/SAE_GAN[unsup_res]_CSTR_fd_Act2/re-T2-kde'
Plot Fault 10.pdf in '../Result/SAE_GAN[unsup_res]_CSTR_fd_Act2/re-T2-kde'
Plot Fault 01.pdf in '../Result/SAE_GAN[unsup_res]_CSTR_fd_Act2/re-Q-kde'
Plot Fault 02.pdf in '../Result/SAE_GAN[unsup_res]_CSTR_fd_Act2/re-Q-kde'
Plot Fault 03.pdf in '../Result/SAE_GAN[unsup_res]_CSTR_fd_Act2/re-Q-kde'
Plot Fault 04.pdf in '../Result/SAE_GAN[unsup_res]_CSTR_fd_Act2/re-Q-kde'
Plot Fault 05.pdf in '../Result/SAE_GAN[unsup_res]_CSTR_fd_Act2/re-Q-kde'
Plot Fault 06.pdf in '../Result/SAE_GAN[unsup_res]_CSTR_fd_Act2/re-Q-kde'
Plot Fault 07.pdf in '../Result/SAE_GAN[unsup_res]_CSTR_fd_Act2/re-Q-kde'
Plot Fault 08.pdf in '../Result/SAE_GAN[unsup_res]_CSTR_fd_Act2/re-Q-kde'
Plot Fault 09.pdf in '../Result/SAE_GAN[unsup_res]_CSTR_fd_Act2/re-Q-kde'
Plot Fault 10.pdf in '../Result/SAE_GAN[unsup_res]_CSTR_fd_Act2/re-Q-kde'
Plot Fault 01.pdf in '../Result/SAE_GAN[unsup_res]_CSTR_fd_Act2/lv-phi_{cal{D}}-kde'
Plot Fault 02.pdf in '../Result/SAE_GAN[unsup_res]_CSTR_fd_Act2/lv-phi_{cal{D}}-kde'
Plot Fault 03.pdf in '../Result/SAE_GAN[unsup_res]_CSTR_fd_Act2/lv-phi_{cal{D}}-kde'
Plot Fault 04.pdf in '../Result/SAE_GAN[unsup_res]_CSTR_fd_Act2/lv-phi_{cal{D}}-kde'
Plot Fault 05.pdf in '../Result/SAE_GAN[unsup_res]_CSTR_fd_Act2/lv-phi_{cal{D}}-kde'
Plot Fault 06.pdf in '../Result/SAE_GAN[unsup_res]_CSTR_fd_Act2/lv-phi_{cal{D}}-kde'
Plot Fault 07.pdf in '../Result/SAE_GAN[unsup_res]_CSTR_fd_Act2/lv-phi_{cal{D}}-kde'
Plot Fault 08.pdf in '../Result/SAE_GAN[unsup_res]_CSTR_fd_Act2/lv-phi_{cal{D}}-kde'
Plot Fault 09.pdf in '../Result/SAE_GAN[unsup_res]_CSTR_fd_Act2/lv-phi_{cal{D}}-kde'
Plot Fault 10.pdf in '../Result/SAE_GAN[unsup_res]_CSTR_fd_Act2/lv-phi_{cal{D}}-kde'
