
SAE_GAN(
  (loss_func): MSELoss()
  (generator): Sequential(
    (0): Sequential(
      (0): Linear(in_features=10, out_features=100, bias=True)
      (1): Sigmoid()
      (2): Linear(in_features=100, out_features=50, bias=True)
      (3): Sigmoid()
    )
    (1): Sequential(
      (0): Linear(in_features=50, out_features=100, bias=True)
      (1): Sigmoid()
      (2): Linear(in_features=100, out_features=10, bias=True)
      (3): Affine()
    )
  )
  (discriminator): Sequential(
    (0): Linear(in_features=10, out_features=100, bias=True)
    (1): Sigmoid()
    (2): Linear(in_features=100, out_features=1, bias=True)
    (3): Sigmoid()
  )
)

run paras: {'run_times': 1, 'multirun_seed': 'r*2', '_run_id': '', 'e': 2, 'load_para_type': None, 'load_sub': None, 'load_file_name': None, 'view_addi_info': ['recon_loss', 'g_loss', 'd_real_loss', 'd_fake_loss'], 'if_log': True, 'if_epoch_eval': None, 'if_vmap': False, 'if_save_excel': True, 'if_save_plot': True, 'fd_pr': ['re-T2-kde', 'lv-\\phi_{\\cal{D}}-kde'], 'fd_pr_dt': [{'mm': 're', 'ts': 'T2', 'thrd_meth': 'kde'}, {'mm': 'lv', 'ts': '\\phi_{\\cal{D}}', 'thrd_meth': 'kde'}], 'fd_pr_name': ['re-T2-kde', 'lv-\\phi_{\\cal{D}}-kde'], 'if_minus_mean': True, 'if_use_lstsq': False, 'expt_FAR': 0.005, 'if_plot_mm_kde': True, 'if_plot_score_hm': False, 'if_mm_tab': False, 'if_mm_tsne': False, 'alld_error': 0.005, 'cl': 0.995, 'if_intp': False}

Train SAE_GAN[unsup_res]_CSTR_fd_Act2 in cuda:
Epoch: 1 - 751/751 | g_loss = 0.8628, d_real_loss = 0.7620, d_fake_loss = 0.3892                [[0.5 0.5 0.5 0.5 0.5 0.5]]
     0    1    2    3    4    5
1  0.5  0.5  0.5  0.5  0.5  0.5
Epoch: 2 - 751/751 | g_loss = 1.0784, d_real_loss = 0.6444, d_fake_loss = 0.3121                [[0.5 0.5 0.5 0.5 0.5 0.5]]

Save alf.xlsx in '../Result/SAE_GAN[unsup_res]_CSTR_fd_Act2'
     0    1    2    3    4    5
1  0.5  0.5  0.5  0.5  0.5  0.5
2  0.5  0.5  0.5  0.5  0.5  0.5
Traceback (most recent call last):
  File "D:\torch_joff\joff\_run\_run_model.py", line 67, in _run_with_log
    _run_n(self, p)
  File "D:\torch_joff\joff\_run\_run_model.py", line 111, in _run_n
    train_model(self, **p)
  File "D:\torch_joff\joff\_run\_run_model.py", line 206, in train_model
    if hasattr(self, '_save_epoch_data'): self._save_epoch_data(epoch)
  File "D:\torch_joff\joff\_model\_variant\sae_gan.py", line 138, in _save_epoch_data
    _plot(_alf_df, path=self._save_path, file='Epoch-Alf', **_plot_dt)
  File "D:\torch_joff\joff\_plot\_line.py", line 132, in _plot
    ax.plot(np.arange(1, data1.shape[0] + 1), data1[:,j], **_update_dt_value(_plot_pr_dt, p))
  File "D:\Anaconda3\lib\site-packages\pandas\core\frame.py", line 3505, in __getitem__
    indexer = self.columns.get_loc(key)
  File "D:\Anaconda3\lib\site-packages\pandas\core\indexes\range.py", line 388, in get_loc
    self._check_indexing_error(key)
  File "D:\Anaconda3\lib\site-packages\pandas\core\indexes\base.py", line 5637, in _check_indexing_error
    raise InvalidIndexError(key)
pandas.errors.InvalidIndexError: (slice(None, None, None), 0)
