
SAE_GAN(
  (loss_func): MSELoss()
  (generator): Sequential(
    (0): Sequential(
      (0): Linear(in_features=10, out_features=100, bias=True)
      (1): Sigmoid()
      (2): Linear(in_features=100, out_features=50, bias=True)
      (3): Sigmoid()
    )
    (1): Sequential(
      (0): Linear(in_features=50, out_features=100, bias=True)
      (1): Sigmoid()
      (2): Linear(in_features=100, out_features=10, bias=True)
      (3): Affine()
    )
  )
  (discriminator): Sequential(
    (0): Linear(in_features=10, out_features=100, bias=True)
    (1): Sigmoid()
    (2): Linear(in_features=100, out_features=1, bias=True)
    (3): Sigmoid()
  )
)

run paras: {'run_times': 1, 'multirun_seed': 'r*2', '_run_id': '', 'e': 18, 'load_para_type': None, 'load_sub': None, 'load_file_name': None, 'view_addi_info': ['recon_loss', 'g_loss', 'd_loss_r', 'd_loss_g'], 'if_log': True, 'if_epoch_eval': None, 'if_vmap': False, 'if_save_excel': True, 'if_save_plot': True, 'fd_pr': ['re-T2&Q-kde', 'lv-kde'], 'fd_pr_dt': [{'mm': 're', 'ts': 'T2', 'thrd_meth': 'kde'}, {'mm': 're', 'ts': 'Q', 'thrd_meth': 'kde'}, {'mm': None, 'ts': 'lv', 'thrd_meth': 'kde'}], 'fd_pr_name': ['re-T2-kde', 're-Q-kde', 'lv-kde'], 'if_minus_mean': True, 'if_use_lstsq': False, 'expt_FAR': 0.005, 'if_plot_mm_kde': False, 'if_plot_score_hm': False, 'if_mm_tab': False, 'if_mm_tsne': False, 'alld_error': 0.005, 'cl': 0.995, 'if_intp': False}

Train SAE_GAN[unsup_res]_CSTR_fd_Act2 in cuda:
Epoch: 18 - 751/751 | recon_loss = 0.0179, g_loss = 2.7991, d_loss_r = 1.5477, d_loss_g = 0.5252                
Finish training~ Spend 79 seconds

Mean training losses: ['train-recon_loss' 'train-g_loss' 'train-d_loss_r' 'train-d_loss_g'] = [0.0152 2.7669 1.5501 0.5405]

Save model paras in '../Result/SAE_GAN[unsup_res]_CSTR_fd_Act2/Last'
Plot [T2_cov_sqrt_inv] re-T2-kde.pdf in '../Result/SAE_GAN[unsup_res]_CSTR_fd_Act2'

1) 're-T2-kde':

Solutions = [93.68]
Threshold = 93.68

The test false alarm rates (FARs) are:
[0.  0.  0.  0.  0.  0.  0.5 0.5 0.  0.5](%)

The test missed detection rates (MDRs) are:
[37.76 20.38 18.68  1.5   2.    3.7   2.1   4.9   4.7  27.27](%)

The test AFAR is 0.15(%).
The test AMDR is 12.3(%).

2) 're-Q-kde':

Solutions = [0.75]
Threshold = 0.75

The test false alarm rates (FARs) are:
[0.  0.  0.  0.  0.  0.  0.5 0.  0.  0.5](%)

The test missed detection rates (MDRs) are:
[34.07 14.79 11.79  1.7   2.    3.4   1.6   3.8   3.6  24.38](%)

The test AFAR is 0.1(%).
The test AMDR is 10.11(%).
Traceback (most recent call last):
  File "F:\torch_joff\joff\_run\_run_model.py", line 67, in _run_with_log
    _run_n(self, p)
  File "F:\torch_joff\joff\_run\_run_model.py", line 119, in _run_n
    self.test()
  File "F:\torch_joff\joff\_nn\_fcnn_module.py", line 63, in test
    _test(self, **kwargs)
  File "F:\torch_joff\joff\_test\_test_model.py", line 27, in _test
    _test_model(self, p)
  File "F:\torch_joff\joff\_test\_test_model.py", line 57, in _test_model
    fault_evaluation(self, train_In, train_Out, train_Latent, [], 'offline', p)
  File "F:\torch_joff\joff\_test\_fd.py", line 24, in fault_evaluation
    if 'cust_mm' in p['pr_dt']['mm']: MM = eval('self.' + phase + '_' + p['pr_dt']['mm'])
TypeError: argument of type 'NoneType' is not iterable
