
NDO(
  (loss_func): MSELoss()
  (seq): Sequential(
    (layer_0): Layer(
      (0): Linear(in_features=52, out_features=200, bias=True)
      (1): Gaussian()
    )
    (layer_1): Layer(
      (0): Dropout(p=0.0133, inplace=False)
      (1): Linear(in_features=200, out_features=150, bias=True)
      (2): Sigmoid()
    )
    (layer_2): Layer(
      (0): Dropout(p=0.01, inplace=False)
      (1): Linear(in_features=150, out_features=50, bias=True)
      (2): Gaussian()
    )
  )
)

run paras: {'run_times': 1, 'multirun_seed': 'r*2', '_run_id': '', 'e': 2, 'load_para_type': None, 'load_sub': None, 'load_file_name': None, 'load_path_replace': None, 'view_addi_info': ['observer_loss', 'stability_loss', 'loss'], 'if_log': True, 'if_epoch_eval': None, 'if_vmap': False, 'if_save_excel': True, 'if_save_plot': True, 'fd_pr': ['cust_mm_ey-T2&Q-kde'], 'fd_pr_dt': [{'mm': 'cust_mm_ey', 'ts': 'T2', 'thrd_meth': 'kde'}, {'mm': 'cust_mm_ey', 'ts': 'Q', 'thrd_meth': 'kde'}], 'fd_pr_name': ['cust_mm_ey-T2-kde', 'cust_mm_ey-Q-kde'], 'expt_FAR': 0.005, 'ts_post_op': None, 'if_use_lstsq': True, 'if_plot_mm_kde': False, 'if_plot_score_hm': False, 'if_plot_cov_inv': True, 'if_save_ts': False, 'alld_error': 0.005, 'cl': 0.995, 'if_intp': False}

Train NDO_CSTR/fd_Act1 via cuda:
U.size() = torch.Size([10, 16, 2]), Y.size() = torch.Size([10, 16, 8]), training = True
U.size() = torch.Size([10, 16, 2]), Y.size() = torch.Size([10, 16, 8]), training = True
U.size() = torch.Size([10, 16, 2]), Y.size() = torch.Size([10, 16, 8]), training = True
U.size() = torch.Size([10, 16, 2]), Y.size() = torch.Size([10, 16, 8]), training = True
U.size() = torch.Size([10, 16, 2]), Y.size() = torch.Size([10, 16, 8]), training = True
U.size() = torch.Size([10, 16, 2]), Y.size() = torch.Size([10, 16, 8]), training = True
U.size() = torch.Size([10, 16, 2]), Y.size() = torch.Size([10, 16, 8]), training = True
U.size() = torch.Size([10, 16, 2]), Y.size() = torch.Size([10, 16, 8]), training = True
U.size() = torch.Size([10, 16, 2]), Y.size() = torch.Size([10, 16, 8]), training = True
U.size() = torch.Size([10, 16, 2]), Y.size() = torch.Size([10, 16, 8]), training = True
Epoch: 1 - 10/1199 | observer_loss = 4.5802, stability_loss = 0.0000, loss = 4.5802                U.size() = torch.Size([10, 16, 2]), Y.size() = torch.Size([10, 16, 8]), training = True
U.size() = torch.Size([10, 16, 2]), Y.size() = torch.Size([10, 16, 8]), training = True
U.size() = torch.Size([10, 16, 2]), Y.size() = torch.Size([10, 16, 8]), training = True
U.size() = torch.Size([10, 16, 2]), Y.size() = torch.Size([10, 16, 8]), training = True
U.size() = torch.Size([10, 16, 2]), Y.size() = torch.Size([10, 16, 8]), training = True
U.size() = torch.Size([10, 16, 2]), Y.size() = torch.Size([10, 16, 8]), training = True
U.size() = torch.Size([10, 16, 2]), Y.size() = torch.Size([10, 16, 8]), training = True
U.size() = torch.Size([10, 16, 2]), Y.size() = torch.Size([10, 16, 8]), training = True
U.size() = torch.Size([10, 16, 2]), Y.size() = torch.Size([10, 16, 8]), training = True
U.size() = torch.Size([10, 16, 2]), Y.size() = torch.Size([10, 16, 8]), training = True
Epoch: 1 - 20/1199 | observer_loss = 10.4259, stability_loss = 0.0000, loss = 10.4259                U.size() = torch.Size([10, 16, 2]), Y.size() = torch.Size([10, 16, 8]), training = True
U.size() = torch.Size([10, 16, 2]), Y.size() = torch.Size([10, 16, 8]), training = True
U.size() = torch.Size([10, 16, 2]), Y.size() = torch.Size([10, 16, 8]), training = True
U.size() = torch.Size([10, 16, 2]), Y.size() = torch.Size([10, 16, 8]), training = True
U.size() = torch.Size([10, 16, 2]), Y.size() = torch.Size([10, 16, 8]), training = True
U.size() = torch.Size([10, 16, 2]), Y.size() = torch.Size([10, 16, 8]), training = True
U.size() = torch.Size([10, 16, 2]), Y.size() = torch.Size([10, 16, 8]), training = True
U.size() = torch.Size([10, 16, 2]), Y.size() = torch.Size([10, 16, 8]), training = True
U.size() = torch.Size([10, 16, 2]), Y.size() = torch.Size([10, 16, 8]), training = True
U.size() = torch.Size([10, 16, 2]), Y.size() = torch.Size([10, 16, 8]), training = True
Epoch: 1 - 30/1199 | observer_loss = 6.2681, stability_loss = 0.0000, loss = 6.2681                U.size() = torch.Size([10, 16, 2]), Y.size() = torch.Size([10, 16, 8]), training = True
U.size() = torch.Size([10, 16, 2]), Y.size() = torch.Size([10, 16, 8]), training = True
U.size() = torch.Size([10, 16, 2]), Y.size() = torch.Size([10, 16, 8]), training = True
U.size() = torch.Size([10, 16, 2]), Y.size() = torch.Size([10, 16, 8]), training = True
U.size() = torch.Size([10, 16, 2]), Y.size() = torch.Size([10, 16, 8]), training = True
U.size() = torch.Size([10, 16, 2]), Y.size() = torch.Size([10, 16, 8]), training = True
U.size() = torch.Size([10, 16, 2]), Y.size() = torch.Size([10, 16, 8]), training = True
U.size() = torch.Size([10, 16, 2]), Y.size() = torch.Size([10, 16, 8]), training = True
U.size() = torch.Size([10, 16, 2]), Y.size() = torch.Size([10, 16, 8]), training = True
U.size() = torch.Size([10, 16, 2]), Y.size() = torch.Size([10, 16, 8]), training = True
Epoch: 1 - 40/1199 | observer_loss = 4.8762, stability_loss = 0.0000, loss = 4.8762                U.size() = torch.Size([10, 16, 2]), Y.size() = torch.Size([10, 16, 8]), training = True
U.size() = torch.Size([10, 16, 2]), Y.size() = torch.Size([10, 16, 8]), training = True
U.size() = torch.Size([10, 16, 2]), Y.size() = torch.Size([10, 16, 8]), training = True
U.size() = torch.Size([10, 16, 2]), Y.size() = torch.Size([10, 16, 8]), training = True
U.size() = torch.Size([10, 16, 2]), Y.size() = torch.Size([10, 16, 8]), training = True
U.size() = torch.Size([10, 16, 2]), Y.size() = torch.Size([10, 16, 8]), training = True
U.size() = torch.Size([10, 16, 2]), Y.size() = torch.Size([10, 16, 8]), training = True
U.size() = torch.Size([10, 16, 2]), Y.size() = torch.Size([10, 16, 8]), training = True
U.size() = torch.Size([10, 16, 2]), Y.size() = torch.Size([10, 16, 8]), training = True
U.size() = torch.Size([10, 16, 2]), Y.size() = torch.Size([10, 16, 8]), training = True
Epoch: 1 - 50/1199 | observer_loss = 5.2417, stability_loss = 0.0000, loss = 5.2417                U.size() = torch.Size([10, 16, 2]), Y.size() = torch.Size([10, 16, 8]), training = True
U.size() = torch.Size([10, 16, 2]), Y.size() = torch.Size([10, 16, 8]), training = True
U.size() = torch.Size([10, 16, 2]), Y.size() = torch.Size([10, 16, 8]), training = True
U.size() = torch.Size([10, 16, 2]), Y.size() = torch.Size([10, 16, 8]), training = True
U.size() = torch.Size([10, 16, 2]), Y.size() = torch.Size([10, 16, 8]), training = True
U.size() = torch.Size([10, 16, 2]), Y.size() = torch.Size([10, 16, 8]), training = True
U.size() = torch.Size([10, 16, 2]), Y.size() = torch.Size([10, 16, 8]), training = True
U.size() = torch.Size([10, 16, 2]), Y.size() = torch.Size([10, 16, 8]), training = True
U.size() = torch.Size([10, 16, 2]), Y.size() = torch.Size([10, 16, 8]), training = True
U.size() = torch.Size([10, 16, 2]), Y.size() = torch.Size([10, 16, 8]), training = True
Epoch: 1 - 60/1199 | observer_loss = 4.1850, stability_loss = 0.0000, loss = 4.1850                U.size() = torch.Size([10, 16, 2]), Y.size() = torch.Size([10, 16, 8]), training = True
U.size() = torch.Size([10, 16, 2]), Y.size() = torch.Size([10, 16, 8]), training = True
U.size() = torch.Size([10, 16, 2]), Y.size() = torch.Size([10, 16, 8]), training = True
U.size() = torch.Size([10, 16, 2]), Y.size() = torch.Size([10, 16, 8]), training = True
U.size() = torch.Size([10, 16, 2]), Y.size() = torch.Size([10, 16, 8]), training = True
U.size() = torch.Size([10, 16, 2]), Y.size() = torch.Size([10, 16, 8]), training = True
U.size() = torch.Size([10, 16, 2]), Y.size() = torch.Size([10, 16, 8]), training = True
U.size() = torch.Size([10, 16, 2]), Y.size() = torch.Size([10, 16, 8]), training = True
U.size() = torch.Size([10, 16, 2]), Y.size() = torch.Size([10, 16, 8]), training = True
U.size() = torch.Size([10, 16, 2]), Y.size() = torch.Size([10, 16, 8]), training = True
Epoch: 1 - 70/1199 | observer_loss = 7.9213, stability_loss = 0.0000, loss = 7.9213                U.size() = torch.Size([10, 16, 2]), Y.size() = torch.Size([10, 16, 8]), training = True
