
NDO(
  (loss_func): MSELoss()
  (seq): Sequential(
    (layer_0): Layer(
      (0): Linear(in_features=53, out_features=200, bias=True)
      (1): Gaussian()
    )
    (layer_1): Layer(
      (0): Linear(in_features=200, out_features=150, bias=True)
      (1): Tanh()
    )
    (layer_2): Layer(
      (0): Linear(in_features=150, out_features=50, bias=True)
      (1): Affine()
    )
  )
)

run paras: {'run_times': 1, 'multirun_seed': 'r*2', '_run_id': '', 'e': 3, 'load_para_type': None, 'load_sub': None, 'load_file_name': None, 'load_path_replace': None, 'view_addi_info': ['obs_erorr', 'unobs_stb_loss', 'M_obs', 'M_unobs', 'P_norm', 'loss'], 'if_log': True, 'if_epoch_eval': None, 'if_vmap': False, 'if_save_excel': True, 'if_save_plot': True, 'fd_pr': ['cust_mm_ey-T2&Q-kde'], 'fd_pr_dt': [{'mm': 'cust_mm_ey', 'ts': 'T2', 'thrd_meth': 'kde'}, {'mm': 'cust_mm_ey', 'ts': 'Q', 'thrd_meth': 'kde'}], 'fd_pr_name': ['cust_mm_ey-T2-kde', 'cust_mm_ey-Q-kde'], 'expt_FAR': 0.005, 'ts_post_op': None, 'if_use_lstsq': True, 'if_plot_mm_kde': False, 'if_plot_score_hm': False, 'if_plot_cov_inv': False, 'if_save_ts': False, 'alld_error': 0.005, 'cl': 0.995, 'if_intp': False}

Train NDO_CSTR/fd_Act1 via cuda:
Epoch: 3 - 1199/1199 | obs_erorr = 433.8011, unobs_stb_loss = 237.4082, M_obs = 94.5785, M_unobs = 0.0000, P_norm = 0.8765, loss = 433.8011                
Finish training~ Spend 1431 seconds

Mean training losses: ['train-obs_erorr' 'train-unobs_stb_loss' 'train-M_obs' 'train-M_unobs'
 'train-P_norm' 'train-loss'] = [473.0041 232.105   91.2427   0.       0.8584 473.0041]

Save model paras [Last] in 'file:///F:/torch_joff/joff/Result/NDO_CSTR/fd_Act1'

1) 'cust_mm_ey-T2-kde':
Threshold = 398.35

The test false alarm rates (FARs) are:
[0.   5.26 5.26 5.26 5.26 5.26 5.26 5.26 5.79 5.26](%)

The test missed detection rates (MDRs) are:
[31.1 37.5 34.  11.5 27.8 20.2  2.5 22.3 16.3 32.2](%)

The test AFAR is 4.79(%).
The test AMDR is 23.54(%).

2) 'cust_mm_ey-Q-kde':
Threshold = 596.26

The test false alarm rates (FARs) are:
[0.   5.26 1.05 5.26 5.26 5.26 5.26 5.26 3.68 5.26](%)

The test missed detection rates (MDRs) are:
[42.4 82.3 40.6 51.5 31.  39.8 10.4 37.8 42.6 99.8](%)

The test AFAR is 4.16(%).
The test AMDR is 47.82(%).
Traceback (most recent call last):
  File "F:\torch_joff\joff\_run\_run_model.py", line 67, in _run_with_log
    _run_n(self, p)
  File "F:\torch_joff\joff\_run\_run_model.py", line 119, in _run_n
    self.test()
  File "F:\torch_joff\joff\_nn\_fcnn_module.py", line 80, in test
    _test(self, **kwargs)
  File "F:\torch_joff\joff\_test\_test_model.py", line 27, in _test
    _test_model(self, p)
  File "F:\torch_joff\joff\_test\_test_model.py", line 81, in _test_model
    _save_result(self, p)
  File "F:\torch_joff\joff\_save\_save_result.py", line 21, in _save_result
    if p['if_save_excel']: _save_result2excel(self, p)
                           ^^^^^^^^^^^^^^^^^^^^^^^^^^^
  File "F:\torch_joff\joff\_save\_save_result.py", line 28, in _save_result2excel
    result_df['keys'] = result_df['keys'][indices]
                        ~~~~~~~~~~~~~~~~~^^^^^^^^^
TypeError: list indices must be integers or slices, not list
