
NDO(
  (loss_func): MSELoss()
  (seq): Sequential(
    (layer_0): Layer(
      (0): RNNCell(in_features=53, out_features=200, bias=True)
      (1): Gaussian()
    )
    (layer_1): Layer(
      (0): Dropout(p=0.0167, inplace=False)
      (1): RNNCell(in_features=250, out_features=150, bias=True)
      (2): Tanh()
    )
    (layer_2): Layer(
      (0): Dropout(p=0.0133, inplace=False)
      (1): RNNCell(in_features=200, out_features=50, bias=True)
      (2): Affine()
    )
  )
)

run paras: {'run_times': 1, 'multirun_seed': 'r*2', '_run_id': '', 'e': 3, 'load_para_type': None, 'load_sub': None, 'load_file_name': None, 'load_path_replace': None, 'view_addi_info': ['observer_loss', 'unobs_stb_loss', 'L_abs_norm', 'stability_loss', 'loss'], 'if_log': True, 'if_epoch_eval': None, 'if_vmap': False, 'if_save_excel': True, 'if_save_plot': True, 'fd_pr': ['cust_mm_ey-T2&Q-kde'], 'fd_pr_dt': [{'mm': 'cust_mm_ey', 'ts': 'T2', 'thrd_meth': 'kde'}, {'mm': 'cust_mm_ey', 'ts': 'Q', 'thrd_meth': 'kde'}], 'fd_pr_name': ['cust_mm_ey-T2-kde', 'cust_mm_ey-Q-kde'], 'expt_FAR': 0.005, 'ts_post_op': None, 'if_use_lstsq': True, 'if_plot_mm_kde': False, 'if_plot_score_hm': False, 'if_plot_cov_inv': False, 'if_save_ts': False, 'alld_error': 0.005, 'cl': 0.995, 'if_intp': False}

Train NDO_CSTR/fd_Act1 via cuda:
0, 0
??????
0, 1
0, 2
0, 3
0, 4
1, 0
??????
1, 1
1, 2
1, 3
1, 4
2, 0
??????
2, 1
2, 2
2, 3
2, 4
3, 0
??????
3, 1
3, 2
3, 3
3, 4
4, 0
??????
4, 1
4, 2
4, 3
4, 4
5, 0
??????
5, 1
5, 2
5, 3
5, 4
6, 0
??????
6, 1
6, 2
6, 3
6, 4
7, 0
??????
7, 1
7, 2
7, 3
7, 4
8, 0
??????
8, 1
8, 2
8, 3
8, 4
9, 0
??????
9, 1
9, 2
9, 3
9, 4
Epoch: 1 - 10/2398 | observer_loss = nan, unobs_stb_loss = nan, L_abs_norm = 0.0539, stability_loss = 292.4428, loss = nan                10, 0
??????
10, 1
10, 2
10, 3
10, 4
11, 0
??????
11, 1
11, 2
11, 3
11, 4
12, 0
??????
12, 1
12, 2
12, 3
12, 4
13, 0
??????
13, 1
13, 2
13, 3
13, 4
14, 0
??????
14, 1
14, 2
14, 3
14, 4
15, 0
??????
15, 1
15, 2
15, 3
15, 4
Traceback (most recent call last):
  File "F:\torch_joff\joff\_run\_run_model.py", line 67, in _run_with_log
    _run_n(self, p)
  File "F:\torch_joff\joff\_run\_run_model.py", line 111, in _run_n
    train_model(self, **p)
  File "F:\torch_joff\joff\_run\_run_model.py", line 199, in train_model
    else: batch_training(self)
          ^^^^^^^^^^^^^^^^^^^^
  File "F:\torch_joff\joff\_run\_epoch.py", line 31, in batch_training
    self.loss.backward()
  File "F:\anaconda3\Lib\site-packages\torch\_tensor.py", line 625, in backward
    torch.autograd.backward(
  File "F:\anaconda3\Lib\site-packages\torch\autograd\__init__.py", line 354, in backward
    _engine_run_backward(
  File "F:\anaconda3\Lib\site-packages\torch\autograd\graph.py", line 841, in _engine_run_backward
    return Variable._execution_engine.run_backward(  # Calls into the C++ engine to run the backward pass
           ^^^^^^^^^^^^^^^^^^^^^^^^^^^^^^^^^^^^^^^^^^^^^^^^^^^^^^^^^^^^^^^^^^^^^^^^^^^^^^^^^^^^^^^^^^^^^^
RuntimeError: Function 'LinalgInvExBackward0' returned nan values in its 0th output.
