
NDO(
  (loss_func): MSELoss()
  (seq): Sequential(
    (layer_0): Layer(
      (0): Linear(in_features=53, out_features=200, bias=True)
      (1): Gaussian()
    )
    (layer_1): Layer(
      (0): Linear(in_features=200, out_features=150, bias=True)
      (1): Tanh()
    )
    (layer_2): Layer(
      (0): Linear(in_features=150, out_features=43, bias=True)
      (1): Affine()
    )
  )
  (seq_2): Sequential(
    (layer_0): Layer(
      (0): Linear(in_features=10, out_features=200, bias=True)
      (1): Gaussian()
    )
    (layer_1): Layer(
      (0): Linear(in_features=400, out_features=150, bias=True)
      (1): Tanh()
    )
    (layer_2): Layer(
      (0): Linear(in_features=300, out_features=7, bias=True)
      (1): Affine()
    )
  )
)

run paras: {'run_times': 1, 'multirun_seed': 'r*2', '_run_id': '', 'e': 3, 'load_para_type': None, 'load_sub': None, 'load_file_name': None, 'load_path_replace': None, 'view_addi_info': ['obs_erorr', 'unobs_stb_loss', 'M_obs', 'M_unobs', 'P_norm', 'loss'], 'if_log': True, 'if_epoch_eval': None, 'if_vmap': False, 'if_save_excel': True, 'if_save_plot': True, 'fd_pr': ['cust_mm_ey-T2&Q-kde'], 'fd_pr_dt': [{'mm': 'cust_mm_ey', 'ts': 'T2', 'thrd_meth': 'kde'}, {'mm': 'cust_mm_ey', 'ts': 'Q', 'thrd_meth': 'kde'}], 'fd_pr_name': ['cust_mm_ey-T2-kde', 'cust_mm_ey-Q-kde'], 'expt_FAR': 0.005, 'ts_post_op': None, 'if_use_lstsq': True, 'if_plot_mm_kde': False, 'if_plot_score_hm': False, 'if_plot_cov_inv': False, 'if_save_ts': False, 'alld_error': 0.005, 'cl': 0.995, 'if_intp': False}

Train NDO_CSTR/fd_Act1 via cuda:
torch.Size([43]) torch.Size([7])
torch.Size([7])
torch.Size([200])
torch.Size([150])
torch.Size([16, 43]) torch.Size([16, 7])
torch.Size([16, 7])
torch.Size([16, 200])
torch.Size([16, 150])
torch.Size([43]) torch.Size([7])
torch.Size([7])
torch.Size([200])
torch.Size([150])
torch.Size([16, 43]) torch.Size([16, 7])
torch.Size([16, 7])
torch.Size([16, 200])
torch.Size([16, 150])
torch.Size([43]) torch.Size([7])
torch.Size([7])
torch.Size([200])
torch.Size([150])
torch.Size([16, 43]) torch.Size([16, 7])
torch.Size([16, 7])
torch.Size([16, 200])
torch.Size([16, 150])
torch.Size([43]) torch.Size([7])
torch.Size([7])
torch.Size([200])
torch.Size([150])
torch.Size([16, 43]) torch.Size([16, 7])
torch.Size([16, 7])
torch.Size([16, 200])
torch.Size([16, 150])
torch.Size([43]) torch.Size([7])
torch.Size([7])
torch.Size([200])
torch.Size([150])
torch.Size([16, 43]) torch.Size([16, 7])
torch.Size([16, 7])
torch.Size([16, 200])
torch.Size([16, 150])
torch.Size([43]) torch.Size([7])
torch.Size([7])
torch.Size([200])
torch.Size([150])
torch.Size([16, 43]) torch.Size([16, 7])
torch.Size([16, 7])
torch.Size([16, 200])
torch.Size([16, 150])
torch.Size([43]) torch.Size([7])
torch.Size([7])
torch.Size([200])
torch.Size([150])
torch.Size([16, 43]) torch.Size([16, 7])
torch.Size([16, 7])
torch.Size([16, 200])
torch.Size([16, 150])
torch.Size([43]) torch.Size([7])
torch.Size([7])
torch.Size([200])
torch.Size([150])
torch.Size([16, 43]) torch.Size([16, 7])
torch.Size([16, 7])
torch.Size([16, 200])
torch.Size([16, 150])
torch.Size([43]) torch.Size([7])
torch.Size([7])
torch.Size([200])
torch.Size([150])
torch.Size([16, 43]) torch.Size([16, 7])
torch.Size([16, 7])
torch.Size([16, 200])
torch.Size([16, 150])
torch.Size([43]) torch.Size([7])
torch.Size([7])
torch.Size([200])
torch.Size([150])
torch.Size([16, 43]) torch.Size([16, 7])
torch.Size([16, 7])
torch.Size([16, 200])
torch.Size([16, 150])
torch.Size([43]) torch.Size([7])
torch.Size([7])
torch.Size([200])
torch.Size([150])
torch.Size([16, 43]) torch.Size([16, 7])
torch.Size([16, 7])
torch.Size([16, 200])
torch.Size([16, 150])
torch.Size([43]) torch.Size([7])
torch.Size([7])
torch.Size([200])
torch.Size([150])
torch.Size([16, 43]) torch.Size([16, 7])
torch.Size([16, 7])
torch.Size([16, 200])
torch.Size([16, 150])
torch.Size([43]) torch.Size([7])
torch.Size([7])
torch.Size([200])
torch.Size([150])
torch.Size([16, 43]) torch.Size([16, 7])
torch.Size([16, 7])
torch.Size([16, 200])
torch.Size([16, 150])
torch.Size([43]) torch.Size([7])
torch.Size([7])
torch.Size([200])
torch.Size([150])
torch.Size([16, 43]) torch.Size([16, 7])
torch.Size([16, 7])
torch.Size([16, 200])
torch.Size([16, 150])
torch.Size([43]) torch.Size([7])
torch.Size([7])
torch.Size([200])
torch.Size([150])
torch.Size([16, 43]) torch.Size([16, 7])
torch.Size([16, 7])
torch.Size([16, 200])
torch.Size([16, 150])
torch.Size([43]) torch.Size([7])
torch.Size([7])
torch.Size([200])
torch.Size([150])
torch.Size([16, 43]) torch.Size([16, 7])
torch.Size([16, 7])
torch.Size([16, 200])
torch.Size([16, 150])
torch.Size([43]) torch.Size([7])
torch.Size([7])
torch.Size([200])
torch.Size([150])
torch.Size([16, 43]) torch.Size([16, 7])
torch.Size([16, 7])
torch.Size([16, 200])
torch.Size([16, 150])
torch.Size([43]) torch.Size([7])
torch.Size([7])
torch.Size([200])
torch.Size([150])
torch.Size([16, 43]) torch.Size([16, 7])
torch.Size([16, 7])
torch.Size([16, 200])
torch.Size([16, 150])
torch.Size([43]) torch.Size([7])
torch.Size([7])
torch.Size([200])
torch.Size([150])
torch.Size([16, 43]) torch.Size([16, 7])
torch.Size([16, 7])
torch.Size([16, 200])
torch.Size([16, 150])
torch.Size([43]) torch.Size([7])
torch.Size([7])
torch.Size([200])
torch.Size([150])
torch.Size([16, 43]) torch.Size([16, 7])
torch.Size([16, 7])
torch.Size([16, 200])
torch.Size([16, 150])
torch.Size([43]) torch.Size([7])
torch.Size([7])
torch.Size([200])
torch.Size([150])
torch.Size([16, 43]) torch.Size([16, 7])
torch.Size([16, 7])
torch.Size([16, 200])
torch.Size([16, 150])
torch.Size([43]) torch.Size([7])
torch.Size([7])
torch.Size([200])
torch.Size([150])
torch.Size([16, 43]) torch.Size([16, 7])
torch.Size([16, 7])
torch.Size([16, 200])
torch.Size([16, 150])
torch.Size([43]) torch.Size([7])
torch.Size([7])
torch.Size([200])
torch.Size([150])
torch.Size([16, 43]) torch.Size([16, 7])
torch.Size([16, 7])
torch.Size([16, 200])
torch.Size([16, 150])
torch.Size([43]) torch.Size([7])
torch.Size([7])
torch.Size([200])
torch.Size([150])
torch.Size([16, 43]) torch.Size([16, 7])
torch.Size([16, 7])
torch.Size([16, 200])
torch.Size([16, 150])
torch.Size([43]) torch.Size([7])
torch.Size([7])
torch.Size([200])
torch.Size([150])
torch.Size([16, 43]) torch.Size([16, 7])
torch.Size([16, 7])
torch.Size([16, 200])
torch.Size([16, 150])
torch.Size([43]) torch.Size([7])
torch.Size([7])
torch.Size([200])
torch.Size([150])
torch.Size([16, 43]) torch.Size([16, 7])
torch.Size([16, 7])
torch.Size([16, 200])
torch.Size([16, 150])
torch.Size([43]) torch.Size([7])
torch.Size([7])
torch.Size([200])
torch.Size([150])
torch.Size([16, 43]) torch.Size([16, 7])
torch.Size([16, 7])
torch.Size([16, 200])
torch.Size([16, 150])
torch.Size([43]) torch.Size([7])
torch.Size([7])
torch.Size([200])
torch.Size([150])
torch.Size([16, 43]) torch.Size([16, 7])
torch.Size([16, 7])
torch.Size([16, 200])
torch.Size([16, 150])
torch.Size([43]) torch.Size([7])
torch.Size([7])
torch.Size([200])
torch.Size([150])
torch.Size([16, 43]) torch.Size([16, 7])
torch.Size([16, 7])
torch.Size([16, 200])
torch.Size([16, 150])
torch.Size([43]) torch.Size([7])
torch.Size([7])
torch.Size([200])
torch.Size([150])
torch.Size([16, 43]) torch.Size([16, 7])
torch.Size([16, 7])
torch.Size([16, 200])
torch.Size([16, 150])
torch.Size([43]) torch.Size([7])
torch.Size([7])
torch.Size([200])
torch.Size([150])
torch.Size([16, 43]) torch.Size([16, 7])
torch.Size([16, 7])
torch.Size([16, 200])
torch.Size([16, 150])
torch.Size([43]) torch.Size([7])
torch.Size([7])
torch.Size([200])
torch.Size([150])
torch.Size([16, 43]) torch.Size([16, 7])
torch.Size([16, 7])
torch.Size([16, 200])
torch.Size([16, 150])
torch.Size([43]) torch.Size([7])
torch.Size([7])
torch.Size([200])
torch.Size([150])
torch.Size([16, 43]) torch.Size([16, 7])
torch.Size([16, 7])
torch.Size([16, 200])
torch.Size([16, 150])
torch.Size([43]) torch.Size([7])
torch.Size([7])
torch.Size([200])
torch.Size([150])
torch.Size([16, 43]) torch.Size([16, 7])
torch.Size([16, 7])
torch.Size([16, 200])
torch.Size([16, 150])
torch.Size([43]) torch.Size([7])
torch.Size([7])
torch.Size([200])
torch.Size([150])
torch.Size([16, 43]) torch.Size([16, 7])
torch.Size([16, 7])
torch.Size([16, 200])
torch.Size([16, 150])
torch.Size([43]) torch.Size([7])
torch.Size([7])
torch.Size([200])
torch.Size([150])
torch.Size([16, 43]) torch.Size([16, 7])
torch.Size([16, 7])
torch.Size([16, 200])
torch.Size([16, 150])
torch.Size([43]) torch.Size([7])
torch.Size([7])
torch.Size([200])
torch.Size([150])
torch.Size([16, 43]) torch.Size([16, 7])
torch.Size([16, 7])
torch.Size([16, 200])
torch.Size([16, 150])
torch.Size([43]) torch.Size([7])
torch.Size([7])
torch.Size([200])
torch.Size([150])
torch.Size([16, 43]) torch.Size([16, 7])
torch.Size([16, 7])
torch.Size([16, 200])
torch.Size([16, 150])
torch.Size([43]) torch.Size([7])
torch.Size([7])
torch.Size([200])
torch.Size([150])
torch.Size([16, 43]) torch.Size([16, 7])
torch.Size([16, 7])
torch.Size([16, 200])
torch.Size([16, 150])
torch.Size([43]) torch.Size([7])
torch.Size([7])
torch.Size([200])
torch.Size([150])
torch.Size([16, 43]) torch.Size([16, 7])
torch.Size([16, 7])
torch.Size([16, 200])
torch.Size([16, 150])
torch.Size([43]) torch.Size([7])
torch.Size([7])
torch.Size([200])
torch.Size([150])
torch.Size([16, 43]) torch.Size([16, 7])
torch.Size([16, 7])
torch.Size([16, 200])
torch.Size([16, 150])
torch.Size([43]) torch.Size([7])
torch.Size([7])
torch.Size([200])
torch.Size([150])
torch.Size([16, 43]) torch.Size([16, 7])
torch.Size([16, 7])
torch.Size([16, 200])
torch.Size([16, 150])
torch.Size([43]) torch.Size([7])
torch.Size([7])
torch.Size([200])
torch.Size([150])
torch.Size([16, 43]) torch.Size([16, 7])
torch.Size([16, 7])
torch.Size([16, 200])
torch.Size([16, 150])
torch.Size([43]) torch.Size([7])
torch.Size([7])
torch.Size([200])
torch.Size([150])
torch.Size([16, 43]) torch.Size([16, 7])
torch.Size([16, 7])
torch.Size([16, 200])
torch.Size([16, 150])
torch.Size([43]) torch.Size([7])
torch.Size([7])
torch.Size([200])
torch.Size([150])
torch.Size([16, 43]) torch.Size([16, 7])
torch.Size([16, 7])
torch.Size([16, 200])
torch.Size([16, 150])
torch.Size([43]) torch.Size([7])
torch.Size([7])
torch.Size([200])
torch.Size([150])
torch.Size([16, 43]) torch.Size([16, 7])
torch.Size([16, 7])
torch.Size([16, 200])
torch.Size([16, 150])
torch.Size([43]) torch.Size([7])
torch.Size([7])
torch.Size([200])
torch.Size([150])
torch.Size([16, 43]) torch.Size([16, 7])
torch.Size([16, 7])
torch.Size([16, 200])
torch.Size([16, 150])
torch.Size([43]) torch.Size([7])
torch.Size([7])
torch.Size([200])
torch.Size([150])
torch.Size([16, 43]) torch.Size([16, 7])
torch.Size([16, 7])
torch.Size([16, 200])
torch.Size([16, 150])
torch.Size([43]) torch.Size([7])
torch.Size([7])
torch.Size([200])
torch.Size([150])
torch.Size([16, 43]) torch.Size([16, 7])
torch.Size([16, 7])
torch.Size([16, 200])
torch.Size([16, 150])
torch.Size([43]) torch.Size([7])
torch.Size([7])
torch.Size([200])
torch.Size([150])
torch.Size([16, 43]) torch.Size([16, 7])
torch.Size([16, 7])
torch.Size([16, 200])
torch.Size([16, 150])
torch.Size([43]) torch.Size([7])
torch.Size([7])
torch.Size([200])
torch.Size([150])
torch.Size([16, 43]) torch.Size([16, 7])
torch.Size([16, 7])
torch.Size([16, 200])
torch.Size([16, 150])
torch.Size([43]) torch.Size([7])
torch.Size([7])
torch.Size([200])
torch.Size([150])
torch.Size([16, 43]) torch.Size([16, 7])
torch.Size([16, 7])
torch.Size([16, 200])
torch.Size([16, 150])
torch.Size([43]) torch.Size([7])
torch.Size([7])
torch.Size([200])
torch.Size([150])
torch.Size([16, 43]) torch.Size([16, 7])
torch.Size([16, 7])
torch.Size([16, 200])
torch.Size([16, 150])
torch.Size([43]) torch.Size([7])
torch.Size([7])
torch.Size([200])
torch.Size([150])
torch.Size([16, 43]) torch.Size([16, 7])
torch.Size([16, 7])
torch.Size([16, 200])
torch.Size([16, 150])
torch.Size([43]) torch.Size([7])
torch.Size([7])
torch.Size([200])
torch.Size([150])
torch.Size([16, 43]) torch.Size([16, 7])
torch.Size([16, 7])
torch.Size([16, 200])
torch.Size([16, 150])
torch.Size([43]) torch.Size([7])
torch.Size([7])
torch.Size([200])
torch.Size([150])
torch.Size([16, 43]) torch.Size([16, 7])
torch.Size([16, 7])
torch.Size([16, 200])
torch.Size([16, 150])
torch.Size([43]) torch.Size([7])
torch.Size([7])
torch.Size([200])
torch.Size([150])
torch.Size([16, 43]) torch.Size([16, 7])
torch.Size([16, 7])
torch.Size([16, 200])
torch.Size([16, 150])
torch.Size([43]) torch.Size([7])
torch.Size([7])
torch.Size([200])
torch.Size([150])
torch.Size([16, 43]) torch.Size([16, 7])
torch.Size([16, 7])
torch.Size([16, 200])
torch.Size([16, 150])
torch.Size([43]) torch.Size([7])
torch.Size([7])
torch.Size([200])
torch.Size([150])
torch.Size([16, 43]) torch.Size([16, 7])
torch.Size([16, 7])
torch.Size([16, 200])
torch.Size([16, 150])
torch.Size([43]) torch.Size([7])
torch.Size([7])
torch.Size([200])
torch.Size([150])
torch.Size([16, 43]) torch.Size([16, 7])
torch.Size([16, 7])
torch.Size([16, 200])
torch.Size([16, 150])
torch.Size([43]) torch.Size([7])
torch.Size([7])
torch.Size([200])
torch.Size([150])
torch.Size([16, 43]) torch.Size([16, 7])
torch.Size([16, 7])
torch.Size([16, 200])
torch.Size([16, 150])
torch.Size([43]) torch.Size([7])
torch.Size([7])
torch.Size([200])
torch.Size([150])
torch.Size([16, 43]) torch.Size([16, 7])
torch.Size([16, 7])
torch.Size([16, 200])
torch.Size([16, 150])
torch.Size([43]) torch.Size([7])
torch.Size([7])
torch.Size([200])
torch.Size([150])
torch.Size([16, 43]) torch.Size([16, 7])
torch.Size([16, 7])
torch.Size([16, 200])
torch.Size([16, 150])
torch.Size([43]) torch.Size([7])
torch.Size([7])
torch.Size([200])
torch.Size([150])
torch.Size([16, 43]) torch.Size([16, 7])
torch.Size([16, 7])
torch.Size([16, 200])
torch.Size([16, 150])
torch.Size([43]) torch.Size([7])
torch.Size([7])
torch.Size([200])
torch.Size([150])
torch.Size([16, 43]) torch.Size([16, 7])
torch.Size([16, 7])
torch.Size([16, 200])
torch.Size([16, 150])
torch.Size([43]) torch.Size([7])
torch.Size([7])
torch.Size([200])
torch.Size([150])
torch.Size([16, 43]) torch.Size([16, 7])
torch.Size([16, 7])
torch.Size([16, 200])
torch.Size([16, 150])
torch.Size([43]) torch.Size([7])
torch.Size([7])
torch.Size([200])
torch.Size([150])
torch.Size([16, 43]) torch.Size([16, 7])
torch.Size([16, 7])
torch.Size([16, 200])
torch.Size([16, 150])
torch.Size([43]) torch.Size([7])
torch.Size([7])
torch.Size([200])
torch.Size([150])
torch.Size([16, 43]) torch.Size([16, 7])
torch.Size([16, 7])
torch.Size([16, 200])
torch.Size([16, 150])
torch.Size([43]) torch.Size([7])
torch.Size([7])
torch.Size([200])
torch.Size([150])
torch.Size([16, 43]) torch.Size([16, 7])
torch.Size([16, 7])
torch.Size([16, 200])
torch.Size([16, 150])
torch.Size([43]) torch.Size([7])
torch.Size([7])
torch.Size([200])
torch.Size([150])
torch.Size([16, 43]) torch.Size([16, 7])
torch.Size([16, 7])
torch.Size([16, 200])
torch.Size([16, 150])
torch.Size([43]) torch.Size([7])
torch.Size([7])
torch.Size([200])
torch.Size([150])
torch.Size([16, 43]) torch.Size([16, 7])
torch.Size([16, 7])
torch.Size([16, 200])
torch.Size([16, 150])
torch.Size([43]) torch.Size([7])
torch.Size([7])
torch.Size([200])
torch.Size([150])
torch.Size([16, 43]) torch.Size([16, 7])
torch.Size([16, 7])
torch.Size([16, 200])
torch.Size([16, 150])
torch.Size([43]) torch.Size([7])
torch.Size([7])
torch.Size([200])
torch.Size([150])
torch.Size([16, 43]) torch.Size([16, 7])
torch.Size([16, 7])
torch.Size([16, 200])
torch.Size([16, 150])
torch.Size([43]) torch.Size([7])
torch.Size([7])
torch.Size([200])
torch.Size([150])
torch.Size([16, 43]) torch.Size([16, 7])
torch.Size([16, 7])
torch.Size([16, 200])
torch.Size([16, 150])
torch.Size([43]) torch.Size([7])
torch.Size([7])
torch.Size([200])
torch.Size([150])
torch.Size([16, 43]) torch.Size([16, 7])
torch.Size([16, 7])
torch.Size([16, 200])
torch.Size([16, 150])
torch.Size([43]) torch.Size([7])
torch.Size([7])
torch.Size([200])
torch.Size([150])
torch.Size([16, 43]) torch.Size([16, 7])
torch.Size([16, 7])
torch.Size([16, 200])
torch.Size([16, 150])
torch.Size([43]) torch.Size([7])
torch.Size([7])
torch.Size([200])
torch.Size([150])
torch.Size([16, 43]) torch.Size([16, 7])
torch.Size([16, 7])
torch.Size([16, 200])
torch.Size([16, 150])
torch.Size([43]) torch.Size([7])
torch.Size([7])
torch.Size([200])
torch.Size([150])
torch.Size([16, 43]) torch.Size([16, 7])
torch.Size([16, 7])
torch.Size([16, 200])
torch.Size([16, 150])
torch.Size([43]) torch.Size([7])
torch.Size([7])
torch.Size([200])
torch.Size([150])
torch.Size([16, 43]) torch.Size([16, 7])
torch.Size([16, 7])
torch.Size([16, 200])
torch.Size([16, 150])
torch.Size([43]) torch.Size([7])
torch.Size([7])
torch.Size([200])
torch.Size([150])
torch.Size([16, 43]) torch.Size([16, 7])
torch.Size([16, 7])
torch.Size([16, 200])
torch.Size([16, 150])
torch.Size([43]) torch.Size([7])
torch.Size([7])
torch.Size([200])
torch.Size([150])
torch.Size([16, 43]) torch.Size([16, 7])
torch.Size([16, 7])
torch.Size([16, 200])
torch.Size([16, 150])
torch.Size([43]) torch.Size([7])
torch.Size([7])
torch.Size([200])
torch.Size([150])
torch.Size([16, 43]) torch.Size([16, 7])
torch.Size([16, 7])
torch.Size([16, 200])
torch.Size([16, 150])
torch.Size([43]) torch.Size([7])
torch.Size([7])
torch.Size([200])
torch.Size([150])
torch.Size([16, 43]) torch.Size([16, 7])
torch.Size([16, 7])
torch.Size([16, 200])
torch.Size([16, 150])
torch.Size([43]) torch.Size([7])
torch.Size([7])
torch.Size([200])
torch.Size([150])
torch.Size([16, 43]) torch.Size([16, 7])
torch.Size([16, 7])
torch.Size([16, 200])
torch.Size([16, 150])
torch.Size([43]) torch.Size([7])
torch.Size([7])
torch.Size([200])
torch.Size([150])
torch.Size([16, 43]) torch.Size([16, 7])
torch.Size([16, 7])
torch.Size([16, 200])
torch.Size([16, 150])
torch.Size([43]) torch.Size([7])
torch.Size([7])
torch.Size([200])
torch.Size([150])
torch.Size([16, 43]) torch.Size([16, 7])
torch.Size([16, 7])
torch.Size([16, 200])
torch.Size([16, 150])
torch.Size([43]) torch.Size([7])
torch.Size([7])
torch.Size([200])
torch.Size([150])
torch.Size([16, 43]) torch.Size([16, 7])
torch.Size([16, 7])
torch.Size([16, 200])
torch.Size([16, 150])
torch.Size([43]) torch.Size([7])
torch.Size([7])
torch.Size([200])
torch.Size([150])
torch.Size([16, 43]) torch.Size([16, 7])
torch.Size([16, 7])
torch.Size([16, 200])
torch.Size([16, 150])
torch.Size([43]) torch.Size([7])
torch.Size([7])
torch.Size([200])
torch.Size([150])
torch.Size([16, 43]) torch.Size([16, 7])
torch.Size([16, 7])
torch.Size([16, 200])
torch.Size([16, 150])
torch.Size([43]) torch.Size([7])
torch.Size([7])
torch.Size([200])
torch.Size([150])
torch.Size([16, 43]) torch.Size([16, 7])
torch.Size([16, 7])
torch.Size([16, 200])
torch.Size([16, 150])
torch.Size([43]) torch.Size([7])
torch.Size([7])
torch.Size([200])
torch.Size([150])
torch.Size([16, 43]) torch.Size([16, 7])
torch.Size([16, 7])
torch.Size([16, 200])
torch.Size([16, 150])
torch.Size([43]) torch.Size([7])
torch.Size([7])
torch.Size([200])
torch.Size([150])
torch.Size([16, 43]) torch.Size([16, 7])
torch.Size([16, 7])
torch.Size([16, 200])
torch.Size([16, 150])
torch.Size([43]) torch.Size([7])
torch.Size([7])
torch.Size([200])
torch.Size([150])
torch.Size([16, 43]) torch.Size([16, 7])
torch.Size([16, 7])
torch.Size([16, 200])
torch.Size([16, 150])
torch.Size([43]) torch.Size([7])
torch.Size([7])
torch.Size([200])
torch.Size([150])
torch.Size([16, 43]) torch.Size([16, 7])
torch.Size([16, 7])
torch.Size([16, 200])
torch.Size([16, 150])
torch.Size([43]) torch.Size([7])
torch.Size([7])
torch.Size([200])
torch.Size([150])
torch.Size([16, 43]) torch.Size([16, 7])
torch.Size([16, 7])
torch.Size([16, 200])
torch.Size([16, 150])
torch.Size([43]) torch.Size([7])
torch.Size([7])
torch.Size([200])
torch.Size([150])
torch.Size([16, 43]) torch.Size([16, 7])
torch.Size([16, 7])
torch.Size([16, 200])
torch.Size([16, 150])
torch.Size([43]) torch.Size([7])
torch.Size([7])
torch.Size([200])
torch.Size([150])
torch.Size([16, 43]) torch.Size([16, 7])
torch.Size([16, 7])
torch.Size([16, 200])
torch.Size([16, 150])
torch.Size([43]) torch.Size([7])
torch.Size([7])
torch.Size([200])
torch.Size([150])
torch.Size([16, 43]) torch.Size([16, 7])
torch.Size([16, 7])
torch.Size([16, 200])
torch.Size([16, 150])
torch.Size([43]) torch.Size([7])
torch.Size([7])
torch.Size([200])
torch.Size([150])
torch.Size([16, 43]) torch.Size([16, 7])
torch.Size([16, 7])
torch.Size([16, 200])
torch.Size([16, 150])
torch.Size([43]) torch.Size([7])
torch.Size([7])
torch.Size([200])
torch.Size([150])
torch.Size([16, 43]) torch.Size([16, 7])
torch.Size([16, 7])
torch.Size([16, 200])
torch.Size([16, 150])
Epoch: 1 - 10/1199 | obs_erorr = 1396231.3750, unobs_stb_loss = 676.1743, M_obs = 99.4861, M_unobs = 0.0000, P_norm = 0.9429, loss = 1396907.5000                torch.Size([43]) torch.Size([7])
torch.Size([7])
torch.Size([200])
torch.Size([150])
torch.Size([16, 43]) torch.Size([16, 7])
torch.Size([16, 7])
torch.Size([16, 200])
torch.Size([16, 150])
torch.Size([43]) torch.Size([7])
torch.Size([7])
torch.Size([200])
torch.Size([150])
torch.Size([16, 43]) torch.Size([16, 7])
torch.Size([16, 7])
torch.Size([16, 200])
torch.Size([16, 150])
torch.Size([43]) torch.Size([7])
torch.Size([7])
torch.Size([200])
torch.Size([150])
torch.Size([16, 43]) torch.Size([16, 7])
torch.Size([16, 7])
torch.Size([16, 200])
torch.Size([16, 150])
torch.Size([43]) torch.Size([7])
torch.Size([7])
torch.Size([200])
torch.Size([150])
torch.Size([16, 43]) torch.Size([16, 7])
torch.Size([16, 7])
torch.Size([16, 200])
torch.Size([16, 150])
torch.Size([43]) torch.Size([7])
torch.Size([7])
torch.Size([200])
torch.Size([150])
torch.Size([16, 43]) torch.Size([16, 7])
torch.Size([16, 7])
torch.Size([16, 200])
torch.Size([16, 150])
torch.Size([43]) torch.Size([7])
torch.Size([7])
torch.Size([200])
torch.Size([150])
torch.Size([16, 43]) torch.Size([16, 7])
torch.Size([16, 7])
torch.Size([16, 200])
torch.Size([16, 150])
torch.Size([43]) torch.Size([7])
torch.Size([7])
torch.Size([200])
torch.Size([150])
torch.Size([16, 43]) torch.Size([16, 7])
torch.Size([16, 7])
torch.Size([16, 200])
torch.Size([16, 150])
torch.Size([43]) torch.Size([7])
torch.Size([7])
torch.Size([200])
torch.Size([150])
torch.Size([16, 43]) torch.Size([16, 7])
torch.Size([16, 7])
torch.Size([16, 200])
torch.Size([16, 150])
torch.Size([43]) torch.Size([7])
torch.Size([7])
torch.Size([200])
torch.Size([150])
torch.Size([16, 43]) torch.Size([16, 7])
torch.Size([16, 7])
torch.Size([16, 200])
torch.Size([16, 150])
torch.Size([43]) torch.Size([7])
torch.Size([7])
torch.Size([200])
torch.Size([150])
torch.Size([16, 43]) torch.Size([16, 7])
torch.Size([16, 7])
torch.Size([16, 200])
torch.Size([16, 150])
torch.Size([43]) torch.Size([7])
torch.Size([7])
torch.Size([200])
torch.Size([150])
torch.Size([16, 43]) torch.Size([16, 7])
torch.Size([16, 7])
torch.Size([16, 200])
torch.Size([16, 150])
torch.Size([43]) torch.Size([7])
torch.Size([7])
torch.Size([200])
torch.Size([150])
torch.Size([16, 43]) torch.Size([16, 7])
torch.Size([16, 7])
torch.Size([16, 200])
torch.Size([16, 150])
torch.Size([43]) torch.Size([7])
torch.Size([7])
torch.Size([200])
torch.Size([150])
torch.Size([16, 43]) torch.Size([16, 7])
torch.Size([16, 7])
torch.Size([16, 200])
torch.Size([16, 150])
torch.Size([43]) torch.Size([7])
torch.Size([7])
torch.Size([200])
torch.Size([150])
torch.Size([16, 43]) torch.Size([16, 7])
torch.Size([16, 7])
torch.Size([16, 200])
torch.Size([16, 150])
torch.Size([43]) torch.Size([7])
torch.Size([7])
torch.Size([200])
torch.Size([150])
torch.Size([16, 43]) torch.Size([16, 7])
torch.Size([16, 7])
torch.Size([16, 200])
torch.Size([16, 150])
torch.Size([43]) torch.Size([7])
torch.Size([7])
torch.Size([200])
torch.Size([150])
torch.Size([16, 43]) torch.Size([16, 7])
torch.Size([16, 7])
torch.Size([16, 200])
torch.Size([16, 150])
torch.Size([43]) torch.Size([7])
torch.Size([7])
torch.Size([200])
torch.Size([150])
torch.Size([16, 43]) torch.Size([16, 7])
torch.Size([16, 7])
torch.Size([16, 200])
torch.Size([16, 150])
torch.Size([43]) torch.Size([7])
torch.Size([7])
torch.Size([200])
torch.Size([150])
torch.Size([16, 43]) torch.Size([16, 7])
torch.Size([16, 7])
torch.Size([16, 200])
torch.Size([16, 150])
torch.Size([43]) torch.Size([7])
torch.Size([7])
torch.Size([200])
torch.Size([150])
torch.Size([16, 43]) torch.Size([16, 7])
torch.Size([16, 7])
torch.Size([16, 200])
torch.Size([16, 150])
torch.Size([43]) torch.Size([7])
torch.Size([7])
torch.Size([200])
torch.Size([150])
torch.Size([16, 43]) torch.Size([16, 7])
torch.Size([16, 7])
torch.Size([16, 200])
torch.Size([16, 150])
torch.Size([43]) torch.Size([7])
torch.Size([7])
torch.Size([200])
torch.Size([150])
torch.Size([16, 43]) torch.Size([16, 7])
torch.Size([16, 7])
torch.Size([16, 200])
torch.Size([16, 150])
torch.Size([43]) torch.Size([7])
torch.Size([7])
torch.Size([200])
torch.Size([150])
torch.Size([16, 43]) torch.Size([16, 7])
torch.Size([16, 7])
torch.Size([16, 200])
torch.Size([16, 150])
torch.Size([43]) torch.Size([7])
torch.Size([7])
torch.Size([200])
torch.Size([150])
torch.Size([16, 43]) torch.Size([16, 7])
torch.Size([16, 7])
torch.Size([16, 200])
torch.Size([16, 150])
torch.Size([43]) torch.Size([7])
torch.Size([7])
torch.Size([200])
torch.Size([150])
torch.Size([16, 43]) torch.Size([16, 7])
torch.Size([16, 7])
torch.Size([16, 200])
torch.Size([16, 150])
torch.Size([43]) torch.Size([7])
torch.Size([7])
torch.Size([200])
torch.Size([150])
torch.Size([16, 43]) torch.Size([16, 7])
torch.Size([16, 7])
torch.Size([16, 200])
torch.Size([16, 150])
torch.Size([43]) torch.Size([7])
torch.Size([7])
torch.Size([200])
torch.Size([150])
torch.Size([16, 43]) torch.Size([16, 7])
torch.Size([16, 7])
torch.Size([16, 200])
torch.Size([16, 150])
torch.Size([43]) torch.Size([7])
torch.Size([7])
torch.Size([200])
torch.Size([150])
torch.Size([16, 43]) torch.Size([16, 7])
torch.Size([16, 7])
torch.Size([16, 200])
torch.Size([16, 150])
torch.Size([43]) torch.Size([7])
torch.Size([7])
torch.Size([200])
torch.Size([150])
torch.Size([16, 43]) torch.Size([16, 7])
torch.Size([16, 7])
torch.Size([16, 200])
torch.Size([16, 150])
torch.Size([43]) torch.Size([7])
torch.Size([7])
torch.Size([200])
torch.Size([150])
torch.Size([16, 43]) torch.Size([16, 7])
torch.Size([16, 7])
torch.Size([16, 200])
torch.Size([16, 150])
torch.Size([43]) torch.Size([7])
torch.Size([7])
torch.Size([200])
torch.Size([150])
torch.Size([16, 43]) torch.Size([16, 7])
torch.Size([16, 7])
torch.Size([16, 200])
torch.Size([16, 150])
torch.Size([43]) torch.Size([7])
torch.Size([7])
torch.Size([200])
torch.Size([150])
torch.Size([16, 43]) torch.Size([16, 7])
torch.Size([16, 7])
torch.Size([16, 200])
torch.Size([16, 150])
torch.Size([43]) torch.Size([7])
torch.Size([7])
torch.Size([200])
torch.Size([150])
torch.Size([16, 43]) torch.Size([16, 7])
torch.Size([16, 7])
torch.Size([16, 200])
torch.Size([16, 150])
torch.Size([43]) torch.Size([7])
torch.Size([7])
torch.Size([200])
torch.Size([150])
torch.Size([16, 43]) torch.Size([16, 7])
torch.Size([16, 7])
torch.Size([16, 200])
torch.Size([16, 150])
torch.Size([43]) torch.Size([7])
torch.Size([7])
torch.Size([200])
torch.Size([150])
torch.Size([16, 43]) torch.Size([16, 7])
torch.Size([16, 7])
torch.Size([16, 200])
torch.Size([16, 150])
torch.Size([43]) torch.Size([7])
torch.Size([7])
torch.Size([200])
torch.Size([150])
torch.Size([16, 43]) torch.Size([16, 7])
torch.Size([16, 7])
torch.Size([16, 200])
torch.Size([16, 150])
torch.Size([43]) torch.Size([7])
torch.Size([7])
torch.Size([200])
torch.Size([150])
torch.Size([16, 43]) torch.Size([16, 7])
torch.Size([16, 7])
torch.Size([16, 200])
torch.Size([16, 150])
torch.Size([43]) torch.Size([7])
torch.Size([7])
torch.Size([200])
torch.Size([150])
torch.Size([16, 43]) torch.Size([16, 7])
torch.Size([16, 7])
torch.Size([16, 200])
torch.Size([16, 150])
torch.Size([43]) torch.Size([7])
torch.Size([7])
torch.Size([200])
torch.Size([150])
torch.Size([16, 43]) torch.Size([16, 7])
torch.Size([16, 7])
torch.Size([16, 200])
torch.Size([16, 150])
torch.Size([43]) torch.Size([7])
torch.Size([7])
torch.Size([200])
torch.Size([150])
torch.Size([16, 43]) torch.Size([16, 7])
torch.Size([16, 7])
torch.Size([16, 200])
torch.Size([16, 150])
torch.Size([43]) torch.Size([7])
torch.Size([7])
torch.Size([200])
torch.Size([150])
torch.Size([16, 43]) torch.Size([16, 7])
torch.Size([16, 7])
torch.Size([16, 200])
torch.Size([16, 150])
torch.Size([43]) torch.Size([7])
torch.Size([7])
torch.Size([200])
torch.Size([150])
torch.Size([16, 43]) torch.Size([16, 7])
torch.Size([16, 7])
torch.Size([16, 200])
torch.Size([16, 150])
torch.Size([43]) torch.Size([7])
torch.Size([7])
torch.Size([200])
torch.Size([150])
torch.Size([16, 43]) torch.Size([16, 7])
torch.Size([16, 7])
torch.Size([16, 200])
torch.Size([16, 150])
torch.Size([43]) torch.Size([7])
torch.Size([7])
torch.Size([200])
torch.Size([150])
torch.Size([16, 43]) torch.Size([16, 7])
torch.Size([16, 7])
torch.Size([16, 200])
torch.Size([16, 150])
torch.Size([43]) torch.Size([7])
torch.Size([7])
torch.Size([200])
torch.Size([150])
torch.Size([16, 43]) torch.Size([16, 7])
torch.Size([16, 7])
torch.Size([16, 200])
torch.Size([16, 150])
torch.Size([43]) torch.Size([7])
torch.Size([7])
torch.Size([200])
torch.Size([150])
torch.Size([16, 43]) torch.Size([16, 7])
torch.Size([16, 7])
torch.Size([16, 200])
torch.Size([16, 150])
torch.Size([43]) torch.Size([7])
torch.Size([7])
torch.Size([200])
torch.Size([150])
torch.Size([16, 43]) torch.Size([16, 7])
torch.Size([16, 7])
torch.Size([16, 200])
torch.Size([16, 150])
torch.Size([43]) torch.Size([7])
torch.Size([7])
torch.Size([200])
torch.Size([150])
torch.Size([16, 43]) torch.Size([16, 7])
torch.Size([16, 7])
torch.Size([16, 200])
torch.Size([16, 150])
torch.Size([43]) torch.Size([7])
torch.Size([7])
torch.Size([200])
torch.Size([150])
torch.Size([16, 43]) torch.Size([16, 7])
torch.Size([16, 7])
torch.Size([16, 200])
torch.Size([16, 150])
torch.Size([43]) torch.Size([7])
torch.Size([7])
torch.Size([200])
torch.Size([150])
torch.Size([16, 43]) torch.Size([16, 7])
torch.Size([16, 7])
torch.Size([16, 200])
torch.Size([16, 150])
torch.Size([43]) torch.Size([7])
torch.Size([7])
torch.Size([200])
torch.Size([150])
torch.Size([16, 43]) torch.Size([16, 7])
torch.Size([16, 7])
torch.Size([16, 200])
torch.Size([16, 150])
torch.Size([43]) torch.Size([7])
torch.Size([7])
torch.Size([200])
torch.Size([150])
torch.Size([16, 43]) torch.Size([16, 7])
torch.Size([16, 7])
torch.Size([16, 200])
torch.Size([16, 150])
torch.Size([43]) torch.Size([7])
torch.Size([7])
torch.Size([200])
torch.Size([150])
torch.Size([16, 43]) torch.Size([16, 7])
torch.Size([16, 7])
torch.Size([16, 200])
torch.Size([16, 150])
torch.Size([43]) torch.Size([7])
torch.Size([7])
torch.Size([200])
torch.Size([150])
torch.Size([16, 43]) torch.Size([16, 7])
torch.Size([16, 7])
torch.Size([16, 200])
torch.Size([16, 150])
torch.Size([43]) torch.Size([7])
torch.Size([7])
torch.Size([200])
torch.Size([150])
torch.Size([16, 43]) torch.Size([16, 7])
torch.Size([16, 7])
torch.Size([16, 200])
torch.Size([16, 150])
torch.Size([43]) torch.Size([7])
torch.Size([7])
torch.Size([200])
torch.Size([150])
torch.Size([16, 43]) torch.Size([16, 7])
torch.Size([16, 7])
torch.Size([16, 200])
torch.Size([16, 150])
torch.Size([43]) torch.Size([7])
torch.Size([7])
torch.Size([200])
torch.Size([150])
torch.Size([16, 43]) torch.Size([16, 7])
torch.Size([16, 7])
torch.Size([16, 200])
torch.Size([16, 150])
torch.Size([43]) torch.Size([7])
torch.Size([7])
torch.Size([200])
torch.Size([150])
torch.Size([16, 43]) torch.Size([16, 7])
torch.Size([16, 7])
torch.Size([16, 200])
torch.Size([16, 150])
torch.Size([43]) torch.Size([7])
torch.Size([7])
torch.Size([200])
torch.Size([150])
torch.Size([16, 43]) torch.Size([16, 7])
torch.Size([16, 7])
torch.Size([16, 200])
torch.Size([16, 150])
torch.Size([43]) torch.Size([7])
torch.Size([7])
torch.Size([200])
torch.Size([150])
torch.Size([16, 43]) torch.Size([16, 7])
torch.Size([16, 7])
torch.Size([16, 200])
torch.Size([16, 150])
torch.Size([43]) torch.Size([7])
torch.Size([7])
torch.Size([200])
torch.Size([150])
torch.Size([16, 43]) torch.Size([16, 7])
torch.Size([16, 7])
torch.Size([16, 200])
torch.Size([16, 150])
torch.Size([43]) torch.Size([7])
torch.Size([7])
torch.Size([200])
torch.Size([150])
torch.Size([16, 43]) torch.Size([16, 7])
torch.Size([16, 7])
torch.Size([16, 200])
torch.Size([16, 150])
torch.Size([43]) torch.Size([7])
torch.Size([7])
torch.Size([200])
torch.Size([150])
torch.Size([16, 43]) torch.Size([16, 7])
torch.Size([16, 7])
torch.Size([16, 200])
torch.Size([16, 150])
torch.Size([43]) torch.Size([7])
torch.Size([7])
torch.Size([200])
torch.Size([150])
torch.Size([16, 43]) torch.Size([16, 7])
torch.Size([16, 7])
torch.Size([16, 200])
torch.Size([16, 150])
torch.Size([43]) torch.Size([7])
torch.Size([7])
torch.Size([200])
torch.Size([150])
torch.Size([16, 43]) torch.Size([16, 7])
torch.Size([16, 7])
torch.Size([16, 200])
torch.Size([16, 150])
torch.Size([43]) torch.Size([7])
torch.Size([7])
torch.Size([200])
torch.Size([150])
torch.Size([16, 43]) torch.Size([16, 7])
torch.Size([16, 7])
torch.Size([16, 200])
torch.Size([16, 150])
torch.Size([43]) torch.Size([7])
torch.Size([7])
torch.Size([200])
torch.Size([150])
torch.Size([16, 43]) torch.Size([16, 7])
torch.Size([16, 7])
torch.Size([16, 200])
torch.Size([16, 150])
torch.Size([43]) torch.Size([7])
torch.Size([7])
torch.Size([200])
torch.Size([150])
torch.Size([16, 43]) torch.Size([16, 7])
torch.Size([16, 7])
torch.Size([16, 200])
torch.Size([16, 150])
torch.Size([43]) torch.Size([7])
torch.Size([7])
torch.Size([200])
torch.Size([150])
torch.Size([16, 43]) torch.Size([16, 7])
torch.Size([16, 7])
torch.Size([16, 200])
torch.Size([16, 150])
torch.Size([43]) torch.Size([7])
torch.Size([7])
torch.Size([200])
torch.Size([150])
torch.Size([16, 43]) torch.Size([16, 7])
torch.Size([16, 7])
torch.Size([16, 200])
torch.Size([16, 150])
torch.Size([43]) torch.Size([7])
torch.Size([7])
torch.Size([200])
torch.Size([150])
torch.Size([16, 43]) torch.Size([16, 7])
torch.Size([16, 7])
torch.Size([16, 200])
torch.Size([16, 150])
torch.Size([43]) torch.Size([7])
torch.Size([7])
torch.Size([200])
torch.Size([150])
torch.Size([16, 43]) torch.Size([16, 7])
torch.Size([16, 7])
torch.Size([16, 200])
torch.Size([16, 150])
torch.Size([43]) torch.Size([7])
torch.Size([7])
torch.Size([200])
torch.Size([150])
torch.Size([16, 43]) torch.Size([16, 7])
torch.Size([16, 7])
torch.Size([16, 200])
torch.Size([16, 150])
torch.Size([43]) torch.Size([7])
torch.Size([7])
torch.Size([200])
torch.Size([150])
torch.Size([16, 43]) torch.Size([16, 7])
torch.Size([16, 7])
torch.Size([16, 200])
torch.Size([16, 150])
torch.Size([43]) torch.Size([7])
torch.Size([7])
torch.Size([200])
torch.Size([150])
torch.Size([16, 43]) torch.Size([16, 7])
torch.Size([16, 7])
torch.Size([16, 200])
torch.Size([16, 150])
torch.Size([43]) torch.Size([7])
torch.Size([7])
torch.Size([200])
torch.Size([150])
torch.Size([16, 43]) torch.Size([16, 7])
torch.Size([16, 7])
torch.Size([16, 200])
torch.Size([16, 150])
torch.Size([43]) torch.Size([7])
torch.Size([7])
torch.Size([200])
torch.Size([150])
torch.Size([16, 43]) torch.Size([16, 7])
torch.Size([16, 7])
torch.Size([16, 200])
torch.Size([16, 150])
torch.Size([43]) torch.Size([7])
torch.Size([7])
torch.Size([200])
torch.Size([150])
torch.Size([16, 43]) torch.Size([16, 7])
torch.Size([16, 7])
torch.Size([16, 200])
torch.Size([16, 150])
torch.Size([43]) torch.Size([7])
torch.Size([7])
torch.Size([200])
torch.Size([150])
torch.Size([16, 43]) torch.Size([16, 7])
torch.Size([16, 7])
torch.Size([16, 200])
torch.Size([16, 150])
torch.Size([43]) torch.Size([7])
torch.Size([7])
torch.Size([200])
torch.Size([150])
torch.Size([16, 43]) torch.Size([16, 7])
torch.Size([16, 7])
torch.Size([16, 200])
torch.Size([16, 150])
torch.Size([43]) torch.Size([7])
torch.Size([7])
torch.Size([200])
torch.Size([150])
torch.Size([16, 43]) torch.Size([16, 7])
torch.Size([16, 7])
torch.Size([16, 200])
torch.Size([16, 150])
torch.Size([43]) torch.Size([7])
torch.Size([7])
torch.Size([200])
torch.Size([150])
torch.Size([16, 43]) torch.Size([16, 7])
torch.Size([16, 7])
torch.Size([16, 200])
torch.Size([16, 150])
torch.Size([43]) torch.Size([7])
torch.Size([7])
torch.Size([200])
torch.Size([150])
torch.Size([16, 43]) torch.Size([16, 7])
torch.Size([16, 7])
torch.Size([16, 200])
torch.Size([16, 150])
torch.Size([43]) torch.Size([7])
torch.Size([7])
torch.Size([200])
torch.Size([150])
torch.Size([16, 43]) torch.Size([16, 7])
torch.Size([16, 7])
torch.Size([16, 200])
torch.Size([16, 150])
torch.Size([43]) torch.Size([7])
torch.Size([7])
torch.Size([200])
torch.Size([150])
torch.Size([16, 43]) torch.Size([16, 7])
torch.Size([16, 7])
torch.Size([16, 200])
torch.Size([16, 150])
torch.Size([43]) torch.Size([7])
torch.Size([7])
torch.Size([200])
torch.Size([150])
torch.Size([16, 43]) torch.Size([16, 7])
torch.Size([16, 7])
torch.Size([16, 200])
torch.Size([16, 150])
torch.Size([43]) torch.Size([7])
torch.Size([7])
torch.Size([200])
torch.Size([150])
torch.Size([16, 43]) torch.Size([16, 7])
torch.Size([16, 7])
torch.Size([16, 200])
torch.Size([16, 150])
torch.Size([43]) torch.Size([7])
torch.Size([7])
torch.Size([200])
torch.Size([150])
torch.Size([16, 43]) torch.Size([16, 7])
torch.Size([16, 7])
torch.Size([16, 200])
torch.Size([16, 150])
torch.Size([43]) torch.Size([7])
torch.Size([7])
torch.Size([200])
torch.Size([150])
torch.Size([16, 43]) torch.Size([16, 7])
torch.Size([16, 7])
torch.Size([16, 200])
torch.Size([16, 150])
torch.Size([43]) torch.Size([7])
torch.Size([7])
torch.Size([200])
torch.Size([150])
torch.Size([16, 43]) torch.Size([16, 7])
torch.Size([16, 7])
torch.Size([16, 200])
torch.Size([16, 150])
torch.Size([43]) torch.Size([7])
torch.Size([7])
torch.Size([200])
torch.Size([150])
torch.Size([16, 43]) torch.Size([16, 7])
torch.Size([16, 7])
torch.Size([16, 200])
torch.Size([16, 150])
torch.Size([43]) torch.Size([7])
torch.Size([7])
torch.Size([200])
torch.Size([150])
torch.Size([16, 43]) torch.Size([16, 7])
torch.Size([16, 7])
torch.Size([16, 200])
torch.Size([16, 150])
torch.Size([43]) torch.Size([7])
torch.Size([7])
torch.Size([200])
torch.Size([150])
torch.Size([16, 43]) torch.Size([16, 7])
torch.Size([16, 7])
torch.Size([16, 200])
torch.Size([16, 150])
torch.Size([43]) torch.Size([7])
torch.Size([7])
torch.Size([200])
torch.Size([150])
torch.Size([16, 43]) torch.Size([16, 7])
torch.Size([16, 7])
torch.Size([16, 200])
torch.Size([16, 150])
torch.Size([43]) torch.Size([7])
torch.Size([7])
torch.Size([200])
torch.Size([150])
torch.Size([16, 43]) torch.Size([16, 7])
torch.Size([16, 7])
torch.Size([16, 200])
torch.Size([16, 150])
torch.Size([43]) torch.Size([7])
torch.Size([7])
torch.Size([200])
torch.Size([150])
torch.Size([16, 43]) torch.Size([16, 7])
torch.Size([16, 7])
torch.Size([16, 200])
torch.Size([16, 150])
torch.Size([43]) torch.Size([7])
torch.Size([7])
torch.Size([200])
torch.Size([150])
torch.Size([16, 43]) torch.Size([16, 7])
torch.Size([16, 7])
torch.Size([16, 200])
torch.Size([16, 150])
torch.Size([43]) torch.Size([7])
torch.Size([7])
torch.Size([200])
torch.Size([150])
torch.Size([16, 43]) torch.Size([16, 7])
torch.Size([16, 7])
torch.Size([16, 200])
torch.Size([16, 150])
torch.Size([43]) torch.Size([7])
torch.Size([7])
torch.Size([200])
torch.Size([150])
torch.Size([16, 43]) torch.Size([16, 7])
torch.Size([16, 7])
torch.Size([16, 200])
torch.Size([16, 150])
torch.Size([43]) torch.Size([7])
torch.Size([7])
torch.Size([200])
torch.Size([150])
torch.Size([16, 43]) torch.Size([16, 7])
torch.Size([16, 7])
torch.Size([16, 200])
torch.Size([16, 150])
torch.Size([43]) torch.Size([7])
torch.Size([7])
torch.Size([200])
torch.Size([150])
torch.Size([16, 43]) torch.Size([16, 7])
torch.Size([16, 7])
torch.Size([16, 200])
torch.Size([16, 150])
Epoch: 1 - 20/1199 | obs_erorr = 258046.7500, unobs_stb_loss = 811.9282, M_obs = 97.9817, M_unobs = 0.0000, P_norm = 0.9234, loss = 258858.6719                torch.Size([43]) torch.Size([7])
torch.Size([7])
torch.Size([200])
torch.Size([150])