
NDO(
  (loss_func): MSELoss()
  (seq): Sequential(
    (layer_0): Layer(
      (0): Linear(in_features=53, out_features=200, bias=True)
      (1): Gaussian()
    )
    (layer_1): Layer(
      (0): Linear(in_features=200, out_features=150, bias=True)
      (1): Tanh()
    )
    (layer_2): Layer(
      (0): Linear(in_features=150, out_features=43, bias=True)
      (1): Affine()
    )
  )
  (seq_2): Sequential(
    (layer_0): Layer(
      (0): Linear(in_features=10, out_features=200, bias=True)
      (1): Gaussian()
    )
    (layer_1): Layer(
      (0): Linear(in_features=400, out_features=150, bias=True)
      (1): Tanh()
    )
    (layer_2): Layer(
      (0): Linear(in_features=300, out_features=7, bias=True)
      (1): Affine()
    )
  )
)

run paras: {'run_times': 1, 'multirun_seed': 'r*2', '_run_id': '', 'e': 3, 'load_para_type': None, 'load_sub': None, 'load_file_name': None, 'load_path_replace': None, 'view_addi_info': ['obs_erorr', 'unobs_stb_loss', 'M_obs', 'M_unobs', 'P_norm', 'loss'], 'if_log': True, 'if_epoch_eval': None, 'if_vmap': False, 'if_save_excel': True, 'if_save_plot': True, 'fd_pr': ['cust_mm_ey-T2&Q-kde'], 'fd_pr_dt': [{'mm': 'cust_mm_ey', 'ts': 'T2', 'thrd_meth': 'kde'}, {'mm': 'cust_mm_ey', 'ts': 'Q', 'thrd_meth': 'kde'}], 'fd_pr_name': ['cust_mm_ey-T2-kde', 'cust_mm_ey-Q-kde'], 'expt_FAR': 0.005, 'ts_post_op': None, 'if_use_lstsq': True, 'if_plot_mm_kde': False, 'if_plot_score_hm': False, 'if_plot_cov_inv': False, 'if_save_ts': False, 'alld_error': 0.005, 'cl': 0.995, 'if_intp': False}

Train NDO_CSTR/fd_Act1 via cuda:
Epoch: 3 - 1199/1199 | obs_erorr = 9.4680, unobs_stb_loss = 107.4623, M_obs = 86.0187, M_unobs = 0.0000, P_norm = 0.7728, loss = 116.9303                
Finish training~ Spend 2201 seconds

Mean training losses: ['train-obs_erorr' 'train-unobs_stb_loss' 'train-M_obs' 'train-M_unobs'
 'train-P_norm' 'train-loss'] = [  8.0012 157.2349  86.0414   0.       0.7604 165.2361]

Save model paras [Last] in 'file:///F:/torch_joff/joff/Result/NDO_CSTR/fd_Act1'

1) 'cust_mm_ey-T2-kde':
Threshold = 492.51

The test false alarm rates (FARs) are:
[0. 0. 0. 0. 0. 0. 0. 0. 0. 0.](%)

The test missed detection rates (MDRs) are:
[18.5 12.3 11.4 10.7 27.7 15.1  1.6  2.8  4.  20. ](%)

The test AFAR is 0.0(%).
The test AMDR is 12.41(%).

2) 'cust_mm_ey-Q-kde':
Threshold = 242.20

The test false alarm rates (FARs) are:
[0. 0. 0. 0. 0. 0. 0. 0. 0. 0.](%)

The test missed detection rates (MDRs) are:
[38.4 53.2 38.6 32.  16.4 13.4  5.1 22.  22.2 79.6](%)

The test AFAR is 0.0(%).
The test AMDR is 32.09(%).

Save FD Result.xlsx in 'file:///F:/torch_joff/joff/Result/NDO_CSTR/fd_Act1/FD%20Result.xlsx'
Plot Epoch-Loss.pdf in 'file:///F:/torch_joff/joff/Result/NDO_CSTR/fd_Act1/Epoch-Loss.pdf'
Plot Normal.pdf [ey-T2-kde] in 'file:///F:/torch_joff/joff/Result/NDO_CSTR/fd_Act1/cust_mm_ey-T2-kde/Normal.pdf'
Plot Fault 01.pdf [ey-T2-kde] in 'file:///F:/torch_joff/joff/Result/NDO_CSTR/fd_Act1/cust_mm_ey-T2-kde/Fault%2001.pdf'
Plot Fault 02.pdf [ey-T2-kde] in 'file:///F:/torch_joff/joff/Result/NDO_CSTR/fd_Act1/cust_mm_ey-T2-kde/Fault%2002.pdf'
Plot Fault 03.pdf [ey-T2-kde] in 'file:///F:/torch_joff/joff/Result/NDO_CSTR/fd_Act1/cust_mm_ey-T2-kde/Fault%2003.pdf'
Plot Fault 04.pdf [ey-T2-kde] in 'file:///F:/torch_joff/joff/Result/NDO_CSTR/fd_Act1/cust_mm_ey-T2-kde/Fault%2004.pdf'
Plot Fault 05.pdf [ey-T2-kde] in 'file:///F:/torch_joff/joff/Result/NDO_CSTR/fd_Act1/cust_mm_ey-T2-kde/Fault%2005.pdf'
Plot Fault 06.pdf [ey-T2-kde] in 'file:///F:/torch_joff/joff/Result/NDO_CSTR/fd_Act1/cust_mm_ey-T2-kde/Fault%2006.pdf'
Plot Fault 07.pdf [ey-T2-kde] in 'file:///F:/torch_joff/joff/Result/NDO_CSTR/fd_Act1/cust_mm_ey-T2-kde/Fault%2007.pdf'
Plot Fault 08.pdf [ey-T2-kde] in 'file:///F:/torch_joff/joff/Result/NDO_CSTR/fd_Act1/cust_mm_ey-T2-kde/Fault%2008.pdf'
Plot Fault 09.pdf [ey-T2-kde] in 'file:///F:/torch_joff/joff/Result/NDO_CSTR/fd_Act1/cust_mm_ey-T2-kde/Fault%2009.pdf'
Plot Fault 10.pdf [ey-T2-kde] in 'file:///F:/torch_joff/joff/Result/NDO_CSTR/fd_Act1/cust_mm_ey-T2-kde/Fault%2010.pdf'
Plot Whole_fd.pdf [ey-T2-kde] in 'file:///F:/torch_joff/joff/Result/NDO_CSTR/fd_Act1/cust_mm_ey-T2-kde/Whole_fd.pdf'
Plot Normal.pdf [ey-Q-kde] in 'file:///F:/torch_joff/joff/Result/NDO_CSTR/fd_Act1/cust_mm_ey-Q-kde/Normal.pdf'
Plot Fault 01.pdf [ey-Q-kde] in 'file:///F:/torch_joff/joff/Result/NDO_CSTR/fd_Act1/cust_mm_ey-Q-kde/Fault%2001.pdf'
Plot Fault 02.pdf [ey-Q-kde] in 'file:///F:/torch_joff/joff/Result/NDO_CSTR/fd_Act1/cust_mm_ey-Q-kde/Fault%2002.pdf'
Plot Fault 03.pdf [ey-Q-kde] in 'file:///F:/torch_joff/joff/Result/NDO_CSTR/fd_Act1/cust_mm_ey-Q-kde/Fault%2003.pdf'
Plot Fault 04.pdf [ey-Q-kde] in 'file:///F:/torch_joff/joff/Result/NDO_CSTR/fd_Act1/cust_mm_ey-Q-kde/Fault%2004.pdf'
Plot Fault 05.pdf [ey-Q-kde] in 'file:///F:/torch_joff/joff/Result/NDO_CSTR/fd_Act1/cust_mm_ey-Q-kde/Fault%2005.pdf'
Plot Fault 06.pdf [ey-Q-kde] in 'file:///F:/torch_joff/joff/Result/NDO_CSTR/fd_Act1/cust_mm_ey-Q-kde/Fault%2006.pdf'
Plot Fault 07.pdf [ey-Q-kde] in 'file:///F:/torch_joff/joff/Result/NDO_CSTR/fd_Act1/cust_mm_ey-Q-kde/Fault%2007.pdf'
Plot Fault 08.pdf [ey-Q-kde] in 'file:///F:/torch_joff/joff/Result/NDO_CSTR/fd_Act1/cust_mm_ey-Q-kde/Fault%2008.pdf'
Plot Fault 09.pdf [ey-Q-kde] in 'file:///F:/torch_joff/joff/Result/NDO_CSTR/fd_Act1/cust_mm_ey-Q-kde/Fault%2009.pdf'
Plot Fault 10.pdf [ey-Q-kde] in 'file:///F:/torch_joff/joff/Result/NDO_CSTR/fd_Act1/cust_mm_ey-Q-kde/Fault%2010.pdf'
Plot Whole_fd.pdf [ey-Q-kde] in 'file:///F:/torch_joff/joff/Result/NDO_CSTR/fd_Act1/cust_mm_ey-Q-kde/Whole_fd.pdf'
