
NDO(
  (loss_func): MSELoss()
  (seq): Sequential(
    (layer_0): Layer(
      (0): Linear(in_features=53, out_features=200, bias=True)
      (1): Gaussian()
    )
    (layer_1): Layer(
      (0): Dropout(p=0.0133, inplace=False)
      (1): Linear(in_features=200, out_features=150, bias=True)
      (2): Tanh()
    )
    (layer_2): Layer(
      (0): Dropout(p=0.01, inplace=False)
      (1): Linear(in_features=150, out_features=50, bias=True)
      (2): Affine()
    )
  )
)

run paras: {'run_times': 1, 'multirun_seed': 'r*2', '_run_id': '', 'e': 3, 'load_para_type': None, 'load_sub': None, 'load_file_name': None, 'load_path_replace': None, 'view_addi_info': ['observer_loss', 'unobs_stb_loss', 'L_abs_norm', 'stability_loss', 'loss'], 'if_log': True, 'if_epoch_eval': None, 'if_vmap': False, 'if_save_excel': True, 'if_save_plot': True, 'fd_pr': ['cust_mm_ey-T2&Q-kde'], 'fd_pr_dt': [{'mm': 'cust_mm_ey', 'ts': 'T2', 'thrd_meth': 'kde'}, {'mm': 'cust_mm_ey', 'ts': 'Q', 'thrd_meth': 'kde'}], 'fd_pr_name': ['cust_mm_ey-T2-kde', 'cust_mm_ey-Q-kde'], 'expt_FAR': 0.005, 'ts_post_op': None, 'if_use_lstsq': True, 'if_plot_mm_kde': False, 'if_plot_score_hm': False, 'if_plot_cov_inv': False, 'if_save_ts': False, 'alld_error': 0.005, 'cl': 0.995, 'if_intp': False}

Train NDO_CSTR/fd_Act1 via cuda:
1111111
Traceback (most recent call last):
  File "F:\torch_joff\joff\_run\_run_model.py", line 67, in _run_with_log
    _run_n(self, p)
  File "F:\torch_joff\joff\_run\_run_model.py", line 111, in _run_n
    train_model(self, **p)
  File "F:\torch_joff\joff\_run\_run_model.py", line 199, in train_model
    else: batch_training(self)
          ^^^^^^^^^^^^^^^^^^^^
  File "F:\torch_joff\joff\_run\_epoch.py", line 30, in batch_training
    self.forward(input)
  File "F:\torch_joff\joff\_model\arx.py", line 280, in forward
    J = self.get_vmap_jac(x_pre, u, h_pres, c_pres)
        ^^^^^^^^^^^^^^^^^^^^^^^^^^^^^^^^^^^^^^^^^^^
  File "F:\torch_joff\joff\_model\arx.py", line 191, in get_vmap_jac
    J = vmap_jac(dynamics_fn_wrapper, 0, self.in_dims, self.if_unobs_loss,
        ^^^^^^^^^^^^^^^^^^^^^^^^^^^^^^^^^^^^^^^^^^^^^^^^^^^^^^^^^^^^^^^^^^
  File "F:\torch_joff\joff\_model\arx.py", line 77, in vmap_jac
    return batch_jac_fn(*args)
           ^^^^^^^^^^^^^^^^^^^
  File "F:\anaconda3\Lib\site-packages\torch\_functorch\apis.py", line 208, in wrapped
    return vmap_impl(
           ^^^^^^^^^^
  File "F:\anaconda3\Lib\site-packages\torch\_functorch\vmap.py", line 282, in vmap_impl
    return _flat_vmap(
           ^^^^^^^^^^^
  File "F:\anaconda3\Lib\site-packages\torch\_functorch\vmap.py", line 432, in _flat_vmap
    batched_outputs = func(*batched_inputs, **kwargs)
                      ^^^^^^^^^^^^^^^^^^^^^^^^^^^^^^^
  File "F:\torch_joff\joff\_model\arx.py", line 33, in single_jac
    return torch.autograd.grad(
           ^^^^^^^^^^^^^^^^^^^^
  File "F:\anaconda3\Lib\site-packages\torch\autograd\__init__.py", line 503, in grad
    result = _engine_run_backward(
             ^^^^^^^^^^^^^^^^^^^^^
  File "F:\anaconda3\Lib\site-packages\torch\autograd\graph.py", line 841, in _engine_run_backward
    return Variable._execution_engine.run_backward(  # Calls into the C++ engine to run the backward pass
           ^^^^^^^^^^^^^^^^^^^^^^^^^^^^^^^^^^^^^^^^^^^^^^^^^^^^^^^^^^^^^^^^^^^^^^^^^^^^^^^^^^^^^^^^^^^^^^
RuntimeError: element 0 of tensors does not require grad and does not have a grad_fn
