
NDO(
  (loss_func): MSELoss()
  (seq): Sequential(
    (layer_0): Layer(
      (0): Dropout(p=0.0169, inplace=False)
      (1): GRUCell(in_features=203, out_features=200, bias=True)
    )
    (layer_1): Layer(
      (0): Dropout(p=0.0267, inplace=False)
      (1): GRUCell(in_features=350, out_features=150, bias=True)
    )
    (layer_2): Layer(
      (0): Dropout(p=0.0133, inplace=False)
      (1): GRUCell(in_features=200, out_features=50, bias=True)
    )
  )
)

run paras: {'run_times': 1, 'multirun_seed': 'r*2', '_run_id': '', 'e': 3, 'load_para_type': None, 'load_sub': None, 'load_file_name': None, 'load_path_replace': None, 'view_addi_info': ['observer_loss', 'L_abs_norm', 'stability_loss', 'loss'], 'if_log': True, 'if_epoch_eval': None, 'if_vmap': False, 'if_save_excel': True, 'if_save_plot': True, 'fd_pr': ['cust_mm_ey-T2&Q-kde'], 'fd_pr_dt': [{'mm': 'cust_mm_ey', 'ts': 'T2', 'thrd_meth': 'kde'}, {'mm': 'cust_mm_ey', 'ts': 'Q', 'thrd_meth': 'kde'}], 'fd_pr_name': ['cust_mm_ey-T2-kde', 'cust_mm_ey-Q-kde'], 'expt_FAR': 0.005, 'ts_post_op': None, 'if_use_lstsq': True, 'if_plot_mm_kde': False, 'if_plot_score_hm': False, 'if_plot_cov_inv': False, 'if_save_ts': False, 'alld_error': 0.005, 'cl': 0.995, 'if_intp': False}

Train NDO_CSTR/fd_Act1 via cuda:
Epoch: 1 - 150/2398 | observer_loss = 32241.0645, L_abs_norm = 0.0239, stability_loss = 113.1514, loss = 32241.0645                Traceback (most recent call last):
  File "F:\torch_joff\joff\_run\_run_model.py", line 67, in _run_with_log
    _run_n(self, p)
  File "F:\torch_joff\joff\_run\_run_model.py", line 111, in _run_n
    train_model(self, **p)
  File "F:\torch_joff\joff\_run\_run_model.py", line 199, in train_model
    else: batch_training(self)
          ^^^^^^^^^^^^^^^^^^^^
  File "F:\torch_joff\joff\_run\_epoch.py", line 30, in batch_training
    self.forward(input)
  File "F:\torch_joff\joff\_model\arx.py", line 285, in forward
    J = self.get_jacbi(*detached_inputs)
        ^^^^^^^^^^^^^^^^^^^^^^^^^^^^^^^^
  File "F:\torch_joff\joff\_model\arx.py", line 181, in get_jacbi
    J = vmap_jac(dynamics_fn_wrapper, 0,*args)
        ^^^^^^^^^^^^^^^^^^^^^^^^^^^^^^^^^^^^^^
  File "F:\torch_joff\joff\_model\arx.py", line 90, in vmap_jac
    return batch_jac_fn(*args)
           ^^^^^^^^^^^^^^^^^^^
  File "F:\anaconda3\Lib\site-packages\torch\_functorch\apis.py", line 208, in wrapped
    return vmap_impl(
           ^^^^^^^^^^
  File "F:\anaconda3\Lib\site-packages\torch\_functorch\vmap.py", line 282, in vmap_impl
    return _flat_vmap(
           ^^^^^^^^^^^
  File "F:\anaconda3\Lib\site-packages\torch\_functorch\vmap.py", line 432, in _flat_vmap
    batched_outputs = func(*batched_inputs, **kwargs)
                      ^^^^^^^^^^^^^^^^^^^^^^^^^^^^^^^
  File "F:\anaconda3\Lib\site-packages\torch\_functorch\eager_transforms.py", line 690, in wrapper_fn
    flat_jacobians_per_input = compute_jacobian_stacked()
                               ^^^^^^^^^^^^^^^^^^^^^^^^^^
  File "F:\anaconda3\Lib\site-packages\torch\_functorch\eager_transforms.py", line 612, in compute_jacobian_stacked
    chunked_result = vmap(vjp_fn)(basis)
                     ^^^^^^^^^^^^^^^^^^^
  File "F:\anaconda3\Lib\site-packages\torch\_functorch\apis.py", line 208, in wrapped
    return vmap_impl(
           ^^^^^^^^^^
  File "F:\anaconda3\Lib\site-packages\torch\_functorch\vmap.py", line 282, in vmap_impl
    return _flat_vmap(
           ^^^^^^^^^^^
  File "F:\anaconda3\Lib\site-packages\torch\_functorch\vmap.py", line 432, in _flat_vmap
    batched_outputs = func(*batched_inputs, **kwargs)
                      ^^^^^^^^^^^^^^^^^^^^^^^^^^^^^^^
  File "F:\anaconda3\Lib\site-packages\torch\_functorch\eager_transforms.py", line 395, in wrapper
    result = _autograd_grad(
             ^^^^^^^^^^^^^^^
  File "F:\anaconda3\Lib\site-packages\torch\_functorch\eager_transforms.py", line 142, in _autograd_grad
    grad_inputs = torch.autograd.grad(
                  ^^^^^^^^^^^^^^^^^^^^
  File "F:\anaconda3\Lib\site-packages\torch\autograd\__init__.py", line 503, in grad
    result = _engine_run_backward(
             ^^^^^^^^^^^^^^^^^^^^^
  File "F:\anaconda3\Lib\site-packages\torch\autograd\graph.py", line 841, in _engine_run_backward
    return Variable._execution_engine.run_backward(  # Calls into the C++ engine to run the backward pass
           ^^^^^^^^^^^^^^^^^^^^^^^^^^^^^^^^^^^^^^^^^^^^^^^^^^^^^^^^^^^^^^^^^^^^^^^^^^^^^^^^^^^^^^^^^^^^^^
RuntimeError: Function 'MulBackward0' returned nan values in its 0th output.
