
NDO(
  (loss_func): MSELoss()
  (seq): Sequential(
    (layer_0): Layer(
      (0): Linear(in_features=53, out_features=200, bias=True)
      (1): Gaussian()
    )
    (layer_1): Layer(
      (0): Dropout(p=0.0133, inplace=False)
      (1): Linear(in_features=200, out_features=150, bias=True)
      (2): Tanh()
    )
    (layer_2): Layer(
      (0): Dropout(p=0.01, inplace=False)
      (1): Linear(in_features=150, out_features=50, bias=True)
      (2): Affine()
    )
  )
)

run paras: {'run_times': 1, 'multirun_seed': 'r*2', '_run_id': '', 'e': 3, 'load_para_type': None, 'load_sub': None, 'load_file_name': None, 'load_path_replace': None, 'view_addi_info': ['obs_erorr', 'obs_stb_loss', 'unobs_stb_loss', 'P_norm', 'loss'], 'if_log': True, 'if_epoch_eval': None, 'if_vmap': False, 'if_save_excel': True, 'if_save_plot': True, 'fd_pr': ['cust_mm_ey-T2&Q-kde'], 'fd_pr_dt': [{'mm': 'cust_mm_ey', 'ts': 'T2', 'thrd_meth': 'kde'}, {'mm': 'cust_mm_ey', 'ts': 'Q', 'thrd_meth': 'kde'}], 'fd_pr_name': ['cust_mm_ey-T2-kde', 'cust_mm_ey-Q-kde'], 'expt_FAR': 0.005, 'ts_post_op': None, 'if_use_lstsq': True, 'if_plot_mm_kde': False, 'if_plot_score_hm': False, 'if_plot_cov_inv': False, 'if_save_ts': False, 'alld_error': 0.005, 'cl': 0.995, 'if_intp': False}

Train NDO_CSTR/fd_Act1 via cuda:
Epoch: 3 - 2398/2398 | obs_erorr = 267.5757, obs_stb_loss = 0.0000, unobs_stb_loss = 123.6041, P_norm = 1.2354, loss = 267.5757                
Finish training~ Spend 1413 seconds

Mean training losses: ['train-obs_erorr' 'train-obs_stb_loss' 'train-unobs_stb_loss'
 'train-P_norm' 'train-loss'] = [114.9637   0.      27.6542   1.0614 114.9637]

Save model paras [Last] in 'file:///F:/torch_joff/joff/Result/NDO_CSTR/fd_Act1'

1) 'cust_mm_ey-T2-kde':
Threshold = 263.76

The test false alarm rates (FARs) are:
[0.   3.08 0.   2.56 2.56 3.08 2.56 2.56 1.03 2.05](%)

The test missed detection rates (MDRs) are:
[47.6 73.5 41.9 18.4 31.  32.4  5.1 58.4 30.3 61.1](%)

The test AFAR is 1.95(%).
The test AMDR is 39.97(%).

2) 'cust_mm_ey-Q-kde':
Threshold = 667.18

The test false alarm rates (FARs) are:
[0.51 4.1  0.51 3.08 0.51 1.54 0.51 2.56 0.51 3.08](%)

The test missed detection rates (MDRs) are:
[47.2 94.8 45.3 70.7 41.4 49.1 15.5 66.8 60.4 99.3](%)

The test AFAR is 1.69(%).
The test AMDR is 59.05(%).
Traceback (most recent call last):
  File "F:\torch_joff\joff\_run\_run_model.py", line 67, in _run_with_log
    _run_n(self, p)
  File "F:\torch_joff\joff\_run\_run_model.py", line 119, in _run_n
    self.test()
  File "F:\torch_joff\joff\_nn\_fcnn_module.py", line 80, in test
    _test(self, **kwargs)
  File "F:\torch_joff\joff\_test\_test_model.py", line 27, in _test
    _test_model(self, p)
  File "F:\torch_joff\joff\_test\_test_model.py", line 81, in _test_model
    _save_result(self, p)
  File "F:\torch_joff\joff\_save\_save_result.py", line 20, in _save_result
    if p['if_save_excel']: _save_result2excel(self, p)
                           ^^^^^^^^^^^^^^^^^^^^^^^^^^^
  File "F:\torch_joff\joff\_save\_save_result.py", line 25, in _save_result2excel
    kwargs_df = pd.DataFrame({'keys': list(self.kwargs.keys()), 'vaules': list(self.kwargs.values())})
                ^^^^^^^^^^^^^^^^^^^^^^^^^^^^^^^^^^^^^^^^^^^^^^^^^^^^^^^^^^^^^^^^^^^^^^^^^^^^^^^^^^^^^^
  File "F:\anaconda3\Lib\site-packages\pandas\core\frame.py", line 778, in __init__
    mgr = dict_to_mgr(data, index, columns, dtype=dtype, copy=copy, typ=manager)
          ^^^^^^^^^^^^^^^^^^^^^^^^^^^^^^^^^^^^^^^^^^^^^^^^^^^^^^^^^^^^^^^^^^^^^^
  File "F:\anaconda3\Lib\site-packages\pandas\core\internals\construction.py", line 503, in dict_to_mgr
    return arrays_to_mgr(arrays, columns, index, dtype=dtype, typ=typ, consolidate=copy)
           ^^^^^^^^^^^^^^^^^^^^^^^^^^^^^^^^^^^^^^^^^^^^^^^^^^^^^^^^^^^^^^^^^^^^^^^^^^^^^
  File "F:\anaconda3\Lib\site-packages\pandas\core\internals\construction.py", line 119, in arrays_to_mgr
    arrays, refs = _homogenize(arrays, index, dtype)
                   ^^^^^^^^^^^^^^^^^^^^^^^^^^^^^^^^^
  File "F:\anaconda3\Lib\site-packages\pandas\core\internals\construction.py", line 629, in _homogenize
    val = sanitize_array(val, index, dtype=dtype, copy=False)
          ^^^^^^^^^^^^^^^^^^^^^^^^^^^^^^^^^^^^^^^^^^^^^^^^^^^
  File "F:\anaconda3\Lib\site-packages\pandas\core\construction.py", line 654, in sanitize_array
    subarr = maybe_convert_platform(data)
             ^^^^^^^^^^^^^^^^^^^^^^^^^^^^
  File "F:\anaconda3\Lib\site-packages\pandas\core\dtypes\cast.py", line 131, in maybe_convert_platform
    arr = construct_1d_object_array_from_listlike(values)
          ^^^^^^^^^^^^^^^^^^^^^^^^^^^^^^^^^^^^^^^^^^^^^^^
  File "F:\anaconda3\Lib\site-packages\pandas\core\dtypes\cast.py", line 1601, in construct_1d_object_array_from_listlike
    result[:] = values
    ~~~~~~^^^
  File "F:\anaconda3\Lib\site-packages\torch\_tensor.py", line 1213, in __array__
    return self.numpy().astype(dtype, copy=False)
           ^^^^^^^^^^^^
TypeError: can't convert cuda:0 device type tensor to numpy. Use Tensor.cpu() to copy the tensor to host memory first.
