
NDO(
  (loss_func): MSELoss()
  (seq): Sequential(
    (layer_0): Layer(
      (0): Linear(in_features=23, out_features=150, bias=True)
      (1): Gaussian()
    )
    (layer_1): Layer(
      (0): Dropout(p=0.015, inplace=False)
      (1): Linear(in_features=150, out_features=300, bias=True)
      (2): Tanh()
    )
    (layer_2): Layer(
      (0): Dropout(p=0.03, inplace=False)
      (1): Linear(in_features=300, out_features=150, bias=True)
      (2): Gaussian()
    )
    (layer_3): Layer(
      (0): Dropout(p=0.015, inplace=False)
      (1): Linear(in_features=150, out_features=20, bias=True)
      (2): Affine()
    )
  )
)

run paras: {'run_times': 1, 'multirun_seed': 'r*2', '_run_id': '', 'e': 5, 'load_para_type': None, 'load_sub': None, 'load_file_name': None, 'load_path_replace': None, 'view_addi_info': ['obs_erorr', 'unobs_stb_loss', 'M_obs', 'M_unobs', 'fix_pro', 'P_norm', 'loss'], 'if_log': True, 'if_epoch_eval': None, 'if_vmap': False, 'if_save_excel': True, 'if_save_plot': True, 'fd_pr': ['cust_mm_ey-T2&Q-kde'], 'fd_pr_dt': [{'mm': 'cust_mm_ey', 'ts': 'T2', 'thrd_meth': 'kde'}, {'mm': 'cust_mm_ey', 'ts': 'Q', 'thrd_meth': 'kde'}], 'fd_pr_name': ['cust_mm_ey-T2-kde', 'cust_mm_ey-Q-kde'], 'expt_FAR': 0.005, 'ts_post_op': None, 'if_use_lstsq': True, 'if_plot_mm_kde': False, 'if_plot_score_hm': False, 'if_plot_cov_inv': False, 'if_save_ts': False, 'alld_error': 0.005, 'cl': 0.995, 'if_intp': False}

Train NDO_CSTR/fd_Act1 via cuda:
Epoch: 5 - 1998/1998 | obs_erorr = 21.2800, unobs_stb_loss = 34.3797, M_obs = 18.4046, M_unobs = 0.0000, fix_pro = 0.0855, P_norm = 1.0505, loss = 55.6597                
Finish training~ Spend 561 seconds

Mean training losses: ['train-obs_erorr' 'train-unobs_stb_loss' 'train-M_obs' 'train-M_unobs'
 'train-fix_pro' 'train-P_norm' 'train-loss'] = [9.93400e+00 3.48676e+01 1.61090e+01 0.00000e+00 3.84000e-02 1.04630e+00
 4.48016e+01]

Save model paras [Last] in 'file:///F:/torch_joff/joff/Result/NDO_CSTR/fd_Act1'

1) 'cust_mm_ey-T2-kde':
Threshold = 389.09

The test false alarm rates (FARs) are:
[3.17 3.17 3.17 3.7  3.17 4.23 3.17 3.17 3.17 3.17](%)

The test missed detection rates (MDRs) are:
[23.22 16.52 15.42 12.21 27.93 19.92  1.7   3.    4.7  22.32](%)

The test AFAR is 3.33(%).
The test AMDR is 14.69(%).

2) 'cust_mm_ey-Q-kde':
Threshold = 178.86

The test false alarm rates (FARs) are:
[1.06 2.65 2.65 0.   2.12 2.65 0.   0.   0.53 2.12](%)

The test missed detection rates (MDRs) are:
[42.24 52.25 39.74 22.32 16.22 13.11  4.9  20.02 22.02 72.77](%)

The test AFAR is 1.38(%).
The test AMDR is 30.56(%).

Save FD Result.xlsx in 'file:///F:/torch_joff/joff/Result/NDO_CSTR/fd_Act1/FD%20Result.xlsx'
Plot Epoch-Loss.pdf in 'file:///F:/torch_joff/joff/Result/NDO_CSTR/fd_Act1/Epoch-Loss.pdf'
Plot Normal.pdf [ey-T2-kde] in 'file:///F:/torch_joff/joff/Result/NDO_CSTR/fd_Act1/cust_mm_ey-T2-kde/Normal.pdf'
Plot Fault 01.pdf [ey-T2-kde] in 'file:///F:/torch_joff/joff/Result/NDO_CSTR/fd_Act1/cust_mm_ey-T2-kde/Fault%2001.pdf'
Plot Fault 02.pdf [ey-T2-kde] in 'file:///F:/torch_joff/joff/Result/NDO_CSTR/fd_Act1/cust_mm_ey-T2-kde/Fault%2002.pdf'
Plot Fault 03.pdf [ey-T2-kde] in 'file:///F:/torch_joff/joff/Result/NDO_CSTR/fd_Act1/cust_mm_ey-T2-kde/Fault%2003.pdf'
Plot Fault 04.pdf [ey-T2-kde] in 'file:///F:/torch_joff/joff/Result/NDO_CSTR/fd_Act1/cust_mm_ey-T2-kde/Fault%2004.pdf'
Plot Fault 05.pdf [ey-T2-kde] in 'file:///F:/torch_joff/joff/Result/NDO_CSTR/fd_Act1/cust_mm_ey-T2-kde/Fault%2005.pdf'
Plot Fault 06.pdf [ey-T2-kde] in 'file:///F:/torch_joff/joff/Result/NDO_CSTR/fd_Act1/cust_mm_ey-T2-kde/Fault%2006.pdf'
Plot Fault 07.pdf [ey-T2-kde] in 'file:///F:/torch_joff/joff/Result/NDO_CSTR/fd_Act1/cust_mm_ey-T2-kde/Fault%2007.pdf'
Plot Fault 08.pdf [ey-T2-kde] in 'file:///F:/torch_joff/joff/Result/NDO_CSTR/fd_Act1/cust_mm_ey-T2-kde/Fault%2008.pdf'
Plot Fault 09.pdf [ey-T2-kde] in 'file:///F:/torch_joff/joff/Result/NDO_CSTR/fd_Act1/cust_mm_ey-T2-kde/Fault%2009.pdf'
Plot Fault 10.pdf [ey-T2-kde] in 'file:///F:/torch_joff/joff/Result/NDO_CSTR/fd_Act1/cust_mm_ey-T2-kde/Fault%2010.pdf'
Plot Whole_fd.pdf [ey-T2-kde] in 'file:///F:/torch_joff/joff/Result/NDO_CSTR/fd_Act1/cust_mm_ey-T2-kde/Whole_fd.pdf'
Plot Normal.pdf [ey-Q-kde] in 'file:///F:/torch_joff/joff/Result/NDO_CSTR/fd_Act1/cust_mm_ey-Q-kde/Normal.pdf'
Plot Fault 01.pdf [ey-Q-kde] in 'file:///F:/torch_joff/joff/Result/NDO_CSTR/fd_Act1/cust_mm_ey-Q-kde/Fault%2001.pdf'
Plot Fault 02.pdf [ey-Q-kde] in 'file:///F:/torch_joff/joff/Result/NDO_CSTR/fd_Act1/cust_mm_ey-Q-kde/Fault%2002.pdf'
Plot Fault 03.pdf [ey-Q-kde] in 'file:///F:/torch_joff/joff/Result/NDO_CSTR/fd_Act1/cust_mm_ey-Q-kde/Fault%2003.pdf'
Plot Fault 04.pdf [ey-Q-kde] in 'file:///F:/torch_joff/joff/Result/NDO_CSTR/fd_Act1/cust_mm_ey-Q-kde/Fault%2004.pdf'
Plot Fault 05.pdf [ey-Q-kde] in 'file:///F:/torch_joff/joff/Result/NDO_CSTR/fd_Act1/cust_mm_ey-Q-kde/Fault%2005.pdf'
Plot Fault 06.pdf [ey-Q-kde] in 'file:///F:/torch_joff/joff/Result/NDO_CSTR/fd_Act1/cust_mm_ey-Q-kde/Fault%2006.pdf'
Plot Fault 07.pdf [ey-Q-kde] in 'file:///F:/torch_joff/joff/Result/NDO_CSTR/fd_Act1/cust_mm_ey-Q-kde/Fault%2007.pdf'
Plot Fault 08.pdf [ey-Q-kde] in 'file:///F:/torch_joff/joff/Result/NDO_CSTR/fd_Act1/cust_mm_ey-Q-kde/Fault%2008.pdf'
Plot Fault 09.pdf [ey-Q-kde] in 'file:///F:/torch_joff/joff/Result/NDO_CSTR/fd_Act1/cust_mm_ey-Q-kde/Fault%2009.pdf'
Plot Fault 10.pdf [ey-Q-kde] in 'file:///F:/torch_joff/joff/Result/NDO_CSTR/fd_Act1/cust_mm_ey-Q-kde/Fault%2010.pdf'
Plot Whole_fd.pdf [ey-Q-kde] in 'file:///F:/torch_joff/joff/Result/NDO_CSTR/fd_Act1/cust_mm_ey-Q-kde/Whole_fd.pdf'
