
NDO(
  (loss_func): MSELoss()
  (seq): Sequential(
    (layer_0): Layer(
      (0): Linear(in_features=52, out_features=200, bias=True)
      (1): Gaussian()
    )
    (layer_1): Layer(
      (0): Dropout(p=0.0133, inplace=False)
      (1): Linear(in_features=200, out_features=150, bias=True)
      (2): Sigmoid()
    )
    (layer_2): Layer(
      (0): Dropout(p=0.01, inplace=False)
      (1): Linear(in_features=150, out_features=50, bias=True)
      (2): Gaussian()
    )
  )
)

run paras: {'run_times': 1, 'multirun_seed': 'r*2', '_run_id': '', 'e': 1, 'load_para_type': None, 'load_sub': None, 'load_file_name': None, 'load_path_replace': None, 'view_addi_info': ['observer_loss', 'stability_loss', 'loss'], 'if_log': True, 'if_epoch_eval': None, 'if_vmap': False, 'if_save_excel': True, 'if_save_plot': True, 'fd_pr': ['cust_mm_ey-T2&Q-kde'], 'fd_pr_dt': [{'mm': 'cust_mm_ey', 'ts': 'T2', 'thrd_meth': 'kde'}, {'mm': 'cust_mm_ey', 'ts': 'Q', 'thrd_meth': 'kde'}], 'fd_pr_name': ['cust_mm_ey-T2-kde', 'cust_mm_ey-Q-kde'], 'expt_FAR': 0.005, 'ts_post_op': None, 'if_use_lstsq': True, 'if_plot_mm_kde': False, 'if_plot_score_hm': False, 'if_plot_cov_inv': True, 'if_save_ts': False, 'alld_error': 0.005, 'cl': 0.995, 'if_intp': False}

Train NDO_CSTR/fd_Act1 via cuda:
Traceback (most recent call last):
  File "F:\torch_joff\joff\_run\_run_model.py", line 67, in _run_with_log
    _run_n(self, p)
  File "F:\torch_joff\joff\_run\_run_model.py", line 111, in _run_n
    train_model(self, **p)
  File "F:\torch_joff\joff\_run\_run_model.py", line 199, in train_model
    else: batch_training(self)
          ^^^^^^^^^^^^^^^^^^^^
  File "F:\torch_joff\joff\_run\_epoch.py", line 31, in batch_training
    self.loss.backward()
  File "F:\anaconda3\Lib\site-packages\torch\_tensor.py", line 625, in backward
    torch.autograd.backward(
  File "F:\anaconda3\Lib\site-packages\torch\autograd\__init__.py", line 354, in backward
    _engine_run_backward(
  File "F:\anaconda3\Lib\site-packages\torch\autograd\graph.py", line 841, in _engine_run_backward
    return Variable._execution_engine.run_backward(  # Calls into the C++ engine to run the backward pass
           ^^^^^^^^^^^^^^^^^^^^^^^^^^^^^^^^^^^^^^^^^^^^^^^^^^^^^^^^^^^^^^^^^^^^^^^^^^^^^^^^^^^^^^^^^^^^^^
RuntimeError: Trying to backward through the graph a second time (or directly access saved tensors after they have already been freed). Saved intermediate values of the graph are freed when you call .backward() or autograd.grad(). Specify retain_graph=True if you need to backward through the graph a second time or if you need to access saved tensors after calling backward.
