
NDO(
  (loss_func): MSELoss()
  (seq): Sequential(
    (layer_0): Layer(
      (0): Linear(in_features=53, out_features=200, bias=True)
      (1): Gaussian()
    )
    (layer_1): Layer(
      (0): Linear(in_features=200, out_features=150, bias=True)
      (1): Tanh()
    )
    (layer_2): Layer(
      (0): Linear(in_features=150, out_features=43, bias=True)
      (1): Affine()
    )
  )
  (seq_2): Sequential(
    (layer_0): Layer(
      (0): Linear(in_features=10, out_features=200, bias=True)
      (1): Gaussian()
    )
    (layer_1): Layer(
      (0): Linear(in_features=400, out_features=150, bias=True)
      (1): Tanh()
    )
    (layer_2): Layer(
      (0): Linear(in_features=300, out_features=7, bias=True)
      (1): Affine()
    )
  )
)

run paras: {'run_times': 1, 'multirun_seed': 'r*2', '_run_id': '', 'e': 3, 'load_para_type': None, 'load_sub': None, 'load_file_name': None, 'load_path_replace': None, 'view_addi_info': ['obs_erorr', 'unobs_stb_loss', 'M_obs', 'M_unobs', 'P_norm', 'loss'], 'if_log': True, 'if_epoch_eval': None, 'if_vmap': False, 'if_save_excel': True, 'if_save_plot': True, 'fd_pr': ['cust_mm_ey-T2&Q-kde'], 'fd_pr_dt': [{'mm': 'cust_mm_ey', 'ts': 'T2', 'thrd_meth': 'kde'}, {'mm': 'cust_mm_ey', 'ts': 'Q', 'thrd_meth': 'kde'}], 'fd_pr_name': ['cust_mm_ey-T2-kde', 'cust_mm_ey-Q-kde'], 'expt_FAR': 0.005, 'ts_post_op': None, 'if_use_lstsq': True, 'if_plot_mm_kde': False, 'if_plot_score_hm': False, 'if_plot_cov_inv': False, 'if_save_ts': False, 'alld_error': 0.005, 'cl': 0.995, 'if_intp': False}

Train NDO_CSTR/fd_Act1 via cuda:
Traceback (most recent call last):
  File "F:\torch_joff\joff\_run\_run_model.py", line 67, in _run_with_log
    _run_n(self, p)
  File "F:\torch_joff\joff\_run\_run_model.py", line 111, in _run_n
    train_model(self, **p)
  File "F:\torch_joff\joff\_run\_run_model.py", line 199, in train_model
    else: batch_training(self)
          ^^^^^^^^^^^^^^^^^^^^
  File "F:\torch_joff\joff\_run\_epoch.py", line 30, in batch_training
    self.forward(input)
  File "F:\torch_joff\joff\_model\arx.py", line 182, in forward
    J = self.get_jacbi(u, x_pre)
        ^^^^^^^^^^^^^^^^^^^^^^^^
  File "F:\torch_joff\joff\_model\arx.py", line 131, in get_jacbi
    J = vmap_jac(self.dynamics_fn, 1,*args)
        ^^^^^^^^^^^^^^^^^^^^^^^^^^^^^^^^^^^
  File "F:\torch_joff\joff\_nn\_vmap.py", line 71, in vmap_jac
    return batch_jac_fn(*args)
           ^^^^^^^^^^^^^^^^^^^
  File "F:\anaconda3\Lib\site-packages\torch\_functorch\apis.py", line 208, in wrapped
    return vmap_impl(
           ^^^^^^^^^^
  File "F:\anaconda3\Lib\site-packages\torch\_functorch\vmap.py", line 282, in vmap_impl
    return _flat_vmap(
           ^^^^^^^^^^^
  File "F:\anaconda3\Lib\site-packages\torch\_functorch\vmap.py", line 432, in _flat_vmap
    batched_outputs = func(*batched_inputs, **kwargs)
                      ^^^^^^^^^^^^^^^^^^^^^^^^^^^^^^^
  File "F:\anaconda3\Lib\site-packages\torch\_functorch\eager_transforms.py", line 570, in wrapper_fn
    vjp_out = _vjp_with_argnums(func, *args, argnums=argnums, has_aux=has_aux)
              ^^^^^^^^^^^^^^^^^^^^^^^^^^^^^^^^^^^^^^^^^^^^^^^^^^^^^^^^^^^^^^^^
  File "F:\anaconda3\Lib\site-packages\torch\_functorch\vmap.py", line 47, in fn
    return f(*args, **kwargs)
           ^^^^^^^^^^^^^^^^^^
  File "F:\anaconda3\Lib\site-packages\torch\_functorch\eager_transforms.py", line 358, in _vjp_with_argnums
    primals_out = func(*primals)
                  ^^^^^^^^^^^^^^
  File "F:\torch_joff\joff\_model\arx.py", line 150, in dynamics_fn
    y_pre = x_pre[:, self.u_dim:]
            ~~~~~^^^^^^^^^^^^^^^^
IndexError: too many indices for tensor of dimension 1
