
DAE(
  (loss_func): MSELoss()
  (encoder): Sequential(
    (0): Linear(in_features=520, out_features=260, bias=True)
    (1): Gaussian()
    (2): Linear(in_features=260, out_features=130, bias=True)
    (3): Sigmoid()
  )
  (decoder): Sequential(
    (0): Linear(in_features=130, out_features=260, bias=True)
    (1): Affine()
    (2): Linear(in_features=260, out_features=520, bias=True)
    (3): Affine()
  )
)

run paras: {'run_times': 1, 'multirun_seed': 'r*2', '_run_id': '', 'e': 3, 'load_para_type': None, 'load_sub': None, 'load_file_name': None, 'view_addi_info': ['loss'], 'if_log': True, 'if_epoch_eval': None, 'if_vmap': False, 'if_save_excel': True, 'if_save_plot': True, 'fd_pr': ['re-T2&Q-kde'], 'fd_pr_dt': [{'mm': 're', 'ts': 'T2', 'thrd_meth': 'kde'}, {'mm': 're', 'ts': 'Q', 'thrd_meth': 'kde'}], 'fd_pr_name': ['re-T2-kde', 're-Q-kde'], 'ts_post_op': None, 'if_use_lstsq': True, 'expt_FAR': 0.005, 'if_plot_mm_kde': False, 'if_plot_score_hm': False, 'if_plot_cov_inv': True, 'if_mm_tab': False, 'if_mm_tsne': False, 'alld_error': 0.005, 'cl': 0.995, 'if_intp': False}

Train DAE_HY/selected_fd_Act1 in cuda:
Epoch: 3 - 918/918 | loss = 0.0862                
Finish training~ Spend 6 seconds

Mean training losses: ['train-loss'] = [0.0953]

Save model paras in 'file:///F:/torch_joff/joff/Result/DAE_HY/selected_fd_Act1'

1) 're-T2-kde':

Solutions = [1409.06]
Threshold = 1409.06

The test false alarm rates (FARs) are:
[0.   0.   7.06 0.   0.   0.   0.   0.  ](%)

The test missed detection rates (MDRs) are:
[ 97.1   84.92  99.45 100.    89.63  46.7   99.04  99.73](%)

The test AFAR is 0.88(%).
The test AMDR is 85.39(%).

2) 're-Q-kde':

Solutions = [205.13]
Threshold = 205.13

The test false alarm rates (FARs) are:
[0.   0.   7.06 0.   0.   0.   0.   0.  ](%)

The test missed detection rates (MDRs) are:
[ 77.69  66.35  71.96  95.19  81.61  41.12 100.   100.  ](%)

The test AFAR is 0.88(%).
The test AMDR is 74.13(%).

Save FD Result.xlsx in 'file:///F:/torch_joff/joff/Result/DAE_HY/selected_fd_Act1/FD%20Result.xlsx'

Save Epoch-Loss in 'file:///F:/torch_joff/joff/Result/DAE_HY/selected_fd_Act1/Epoch-Loss'

Save Fault 1 in 'file:///F:/torch_joff/joff/Result/DAE_HY/selected_fd_Act1/re-T2-kde/Fault%201'

Save Fault 2 in 'file:///F:/torch_joff/joff/Result/DAE_HY/selected_fd_Act1/re-T2-kde/Fault%202'

Save Fault 3 in 'file:///F:/torch_joff/joff/Result/DAE_HY/selected_fd_Act1/re-T2-kde/Fault%203'

Save Fault 4 in 'file:///F:/torch_joff/joff/Result/DAE_HY/selected_fd_Act1/re-T2-kde/Fault%204'

Save Fault 5 in 'file:///F:/torch_joff/joff/Result/DAE_HY/selected_fd_Act1/re-T2-kde/Fault%205'

Save Fault 6 in 'file:///F:/torch_joff/joff/Result/DAE_HY/selected_fd_Act1/re-T2-kde/Fault%206'

Save Fault 7 in 'file:///F:/torch_joff/joff/Result/DAE_HY/selected_fd_Act1/re-T2-kde/Fault%207'

Save Fault 8 in 'file:///F:/torch_joff/joff/Result/DAE_HY/selected_fd_Act1/re-T2-kde/Fault%208'

Save Fault 1 in 'file:///F:/torch_joff/joff/Result/DAE_HY/selected_fd_Act1/re-Q-kde/Fault%201'

Save Fault 2 in 'file:///F:/torch_joff/joff/Result/DAE_HY/selected_fd_Act1/re-Q-kde/Fault%202'

Save Fault 3 in 'file:///F:/torch_joff/joff/Result/DAE_HY/selected_fd_Act1/re-Q-kde/Fault%203'

Save Fault 4 in 'file:///F:/torch_joff/joff/Result/DAE_HY/selected_fd_Act1/re-Q-kde/Fault%204'

Save Fault 5 in 'file:///F:/torch_joff/joff/Result/DAE_HY/selected_fd_Act1/re-Q-kde/Fault%205'

Save Fault 6 in 'file:///F:/torch_joff/joff/Result/DAE_HY/selected_fd_Act1/re-Q-kde/Fault%206'

Save Fault 7 in 'file:///F:/torch_joff/joff/Result/DAE_HY/selected_fd_Act1/re-Q-kde/Fault%207'

Save Fault 8 in 'file:///F:/torch_joff/joff/Result/DAE_HY/selected_fd_Act1/re-Q-kde/Fault%208'
