
DAE(
  (loss_func): MSELoss()
  (encoder): Sequential(
    (0): Linear(in_features=520, out_features=260, bias=True)
    (1): Gaussian()
    (2): Linear(in_features=260, out_features=130, bias=True)
    (3): Sigmoid()
  )
  (decoder): Sequential(
    (0): Linear(in_features=130, out_features=260, bias=True)
    (1): Affine()
    (2): Linear(in_features=260, out_features=520, bias=True)
    (3): Affine()
  )
)

run paras: {'run_times': 1, 'multirun_seed': 'r*2', '_run_id': '', 'e': 3, 'load_para_type': None, 'load_sub': None, 'load_file_name': None, 'view_addi_info': ['loss'], 'if_log': True, 'if_epoch_eval': None, 'if_vmap': False, 'if_save_excel': True, 'if_save_plot': True, 'fd_pr': ['re-T2&Q-kde'], 'fd_pr_dt': [{'mm': 're', 'ts': 'T2', 'thrd_meth': 'kde'}, {'mm': 're', 'ts': 'Q', 'thrd_meth': 'kde'}], 'fd_pr_name': ['re-T2-kde', 're-Q-kde'], 'ts_post_op': None, 'if_use_lstsq': True, 'expt_FAR': 0.005, 'if_plot_mm_kde': False, 'if_plot_score_hm': False, 'if_plot_cov_inv': True, 'if_mm_tab': False, 'if_mm_tsne': False, 'alld_error': 0.005, 'cl': 0.995, 'if_intp': False}

Train DAE_HY/selected_fd_Act1 in cuda:
Epoch: 3 - 918/918 | loss = 0.0935                
Finish training~ Spend 5 seconds

Mean training losses: ['train-loss'] = [0.0904]

Save model paras [Last] in 'file:///F:/torch_joff/joff/Result/DAE_HY/selected_fd_Act1'

1) 're-T2-kde':

Solutions = [1407.4]
Threshold = 1407.40

The test false alarm rates (FARs) are:
[0.   0.   6.47 0.   0.   0.   0.   0.  ](%)

The test missed detection rates (MDRs) are:
[ 97.36  86.15  99.45 100.    89.97  47.    98.9   99.66](%)

The test AFAR is 0.81(%).
The test AMDR is 85.71(%).

2) 're-Q-kde':

Solutions = [192.75]
Threshold = 192.75

The test false alarm rates (FARs) are:
[0.   0.   7.06 0.   0.   0.   0.   0.  ](%)

The test missed detection rates (MDRs) are:
[ 72.41  64.02  79.41  93.58  67.22  37.43  83.4  100.  ](%)

The test AFAR is 0.88(%).
The test AMDR is 70.8(%).

Save FD Result.xlsx in 'file:///F:/torch_joff/joff/Result/DAE_HY/selected_fd_Act1/FD%20Result.xlsx'
Plot Epoch-Loss.pdf in 'file:///F:/torch_joff/joff/Result/DAE_HY/selected_fd_Act1/Epoch-Loss.pdf'
Plot Normal.pdf in 'file:///F:/torch_joff/joff/Result/DAE_HY/selected_fd_Act1/re-T2-kde/Normal.pdf'
Traceback (most recent call last):
  File "F:\torch_joff\joff\_run\_run_model.py", line 67, in _run_with_log
    _run_n(self, p)
  File "F:\torch_joff\joff\_run\_run_model.py", line 119, in _run_n
    self.test()
  File "F:\torch_joff\joff\_nn\_fcnn_module.py", line 98, in test
    _test(self, **kwargs)
  File "F:\torch_joff\joff\_test\_test_model.py", line 27, in _test
    _test_model(self, p)
  File "F:\torch_joff\joff\_test\_test_model.py", line 81, in _test_model
    _save_result(self, p)
  File "F:\torch_joff\joff\_save\_save_result.py", line 21, in _save_result
    if p['if_save_plot']: _save_result2plot(self, p)
                          ^^^^^^^^^^^^^^^^^^^^^^^^^^
  File "F:\torch_joff\joff\_save\_save_result.py", line 65, in _save_result2plot
    _loop_plot_fd_curve(self._save_path + '/' + self.fd_pr_name[i].replace('\\', ''),
  File "F:\torch_joff\joff\_plot\_line.py", line 64, in _loop_plot_fd_curve
    _plot_fd_curve(path, _ts_name, _label_name[i], TS, L, **p)
  File "F:\torch_joff\joff\_plot\_line.py", line 98, in _plot_fd_curve
    _plot(TS, path=path, file=_label_name, **p)
  File "F:\torch_joff\joff\_plot\_line.py", line 215, in _plot
    print(f"Plot {_cstr( file + '.pdf',p['print_color'],'/')} in '{clickable_text}'")
                  ^^^^^^^^^^^^^^^^^^^^^^^^^^^^^^^^^^^^^^^^^^
  File "F:\torch_joff\joff\_save\_print_style.py", line 141, in _cstr
    code = _to_code(_color)
           ^^^^^^^^^^^^^^^^
  File "F:\torch_joff\joff\_save\_print_style.py", line 128, in _to_code
    elif _color[0] == '~': return fg_color(rgb_to_int(hex_to_rgb(_color)))
                                                      ^^^^^^^^^^^^^^^^^^
  File "F:\torch_joff\joff\_save\_print_style.py", line 58, in hex_to_rgb
    return tuple(int(hex_color[i:i + 2], 16) for i in (0, 2, 4))
           ^^^^^^^^^^^^^^^^^^^^^^^^^^^^^^^^^^^^^^^^^^^^^^^^^^^^^
  File "F:\torch_joff\joff\_save\_print_style.py", line 58, in <genexpr>
    return tuple(int(hex_color[i:i + 2], 16) for i in (0, 2, 4))
                 ^^^^^^^^^^^^^^^^^^^^^^^^^^^
ValueError: invalid literal for int() with base 16: '~e'
