
DAE(
  (loss_func): MSELoss()
  (encoder): Sequential(
    (0): Linear(in_features=520, out_features=260, bias=True)
    (1): Gaussian()
    (2): Linear(in_features=260, out_features=130, bias=True)
    (3): Sigmoid()
  )
  (decoder): Sequential(
    (0): Linear(in_features=130, out_features=260, bias=True)
    (1): Affine()
    (2): Linear(in_features=260, out_features=520, bias=True)
    (3): Affine()
  )
)

run paras: {'run_times': 1, 'multirun_seed': 'r*2', '_run_id': '', 'e': 3, 'load_para_type': None, 'load_sub': None, 'load_file_name': None, 'view_addi_info': ['loss'], 'if_log': True, 'if_epoch_eval': None, 'if_vmap': False, 'if_save_excel': True, 'if_save_plot': True, 'fd_pr': ['re-T2&Q-kde'], 'fd_pr_dt': [{'mm': 're', 'ts': 'T2', 'thrd_meth': 'kde'}, {'mm': 're', 'ts': 'Q', 'thrd_meth': 'kde'}], 'fd_pr_name': ['re-T2-kde', 're-Q-kde'], 'ts_post_op': None, 'if_use_lstsq': True, 'expt_FAR': 0.005, 'if_plot_mm_kde': False, 'if_plot_score_hm': False, 'if_plot_cov_inv': True, 'if_mm_tab': False, 'if_mm_tsne': False, 'alld_error': 0.005, 'cl': 0.995, 'if_intp': False}

Train DAE_HY/selected_fd_Act1 in cuda:
Epoch: 3 - 918/918 | loss = 0.0864                
Finish training~ Spend 5 seconds

Mean training losses: ['train-loss'] = [0.0924]

Save model paras in '../Result/DAE_HY/selected_fd_Act1/Last'

1) 're-T2-kde':

Solutions = [1405.23]
Threshold = 1405.23

The test false alarm rates (FARs) are:
[0.   0.   7.06 0.   0.   0.   0.   0.  ](%)

The test missed detection rates (MDRs) are:
[ 97.36  84.92  99.45 100.    87.96  47.47  99.04  99.66](%)

The test AFAR is 0.88(%).
The test AMDR is 85.53(%).

2) 're-Q-kde':

Solutions = [204.49]
Threshold = 204.49

The test false alarm rates (FARs) are:
[0.   0.   7.06 0.   0.   0.   0.   0.  ](%)

The test missed detection rates (MDRs) are:
[72.94 67.72 71.41 96.26 68.23 42.07 85.87 99.73](%)

The test AFAR is 0.88(%).
The test AMDR is 71.88(%).

Save FD Result.xlsx in 'file:///F:/torch_joff/joff/Result/DAE_HY/selected_fd_Act1/FD%20Result.xlsx'
Plot Epoch-Loss.pdf in '../Result/DAE_HY/selected_fd_Act1'
Plot Fault 1.pdf in '../Result/DAE_HY/selected_fd_Act1/re-T2-kde'
Plot Fault 2.pdf in '../Result/DAE_HY/selected_fd_Act1/re-T2-kde'
Plot Fault 3.pdf in '../Result/DAE_HY/selected_fd_Act1/re-T2-kde'
Plot Fault 4.pdf in '../Result/DAE_HY/selected_fd_Act1/re-T2-kde'
Plot Fault 5.pdf in '../Result/DAE_HY/selected_fd_Act1/re-T2-kde'
Plot Fault 6.pdf in '../Result/DAE_HY/selected_fd_Act1/re-T2-kde'
Plot Fault 7.pdf in '../Result/DAE_HY/selected_fd_Act1/re-T2-kde'
Plot Fault 8.pdf in '../Result/DAE_HY/selected_fd_Act1/re-T2-kde'
Plot Fault 1.pdf in '../Result/DAE_HY/selected_fd_Act1/re-Q-kde'
Plot Fault 2.pdf in '../Result/DAE_HY/selected_fd_Act1/re-Q-kde'
Plot Fault 3.pdf in '../Result/DAE_HY/selected_fd_Act1/re-Q-kde'
Plot Fault 4.pdf in '../Result/DAE_HY/selected_fd_Act1/re-Q-kde'
Plot Fault 5.pdf in '../Result/DAE_HY/selected_fd_Act1/re-Q-kde'
Plot Fault 6.pdf in '../Result/DAE_HY/selected_fd_Act1/re-Q-kde'
Plot Fault 7.pdf in '../Result/DAE_HY/selected_fd_Act1/re-Q-kde'
Plot Fault 8.pdf in '../Result/DAE_HY/selected_fd_Act1/re-Q-kde'
