
DAE(
  (loss_func): MSELoss()
  (encoder): Sequential(
    (0): Linear(in_features=520, out_features=260, bias=True)
    (1): Gaussian()
    (2): Linear(in_features=260, out_features=130, bias=True)
    (3): Sigmoid()
  )
  (decoder): Sequential(
    (0): Linear(in_features=130, out_features=260, bias=True)
    (1): Affine()
    (2): Linear(in_features=260, out_features=520, bias=True)
    (3): Affine()
  )
)

run paras: {'run_times': 1, 'multirun_seed': 'r*2', '_run_id': '', 'e': 3, 'load_para_type': None, 'load_sub': None, 'load_file_name': None, 'view_addi_info': ['loss'], 'if_log': True, 'if_epoch_eval': None, 'if_vmap': False, 'if_save_excel': True, 'if_save_plot': True, 'fd_pr': ['re-T2&Q-kde'], 'fd_pr_dt': [{'mm': 're', 'ts': 'T2', 'thrd_meth': 'kde'}, {'mm': 're', 'ts': 'Q', 'thrd_meth': 'kde'}], 'fd_pr_name': ['re-T2-kde', 're-Q-kde'], 'ts_post_op': None, 'if_use_lstsq': True, 'expt_FAR': 0.005, 'if_plot_mm_kde': False, 'if_plot_score_hm': False, 'if_plot_cov_inv': True, 'if_mm_tab': False, 'if_mm_tsne': False, 'alld_error': 0.005, 'cl': 0.995, 'if_intp': False}

Train DAE_HY/fd_Act1 in cuda:
Epoch: 3 - 929/929 | loss = 0.0417                
Finish training~ Spend 6 seconds

Mean training losses: ['train-loss'] = [0.0628]

Save model paras [Last] in 'file:///F:/torch_joff/joff/Result/DAE_HY/fd_Act1'

1) 're-T2-kde':

Solutions = [3077.42]
Threshold = 3077.42

The test false alarm rates (FARs) are:
[1.18 0.   9.41 1.18 0.   0.   0.   0.  ](%)

The test missed detection rates (MDRs) are:
[71.29 69.16 84.12 90.37 75.59 41.59 95.61 97.78](%)

The test AFAR is 1.47(%).
The test AMDR is 73.78(%).

2) 're-Q-kde':

Solutions = [160.5]
Threshold = 160.50

The test false alarm rates (FARs) are:
[0.   0.   8.24 0.   0.   0.   0.   0.  ](%)

The test missed detection rates (MDRs) are:
[68.78 50.45 70.43 91.44 52.17 28.05 81.34 99.33](%)

The test AFAR is 1.03(%).
The test AMDR is 63.95(%).

Save FD Result.xlsx in 'file:///F:/torch_joff/joff/Result/DAE_HY/fd_Act1/FD%20Result.xlsx'
Plot Epoch-Loss.pdf in 'file:///F:/torch_joff/joff/Result/DAE_HY/fd_Act1/Epoch-Loss.pdf'
Plot Normal.pdf in 'file:///F:/torch_joff/joff/Result/DAE_HY/fd_Act1/re-T2-kde/Normal.pdf'
Plot Fault 1.pdf in 'file:///F:/torch_joff/joff/Result/DAE_HY/fd_Act1/re-T2-kde/Fault%201.pdf'
Plot Fault 2.pdf in 'file:///F:/torch_joff/joff/Result/DAE_HY/fd_Act1/re-T2-kde/Fault%202.pdf'
Plot Fault 3.pdf in 'file:///F:/torch_joff/joff/Result/DAE_HY/fd_Act1/re-T2-kde/Fault%203.pdf'
Plot Fault 4.pdf in 'file:///F:/torch_joff/joff/Result/DAE_HY/fd_Act1/re-T2-kde/Fault%204.pdf'
Plot Fault 5.pdf in 'file:///F:/torch_joff/joff/Result/DAE_HY/fd_Act1/re-T2-kde/Fault%205.pdf'
Plot Fault 6.pdf in 'file:///F:/torch_joff/joff/Result/DAE_HY/fd_Act1/re-T2-kde/Fault%206.pdf'
Plot Fault 7.pdf in 'file:///F:/torch_joff/joff/Result/DAE_HY/fd_Act1/re-T2-kde/Fault%207.pdf'
Plot Fault 8.pdf in 'file:///F:/torch_joff/joff/Result/DAE_HY/fd_Act1/re-T2-kde/Fault%208.pdf'
Plot Whole_fd.pdf in 'file:///F:/torch_joff/joff/Result/DAE_HY/fd_Act1/re-T2-kde/Whole_fd.pdf'
Plot Normal.pdf in 'file:///F:/torch_joff/joff/Result/DAE_HY/fd_Act1/re-Q-kde/Normal.pdf'
Plot Fault 1.pdf in 'file:///F:/torch_joff/joff/Result/DAE_HY/fd_Act1/re-Q-kde/Fault%201.pdf'
Plot Fault 2.pdf in 'file:///F:/torch_joff/joff/Result/DAE_HY/fd_Act1/re-Q-kde/Fault%202.pdf'
Plot Fault 3.pdf in 'file:///F:/torch_joff/joff/Result/DAE_HY/fd_Act1/re-Q-kde/Fault%203.pdf'
Plot Fault 4.pdf in 'file:///F:/torch_joff/joff/Result/DAE_HY/fd_Act1/re-Q-kde/Fault%204.pdf'
Plot Fault 5.pdf in 'file:///F:/torch_joff/joff/Result/DAE_HY/fd_Act1/re-Q-kde/Fault%205.pdf'
Plot Fault 6.pdf in 'file:///F:/torch_joff/joff/Result/DAE_HY/fd_Act1/re-Q-kde/Fault%206.pdf'
Plot Fault 7.pdf in 'file:///F:/torch_joff/joff/Result/DAE_HY/fd_Act1/re-Q-kde/Fault%207.pdf'
Plot Fault 8.pdf in 'file:///F:/torch_joff/joff/Result/DAE_HY/fd_Act1/re-Q-kde/Fault%208.pdf'
Plot Whole_fd.pdf in 'file:///F:/torch_joff/joff/Result/DAE_HY/fd_Act1/re-Q-kde/Whole_fd.pdf'
