
DAE(
  (loss_func): MSELoss()
  (encoder): Sequential(
    (0): Linear(in_features=520, out_features=260, bias=True)
    (1): BatchNorm1d(260, eps=1e-05, momentum=0.1, affine=True, track_running_stats=True)
    (2): Gaussian()
    (3): Linear(in_features=260, out_features=130, bias=True)
    (4): Sigmoid()
  )
  (decoder): Sequential(
    (0): Linear(in_features=130, out_features=260, bias=True)
    (1): Affine()
    (2): Linear(in_features=260, out_features=520, bias=True)
    (3): Affine()
  )
)

run paras: {'run_times': 1, 'multirun_seed': 'r*2', '_run_id': '', 'e': 3, 'load_para_type': None, 'load_sub': None, 'load_file_name': None, 'view_addi_info': ['loss'], 'if_log': True, 'if_epoch_eval': None, 'if_vmap': False, 'if_save_excel': True, 'if_save_plot': True, 'fd_pr': ['re-T2&Q-kde'], 'fd_pr_dt': [{'mm': 're', 'ts': 'T2', 'thrd_meth': 'kde'}, {'mm': 're', 'ts': 'Q', 'thrd_meth': 'kde'}], 'fd_pr_name': ['re-T2-kde', 're-Q-kde'], 'ts_post_op': None, 'if_use_lstsq': True, 'expt_FAR': 0.005, 'if_plot_mm_kde': False, 'if_plot_score_hm': False, 'if_plot_cov_inv': True, 'if_mm_tab': False, 'if_mm_tsne': False, 'alld_error': 0.005, 'cl': 0.995, 'if_intp': False}

Train DAE_HY/fd_Act1 in cuda:
Epoch: 3 - 929/929 | loss = 0.8092                
Finish training~ Spend 6 seconds

Mean training losses: ['train-loss'] = [0.9878]

Save model paras [Last] in 'file:///F:/torch_joff/joff/Result/DAE_HY/fd_Act1'

1) 're-T2-kde':

Solutions = [3405.37]
Threshold = 3405.37

The test false alarm rates (FARs) are:
[1.18 0.   9.41 1.18 0.   0.   0.   0.  ](%)

The test missed detection rates (MDRs) are:
[96.11 88.76 94.41 94.12 92.31 47.42 95.88 98.86](%)

The test AFAR is 1.47(%).
The test AMDR is 85.01(%).
Traceback (most recent call last):
  File "F:\torch_joff\joff\_run\_run_model.py", line 67, in _run_with_log
    _run_n(self, p)
  File "F:\torch_joff\joff\_run\_run_model.py", line 119, in _run_n
    self.test()
  File "F:\torch_joff\joff\_nn\_fcnn_module.py", line 102, in test
    _test(self, **kwargs)
  File "F:\torch_joff\joff\_test\_test_model.py", line 27, in _test
    _test_model(self, p)
  File "F:\torch_joff\joff\_test\_test_model.py", line 61, in _test_model
    fault_evaluation(self, train_In, train_Out, train_Latent, [], 'offline', p)
  File "F:\torch_joff\joff\_test\_fd.py", line 35, in fault_evaluation
    self._thrd.append(_get_thrd(self, p))
                      ^^^^^^^^^^^^^^^^^^
  File "F:\torch_joff\joff\_test\_thrd.py", line 18, in _get_thrd
    thrd = _get_kde_thrd(self, p)
           ^^^^^^^^^^^^^^^^^^^^^^
  File "F:\torch_joff\joff\_test\_thrd.py", line 96, in _get_kde_thrd
    _thrd = np.min(_thrd)
            ^^^^^^^^^^^^^
  File "F:\anaconda3\Lib\site-packages\numpy\core\fromnumeric.py", line 2953, in min
    return _wrapreduction(a, np.minimum, 'min', axis, None, out,
           ^^^^^^^^^^^^^^^^^^^^^^^^^^^^^^^^^^^^^^^^^^^^^^^^^^^^^
  File "F:\anaconda3\Lib\site-packages\numpy\core\fromnumeric.py", line 88, in _wrapreduction
    return ufunc.reduce(obj, axis, dtype, out, **passkwargs)
           ^^^^^^^^^^^^^^^^^^^^^^^^^^^^^^^^^^^^^^^^^^^^^^^^^
ValueError: zero-size array to reduction operation minimum which has no identity
