
DAE(
  (loss_func): MSELoss()
  (encoder): Sequential(
    (0): Linear(in_features=10, out_features=5, bias=True)
    (1): Gaussian()
    (2): Linear(in_features=5, out_features=2, bias=True)
    (3): Sigmoid()
  )
  (decoder): Sequential(
    (0): Linear(in_features=2, out_features=5, bias=True)
    (1): Affine()
    (2): Linear(in_features=5, out_features=10, bias=True)
    (3): Affine()
  )
)

run paras: {'run_times': 1, 'multirun_seed': 'r*2', '_run_id': '', 'e': 3, 'load_para_type': None, 'load_sub': None, 'load_file_name': None, 'view_addi_info': ['loss'], 'if_log': True, 'if_epoch_eval': None, 'if_vmap': False, 'if_save_excel': True, 'if_save_plot': True, 'fd_pr': ['re-T2&Q-kde'], 'fd_pr_dt': [{'mm': 're', 'ts': 'T2', 'thrd_meth': 'kde'}, {'mm': 're', 'ts': 'Q', 'thrd_meth': 'kde'}], 'fd_pr_name': ['re-T2-kde', 're-Q-kde'], 'ts_post_op': None, 'if_use_lstsq': True, 'expt_FAR': 0.005, 'if_plot_mm_kde': False, 'if_plot_score_hm': False, 'if_mm_tab': False, 'if_mm_tsne': False, 'alld_error': 0.005, 'cl': 0.995, 'if_intp': False}

Train DAE_CSTR/fd_Act1 in cuda:
Epoch: 3 - 751/751 | loss = 0.7203                
Finish training~ Spend 4 seconds

Mean training losses: ['train-loss'] = [0.9987]

Save model paras in '../Result/DAE_CSTR/fd_Act1/Last'
Plot [T2_cov_sqrt_inv] re-T2-kde.pdf in '../Result/DAE_CSTR/fd_Act1'

1) 're-T2-kde':

Solutions = [47.39]
Threshold = 47.39

The test false alarm rates (FARs) are:
[0.5 0.  0.  0.  0.5 0.  0.5 0.5 0.  0.5](%)

The test missed detection rates (MDRs) are:
[37.26 10.99 10.29  1.6   2.3   2.6   1.7   3.6   3.3  16.68](%)

The test AFAR is 0.25(%).
The test AMDR is 9.03(%).

2) 're-Q-kde':

Solutions = [45.44]
Threshold = 45.44

The test false alarm rates (FARs) are:
[0.  0.  0.  0.  0.  0.  1.  0.  0.  0.5](%)

The test missed detection rates (MDRs) are:
[51.85 59.14 45.25 27.47 16.78 18.58  5.89 29.07 27.07 84.32](%)

The test AFAR is 0.15(%).
The test AMDR is 36.54(%).

Save FD Result.xlsx in '../Result/DAE_CSTR/fd_Act1'
Plot Epoch-Loss.pdf in '../Result/DAE_CSTR/fd_Act1'
Plot Fault 01.pdf in '../Result/DAE_CSTR/fd_Act1/re-T2-kde'
Plot Fault 02.pdf in '../Result/DAE_CSTR/fd_Act1/re-T2-kde'
Plot Fault 03.pdf in '../Result/DAE_CSTR/fd_Act1/re-T2-kde'
Plot Fault 04.pdf in '../Result/DAE_CSTR/fd_Act1/re-T2-kde'
Plot Fault 05.pdf in '../Result/DAE_CSTR/fd_Act1/re-T2-kde'
Plot Fault 06.pdf in '../Result/DAE_CSTR/fd_Act1/re-T2-kde'
Plot Fault 07.pdf in '../Result/DAE_CSTR/fd_Act1/re-T2-kde'
Plot Fault 08.pdf in '../Result/DAE_CSTR/fd_Act1/re-T2-kde'
Plot Fault 09.pdf in '../Result/DAE_CSTR/fd_Act1/re-T2-kde'
Plot Fault 10.pdf in '../Result/DAE_CSTR/fd_Act1/re-T2-kde'
Plot Fault 01.pdf in '../Result/DAE_CSTR/fd_Act1/re-Q-kde'
Plot Fault 02.pdf in '../Result/DAE_CSTR/fd_Act1/re-Q-kde'
Plot Fault 03.pdf in '../Result/DAE_CSTR/fd_Act1/re-Q-kde'
Plot Fault 04.pdf in '../Result/DAE_CSTR/fd_Act1/re-Q-kde'
Plot Fault 05.pdf in '../Result/DAE_CSTR/fd_Act1/re-Q-kde'
Plot Fault 06.pdf in '../Result/DAE_CSTR/fd_Act1/re-Q-kde'
Plot Fault 07.pdf in '../Result/DAE_CSTR/fd_Act1/re-Q-kde'
Plot Fault 08.pdf in '../Result/DAE_CSTR/fd_Act1/re-Q-kde'
Plot Fault 09.pdf in '../Result/DAE_CSTR/fd_Act1/re-Q-kde'
Plot Fault 10.pdf in '../Result/DAE_CSTR/fd_Act1/re-Q-kde'
