
DAE(
  (loss_func): MSELoss()
  (encoder): Sequential(
    (0): Linear(in_features=10, out_features=5, bias=True)
    (1): Gaussian()
    (2): Linear(in_features=5, out_features=2, bias=True)
    (3): Sigmoid()
  )
  (decoder): Sequential(
    (0): Linear(in_features=2, out_features=5, bias=True)
    (1): Affine()
    (2): Linear(in_features=5, out_features=10, bias=True)
    (3): Affine()
  )
)

run paras: {'run_times': 1, 'multirun_seed': 'r*2', '_run_id': '', 'e': 3, 'load_para_type': None, 'load_sub': None, 'load_file_name': None, 'view_addi_info': ['loss'], 'if_log': True, 'if_epoch_eval': None, 'if_vmap': False, 'if_save_excel': True, 'if_save_plot': True, 'fd_pr': ['re-T2&Q-kde'], 'fd_pr_dt': [{'mm': 're', 'ts': 'T2', 'thrd_meth': 'kde'}, {'mm': 're', 'ts': 'Q', 'thrd_meth': 'kde'}], 'fd_pr_name': ['re-T2-kde', 're-Q-kde'], 'ts_post_op': None, 'if_use_lstsq': True, 'expt_FAR': 0.005, 'if_plot_mm_kde': False, 'if_plot_score_hm': False, 'if_mm_tab': False, 'if_mm_tsne': False, 'alld_error': 0.005, 'cl': 0.995, 'if_intp': False}

Train DAE_CSTR/fd_Act1 in cuda:
Epoch: 1 - 751/751 | loss = 1.2249                Traceback (most recent call last):
  File "F:\torch_joff\joff\_run\_run_model.py", line 67, in _run_with_log
    _run_n(self, p)
  File "F:\torch_joff\joff\_run\_run_model.py", line 111, in _run_n
    train_model(self, **p)
  File "F:\torch_joff\joff\_run\_run_model.py", line 199, in train_model
    else: batch_training(self)
          ^^^^^^^^^^^^^^^^^^^^
  File "F:\torch_joff\joff\_run\_epoch.py", line 35, in batch_training
    _record_msg(self, 'train', loader.X.shape[0])
  File "F:\torch_joff\joff\_func\_msg.py", line 69, in _record_msg
    _save_loss_df(self, _msg_phase, N)
  File "F:\torch_joff\joff\_save\_save_df.py", line 58, in _save_loss_df
    with warnings.catch_warnings():
         ^^^^^^^^
NameError: name 'warnings' is not defined. Did you mean: 'Warning'? Or did you forget to import 'warnings'
