
DAE(
  (loss_func): MSELoss()
  (encoder): Sequential(
    (0): Linear(in_features=10, out_features=5, bias=True)
    (1): Gaussian()
    (2): Linear(in_features=5, out_features=2, bias=True)
    (3): Sigmoid()
  )
  (decoder): Sequential(
    (0): Linear(in_features=2, out_features=5, bias=True)
    (1): Affine()
    (2): Linear(in_features=5, out_features=10, bias=True)
    (3): Affine()
  )
)

run paras: {'run_times': 1, 'multirun_seed': 'r*2', '_run_id': '', 'e': 3, 'load_para_type': None, 'load_sub': None, 'load_file_name': None, 'view_addi_info': ['loss'], 'if_log': True, 'if_epoch_eval': None, 'if_vmap': False, 'if_save_excel': True, 'if_save_plot': True, 'fd_pr': ['re-T2&Q-kde'], 'fd_pr_dt': [{'mm': 're', 'ts': 'T2', 'thrd_meth': 'kde'}, {'mm': 're', 'ts': 'Q', 'thrd_meth': 'kde'}], 'fd_pr_name': ['re-T2-kde', 're-Q-kde'], 'ts_post_op': None, 'if_use_lstsq': True, 'expt_FAR': 0.005, 'if_plot_mm_kde': False, 'if_plot_score_hm': False, 'if_mm_tab': False, 'if_mm_tsne': False, 'alld_error': 0.005, 'cl': 0.995, 'if_intp': False}

Train DAE_CSTR/fd_Act1 in cuda:
Epoch: 3 - 751/751 | loss = 0.7934                
Finish training~ Spend 4 seconds

Mean training losses: ['train-loss'] = [0.9915]

Save model paras in '../Result/DAE_CSTR/fd_Act1/Last'
Plot [T2_cov_sqrt_inv] re-T2-kde.pdf in '../Result/DAE_CSTR/fd_Act1'

1) 're-T2-kde':

Solutions = [46.32]
Threshold = 46.32

The test false alarm rates (FARs) are:
[0.5 0.  0.  0.  0.5 0.  0.5 0.5 0.  0.5](%)

The test missed detection rates (MDRs) are:
[37.36 11.29 10.39  1.    2.3   2.5   1.6   3.6   3.4  17.48](%)

The test AFAR is 0.25(%).
The test AMDR is 9.09(%).

2) 're-Q-kde':

Solutions = [44.99]
Threshold = 44.99

The test false alarm rates (FARs) are:
[0.  0.  0.  0.  0.  0.  1.  0.  0.  0.5](%)

The test missed detection rates (MDRs) are:
[51.85 58.94 45.15 27.07 16.68 18.58  5.89 28.87 27.17 83.62](%)

The test AFAR is 0.15(%).
The test AMDR is 36.38(%).

Save FD Result.xlsx in '../Result/DAE_CSTR/fd_Act1'
Traceback (most recent call last):
  File "F:\torch_joff\joff\_run\_run_model.py", line 67, in _run_with_log
    _run_n(self, p)
  File "F:\torch_joff\joff\_run\_run_model.py", line 119, in _run_n
    self.test()
  File "F:\torch_joff\joff\_nn\_fcnn_module.py", line 98, in test
    _test(self, **kwargs)
  File "F:\torch_joff\joff\_test\_test_model.py", line 27, in _test
    _test_model(self, p)
  File "F:\torch_joff\joff\_test\_test_model.py", line 79, in _test_model
    _save_result(self, p)
  File "F:\torch_joff\joff\_save\_save_result.py", line 20, in _save_result
    if p['if_save_excel']: _save_result2excel(self, p)
                           ^^^^^^^^^^^^^^^^^^^^^^^^^^^
  File "F:\torch_joff\joff\_save\_save_result.py", line 48, in _save_result2excel
    _save_excel(self._save_path, self.task.upper() + ' Result.xlsx',\
  File "F:\torch_joff\joff\_save\_save_excel.py", line 26, in _save_excel
    writer = pd.ExcelWriter(file_name, engine='openpyxl')
             ^^^^^^^^^^^^^^^^^^^^^^^^^^^^^^^^^^^^^^^^^^^^
  File "F:\anaconda3\Lib\site-packages\pandas\io\excel\_openpyxl.py", line 61, in __init__
    super().__init__(
  File "F:\anaconda3\Lib\site-packages\pandas\io\excel\_base.py", line 1246, in __init__
    self._handles = get_handle(
                    ^^^^^^^^^^^
  File "F:\anaconda3\Lib\site-packages\pandas\io\common.py", line 882, in get_handle
    handle = open(handle, ioargs.mode)
             ^^^^^^^^^^^^^^^^^^^^^^^^^
PermissionError: [Errno 13] Permission denied: '../Result/DAE_CSTR/fd_Act1/FD Result.xlsx'
