
KW_VAE(
  (loss_func): MSELoss()
  (encoder): Sequential(
    (0): Linear(in_features=10, out_features=100, bias=True)
    (1): Sigmoid()
  )
  (u): Sequential(
    (0): Linear(in_features=100, out_features=50, bias=True)
    (1): Affine()
  )
  (logv2): Sequential(
    (0): Linear(in_features=100, out_features=50, bias=True)
    (1): Affine()
  )
  (decoder): Sequential(
    (0): Linear(in_features=50, out_features=100, bias=True)
    (1): Sigmoid()
    (2): Linear(in_features=100, out_features=10, bias=True)
    (3): Affine()
  )
)

run paras: {'run_times': 1, 'multirun_seed': 'r*2', '_run_id': '', 'e': 2, 'load_para_type': None, 'load_sub': None, 'load_file_name': None, 'view_addi_info': ['recon_loss', 'kl_loss', 'loss'], 'if_log': True, 'if_epoch_eval': None, 'if_vmap': False, 'if_save_excel': True, 'if_save_plot': True, 'fd_pr': ['cust_ts_recon-kde', 'cust_ts_kl-kde'], 'fd_pr_dt': [{'mm': None, 'ts': 'cust_ts_recon', 'thrd_meth': 'kde'}, {'mm': None, 'ts': 'cust_ts_kl', 'thrd_meth': 'kde'}], 'fd_pr_name': ['cust_ts_recon-kde', 'cust_ts_kl-kde'], 'if_minus_mean': True, 'if_use_lstsq': False, 'expt_FAR': 0.005, 'if_plot_mm_kde': False, 'if_plot_score_hm': False, 'if_mm_tab': False, 'if_mm_tsne': False, 'alld_error': 0.005, 'cl': 0.995, 'if_intp': False}

Train KW_VAE[unsup_res]_CSTR_fd_Act2 in cuda:
Epoch: 2 - 751/751 | recon_loss = 32.5699, kl_loss = 22.2659, loss = 54.8358                
Finish training~ Spend 32 seconds

Mean training losses: ['train-recon_loss' 'train-kl_loss' 'train-loss'] = [ 69.5661  44.7276 114.2936]

Save model paras in '../Result/KW_VAE[unsup_res]_CSTR_fd_Act2/Last'

1) 'cust_ts_recon-kde':

Solutions = [27.31]
Threshold = 27.31

The test false alarm rates (FARs) are:
[0.5 0.5 0.  0.  0.  0.  0.5 0.5 0.5 1.5](%)

The test missed detection rates (MDRs) are:
[54.45 60.04 46.25 25.17 18.78 19.98  6.29 31.07 24.78 83.02](%)

The test AFAR is 0.4(%).
The test AMDR is 36.98(%).

2) 'cust_ts_kl-kde':

Solutions = [8.59]
Threshold = 8.59

The test false alarm rates (FARs) are:
[0.  0.  0.  0.  0.  0.5 1.  0.  0.  0.5](%)

The test missed detection rates (MDRs) are:
[53.45 96.1  52.65 53.75 26.97 37.46 11.29 42.76 62.74 99.7 ](%)

The test AFAR is 0.2(%).
The test AMDR is 53.69(%).

Save FD Result.xlsx in '../Result/KW_VAE[unsup_res]_CSTR_fd_Act2'
Plot Epoch-Loss.pdf in '../Result/KW_VAE[unsup_res]_CSTR_fd_Act2'
1201 1201
Traceback (most recent call last):
  File "F:\torch_joff\joff\_run\_run_model.py", line 67, in _run_with_log
    _run_n(self, p)
  File "F:\torch_joff\joff\_run\_run_model.py", line 119, in _run_n
    self.test()
  File "F:\torch_joff\joff\_nn\_fcnn_module.py", line 63, in test
    _test(self, **kwargs)
  File "F:\torch_joff\joff\_test\_test_model.py", line 27, in _test
    _test_model(self, p)
  File "F:\torch_joff\joff\_test\_test_model.py", line 76, in _test_model
    _save_result(self, p)
  File "F:\torch_joff\joff\_save\_save_result.py", line 21, in _save_result
    if p['if_save_plot']: _save_result2plot(self, p)
  File "F:\torch_joff\joff\_save\_save_result.py", line 65, in _save_result2plot
    _loop_plot_fd_curve(self._save_path + '/' + self.fd_pr_name[i], ts_name, label_name,
  File "F:\torch_joff\joff\_plot\_line.py", line 61, in _loop_plot_fd_curve
    _plot_fd_curve(path, _ts, _label_name[i], TS, L, **p)
  File "F:\torch_joff\joff\_plot\_line.py", line 85, in _plot_fd_curve
    _plot(TS, path=path, file=_label_name, **p)
  File "F:\torch_joff\joff\_plot\_line.py", line 128, in _plot
    plt.savefig(file_name + '.pdf', bbox_inches='tight')
  File "F:\Anaconda\lib\site-packages\matplotlib\pyplot.py", line 996, in savefig
    res = fig.savefig(*args, **kwargs)
  File "F:\Anaconda\lib\site-packages\matplotlib\figure.py", line 3328, in savefig
    self.canvas.print_figure(fname, **kwargs)
  File "F:\Anaconda\lib\site-packages\matplotlib\backends\backend_qtagg.py", line 75, in print_figure
    super().print_figure(*args, **kwargs)
  File "F:\Anaconda\lib\site-packages\matplotlib\backend_bases.py", line 2338, in print_figure
    self.figure.draw(renderer)
  File "F:\Anaconda\lib\site-packages\matplotlib\artist.py", line 95, in draw_wrapper
    result = draw(artist, renderer, *args, **kwargs)
  File "F:\Anaconda\lib\site-packages\matplotlib\artist.py", line 72, in draw_wrapper
    return draw(artist, renderer)
  File "F:\Anaconda\lib\site-packages\matplotlib\figure.py", line 3125, in draw
    mimage._draw_list_compositing_images(
  File "F:\Anaconda\lib\site-packages\matplotlib\image.py", line 131, in _draw_list_compositing_images
    a.draw(renderer)
  File "F:\Anaconda\lib\site-packages\matplotlib\artist.py", line 72, in draw_wrapper
    return draw(artist, renderer)
  File "F:\Anaconda\lib\site-packages\matplotlib\axes\_base.py", line 3066, in draw
    mimage._draw_list_compositing_images(
  File "F:\Anaconda\lib\site-packages\matplotlib\image.py", line 131, in _draw_list_compositing_images
    a.draw(renderer)
  File "F:\Anaconda\lib\site-packages\matplotlib\artist.py", line 72, in draw_wrapper
    return draw(artist, renderer)
  File "F:\Anaconda\lib\site-packages\matplotlib\axis.py", line 1379, in draw
    self.label.draw(renderer)
  File "F:\Anaconda\lib\site-packages\matplotlib\artist.py", line 72, in draw_wrapper
    return draw(artist, renderer)
  File "F:\Anaconda\lib\site-packages\matplotlib\text.py", line 752, in draw
    bbox, info, descent = self._get_layout(renderer)
  File "F:\Anaconda\lib\site-packages\matplotlib\text.py", line 386, in _get_layout
    w, h, d = _get_text_metrics_with_cache(
  File "F:\Anaconda\lib\site-packages\matplotlib\text.py", line 97, in _get_text_metrics_with_cache
    return _get_text_metrics_with_cache_impl(
  File "F:\Anaconda\lib\site-packages\matplotlib\text.py", line 105, in _get_text_metrics_with_cache_impl
    return renderer_ref().get_text_width_height_descent(text, fontprop, ismath)
  File "F:\Anaconda\lib\site-packages\matplotlib\backends\_backend_pdf_ps.py", line 109, in get_text_width_height_descent
    parse = self._text2path.mathtext_parser.parse(s, 72, prop)
  File "F:\Anaconda\lib\site-packages\matplotlib\mathtext.py", line 226, in parse
    return self._parse_cached(s, dpi, prop)
  File "F:\Anaconda\lib\site-packages\matplotlib\mathtext.py", line 247, in _parse_cached
    box = self._parser.parse(s, fontset, fontsize, dpi)
  File "F:\Anaconda\lib\site-packages\matplotlib\_mathtext.py", line 1992, in parse
    result = self._expression.parseString(s)
  File "F:\Anaconda\lib\site-packages\pyparsing\core.py", line 1131, in parse_string
    loc, tokens = self._parse(instring, 0)
  File "F:\Anaconda\lib\site-packages\pyparsing\core.py", line 921, in _parseCache
    value = self._parseNoCache(instring, loc, doActions, callPreParse)
  File "F:\Anaconda\lib\site-packages\pyparsing\core.py", line 817, in _parseNoCache
    loc, tokens = self.parseImpl(instring, pre_loc, doActions)
  File "F:\Anaconda\lib\site-packages\pyparsing\core.py", line 3886, in parseImpl
    loc, exprtokens = e._parse(instring, loc, doActions)
  File "F:\Anaconda\lib\site-packages\pyparsing\core.py", line 921, in _parseCache
    value = self._parseNoCache(instring, loc, doActions, callPreParse)
  File "F:\Anaconda\lib\site-packages\pyparsing\core.py", line 817, in _parseNoCache
    loc, tokens = self.parseImpl(instring, pre_loc, doActions)
  File "F:\Anaconda\lib\site-packages\pyparsing\core.py", line 4891, in parseImpl
    return super().parseImpl(instring, loc, doActions)
  File "F:\Anaconda\lib\site-packages\pyparsing\core.py", line 4790, in parseImpl
    loc, tokens = self_expr_parse(instring, loc, doActions)
  File "F:\Anaconda\lib\site-packages\pyparsing\core.py", line 921, in _parseCache
    value = self._parseNoCache(instring, loc, doActions, callPreParse)
  File "F:\Anaconda\lib\site-packages\pyparsing\core.py", line 817, in _parseNoCache
    loc, tokens = self.parseImpl(instring, pre_loc, doActions)
  File "F:\Anaconda\lib\site-packages\pyparsing\core.py", line 3864, in parseImpl
    loc, resultlist = self.exprs[0]._parse(
  File "F:\Anaconda\lib\site-packages\pyparsing\core.py", line 921, in _parseCache
    value = self._parseNoCache(instring, loc, doActions, callPreParse)
  File "F:\Anaconda\lib\site-packages\pyparsing\core.py", line 856, in _parseNoCache
    tokens = fn(instring, tokens_start, ret_tokens)
  File "F:\Anaconda\lib\site-packages\pyparsing\core.py", line 291, in wrapper
    ret = func(*args[limit:])
  File "F:\Anaconda\lib\site-packages\matplotlib\_mathtext.py", line 2019, in math_string
    return self._math_expression.parseString(toks[0][1:-1])
  File "F:\Anaconda\lib\site-packages\pyparsing\core.py", line 1131, in parse_string
    loc, tokens = self._parse(instring, 0)
  File "F:\Anaconda\lib\site-packages\pyparsing\core.py", line 921, in _parseCache
    value = self._parseNoCache(instring, loc, doActions, callPreParse)
  File "F:\Anaconda\lib\site-packages\pyparsing\core.py", line 817, in _parseNoCache
    loc, tokens = self.parseImpl(instring, pre_loc, doActions)
  File "F:\Anaconda\lib\site-packages\pyparsing\core.py", line 4800, in parseImpl
    loc, tmptokens = self_expr_parse(instring, preloc, doActions)
  File "F:\Anaconda\lib\site-packages\pyparsing\core.py", line 921, in _parseCache
    value = self._parseNoCache(instring, loc, doActions, callPreParse)
  File "F:\Anaconda\lib\site-packages\pyparsing\core.py", line 817, in _parseNoCache
    loc, tokens = self.parseImpl(instring, pre_loc, doActions)
  File "F:\Anaconda\lib\site-packages\pyparsing\core.py", line 5226, in parseImpl
    return super().parseImpl(instring, loc, doActions)
  File "F:\Anaconda\lib\site-packages\pyparsing\core.py", line 4375, in parseImpl
    return self.expr._parse(instring, loc, doActions, callPreParse=False)
  File "F:\Anaconda\lib\site-packages\pyparsing\core.py", line 921, in _parseCache
    value = self._parseNoCache(instring, loc, doActions, callPreParse)
  File "F:\Anaconda\lib\site-packages\pyparsing\core.py", line 817, in _parseNoCache
    loc, tokens = self.parseImpl(instring, pre_loc, doActions)
  File "F:\Anaconda\lib\site-packages\pyparsing\core.py", line 4114, in parseImpl
    return e._parse(
  File "F:\Anaconda\lib\site-packages\pyparsing\core.py", line 921, in _parseCache
    value = self._parseNoCache(instring, loc, doActions, callPreParse)
  File "F:\Anaconda\lib\site-packages\pyparsing\core.py", line 817, in _parseNoCache
    loc, tokens = self.parseImpl(instring, pre_loc, doActions)
  File "F:\Anaconda\lib\site-packages\pyparsing\core.py", line 5226, in parseImpl
    return super().parseImpl(instring, loc, doActions)
  File "F:\Anaconda\lib\site-packages\pyparsing\core.py", line 4375, in parseImpl
    return self.expr._parse(instring, loc, doActions, callPreParse=False)
  File "F:\Anaconda\lib\site-packages\pyparsing\core.py", line 921, in _parseCache
    value = self._parseNoCache(instring, loc, doActions, callPreParse)
  File "F:\Anaconda\lib\site-packages\pyparsing\core.py", line 817, in _parseNoCache
    loc, tokens = self.parseImpl(instring, pre_loc, doActions)
  File "F:\Anaconda\lib\site-packages\pyparsing\core.py", line 4114, in parseImpl
    return e._parse(
  File "F:\Anaconda\lib\site-packages\pyparsing\core.py", line 921, in _parseCache
    value = self._parseNoCache(instring, loc, doActions, callPreParse)
  File "F:\Anaconda\lib\site-packages\pyparsing\core.py", line 856, in _parseNoCache
    tokens = fn(instring, tokens_start, ret_tokens)
  File "F:\Anaconda\lib\site-packages\pyparsing\core.py", line 291, in wrapper
    ret = func(*args[limit:])
  File "F:\Anaconda\lib\site-packages\matplotlib\_mathtext.py", line 2278, in subsuper
    xHeight = state.fontset.get_xheight(
  File "F:\Anaconda\lib\site-packages\matplotlib\_mathtext.py", line 335, in get_xheight
    font.set_size(fontsize, dpi)
AttributeError: 'NoneType' object has no attribute 'set_size'
