
KW_VAE(
  (loss_func): MSELoss()
  (encoder): Sequential(
    (0): Linear(in_features=10, out_features=100, bias=True)
    (1): Sigmoid()
  )
  (u): Sequential(
    (0): Linear(in_features=100, out_features=50, bias=True)
    (1): Affine()
  )
  (logv2): Sequential(
    (0): Linear(in_features=100, out_features=50, bias=True)
    (1): Affine()
  )
  (decoder): Sequential(
    (0): Linear(in_features=50, out_features=100, bias=True)
    (1): Sigmoid()
    (2): Linear(in_features=100, out_features=10, bias=True)
    (3): Affine()
  )
)

run paras: {'run_times': 1, 'multirun_seed': 'r*2', '_run_id': '', 'e': 2, 'load_para_type': None, 'load_sub': None, 'load_file_name': None, 'view_addi_info': ['recon_loss', 'kl_loss', 'loss'], 'if_log': True, 'if_epoch_eval': None, 'if_vmap': True, 'if_save_excel': True, 'if_save_plot': True, 'fd_pr': ['cust_ts_recon-kde', 'cust_ts_kl-kde'], 'fd_pr_dt': [{'mm': None, 'ts': 'cust_ts_recon', 'thrd_meth': 'kde'}, {'mm': None, 'ts': 'cust_ts_kl', 'thrd_meth': 'kde'}], 'fd_pr_name': ['cust_ts_recon-kde', 'cust_ts_kl-kde'], 'if_minus_mean': True, 'if_use_lstsq': False, 'expt_FAR': 0.005, 'if_plot_mm_kde': False, 'if_plot_score_hm': False, 'if_mm_tab': False, 'if_mm_tsne': False, 'alld_error': 0.005, 'cl': 0.995, 'if_intp': False}

Train KW_VAE[unsup_res]_CSTR_fd_Act2 in cuda:
Epoch: 2 - 751/751 | recon_loss = 40.3224, kl_loss = 20.9802, loss = 61.3026                
Finish training~ Spend 32 seconds

Mean training losses: ['train-recon_loss' 'train-kl_loss' 'train-loss'] = [ 68.4202  45.9683 114.3885]

Save model paras in '../Result/KW_VAE[unsup_res]_CSTR_fd_Act2/Last'
[2.3645607e-01 2.3976918e-01 2.4671446e-01 ... 1.4558656e+05 1.8245864e+05
 3.9682066e+05]
[2.3645607e-01 2.3976918e-01 2.4671446e-01 ... 1.4558656e+05 1.8245864e+05
 3.9682066e+05]

1) 'cust_ts_recon-kde':

Solutions = [33328.19]
Threshold = 33328.19

The test false alarm rates (FARs) are:
[0. 0. 0. 0. 0. 0. 0. 0. 0. 0.](%)

The test missed detection rates (MDRs) are:
[ 99.3  99.8  97.6 100.  100.  100.   97.4 100.  100.  100. ](%)

The test AFAR is 0.0(%).
The test AMDR is 99.41(%).
[ 0.4088114   0.42118096  0.42294627 ... 28.18208    28.518272
 28.908386  ]
[ 0.4088114   0.42118096  0.42294627 ... 28.18208    28.518272
 28.908386  ]

2) 'cust_ts_kl-kde':

Solutions = [27.71]
Threshold = 27.71

The test false alarm rates (FARs) are:
[0. 0. 0. 0. 0. 0. 0. 0. 0. 0.](%)

The test missed detection rates (MDRs) are:
[ 99.9  99.3 100.  100.  100.  100.  100.  100.  100.  100. ](%)

The test AFAR is 0.0(%).
The test AMDR is 99.92(%).

Save FD Result.xlsx in '../Result/KW_VAE[unsup_res]_CSTR_fd_Act2'
Plot Epoch-Loss.pdf in '../Result/KW_VAE[unsup_res]_CSTR_fd_Act2'
Traceback (most recent call last):
  File "F:\torch_joff\joff\_run\_run_model.py", line 67, in _run_with_log
    _run_n(self, p)
  File "F:\torch_joff\joff\_run\_run_model.py", line 119, in _run_n
    self.test()
  File "F:\torch_joff\joff\_nn\_fcnn_module.py", line 63, in test
    _test(self, **kwargs)
  File "F:\torch_joff\joff\_test\_test_model.py", line 27, in _test
    _test_model(self, p)
  File "F:\torch_joff\joff\_test\_test_model.py", line 76, in _test_model
    _save_result(self, p)
  File "F:\torch_joff\joff\_save\_save_result.py", line 21, in _save_result
    if p['if_save_plot']: _save_result2plot(self, p)
  File "F:\torch_joff\joff\_save\_save_result.py", line 65, in _save_result2plot
    _loop_plot_fd_curve(self._save_path + '/' + self.fd_pr_name[i], ts_name, label_name,
  File "F:\torch_joff\joff\_plot\_line.py", line 60, in _loop_plot_fd_curve
    _plot_fd_curve(path, _ts, _label_name[i], TS, L, **p)
  File "F:\torch_joff\joff\_plot\_line.py", line 80, in _plot_fd_curve
    _basic = {'segs': segs, 'thrd': p['thrd'], 'ylabel': _st_dict[_ts], 'yscale': 'log',
KeyError: 'recon'
