
KW_VAE(
  (loss_func): MSELoss()
  (encoder): Sequential(
    (0): Linear(in_features=10, out_features=100, bias=True)
    (1): Sigmoid()
  )
  (u): Sequential(
    (0): Linear(in_features=100, out_features=50, bias=True)
    (1): Affine()
  )
  (logv2): Sequential(
    (0): Linear(in_features=100, out_features=50, bias=True)
    (1): Affine()
  )
  (decoder): Sequential(
    (0): Linear(in_features=50, out_features=100, bias=True)
    (1): Sigmoid()
    (2): Linear(in_features=100, out_features=10, bias=True)
    (3): Affine()
  )
)

run paras: {'run_times': 1, 'multirun_seed': 'r*2', '_run_id': '', 'e': 2, 'load_para_type': None, 'load_sub': None, 'load_file_name': None, 'view_addi_info': ['recon_loss', 'kl_loss', 'loss'], 'if_log': True, 'if_epoch_eval': None, 'if_vmap': True, 'if_save_excel': True, 'if_save_plot': False, 'fd_pr': ['cust_ts_recon-kde', 'cust_ts_kl-kde'], 'fd_pr_dt': [{'mm': None, 'ts': 'cust_ts_recon', 'thrd_meth': 'kde'}, {'mm': None, 'ts': 'cust_ts_kl', 'thrd_meth': 'kde'}], 'fd_pr_name': ['cust_ts_recon-kde', 'cust_ts_kl-kde'], 'if_minus_mean': True, 'if_use_lstsq': False, 'expt_FAR': 0.005, 'if_plot_mm_kde': False, 'if_plot_score_hm': False, 'if_mm_tab': False, 'if_mm_tsne': False, 'alld_error': 0.005, 'cl': 0.995, 'if_intp': False}

Train KW_VAE[unsup_res]_CSTR_fd_Act2 in cuda:
Epoch: 2 - 751/751 | recon_loss = 28.9848, kl_loss = 25.8795, loss = 54.8643                
Finish training~ Spend 31 seconds

Mean training losses: ['train-recon_loss' 'train-kl_loss' 'train-loss'] = [ 67.3181  45.203  112.5211]

Save model paras in '../Result/KW_VAE[unsup_res]_CSTR_fd_Act2/Last'
{'cust_ts_recon': tensor([3.9962, 4.2284, 2.0390, 2.8757, 2.0059, 3.0465, 3.3216, 3.1961, 2.5245,
        3.1067, 3.0236, 4.0454, 2.9727, 3.2245, 3.1260, 3.8768],
       device='cuda:0'), 'cust_ts_kl': tensor([1.2078, 1.6973, 1.3707, 1.4060, 1.3418, 1.9990, 1.6417, 1.3364, 1.3098,
        1.4772, 2.7047, 2.1469, 1.4448, 1.6001, 1.2178, 1.0949],
       device='cuda:0')}
Traceback (most recent call last):
  File "F:\torch_joff\joff\_run\_run_model.py", line 67, in _run_with_log
    _run_n(self, p)
  File "F:\torch_joff\joff\_run\_run_model.py", line 119, in _run_n
    self.test()
  File "F:\torch_joff\joff\_nn\_fcnn_module.py", line 63, in test
    _test(self, **kwargs)
  File "F:\torch_joff\joff\_test\_test_model.py", line 27, in _test
    _test_model(self, p)
  File "F:\torch_joff\joff\_test\_test_model.py", line 51, in _test_model
    train_In, train_Out, train_Latent, _ = batch_testing(self, 'train')
  File "F:\torch_joff\joff\_run\_epoch.py", line 72, in batch_testing
    if hasattr(self, '_cust_ts'): fd_dt2arr(self, Cust_TS, self._cust_ts, 'ts')
  File "F:\torch_joff\joff\_run\_epoch.py", line 83, in fd_dt2arr
    exec(self_key + '.append(_2np(Data[i][' + key+ ']))')
  File "<string>", line 1, in <module>
NameError: name 'cust_ts_recon' is not defined
