
DAE(
  (loss_func): MSELoss()
  (encoder): Sequential(
    (0): Dropout(p=0.052, inplace=False)
    (1): Linear(in_features=520, out_features=260, bias=True)
    (2): Gaussian()
    (3): Dropout(p=0.026, inplace=False)
    (4): Linear(in_features=260, out_features=130, bias=True)
    (5): Sigmoid()
  )
  (decoder): Sequential(
    (0): Dropout(p=0.013, inplace=False)
    (1): Linear(in_features=130, out_features=260, bias=True)
    (2): Affine()
    (3): Dropout(p=0.026, inplace=False)
    (4): Linear(in_features=260, out_features=520, bias=True)
    (5): Affine()
  )
)

run paras: {'run_times': 1, 'multirun_seed': 'r*2', '_run_id': '', 'e': 30, 'load_para_type': None, 'load_sub': None, 'load_file_name': None, 'view_addi_info': ['loss'], 'if_log': True, 'if_epoch_eval': None, 'if_vmap': False, 'if_save_excel': True, 'if_save_plot': True, 'fd_pr': ['re-T2&Q-kde'], 'fd_pr_dt': [{'mm': 're', 'ts': 'T2', 'thrd_meth': 'kde'}, {'mm': 're', 'ts': 'Q', 'thrd_meth': 'kde'}], 'fd_pr_name': ['re-T2-kde', 're-Q-kde'], 'expt_FAR': 0.05, 'ts_post_op': None, 'if_use_lstsq': True, 'if_plot_mm_kde': False, 'if_plot_score_hm': False, 'if_plot_cov_inv': True, 'if_save_ts': True, 'alld_error': 0.005, 'cl': 0.995, 'if_intp': False}

Train DAE_HY/fd_Act1 via cuda:
Epoch: 30 - 908/908 | loss = 0.0436                
Finish training~ Spend 72 seconds

Mean training losses: ['train-loss'] = [0.0319]

Save model paras [Last] in 'file:///F:/torch_joff/joff/Result/DAE_HY/fd_Act1'

1) 're-T2-kde':
Threshold = 1212.33

The test false alarm rates (FARs) are:
[28.92 12.65 21.21  8.48 20.61 14.55  5.45 10.91](%)

The test missed detection rates (MDRs) are:
[33.53 16.52 23.65 20.86 12.71  1.19 26.47 61.64](%)

The test AFAR is 15.36(%).
The test AMDR is 26.25(%).

2) 're-Q-kde':
Threshold = 26.50

The test false alarm rates (FARs) are:
[15.66 14.46 18.18  0.61 10.3   4.24  3.03  4.24](%)

The test missed detection rates (MDRs) are:
[16.83 15.97 13.53 21.93 11.37  1.01 14.13 54.58](%)

The test AFAR is 8.85(%).
The test AMDR is 19.56(%).

Save FD Result.xlsx in 'file:///F:/torch_joff/joff/Result/DAE_HY/fd_Act1/FD%20Result.xlsx'
Plot Epoch-Loss.pdf in 'file:///F:/torch_joff/joff/Result/DAE_HY/fd_Act1/Epoch-Loss.pdf'
Plot Normal.pdf in 'file:///F:/torch_joff/joff/Result/DAE_HY/fd_Act1/re-T2-kde/Normal.pdf'
Traceback (most recent call last):
  File "F:\torch_joff\joff\_run\_run_model.py", line 67, in _run_with_log
    _run_n(self, p)
  File "F:\torch_joff\joff\_run\_run_model.py", line 119, in _run_n
    self.test()
  File "F:\torch_joff\joff\_nn\_fcnn_module.py", line 100, in test
    _test(self, **kwargs)
  File "F:\torch_joff\joff\_test\_test_model.py", line 27, in _test
    _test_model(self, p)
  File "F:\torch_joff\joff\_test\_test_model.py", line 81, in _test_model
    _save_result(self, p)
  File "F:\torch_joff\joff\_save\_save_result.py", line 21, in _save_result
    if p['if_save_plot']: _save_result2plot(self, p)
                          ^^^^^^^^^^^^^^^^^^^^^^^^^^
  File "F:\torch_joff\joff\_save\_save_result.py", line 65, in _save_result2plot
    _loop_plot_fd_curve(self._save_path + '/' + self.fd_pr_name[i].replace('\\', ''),
  File "F:\torch_joff\joff\_plot\_line.py", line 72, in _loop_plot_fd_curve
    _plot_fd_curve(path, _ts_name, _label_name[i], ['Normal', 'Faulty'],
  File "F:\torch_joff\joff\_plot\_line.py", line 92, in _plot_fd_curve
    if 'seg_color' not in p.keys() or p['seg_color'] is None: p['seg_color'] = _generate_fd_colors(set(L))
                                                                               ^^^^^^^^^^^^^^^^^^^^^^^^^^^
  File "F:\torch_joff\joff\_plot\_basic_plot_func.py", line 49, in _generate_fd_colors
    if num_colors <= 2:
       ^^^^^^^^^^^^^^^
TypeError: '<=' not supported between instances of 'set' and 'int'
