
DAE(
  (loss_func): MSELoss()
  (encoder): Sequential(
    (0): Dropout(p=0.034666666666666665, inplace=False)
    (1): Linear(in_features=520, out_features=260, bias=True)
    (2): Gaussian()
    (3): Dropout(p=0.017333333333333333, inplace=False)
    (4): Linear(in_features=260, out_features=130, bias=True)
    (5): Sigmoid()
  )
  (decoder): Sequential(
    (0): Linear(in_features=130, out_features=260, bias=True)
    (1): Affine()
    (2): Dropout(p=0.017333333333333333, inplace=False)
    (3): Linear(in_features=260, out_features=520, bias=True)
    (4): Affine()
  )
)

run paras: {'run_times': 1, 'multirun_seed': 'r*2', '_run_id': '', 'e': 24, 'load_para_type': None, 'load_sub': None, 'load_file_name': None, 'view_addi_info': ['loss'], 'if_log': True, 'if_epoch_eval': None, 'if_vmap': False, 'if_save_excel': True, 'if_save_plot': True, 'fd_pr': ['re-T2&Q-kde'], 'fd_pr_dt': [{'mm': 're', 'ts': 'T2', 'thrd_meth': 'kde'}, {'mm': 're', 'ts': 'Q', 'thrd_meth': 'kde'}], 'fd_pr_name': ['re-T2-kde', 're-Q-kde'], 'expt_FAR': 0.02, 'ts_post_op': None, 'if_use_lstsq': True, 'if_plot_mm_kde': False, 'if_plot_score_hm': False, 'if_plot_cov_inv': True, 'if_save_ts': True, 'alld_error': 0.005, 'cl': 0.995, 'if_intp': False}

Train DAE_HY/fd_Act1 via cuda:
Epoch: 24 - 795/795 | loss = 0.0227                
Finish training~ Spend 48 seconds

Mean training losses: ['train-loss'] = [0.027]

Save model paras [Last] in 'file:///F:/torch_joff/joff/Result/DAE_HY/fd_Act1'

1) 're-T2-kde':
Threshold = 1527.44

The test false alarm rates (FARs) are:
[3.03 0.   2.42 0.   1.22 0.   4.88 0.  ](%)

The test missed detection rates (MDRs) are:
[20.99  4.32 17.1   1.46  4.35  0.48  8.09 15.23](%)

The test AFAR is 1.44(%).
The test AMDR is 10.22(%).

2) 're-Q-kde':
Threshold = 39.14

The test false alarm rates (FARs) are:
[ 6.06  0.    9.09  0.61  6.71  2.44 12.8   0.  ](%)

The test missed detection rates (MDRs) are:
[33.8  17.14 25.08 17.56 13.71  5.11 22.91 51.46](%)

The test AFAR is 4.71(%).
The test AMDR is 25.26(%).

Save FD Result.xlsx in 'file:///F:/torch_joff/joff/Result/DAE_HY/fd_Act1/FD%20Result.xlsx'
Plot Epoch-Loss.pdf in 'file:///F:/torch_joff/joff/Result/DAE_HY/fd_Act1/Epoch-Loss.pdf'
Plot Normal.pdf in 'file:///F:/torch_joff/joff/Result/DAE_HY/fd_Act1/re-T2-kde/Normal.pdf'
Plot Fault 1.pdf in 'file:///F:/torch_joff/joff/Result/DAE_HY/fd_Act1/re-T2-kde/Fault%201.pdf'
Plot Fault 2.pdf in 'file:///F:/torch_joff/joff/Result/DAE_HY/fd_Act1/re-T2-kde/Fault%202.pdf'
Plot Fault 3.pdf in 'file:///F:/torch_joff/joff/Result/DAE_HY/fd_Act1/re-T2-kde/Fault%203.pdf'
Plot Fault 4.pdf in 'file:///F:/torch_joff/joff/Result/DAE_HY/fd_Act1/re-T2-kde/Fault%204.pdf'
Plot Fault 5.pdf in 'file:///F:/torch_joff/joff/Result/DAE_HY/fd_Act1/re-T2-kde/Fault%205.pdf'
Plot Fault 6.pdf in 'file:///F:/torch_joff/joff/Result/DAE_HY/fd_Act1/re-T2-kde/Fault%206.pdf'
Plot Fault 7.pdf in 'file:///F:/torch_joff/joff/Result/DAE_HY/fd_Act1/re-T2-kde/Fault%207.pdf'
Plot Fault 8.pdf in 'file:///F:/torch_joff/joff/Result/DAE_HY/fd_Act1/re-T2-kde/Fault%208.pdf'
Plot Whole_fd.pdf in 'file:///F:/torch_joff/joff/Result/DAE_HY/fd_Act1/re-T2-kde/Whole_fd.pdf'
Plot Normal.pdf in 'file:///F:/torch_joff/joff/Result/DAE_HY/fd_Act1/re-Q-kde/Normal.pdf'
Plot Fault 1.pdf in 'file:///F:/torch_joff/joff/Result/DAE_HY/fd_Act1/re-Q-kde/Fault%201.pdf'
Plot Fault 2.pdf in 'file:///F:/torch_joff/joff/Result/DAE_HY/fd_Act1/re-Q-kde/Fault%202.pdf'
Plot Fault 3.pdf in 'file:///F:/torch_joff/joff/Result/DAE_HY/fd_Act1/re-Q-kde/Fault%203.pdf'
Plot Fault 4.pdf in 'file:///F:/torch_joff/joff/Result/DAE_HY/fd_Act1/re-Q-kde/Fault%204.pdf'
Plot Fault 5.pdf in 'file:///F:/torch_joff/joff/Result/DAE_HY/fd_Act1/re-Q-kde/Fault%205.pdf'
Plot Fault 6.pdf in 'file:///F:/torch_joff/joff/Result/DAE_HY/fd_Act1/re-Q-kde/Fault%206.pdf'
Plot Fault 7.pdf in 'file:///F:/torch_joff/joff/Result/DAE_HY/fd_Act1/re-Q-kde/Fault%207.pdf'
Plot Fault 8.pdf in 'file:///F:/torch_joff/joff/Result/DAE_HY/fd_Act1/re-Q-kde/Fault%208.pdf'
Plot Whole_fd.pdf in 'file:///F:/torch_joff/joff/Result/DAE_HY/fd_Act1/re-Q-kde/Whole_fd.pdf'
