
DAE(
  (loss_func): MSELoss()
  (encoder): Sequential(
    (0): Dropout(p=0.052, inplace=False)
    (1): Linear(in_features=520, out_features=260, bias=True)
    (2): Gaussian()
    (3): Dropout(p=0.026, inplace=False)
    (4): Linear(in_features=260, out_features=130, bias=True)
    (5): Sigmoid()
  )
  (decoder): Sequential(
    (0): Dropout(p=0.013, inplace=False)
    (1): Linear(in_features=130, out_features=260, bias=True)
    (2): Affine()
    (3): Dropout(p=0.026, inplace=False)
    (4): Linear(in_features=260, out_features=520, bias=True)
    (5): Affine()
  )
)

run paras: {'run_times': 1, 'multirun_seed': 'r*2', '_run_id': '', 'e': 3, 'load_para_type': None, 'load_sub': None, 'load_file_name': None, 'view_addi_info': ['loss'], 'if_log': True, 'if_epoch_eval': None, 'if_vmap': False, 'if_save_excel': True, 'if_save_plot': True, 'fd_pr': ['re-T2&Q-kde'], 'fd_pr_dt': [{'mm': 're', 'ts': 'T2', 'thrd_meth': 'kde'}, {'mm': 're', 'ts': 'Q', 'thrd_meth': 'kde'}], 'fd_pr_name': ['re-T2-kde', 're-Q-kde'], 'expt_FAR': 0.05, 'ts_post_op': None, 'if_use_lstsq': True, 'if_plot_mm_kde': False, 'if_plot_score_hm': False, 'if_plot_cov_inv': True, 'if_save_ts': True, 'alld_error': 0.005, 'cl': 0.995, 'if_intp': False}

Train DAE_HY/fd_Act1 via cuda:
Epoch: 3 - 908/908 | loss = 0.0796                
Finish training~ Spend 6 seconds

Mean training losses: ['train-loss'] = [0.118]

Save model paras [Last] in 'file:///F:/torch_joff/joff/Result/DAE_HY/fd_Act1'

1) 're-T2-kde':
Threshold = 1173.62

The test false alarm rates (FARs) are:
[27.71 12.05 21.21  8.48 18.79 13.94  3.64  9.7 ](%)

The test missed detection rates (MDRs) are:
[41.12 20.7  42.24 54.55 18.39  8.44 44.31 76.58](%)

The test AFAR is 14.45(%).
The test AMDR is 37.12(%).

2) 're-Q-kde':
Threshold = 77.63

The test false alarm rates (FARs) are:
[ 3.01  3.61 18.79  0.61  6.06  4.85  6.67  2.42](%)

The test missed detection rates (MDRs) are:
[39.01 27.28 24.97 23.53 19.4   6.6  28.12 73.69](%)

The test AFAR is 5.75(%).
The test AMDR is 33.01(%).

Save FD Result.xlsx in 'file:///F:/torch_joff/joff/Result/DAE_HY/fd_Act1/FD%20Result.xlsx'
Plot Epoch-Loss.pdf in 'file:///F:/torch_joff/joff/Result/DAE_HY/fd_Act1/Epoch-Loss.pdf'
$T2$
Plot Normal.pdf in 'file:///F:/torch_joff/joff/Result/DAE_HY/fd_Act1/re-T2-kde/Normal.pdf'
$T2$
Plot Fault 1.pdf in 'file:///F:/torch_joff/joff/Result/DAE_HY/fd_Act1/re-T2-kde/Fault%201.pdf'
$T2$
Plot Fault 2.pdf in 'file:///F:/torch_joff/joff/Result/DAE_HY/fd_Act1/re-T2-kde/Fault%202.pdf'
$T2$
Plot Fault 3.pdf in 'file:///F:/torch_joff/joff/Result/DAE_HY/fd_Act1/re-T2-kde/Fault%203.pdf'
$T2$
Plot Fault 4.pdf in 'file:///F:/torch_joff/joff/Result/DAE_HY/fd_Act1/re-T2-kde/Fault%204.pdf'
$T2$
Plot Fault 5.pdf in 'file:///F:/torch_joff/joff/Result/DAE_HY/fd_Act1/re-T2-kde/Fault%205.pdf'
$T2$
Plot Fault 6.pdf in 'file:///F:/torch_joff/joff/Result/DAE_HY/fd_Act1/re-T2-kde/Fault%206.pdf'
$T2$
Plot Fault 7.pdf in 'file:///F:/torch_joff/joff/Result/DAE_HY/fd_Act1/re-T2-kde/Fault%207.pdf'
$T2$
Plot Fault 8.pdf in 'file:///F:/torch_joff/joff/Result/DAE_HY/fd_Act1/re-T2-kde/Fault%208.pdf'
$T2$
Plot Whole_fd.pdf in 'file:///F:/torch_joff/joff/Result/DAE_HY/fd_Act1/re-T2-kde/Whole_fd.pdf'
$Q$
Plot Normal.pdf in 'file:///F:/torch_joff/joff/Result/DAE_HY/fd_Act1/re-Q-kde/Normal.pdf'
$Q$
Plot Fault 1.pdf in 'file:///F:/torch_joff/joff/Result/DAE_HY/fd_Act1/re-Q-kde/Fault%201.pdf'
$Q$
Plot Fault 2.pdf in 'file:///F:/torch_joff/joff/Result/DAE_HY/fd_Act1/re-Q-kde/Fault%202.pdf'
$Q$
Plot Fault 3.pdf in 'file:///F:/torch_joff/joff/Result/DAE_HY/fd_Act1/re-Q-kde/Fault%203.pdf'
$Q$
Plot Fault 4.pdf in 'file:///F:/torch_joff/joff/Result/DAE_HY/fd_Act1/re-Q-kde/Fault%204.pdf'
$Q$
Plot Fault 5.pdf in 'file:///F:/torch_joff/joff/Result/DAE_HY/fd_Act1/re-Q-kde/Fault%205.pdf'
$Q$
Plot Fault 6.pdf in 'file:///F:/torch_joff/joff/Result/DAE_HY/fd_Act1/re-Q-kde/Fault%206.pdf'
$Q$
Plot Fault 7.pdf in 'file:///F:/torch_joff/joff/Result/DAE_HY/fd_Act1/re-Q-kde/Fault%207.pdf'
$Q$
Plot Fault 8.pdf in 'file:///F:/torch_joff/joff/Result/DAE_HY/fd_Act1/re-Q-kde/Fault%208.pdf'
$Q$
Plot Whole_fd.pdf in 'file:///F:/torch_joff/joff/Result/DAE_HY/fd_Act1/re-Q-kde/Whole_fd.pdf'
