
DAE(
  (loss_func): MSELoss()
  (encoder): Sequential(
    (0): Dropout(p=0.052, inplace=False)
    (1): Linear(in_features=520, out_features=260, bias=True)
    (2): Gaussian()
    (3): Dropout(p=0.026, inplace=False)
    (4): Linear(in_features=260, out_features=130, bias=True)
    (5): Sigmoid()
  )
  (decoder): Sequential(
    (0): Dropout(p=0.013, inplace=False)
    (1): Linear(in_features=130, out_features=260, bias=True)
    (2): Affine()
    (3): Dropout(p=0.026, inplace=False)
    (4): Linear(in_features=260, out_features=520, bias=True)
    (5): Affine()
  )
)

run paras: {'run_times': 1, 'multirun_seed': 'r*2', '_run_id': '', 'e': 3, 'load_para_type': None, 'load_sub': None, 'load_file_name': None, 'view_addi_info': ['loss'], 'if_log': True, 'if_epoch_eval': None, 'if_vmap': False, 'if_save_excel': True, 'if_save_plot': True, 'fd_pr': ['re-T2&Q-kde'], 'fd_pr_dt': [{'mm': 're', 'ts': 'T2', 'thrd_meth': 'kde'}, {'mm': 're', 'ts': 'Q', 'thrd_meth': 'kde'}], 'fd_pr_name': ['re-T2-kde', 're-Q-kde'], 'expt_FAR': 0.05, 'ts_post_op': None, 'if_use_lstsq': True, 'if_plot_mm_kde': False, 'if_plot_score_hm': False, 'if_plot_cov_inv': True, 'if_save_ts': True, 'alld_error': 0.005, 'cl': 0.995, 'if_intp': False}

Train DAE_HY/fd_Act1 via cuda:
Epoch: 3 - 908/908 | loss = 0.1626                
Finish training~ Spend 6 seconds

Mean training losses: ['train-loss'] = [0.1185]

Save model paras [Last] in 'file:///F:/torch_joff/joff/Result/DAE_HY/fd_Act1'

1) 're-T2-kde':
Threshold = 1173.07

The test false alarm rates (FARs) are:
[28.92 12.05 21.21  7.88 18.18 13.94  3.64 10.3 ](%)

The test missed detection rates (MDRs) are:
[41.78 21.25 42.9  59.36 17.06  5.53 40.74 77.12](%)

The test AFAR is 14.52(%).
The test AMDR is 36.66(%).

2) 're-Q-kde':
Threshold = 80.97

The test false alarm rates (FARs) are:
[ 1.81  0.   18.18  3.03  6.06  4.85  6.67  2.42](%)

The test missed detection rates (MDRs) are:
[46.93 25.7  28.93 30.48 24.41  1.37 33.06 74.9 ](%)

The test AFAR is 5.37(%).
The test AMDR is 34.55(%).

Save FD Result.xlsx in 'file:///F:/torch_joff/joff/Result/DAE_HY/fd_Act1/FD%20Result.xlsx'
Plot Epoch-Loss.pdf in 'file:///F:/torch_joff/joff/Result/DAE_HY/fd_Act1/Epoch-Loss.pdf'
['royalblue', 'b']
Plot Normal.pdf in 'file:///F:/torch_joff/joff/Result/DAE_HY/fd_Act1/re-T2-kde/Normal.pdf'
[(0.0, 0.0, 1.0), (1.0, 0.0, 0.0)]
Plot Fault 1.pdf in 'file:///F:/torch_joff/joff/Result/DAE_HY/fd_Act1/re-T2-kde/Fault%201.pdf'
[(0.0, 0.0, 1.0), (1.0, 0.0, 0.0)]
Plot Fault 2.pdf in 'file:///F:/torch_joff/joff/Result/DAE_HY/fd_Act1/re-T2-kde/Fault%202.pdf'
[(0.0, 0.0, 1.0), (1.0, 0.0, 0.0)]
Plot Fault 3.pdf in 'file:///F:/torch_joff/joff/Result/DAE_HY/fd_Act1/re-T2-kde/Fault%203.pdf'
[(0.0, 0.0, 1.0), (1.0, 0.0, 0.0)]
Plot Fault 4.pdf in 'file:///F:/torch_joff/joff/Result/DAE_HY/fd_Act1/re-T2-kde/Fault%204.pdf'
[(0.0, 0.0, 1.0), (1.0, 0.0, 0.0)]
Plot Fault 5.pdf in 'file:///F:/torch_joff/joff/Result/DAE_HY/fd_Act1/re-T2-kde/Fault%205.pdf'
[(0.0, 0.0, 1.0), (1.0, 0.0, 0.0)]
Plot Fault 6.pdf in 'file:///F:/torch_joff/joff/Result/DAE_HY/fd_Act1/re-T2-kde/Fault%206.pdf'
[(0.0, 0.0, 1.0), (1.0, 0.0, 0.0)]
Plot Fault 7.pdf in 'file:///F:/torch_joff/joff/Result/DAE_HY/fd_Act1/re-T2-kde/Fault%207.pdf'
[(0.0, 0.0, 1.0), (1.0, 0.0, 0.0)]
Plot Fault 8.pdf in 'file:///F:/torch_joff/joff/Result/DAE_HY/fd_Act1/re-T2-kde/Fault%208.pdf'
[(0.0, 0.0, 1.0), (1.0, 0.0, 0.0), (0.95, 0.9139999999999999, 0.050000000000000044), (0.21457142857142839, 0.95, 0.050000000000000044), (0.050000000000000044, 0.95, 0.656857142857143), (0.050000000000000044, 0.47171428571428575, 0.95), (0.3997142857142859, 0.050000000000000044, 0.95), (0.95, 0.050000000000000044, 0.728857142857142), (0.95, 0.14257142857142852, 0.050000000000000044)]
Traceback (most recent call last):
  File "F:\torch_joff\joff\_run\_run_model.py", line 67, in _run_with_log
    _run_n(self, p)
  File "F:\torch_joff\joff\_run\_run_model.py", line 119, in _run_n
    self.test()
  File "F:\torch_joff\joff\_nn\_fcnn_module.py", line 100, in test
    _test(self, **kwargs)
  File "F:\torch_joff\joff\_test\_test_model.py", line 27, in _test
    _test_model(self, p)
  File "F:\torch_joff\joff\_test\_test_model.py", line 81, in _test_model
    _save_result(self, p)
  File "F:\torch_joff\joff\_save\_save_result.py", line 21, in _save_result
    if p['if_save_plot']: _save_result2plot(self, p)
                          ^^^^^^^^^^^^^^^^^^^^^^^^^^
  File "F:\torch_joff\joff\_save\_save_result.py", line 65, in _save_result2plot
    _loop_plot_fd_curve(self._save_path + '/' + self.fd_pr_name[i].replace('\\', ''),
  File "F:\torch_joff\joff\_plot\_line.py", line 78, in _loop_plot_fd_curve
    _plot_fd_curve(path, _ts_name, 'Whole_fd', ['Normal', 'Faulty'],
  File "F:\torch_joff\joff\_plot\_line.py", line 116, in _plot_fd_curve
    _plot(TS, path=path, file=_save_name, **p)
  File "F:\torch_joff\joff\_plot\_line.py", line 196, in _plot
    _fd_plot(plt, ax, data1, **p)
  File "F:\torch_joff\joff\_plot\_line.py", line 255, in _fd_plot
    p['label'] = legend[legend_id]
                 ~~~~~~^^^^^^^^^^^
IndexError: list index out of range
