
DAE(
  (loss_func): MSELoss()
  (encoder): Sequential(
    (0): Dropout(p=0.052, inplace=False)
    (1): Linear(in_features=520, out_features=260, bias=True)
    (2): Gaussian()
    (3): Dropout(p=0.026, inplace=False)
    (4): Linear(in_features=260, out_features=130, bias=True)
    (5): Sigmoid()
  )
  (decoder): Sequential(
    (0): Dropout(p=0.013, inplace=False)
    (1): Linear(in_features=130, out_features=260, bias=True)
    (2): Affine()
    (3): Dropout(p=0.026, inplace=False)
    (4): Linear(in_features=260, out_features=520, bias=True)
    (5): Affine()
  )
)

run paras: {'run_times': 1, 'multirun_seed': 'r*2', '_run_id': '', 'e': 3, 'load_para_type': None, 'load_sub': None, 'load_file_name': None, 'view_addi_info': ['loss'], 'if_log': True, 'if_epoch_eval': None, 'if_vmap': False, 'if_save_excel': True, 'if_save_plot': True, 'fd_pr': ['re-T2&Q-kde'], 'fd_pr_dt': [{'mm': 're', 'ts': 'T2', 'thrd_meth': 'kde'}, {'mm': 're', 'ts': 'Q', 'thrd_meth': 'kde'}], 'fd_pr_name': ['re-T2-kde', 're-Q-kde'], 'expt_FAR': 0.05, 'ts_post_op': None, 'if_use_lstsq': True, 'if_plot_mm_kde': False, 'if_plot_score_hm': False, 'if_plot_cov_inv': True, 'if_save_ts': True, 'alld_error': 0.005, 'cl': 0.995, 'if_intp': False}

Train DAE_HY/fd_Act1 via cuda:
Epoch: 3 - 908/908 | loss = 0.0810                
Finish training~ Spend 6 seconds

Mean training losses: ['train-loss'] = [0.1169]

Save model paras [Last] in 'file:///F:/torch_joff/joff/Result/DAE_HY/fd_Act1'

1) 're-T2-kde':
Threshold = 1176.91

The test false alarm rates (FARs) are:
[27.71 13.25 21.21  8.48 18.18 13.33  3.64  9.7 ](%)

The test missed detection rates (MDRs) are:
[45.74 21.52 42.9  58.82 15.05  8.32 32.92 78.6 ](%)

The test AFAR is 14.45(%).
The test AMDR is 37.5(%).

2) 're-Q-kde':
Threshold = 78.95

The test false alarm rates (FARs) are:
[ 1.2   7.83 18.79  0.61  6.06  4.85  6.67  2.42](%)

The test missed detection rates (MDRs) are:
[43.83 25.84 32.12 31.02 21.07  5.94 31.41 78.47](%)

The test AFAR is 6.05(%).
The test AMDR is 35.67(%).

Save FD Result.xlsx in 'file:///F:/torch_joff/joff/Result/DAE_HY/fd_Act1/FD%20Result.xlsx'
Plot Epoch-Loss.pdf in 'file:///F:/torch_joff/joff/Result/DAE_HY/fd_Act1/Epoch-Loss.pdf'
Traceback (most recent call last):
  File "F:\torch_joff\joff\_run\_run_model.py", line 67, in _run_with_log
    _run_n(self, p)
  File "F:\torch_joff\joff\_run\_run_model.py", line 119, in _run_n
    self.test()
  File "F:\torch_joff\joff\_nn\_fcnn_module.py", line 100, in test
    _test(self, **kwargs)
  File "F:\torch_joff\joff\_test\_test_model.py", line 27, in _test
    _test_model(self, p)
  File "F:\torch_joff\joff\_test\_test_model.py", line 81, in _test_model
    _save_result(self, p)
  File "F:\torch_joff\joff\_save\_save_result.py", line 21, in _save_result
    if p['if_save_plot']: _save_result2plot(self, p)
                          ^^^^^^^^^^^^^^^^^^^^^^^^^^
  File "F:\torch_joff\joff\_save\_save_result.py", line 65, in _save_result2plot
    _loop_plot_fd_curve(self._save_path + '/' + self.fd_pr_name[i].replace('\\', ''),
  File "F:\torch_joff\joff\_plot\_line.py", line 63, in _loop_plot_fd_curve
    _plot_fd_curve(path, _ts_name, 'Normal', ['Offline Normal', 'Online Normal'],
  File "F:\torch_joff\joff\_plot\_line.py", line 114, in _plot_fd_curve
    legend_scale = np.min(np.sqrt(len(_label_name))* 1.2, len(_label_name))
                   ^^^^^^^^^^^^^^^^^^^^^^^^^^^^^^^^^^^^^^^^^^^^^^^^^^^^^^^^
  File "F:\anaconda3\Lib\site-packages\numpy\core\fromnumeric.py", line 2953, in min
    return _wrapreduction(a, np.minimum, 'min', axis, None, out,
           ^^^^^^^^^^^^^^^^^^^^^^^^^^^^^^^^^^^^^^^^^^^^^^^^^^^^^
  File "F:\anaconda3\Lib\site-packages\numpy\core\fromnumeric.py", line 86, in _wrapreduction
    return reduction(axis=axis, out=out, **passkwargs)
           ^^^^^^^^^^^^^^^^^^^^^^^^^^^^^^^^^^^^^^^^^^^
  File "F:\anaconda3\Lib\site-packages\numpy\core\_methods.py", line 45, in _amin
    return umr_minimum(a, axis, None, out, keepdims, initial, where)
           ^^^^^^^^^^^^^^^^^^^^^^^^^^^^^^^^^^^^^^^^^^^^^^^^^^^^^^^^^
numpy.exceptions.AxisError: axis 2 is out of bounds for array of dimension 0
