
DAE(
  (loss_func): MSELoss()
  (encoder): Sequential(
    (0): Dropout(p=0.052, inplace=False)
    (1): Linear(in_features=520, out_features=260, bias=True)
    (2): Gaussian()
    (3): Dropout(p=0.026, inplace=False)
    (4): Linear(in_features=260, out_features=130, bias=True)
    (5): Sigmoid()
  )
  (decoder): Sequential(
    (0): Dropout(p=0.013, inplace=False)
    (1): Linear(in_features=130, out_features=260, bias=True)
    (2): Affine()
    (3): Dropout(p=0.026, inplace=False)
    (4): Linear(in_features=260, out_features=520, bias=True)
    (5): Affine()
  )
)

run paras: {'run_times': 1, 'multirun_seed': 'r*2', '_run_id': '', 'e': 1, 'load_para_type': None, 'load_sub': None, 'load_file_name': None, 'view_addi_info': ['loss'], 'if_log': True, 'if_epoch_eval': None, 'if_vmap': False, 'if_save_excel': True, 'if_save_plot': True, 'fd_pr': ['re-T2&Q-kde'], 'fd_pr_dt': [{'mm': 're', 'ts': 'T2', 'thrd_meth': 'kde'}, {'mm': 're', 'ts': 'Q', 'thrd_meth': 'kde'}], 'fd_pr_name': ['re-T2-kde', 're-Q-kde'], 'expt_FAR': 0.05, 'ts_post_op': None, 'if_use_lstsq': True, 'if_plot_mm_kde': False, 'if_plot_score_hm': False, 'if_plot_cov_inv': True, 'if_save_ts': True, 'alld_error': 0.005, 'cl': 0.995, 'if_intp': False}

Train DAE_HY/fd_Act1 via cuda:
Epoch: 1 - 929/929 | loss = 0.1908                
Finish training~ Spend 2 seconds

Mean training losses: ['train-loss'] = [0.4514]

Save model paras [Last] in 'file:///F:/torch_joff/joff/Result/DAE_HY/fd_Act1'

1) 're-T2-kde':
Threshold = 1212.84

The test false alarm rates (FARs) are:
[27.65 11.76 18.24  7.65 16.57 14.2   1.78  8.88](%)

The test missed detection rates (MDRs) are:
[56.04 30.71 62.43 67.91 34.78 16.28 73.8  84.79](%)

The test AFAR is 13.35(%).
The test AMDR is 50.42(%).

2) 're-Q-kde':
Threshold = 185.30

The test false alarm rates (FARs) are:
[ 0.    0.   18.24  0.    5.92  5.33  8.28  2.96](%)

The test missed detection rates (MDRs) are:
[66.6  49.97 62.98 75.4  44.48 34.7  87.38 98.12](%)

The test AFAR is 5.09(%).
The test AMDR is 63.67(%).

Save FD Result.xlsx in 'file:///F:/torch_joff/joff/Result/DAE_HY/fd_Act1/FD%20Result.xlsx'
Plot Epoch-Loss.pdf in 'file:///F:/torch_joff/joff/Result/DAE_HY/fd_Act1/Epoch-Loss.pdf'
Traceback (most recent call last):
  File "F:\torch_joff\joff\_run\_run_model.py", line 67, in _run_with_log
    _run_n(self, p)
  File "F:\torch_joff\joff\_run\_run_model.py", line 119, in _run_n
    self.test()
  File "F:\torch_joff\joff\_nn\_fcnn_module.py", line 100, in test
    _test(self, **kwargs)
  File "F:\torch_joff\joff\_test\_test_model.py", line 27, in _test
    _test_model(self, p)
  File "F:\torch_joff\joff\_test\_test_model.py", line 81, in _test_model
    _save_result(self, p)
  File "F:\torch_joff\joff\_save\_save_result.py", line 21, in _save_result
    if p['if_save_plot']: _save_result2plot(self, p)
                          ^^^^^^^^^^^^^^^^^^^^^^^^^^
  File "F:\torch_joff\joff\_save\_save_result.py", line 65, in _save_result2plot
    _loop_plot_fd_curve(self._save_path + '/' + self.fd_pr_name[i].replace('\\', ''),
  File "F:\torch_joff\joff\_plot\_line.py", line 63, in _loop_plot_fd_curve
    _plot_fd_curve(path, _ts_name, 'Normal', normal_data, label_name, **p)
  File "F:\torch_joff\joff\_plot\_line.py", line 87, in _plot_fd_curve
    for j in range(1, L.shape[0]):
                      ^^^^^^^
AttributeError: 'list' object has no attribute 'shape'
