
DAE(
  (loss_func): MSELoss()
  (encoder): Sequential(
    (0): Dropout(p=0.034666666666666665, inplace=False)
    (1): Linear(in_features=520, out_features=260, bias=True)
    (2): Gaussian()
    (3): Dropout(p=0.017333333333333333, inplace=False)
    (4): Linear(in_features=260, out_features=130, bias=True)
    (5): Sigmoid()
  )
  (decoder): Sequential(
    (0): Linear(in_features=130, out_features=260, bias=True)
    (1): Affine()
    (2): Dropout(p=0.017333333333333333, inplace=False)
    (3): Linear(in_features=260, out_features=520, bias=True)
    (4): Affine()
  )
)

run paras: {'run_times': 1, 'multirun_seed': 'r*2', '_run_id': '', 'e': 24, 'load_para_type': None, 'load_sub': None, 'load_file_name': None, 'view_addi_info': ['loss'], 'if_log': True, 'if_epoch_eval': None, 'if_vmap': False, 'if_save_excel': True, 'if_save_plot': True, 'fd_pr': ['re-T2&Q-kde'], 'fd_pr_dt': [{'mm': 're', 'ts': 'T2', 'thrd_meth': 'kde'}, {'mm': 're', 'ts': 'Q', 'thrd_meth': 'kde'}], 'fd_pr_name': ['re-T2-kde', 're-Q-kde'], 'expt_FAR': 0.02, 'ts_post_op': None, 'if_use_lstsq': True, 'if_plot_mm_kde': False, 'if_plot_score_hm': False, 'if_plot_cov_inv': True, 'if_save_ts': True, 'alld_error': 0.005, 'cl': 0.995, 'if_intp': False}

Train DAE_HY/fd_Act1 via cuda:
Epoch: 24 - 796/796 | loss = 0.0161                
Finish training~ Spend 46 seconds

Mean training losses: ['train-loss'] = [0.0275]

Save model paras [Last] in 'file:///F:/torch_joff/joff/Result/DAE_HY/fd_Act1'

1) 're-T2-kde':
Threshold = 1585.51

The test false alarm rates (FARs) are:
[ 99.39 100.    99.39 100.    92.07 100.    88.41 100.  ](%)

The test missed detection rates (MDRs) are:
[27.39  9.6  21.03 10.73  9.7   0.96 10.56 39.36](%)

The test AFAR is 97.41(%).
The test AMDR is 17.88(%).

2) 're-Q-kde':
Threshold = 37.96

The test false alarm rates (FARs) are:
[44.24  3.03 49.7  27.44 10.37 48.17 29.27 65.24](%)

The test missed detection rates (MDRs) are:
[31.16 18.85 24.63  8.78  9.36  1.2  19.07 68.55](%)

The test AFAR is 34.68(%).
The test AMDR is 26.64(%).

Save FD Result.xlsx in 'file:///F:/torch_joff/joff/Result/DAE_HY/fd_Act1/FD%20Result.xlsx'
Plot Epoch-Loss.pdf in 'file:///F:/torch_joff/joff/Result/DAE_HY/fd_Act1/Epoch-Loss.pdf'
Plot Normal.pdf in 'file:///F:/torch_joff/joff/Result/DAE_HY/fd_Act1/re-T2-kde/Normal.pdf'
Plot Fault 1.pdf in 'file:///F:/torch_joff/joff/Result/DAE_HY/fd_Act1/re-T2-kde/Fault%201.pdf'
Plot Fault 2.pdf in 'file:///F:/torch_joff/joff/Result/DAE_HY/fd_Act1/re-T2-kde/Fault%202.pdf'
Plot Fault 3.pdf in 'file:///F:/torch_joff/joff/Result/DAE_HY/fd_Act1/re-T2-kde/Fault%203.pdf'
Plot Fault 4.pdf in 'file:///F:/torch_joff/joff/Result/DAE_HY/fd_Act1/re-T2-kde/Fault%204.pdf'
Plot Fault 5.pdf in 'file:///F:/torch_joff/joff/Result/DAE_HY/fd_Act1/re-T2-kde/Fault%205.pdf'
Plot Fault 6.pdf in 'file:///F:/torch_joff/joff/Result/DAE_HY/fd_Act1/re-T2-kde/Fault%206.pdf'
Plot Fault 7.pdf in 'file:///F:/torch_joff/joff/Result/DAE_HY/fd_Act1/re-T2-kde/Fault%207.pdf'
Plot Fault 8.pdf in 'file:///F:/torch_joff/joff/Result/DAE_HY/fd_Act1/re-T2-kde/Fault%208.pdf'
Plot Whole_fd.pdf in 'file:///F:/torch_joff/joff/Result/DAE_HY/fd_Act1/re-T2-kde/Whole_fd.pdf'
Plot Normal.pdf in 'file:///F:/torch_joff/joff/Result/DAE_HY/fd_Act1/re-Q-kde/Normal.pdf'
Plot Fault 1.pdf in 'file:///F:/torch_joff/joff/Result/DAE_HY/fd_Act1/re-Q-kde/Fault%201.pdf'
Plot Fault 2.pdf in 'file:///F:/torch_joff/joff/Result/DAE_HY/fd_Act1/re-Q-kde/Fault%202.pdf'
Plot Fault 3.pdf in 'file:///F:/torch_joff/joff/Result/DAE_HY/fd_Act1/re-Q-kde/Fault%203.pdf'
Plot Fault 4.pdf in 'file:///F:/torch_joff/joff/Result/DAE_HY/fd_Act1/re-Q-kde/Fault%204.pdf'
Plot Fault 5.pdf in 'file:///F:/torch_joff/joff/Result/DAE_HY/fd_Act1/re-Q-kde/Fault%205.pdf'
Plot Fault 6.pdf in 'file:///F:/torch_joff/joff/Result/DAE_HY/fd_Act1/re-Q-kde/Fault%206.pdf'
Plot Fault 7.pdf in 'file:///F:/torch_joff/joff/Result/DAE_HY/fd_Act1/re-Q-kde/Fault%207.pdf'
Plot Fault 8.pdf in 'file:///F:/torch_joff/joff/Result/DAE_HY/fd_Act1/re-Q-kde/Fault%208.pdf'
Plot Whole_fd.pdf in 'file:///F:/torch_joff/joff/Result/DAE_HY/fd_Act1/re-Q-kde/Whole_fd.pdf'
