
DAE(
  (loss_func): MSELoss()
  (encoder): Sequential(
    (0): Dropout(p=0.052, inplace=False)
    (1): Linear(in_features=520, out_features=260, bias=True)
    (2): Gaussian()
    (3): Dropout(p=0.026, inplace=False)
    (4): Linear(in_features=260, out_features=130, bias=True)
    (5): Sigmoid()
  )
  (decoder): Sequential(
    (0): Dropout(p=0.013, inplace=False)
    (1): Linear(in_features=130, out_features=260, bias=True)
    (2): Affine()
    (3): Dropout(p=0.026, inplace=False)
    (4): Linear(in_features=260, out_features=520, bias=True)
    (5): Affine()
  )
)

run paras: {'run_times': 1, 'multirun_seed': 'r*2', '_run_id': '', 'e': 2, 'load_para_type': None, 'load_sub': None, 'load_file_name': None, 'view_addi_info': ['loss'], 'if_log': True, 'if_epoch_eval': None, 'if_vmap': False, 'if_save_excel': True, 'if_save_plot': True, 'fd_pr': ['re-T2&Q-kde'], 'fd_pr_dt': [{'mm': 're', 'ts': 'T2', 'thrd_meth': 'kde'}, {'mm': 're', 'ts': 'Q', 'thrd_meth': 'kde'}], 'fd_pr_name': ['re-T2-kde', 're-Q-kde'], 'expt_FAR': 0.05, 'ts_post_op': None, 'if_use_lstsq': True, 'if_plot_mm_kde': False, 'if_plot_score_hm': False, 'if_plot_cov_inv': True, 'if_save_ts': True, 'alld_error': 0.005, 'cl': 0.995, 'if_intp': False}

Train DAE_HY/fd_Act1 via cuda:
Epoch: 2 - 908/908 | loss = 0.1603                
Finish training~ Spend 4 seconds

Mean training losses: ['train-loss'] = [0.1671]

Save model paras [Last] in 'file:///F:/torch_joff/joff/Result/DAE_HY/fd_Act1'

1) 're-T2-kde':
Threshold = 1178.81

The test false alarm rates (FARs) are:
[27.71 12.65 21.21  7.88 18.18 14.55  3.64 10.3 ](%)

The test missed detection rates (MDRs) are:
[48.84 19.95 45.65 58.29 17.73 13.67 54.73 82.5 ](%)

The test AFAR is 14.52(%).
The test AMDR is 41.89(%).

2) 're-Q-kde':
Threshold = 107.05

The test false alarm rates (FARs) are:
[ 0.    0.   20.    0.    4.85  4.24  6.67  2.42](%)

The test missed detection rates (MDRs) are:
[51.95 31.8  37.29 32.62 31.1  15.21 45.82 86.68](%)

The test AFAR is 4.77(%).
The test AMDR is 43.81(%).

Save FD Result.xlsx in 'file:///F:/torch_joff/joff/Result/DAE_HY/fd_Act1/FD%20Result.xlsx'
Plot Epoch-Loss.pdf in 'file:///F:/torch_joff/joff/Result/DAE_HY/fd_Act1/Epoch-Loss.pdf'
['Offline Normal', 'Online Normal'] ['royalblue', 'b']
0 0 royalblue
Plot Normal.pdf in 'file:///F:/torch_joff/joff/Result/DAE_HY/fd_Act1/re-T2-kde/Normal.pdf'
['Normal', 'Faulty'] [(0.0, 0.0, 1.0), (1.0, 0.0, 0.0)]
0 0 (0.0, 0.0, 1.0)
Plot Fault 1.pdf in 'file:///F:/torch_joff/joff/Result/DAE_HY/fd_Act1/re-T2-kde/Fault%201.pdf'
['Normal', 'Faulty'] [(0.0, 0.0, 1.0), (1.0, 0.0, 0.0)]
0 0 (0.0, 0.0, 1.0)
Plot Fault 2.pdf in 'file:///F:/torch_joff/joff/Result/DAE_HY/fd_Act1/re-T2-kde/Fault%202.pdf'
['Normal', 'Faulty'] [(0.0, 0.0, 1.0), (1.0, 0.0, 0.0)]
0 0 (0.0, 0.0, 1.0)
Plot Fault 3.pdf in 'file:///F:/torch_joff/joff/Result/DAE_HY/fd_Act1/re-T2-kde/Fault%203.pdf'
['Normal', 'Faulty'] [(0.0, 0.0, 1.0), (1.0, 0.0, 0.0)]
0 0 (0.0, 0.0, 1.0)
Plot Fault 4.pdf in 'file:///F:/torch_joff/joff/Result/DAE_HY/fd_Act1/re-T2-kde/Fault%204.pdf'
['Normal', 'Faulty'] [(0.0, 0.0, 1.0), (1.0, 0.0, 0.0)]
0 0 (0.0, 0.0, 1.0)
Plot Fault 5.pdf in 'file:///F:/torch_joff/joff/Result/DAE_HY/fd_Act1/re-T2-kde/Fault%205.pdf'
['Normal', 'Faulty'] [(0.0, 0.0, 1.0), (1.0, 0.0, 0.0)]
0 0 (0.0, 0.0, 1.0)
Plot Fault 6.pdf in 'file:///F:/torch_joff/joff/Result/DAE_HY/fd_Act1/re-T2-kde/Fault%206.pdf'
['Normal', 'Faulty'] [(0.0, 0.0, 1.0), (1.0, 0.0, 0.0)]
0 0 (0.0, 0.0, 1.0)
Plot Fault 7.pdf in 'file:///F:/torch_joff/joff/Result/DAE_HY/fd_Act1/re-T2-kde/Fault%207.pdf'
['Normal', 'Faulty'] [(0.0, 0.0, 1.0), (1.0, 0.0, 0.0)]
0 0 (0.0, 0.0, 1.0)
Plot Fault 8.pdf in 'file:///F:/torch_joff/joff/Result/DAE_HY/fd_Act1/re-T2-kde/Fault%208.pdf'
['Normal', 'Fault 01', 'Fault 02', 'Fault 03', 'Fault 04', 'Fault 05', 'Fault 06', 'Fault 07', 'Fault 08'] [(0.0, 0.0, 1.0), (1.0, 0.0, 0.0), (0.95, 0.9139999999999999, 0.050000000000000044), (0.21457142857142839, 0.95, 0.050000000000000044), (0.050000000000000044, 0.95, 0.656857142857143), (0.050000000000000044, 0.47171428571428575, 0.95), (0.3997142857142859, 0.050000000000000044, 0.95), (0.95, 0.050000000000000044, 0.728857142857142), (0.95, 0.14257142857142852, 0.050000000000000044)]
0 0 (0.0, 0.0, 1.0)
1 1 (1.0, 0.0, 0.0)
0 0 (0.0, 0.0, 1.0)
2 2 (0.95, 0.9139999999999999, 0.050000000000000044)
0 0 (0.0, 0.0, 1.0)
3 3 (0.21457142857142839, 0.95, 0.050000000000000044)
0 0 (0.0, 0.0, 1.0)
4 4 (0.050000000000000044, 0.95, 0.656857142857143)
0 0 (0.0, 0.0, 1.0)
5 5 (0.050000000000000044, 0.47171428571428575, 0.95)
0 0 (0.0, 0.0, 1.0)
6 6 (0.3997142857142859, 0.050000000000000044, 0.95)
0 0 (0.0, 0.0, 1.0)
7 7 (0.95, 0.050000000000000044, 0.728857142857142)
0 0 (0.0, 0.0, 1.0)
Plot Whole_fd.pdf in 'file:///F:/torch_joff/joff/Result/DAE_HY/fd_Act1/re-T2-kde/Whole_fd.pdf'
['Offline Normal', 'Online Normal'] ['royalblue', 'b']
0 0 royalblue
Plot Normal.pdf in 'file:///F:/torch_joff/joff/Result/DAE_HY/fd_Act1/re-Q-kde/Normal.pdf'
['Normal', 'Faulty'] [(0.0, 0.0, 1.0), (1.0, 0.0, 0.0)]
0 0 (0.0, 0.0, 1.0)
Plot Fault 1.pdf in 'file:///F:/torch_joff/joff/Result/DAE_HY/fd_Act1/re-Q-kde/Fault%201.pdf'
['Normal', 'Faulty'] [(0.0, 0.0, 1.0), (1.0, 0.0, 0.0)]
0 0 (0.0, 0.0, 1.0)
Plot Fault 2.pdf in 'file:///F:/torch_joff/joff/Result/DAE_HY/fd_Act1/re-Q-kde/Fault%202.pdf'
['Normal', 'Faulty'] [(0.0, 0.0, 1.0), (1.0, 0.0, 0.0)]
0 0 (0.0, 0.0, 1.0)
Plot Fault 3.pdf in 'file:///F:/torch_joff/joff/Result/DAE_HY/fd_Act1/re-Q-kde/Fault%203.pdf'
['Normal', 'Faulty'] [(0.0, 0.0, 1.0), (1.0, 0.0, 0.0)]
0 0 (0.0, 0.0, 1.0)
Plot Fault 4.pdf in 'file:///F:/torch_joff/joff/Result/DAE_HY/fd_Act1/re-Q-kde/Fault%204.pdf'
['Normal', 'Faulty'] [(0.0, 0.0, 1.0), (1.0, 0.0, 0.0)]
0 0 (0.0, 0.0, 1.0)
Plot Fault 5.pdf in 'file:///F:/torch_joff/joff/Result/DAE_HY/fd_Act1/re-Q-kde/Fault%205.pdf'
['Normal', 'Faulty'] [(0.0, 0.0, 1.0), (1.0, 0.0, 0.0)]
0 0 (0.0, 0.0, 1.0)
Plot Fault 6.pdf in 'file:///F:/torch_joff/joff/Result/DAE_HY/fd_Act1/re-Q-kde/Fault%206.pdf'
['Normal', 'Faulty'] [(0.0, 0.0, 1.0), (1.0, 0.0, 0.0)]
0 0 (0.0, 0.0, 1.0)
Plot Fault 7.pdf in 'file:///F:/torch_joff/joff/Result/DAE_HY/fd_Act1/re-Q-kde/Fault%207.pdf'
['Normal', 'Faulty'] [(0.0, 0.0, 1.0), (1.0, 0.0, 0.0)]
0 0 (0.0, 0.0, 1.0)
Plot Fault 8.pdf in 'file:///F:/torch_joff/joff/Result/DAE_HY/fd_Act1/re-Q-kde/Fault%208.pdf'
['Normal', 'Fault 01', 'Fault 02', 'Fault 03', 'Fault 04', 'Fault 05', 'Fault 06', 'Fault 07', 'Fault 08'] [(0.0, 0.0, 1.0), (1.0, 0.0, 0.0), (0.95, 0.9139999999999999, 0.050000000000000044), (0.21457142857142839, 0.95, 0.050000000000000044), (0.050000000000000044, 0.95, 0.656857142857143), (0.050000000000000044, 0.47171428571428575, 0.95), (0.3997142857142859, 0.050000000000000044, 0.95), (0.95, 0.050000000000000044, 0.728857142857142), (0.95, 0.14257142857142852, 0.050000000000000044)]
0 0 (0.0, 0.0, 1.0)
1 1 (1.0, 0.0, 0.0)
0 0 (0.0, 0.0, 1.0)
2 2 (0.95, 0.9139999999999999, 0.050000000000000044)
0 0 (0.0, 0.0, 1.0)
3 3 (0.21457142857142839, 0.95, 0.050000000000000044)
0 0 (0.0, 0.0, 1.0)
4 4 (0.050000000000000044, 0.95, 0.656857142857143)
0 0 (0.0, 0.0, 1.0)
5 5 (0.050000000000000044, 0.47171428571428575, 0.95)
0 0 (0.0, 0.0, 1.0)
6 6 (0.3997142857142859, 0.050000000000000044, 0.95)
0 0 (0.0, 0.0, 1.0)
7 7 (0.95, 0.050000000000000044, 0.728857142857142)
0 0 (0.0, 0.0, 1.0)
Plot Whole_fd.pdf in 'file:///F:/torch_joff/joff/Result/DAE_HY/fd_Act1/re-Q-kde/Whole_fd.pdf'
