
VAE(
  (loss_func): MSELoss()
  (encoder): Sequential(
    (0): Dropout(p=0.0347, inplace=False)
    (1): Linear(in_features=520, out_features=260, bias=True)
    (2): Gaussian()
  )
  (u): Sequential(
    (0): Dropout(p=0.0173, inplace=False)
    (1): Linear(in_features=260, out_features=130, bias=True)
    (2): Affine()
  )
  (logv2): Sequential(
    (0): Dropout(p=0.0173, inplace=False)
    (1): Linear(in_features=260, out_features=130, bias=True)
    (2): Affine()
  )
  (decoder): Sequential(
    (0): Linear(in_features=130, out_features=260, bias=True)
    (1): Affine()
    (2): Dropout(p=0.0173, inplace=False)
    (3): Linear(in_features=260, out_features=520, bias=True)
    (4): Affine()
  )
)

run paras: {'run_times': 1, 'multirun_seed': 'r*2', '_run_id': '', 'e': 24, 'load_para_type': None, 'load_sub': None, 'load_file_name': None, 'view_addi_info': ['recon_loss', 'kl_loss', 'loss'], 'if_log': True, 'if_epoch_eval': None, 'if_vmap': False, 'if_save_excel': True, 'if_save_plot': True, 'fd_pr': ['re-T2&Q-kde'], 'fd_pr_dt': [{'mm': 're', 'ts': 'T2', 'thrd_meth': 'kde'}, {'mm': 're', 'ts': 'Q', 'thrd_meth': 'kde'}], 'fd_pr_name': ['re-T2-kde', 're-Q-kde'], 'expt_FAR': 0.02, 'ts_post_op': None, 'if_use_lstsq': True, 'if_plot_mm_kde': False, 'if_plot_score_hm': False, 'if_plot_cov_inv': True, 'if_save_ts': False, 'alld_error': 0.005, 'cl': 0.995, 'if_intp': False}

Train VAE_HY/selected1_fd_Act1 via cuda:
Epoch: 24 - 786/786 | recon_loss = 60.3286, kl_loss = 30.9804, loss = 91.3089                
Finish training~ Spend 128 seconds

Mean training losses: ['train-recon_loss' 'train-kl_loss' 'train-loss'] = [44.5605 29.6414 74.202 ]

Save model paras [Last] in 'file:///F:/torch_joff/joff/Result/VAE_HY/selected1_fd_Act1'

1) 're-T2-kde':
Threshold = 1639.46

The test false alarm rates (FARs) are:
[0.   0.   0.   1.23 0.   0.   0.   0.  ](%)

The test missed detection rates (MDRs) are:
[61.45 46.81 46.55 50.73 57.19 38.14 93.28 81.25](%)

The test AFAR is 0.15(%).
The test AMDR is 58.56(%).

2) 're-Q-kde':
Threshold = 100.28

The test false alarm rates (FARs) are:
[0.   0.   0.   0.   0.   3.09 0.   3.09](%)

The test missed detection rates (MDRs) are:
[44.75 29.75 39.77 29.27 47.83 14.95 81.76 82.11](%)

The test AFAR is 0.77(%).
The test AMDR is 45.36(%).

Save FD Result.xlsx in 'file:///F:/torch_joff/joff/Result/VAE_HY/selected1_fd_Act1/FD%20Result.xlsx'
Plot Epoch-Loss.pdf in 'file:///F:/torch_joff/joff/Result/VAE_HY/selected1_fd_Act1/Epoch-Loss.pdf'
Plot Normal.pdf in 'file:///F:/torch_joff/joff/Result/VAE_HY/selected1_fd_Act1/re-T2-kde/Normal.pdf'
Plot Fault 1.pdf in 'file:///F:/torch_joff/joff/Result/VAE_HY/selected1_fd_Act1/re-T2-kde/Fault%201.pdf'
Plot Fault 2.pdf in 'file:///F:/torch_joff/joff/Result/VAE_HY/selected1_fd_Act1/re-T2-kde/Fault%202.pdf'
Plot Fault 3.pdf in 'file:///F:/torch_joff/joff/Result/VAE_HY/selected1_fd_Act1/re-T2-kde/Fault%203.pdf'
Plot Fault 4.pdf in 'file:///F:/torch_joff/joff/Result/VAE_HY/selected1_fd_Act1/re-T2-kde/Fault%204.pdf'
Plot Fault 5.pdf in 'file:///F:/torch_joff/joff/Result/VAE_HY/selected1_fd_Act1/re-T2-kde/Fault%205.pdf'
Plot Fault 6.pdf in 'file:///F:/torch_joff/joff/Result/VAE_HY/selected1_fd_Act1/re-T2-kde/Fault%206.pdf'
Plot Fault 7.pdf in 'file:///F:/torch_joff/joff/Result/VAE_HY/selected1_fd_Act1/re-T2-kde/Fault%207.pdf'
Plot Fault 8.pdf in 'file:///F:/torch_joff/joff/Result/VAE_HY/selected1_fd_Act1/re-T2-kde/Fault%208.pdf'
Plot Whole_fd.pdf in 'file:///F:/torch_joff/joff/Result/VAE_HY/selected1_fd_Act1/re-T2-kde/Whole_fd.pdf'
Plot Normal.pdf in 'file:///F:/torch_joff/joff/Result/VAE_HY/selected1_fd_Act1/re-Q-kde/Normal.pdf'
Plot Fault 1.pdf in 'file:///F:/torch_joff/joff/Result/VAE_HY/selected1_fd_Act1/re-Q-kde/Fault%201.pdf'
Plot Fault 2.pdf in 'file:///F:/torch_joff/joff/Result/VAE_HY/selected1_fd_Act1/re-Q-kde/Fault%202.pdf'
Plot Fault 3.pdf in 'file:///F:/torch_joff/joff/Result/VAE_HY/selected1_fd_Act1/re-Q-kde/Fault%203.pdf'
Plot Fault 4.pdf in 'file:///F:/torch_joff/joff/Result/VAE_HY/selected1_fd_Act1/re-Q-kde/Fault%204.pdf'
Plot Fault 5.pdf in 'file:///F:/torch_joff/joff/Result/VAE_HY/selected1_fd_Act1/re-Q-kde/Fault%205.pdf'
Plot Fault 6.pdf in 'file:///F:/torch_joff/joff/Result/VAE_HY/selected1_fd_Act1/re-Q-kde/Fault%206.pdf'
Plot Fault 7.pdf in 'file:///F:/torch_joff/joff/Result/VAE_HY/selected1_fd_Act1/re-Q-kde/Fault%207.pdf'
Plot Fault 8.pdf in 'file:///F:/torch_joff/joff/Result/VAE_HY/selected1_fd_Act1/re-Q-kde/Fault%208.pdf'
Plot Whole_fd.pdf in 'file:///F:/torch_joff/joff/Result/VAE_HY/selected1_fd_Act1/re-Q-kde/Whole_fd.pdf'
