
DAE(
  (loss_func): MSELoss()
  (encoder): Sequential(
    (0): Dropout(p=0.052, inplace=False)
    (1): Linear(in_features=520, out_features=173, bias=True)
    (2): Gaussian()
    (3): Dropout(p=0.0173, inplace=False)
    (4): Linear(in_features=173, out_features=115, bias=True)
    (5): Tanh()
  )
  (decoder): Sequential(
    (0): Dropout(p=0.0115, inplace=False)
    (1): Linear(in_features=115, out_features=173, bias=True)
    (2): Affine()
    (3): Dropout(p=0.0173, inplace=False)
    (4): Linear(in_features=173, out_features=520, bias=True)
    (5): Affine()
  )
)

run paras: {'run_times': 1, 'multirun_seed': 'r*2', '_run_id': '', 'e': 24, 'load_para_type': None, 'load_sub': None, 'load_file_name': None, 'view_addi_info': ['loss'], 'if_log': True, 'if_epoch_eval': None, 'if_vmap': False, 'if_save_excel': True, 'if_save_plot': True, 'fd_pr': ['re-T2&Q-kde'], 'fd_pr_dt': [{'mm': 're', 'ts': 'T2', 'thrd_meth': 'kde'}, {'mm': 're', 'ts': 'Q', 'thrd_meth': 'kde'}], 'fd_pr_name': ['re-T2-kde', 're-Q-kde'], 'expt_FAR': 0.02, 'ts_post_op': None, 'if_use_lstsq': True, 'if_plot_mm_kde': False, 'if_plot_score_hm': False, 'if_plot_cov_inv': True, 'if_save_ts': True, 'alld_error': 0.005, 'cl': 0.995, 'if_intp': False}

Train DAE_HY/fd_Act4 via cuda:
Epoch: 24 - 804/804 | loss = 0.0201                
Finish training~ Spend 51 seconds

Mean training losses: ['train-loss'] = [0.029]

Save model paras [Last] in 'file:///F:/torch_joff/joff/Result/DAE_HY/fd_Act4'

1) 're-T2-kde':
Threshold = 1557.17

The test false alarm rates (FARs) are:
[5.67 0.   2.84 3.55 6.38 0.   6.38 0.  ](%)

The test missed detection rates (MDRs) are:
[37.56 16.31 29.63 15.61 16.03  1.08 33.88 61.7 ](%)

The test AFAR is 3.11(%).
The test AMDR is 28.64(%).

2) 're-Q-kde':
Threshold = 29.21

The test false alarm rates (FARs) are:
[71.63  0.   46.1  37.59 17.02  4.96 19.15  0.  ](%)

The test missed detection rates (MDRs) are:
[34.39 17.82 14.92 18.05  9.92  1.2  17.15 61.77](%)

The test AFAR is 24.58(%).
The test AMDR is 25.08(%).

Save FD Result.xlsx in 'file:///F:/torch_joff/joff/Result/DAE_HY/fd_Act4/FD%20Result.xlsx'
Plot Epoch-Loss.pdf in 'file:///F:/torch_joff/joff/Result/DAE_HY/fd_Act4/Epoch-Loss.pdf'
Plot Normal.pdf in 'file:///F:/torch_joff/joff/Result/DAE_HY/fd_Act4/re-T2-kde/Normal.pdf'
Plot Fault 1.pdf in 'file:///F:/torch_joff/joff/Result/DAE_HY/fd_Act4/re-T2-kde/Fault%201.pdf'
Plot Fault 2.pdf in 'file:///F:/torch_joff/joff/Result/DAE_HY/fd_Act4/re-T2-kde/Fault%202.pdf'
Plot Fault 3.pdf in 'file:///F:/torch_joff/joff/Result/DAE_HY/fd_Act4/re-T2-kde/Fault%203.pdf'
Plot Fault 4.pdf in 'file:///F:/torch_joff/joff/Result/DAE_HY/fd_Act4/re-T2-kde/Fault%204.pdf'
Plot Fault 5.pdf in 'file:///F:/torch_joff/joff/Result/DAE_HY/fd_Act4/re-T2-kde/Fault%205.pdf'
Plot Fault 6.pdf in 'file:///F:/torch_joff/joff/Result/DAE_HY/fd_Act4/re-T2-kde/Fault%206.pdf'
Plot Fault 7.pdf in 'file:///F:/torch_joff/joff/Result/DAE_HY/fd_Act4/re-T2-kde/Fault%207.pdf'
Plot Fault 8.pdf in 'file:///F:/torch_joff/joff/Result/DAE_HY/fd_Act4/re-T2-kde/Fault%208.pdf'
Plot Whole_fd.pdf in 'file:///F:/torch_joff/joff/Result/DAE_HY/fd_Act4/re-T2-kde/Whole_fd.pdf'
Plot Normal.pdf in 'file:///F:/torch_joff/joff/Result/DAE_HY/fd_Act4/re-Q-kde/Normal.pdf'
Plot Fault 1.pdf in 'file:///F:/torch_joff/joff/Result/DAE_HY/fd_Act4/re-Q-kde/Fault%201.pdf'
Plot Fault 2.pdf in 'file:///F:/torch_joff/joff/Result/DAE_HY/fd_Act4/re-Q-kde/Fault%202.pdf'
Plot Fault 3.pdf in 'file:///F:/torch_joff/joff/Result/DAE_HY/fd_Act4/re-Q-kde/Fault%203.pdf'
Plot Fault 4.pdf in 'file:///F:/torch_joff/joff/Result/DAE_HY/fd_Act4/re-Q-kde/Fault%204.pdf'
Plot Fault 5.pdf in 'file:///F:/torch_joff/joff/Result/DAE_HY/fd_Act4/re-Q-kde/Fault%205.pdf'
Plot Fault 6.pdf in 'file:///F:/torch_joff/joff/Result/DAE_HY/fd_Act4/re-Q-kde/Fault%206.pdf'
Plot Fault 7.pdf in 'file:///F:/torch_joff/joff/Result/DAE_HY/fd_Act4/re-Q-kde/Fault%207.pdf'
Plot Fault 8.pdf in 'file:///F:/torch_joff/joff/Result/DAE_HY/fd_Act4/re-Q-kde/Fault%208.pdf'
Plot Whole_fd.pdf in 'file:///F:/torch_joff/joff/Result/DAE_HY/fd_Act4/re-Q-kde/Whole_fd.pdf'
