
PFBO(
  (loss_func): MSELoss()
  (H_E): NICE(
    (loss_func): MSELoss()
    (layers): ModuleList(
      (0): AdditiveCouplingLayer(
        (loss_func): MSELoss()
        (net): Sequential(
          (0): Linear(in_features=130, out_features=130, bias=True)
          (1): Gaussian()
          (2): Linear(in_features=130, out_features=130, bias=True)
          (3): Affine()
        )
      )
      (1): AdditiveCouplingLayer(
        (loss_func): MSELoss()
        (net): Sequential(
          (0): Linear(in_features=130, out_features=130, bias=True)
          (1): Sigmoid()
          (2): Linear(in_features=130, out_features=130, bias=True)
          (3): Affine()
        )
      )
      (2): AdditiveCouplingLayer(
        (loss_func): MSELoss()
        (net): Sequential(
          (0): Linear(in_features=130, out_features=130, bias=True)
          (1): Gaussian()
          (2): Linear(in_features=130, out_features=130, bias=True)
          (3): Affine()
        )
      )
    )
  )
  (H_P): NICE(
    (loss_func): MSELoss()
    (layers): ModuleList(
      (0): AdditiveCouplingLayer(
        (loss_func): MSELoss()
        (net): Sequential(
          (0): Linear(in_features=130, out_features=130, bias=True)
          (1): Gaussian()
          (2): Linear(in_features=130, out_features=130, bias=True)
          (3): Affine()
        )
      )
      (1-2): 2 x AdditiveCouplingLayer(
        (loss_func): MSELoss()
        (net): Sequential(
          (0): Linear(in_features=130, out_features=130, bias=True)
          (1): Affine()
          (2): Linear(in_features=130, out_features=130, bias=True)
          (3): Affine()
        )
      )
    )
  )
)

run paras: {'run_times': 1, 'multirun_seed': 'r*2', '_run_id': '', 'e': 1, 'load_para_type': None, 'load_sub': None, 'load_file_name': None, 'load_path_replace': None, 'view_addi_info': ['forward_loss', 'reverse_loss', 'x_recon_loss', 'loss'], 'if_log': True, 'if_epoch_eval': None, 'if_vmap': False, 'if_save_excel': True, 'if_save_plot': True, 'fd_pr': ['cust_mm_hp&cust_mm_x&cust_mm_catx&cust_mm_cat-T2&Q-kde'], 'fd_pr_dt': [{'mm': 'cust_mm_hp', 'ts': 'T2', 'thrd_meth': 'kde'}, {'mm': 'cust_mm_hp', 'ts': 'Q', 'thrd_meth': 'kde'}, {'mm': 'cust_mm_x', 'ts': 'T2', 'thrd_meth': 'kde'}, {'mm': 'cust_mm_x', 'ts': 'Q', 'thrd_meth': 'kde'}, {'mm': 'cust_mm_catx', 'ts': 'T2', 'thrd_meth': 'kde'}, {'mm': 'cust_mm_catx', 'ts': 'Q', 'thrd_meth': 'kde'}, {'mm': 'cust_mm_cat', 'ts': 'T2', 'thrd_meth': 'kde'}, {'mm': 'cust_mm_cat', 'ts': 'Q', 'thrd_meth': 'kde'}], 'fd_pr_name': ['cust_mm_hp-T2-kde', 'cust_mm_hp-Q-kde', 'cust_mm_x-T2-kde', 'cust_mm_x-Q-kde', 'cust_mm_catx-T2-kde', 'cust_mm_catx-Q-kde', 'cust_mm_cat-T2-kde', 'cust_mm_cat-Q-kde'], 'expt_FAR': 0.02, 'ts_post_op': None, 'if_use_lstsq': True, 'if_plot_mm_kde': False, 'if_plot_score_hm': False, 'if_plot_cov_inv': True, 'if_save_ts': False, 'alld_error': 0.005, 'cl': 0.995, 'if_intp': False}

Train PFBO_HY/fd_Act1 via cuda:
Epoch: 1 - 819/819 | forward_loss = 17.2166, reverse_loss = 32.8818, x_recon_loss = 22.6827, loss = 72.7811                
Finish training~ Spend 14 seconds

Mean training losses: ['train-forward_loss' 'train-reverse_loss' 'train-x_recon_loss'
 'train-loss'] = [ 73.9528  88.4892  48.4633 210.9054]

Save model paras [Last] in 'file:///F:/torch_joff/joff/Result/PFBO_HY/fd_Act1'

1) 'cust_mm_hp-T2-kde':
Threshold = 697.31

The test false alarm rates (FARs) are:
[0. 0. 0. 0. 0. 0. 0. 0.](%)

The test missed detection rates (MDRs) are:
[64.88 45.03 64.8  76.1  64.55 33.51 94.79 95.08](%)

The test AFAR is 0.0(%).
The test AMDR is 63.45(%).

2) 'cust_mm_hp-Q-kde':
Threshold = 77.25

The test false alarm rates (FARs) are:
[0. 0. 0. 0. 0. 0. 0. 0.](%)

The test missed detection rates (MDRs) are:
[77.1  67.24 65.25 77.56 69.23 42.46 95.47 96.14](%)

The test AFAR is 0.0(%).
The test AMDR is 71.91(%).

3) 'cust_mm_x-T2-kde':
Threshold = 690.28

The test false alarm rates (FARs) are:
[0. 0. 0. 0. 0. 0. 0. 0.](%)

The test missed detection rates (MDRs) are:
[67.72 53.53 65.7  78.54 64.55 40.48 95.06 95.68](%)

The test AFAR is 0.0(%).
The test AMDR is 67.16(%).

4) 'cust_mm_x-Q-kde':
Threshold = 67.84

The test false alarm rates (FARs) are:
[0. 0. 0. 0. 0. 0. 0. 0.](%)

The test missed detection rates (MDRs) are:
[88.32 79.64 93.74 86.83 76.92 46.19 95.47 96.08](%)

The test AFAR is 0.0(%).
The test AMDR is 80.49(%).

5) 'cust_mm_catx-T2-kde':
Threshold = 1769.88

The test false alarm rates (FARs) are:
[0. 0. 0. 0. 0. 0. 0. 0.](%)

The test missed detection rates (MDRs) are:
[32.08 15.35 31.62 20.    9.36  1.38 22.22 65.82](%)

The test AFAR is 0.0(%).
The test AMDR is 27.05(%).

6) 'cust_mm_catx-Q-kde':
Threshold = 227.71

The test false alarm rates (FARs) are:
[0. 0. 0. 0. 0. 0. 0. 0.](%)

The test missed detection rates (MDRs) are:
[74.26 63.19 64.8  78.05 62.54 42.94 95.61 96.01](%)

The test AFAR is 0.0(%).
The test AMDR is 70.49(%).

7) 'cust_mm_cat-T2-kde':
Threshold = 1263.77

The test false alarm rates (FARs) are:
[0. 0. 0. 0. 0. 0. 0. 0.](%)

The test missed detection rates (MDRs) are:
[42.24 19.47 44.25 45.85 12.37  7.45 51.17 83.84](%)

The test AFAR is 0.0(%).
The test AMDR is 38.8(%).

8) 'cust_mm_cat-Q-kde':
Threshold = 160.32

The test false alarm rates (FARs) are:
[0. 0. 0. 0. 0. 0. 0. 0.](%)

The test missed detection rates (MDRs) are:
[72.28 58.67 64.58 77.07 54.52 40.9  95.61 96.01](%)

The test AFAR is 0.0(%).
The test AMDR is 68.58(%).

Save FD Result.xlsx in 'file:///F:/torch_joff/joff/Result/PFBO_HY/fd_Act1/FD%20Result.xlsx'
Plot Epoch-Loss.pdf in 'file:///F:/torch_joff/joff/Result/PFBO_HY/fd_Act1/Epoch-Loss.pdf'
Plot Normal.pdf of hp-T2-kde in 'file:///F:/torch_joff/joff/Result/PFBO_HY/fd_Act1/cust_mm_hp-T2-kde/Normal.pdf'
Plot Fault 1.pdf of hp-T2-kde in 'file:///F:/torch_joff/joff/Result/PFBO_HY/fd_Act1/cust_mm_hp-T2-kde/Fault%201.pdf'
Plot Fault 2.pdf of hp-T2-kde in 'file:///F:/torch_joff/joff/Result/PFBO_HY/fd_Act1/cust_mm_hp-T2-kde/Fault%202.pdf'
Plot Fault 3.pdf of hp-T2-kde in 'file:///F:/torch_joff/joff/Result/PFBO_HY/fd_Act1/cust_mm_hp-T2-kde/Fault%203.pdf'
Plot Fault 4.pdf of hp-T2-kde in 'file:///F:/torch_joff/joff/Result/PFBO_HY/fd_Act1/cust_mm_hp-T2-kde/Fault%204.pdf'
Plot Fault 5.pdf of hp-T2-kde in 'file:///F:/torch_joff/joff/Result/PFBO_HY/fd_Act1/cust_mm_hp-T2-kde/Fault%205.pdf'
Plot Fault 6.pdf of hp-T2-kde in 'file:///F:/torch_joff/joff/Result/PFBO_HY/fd_Act1/cust_mm_hp-T2-kde/Fault%206.pdf'
Plot Fault 7.pdf of hp-T2-kde in 'file:///F:/torch_joff/joff/Result/PFBO_HY/fd_Act1/cust_mm_hp-T2-kde/Fault%207.pdf'
Plot Fault 8.pdf of hp-T2-kde in 'file:///F:/torch_joff/joff/Result/PFBO_HY/fd_Act1/cust_mm_hp-T2-kde/Fault%208.pdf'
Plot Whole_fd.pdf of hp-T2-kde in 'file:///F:/torch_joff/joff/Result/PFBO_HY/fd_Act1/cust_mm_hp-T2-kde/Whole_fd.pdf'
Plot Normal.pdf of hp-Q-kde in 'file:///F:/torch_joff/joff/Result/PFBO_HY/fd_Act1/cust_mm_hp-Q-kde/Normal.pdf'
Plot Fault 1.pdf of hp-Q-kde in 'file:///F:/torch_joff/joff/Result/PFBO_HY/fd_Act1/cust_mm_hp-Q-kde/Fault%201.pdf'
Plot Fault 2.pdf of hp-Q-kde in 'file:///F:/torch_joff/joff/Result/PFBO_HY/fd_Act1/cust_mm_hp-Q-kde/Fault%202.pdf'
Plot Fault 3.pdf of hp-Q-kde in 'file:///F:/torch_joff/joff/Result/PFBO_HY/fd_Act1/cust_mm_hp-Q-kde/Fault%203.pdf'
Plot Fault 4.pdf of hp-Q-kde in 'file:///F:/torch_joff/joff/Result/PFBO_HY/fd_Act1/cust_mm_hp-Q-kde/Fault%204.pdf'
Plot Fault 5.pdf of hp-Q-kde in 'file:///F:/torch_joff/joff/Result/PFBO_HY/fd_Act1/cust_mm_hp-Q-kde/Fault%205.pdf'
Plot Fault 6.pdf of hp-Q-kde in 'file:///F:/torch_joff/joff/Result/PFBO_HY/fd_Act1/cust_mm_hp-Q-kde/Fault%206.pdf'
Plot Fault 7.pdf of hp-Q-kde in 'file:///F:/torch_joff/joff/Result/PFBO_HY/fd_Act1/cust_mm_hp-Q-kde/Fault%207.pdf'
Plot Fault 8.pdf of hp-Q-kde in 'file:///F:/torch_joff/joff/Result/PFBO_HY/fd_Act1/cust_mm_hp-Q-kde/Fault%208.pdf'
Plot Whole_fd.pdf of hp-Q-kde in 'file:///F:/torch_joff/joff/Result/PFBO_HY/fd_Act1/cust_mm_hp-Q-kde/Whole_fd.pdf'
Plot Normal.pdf of x-T2-kde in 'file:///F:/torch_joff/joff/Result/PFBO_HY/fd_Act1/cust_mm_x-T2-kde/Normal.pdf'
Plot Fault 1.pdf of x-T2-kde in 'file:///F:/torch_joff/joff/Result/PFBO_HY/fd_Act1/cust_mm_x-T2-kde/Fault%201.pdf'
Plot Fault 2.pdf of x-T2-kde in 'file:///F:/torch_joff/joff/Result/PFBO_HY/fd_Act1/cust_mm_x-T2-kde/Fault%202.pdf'
Plot Fault 3.pdf of x-T2-kde in 'file:///F:/torch_joff/joff/Result/PFBO_HY/fd_Act1/cust_mm_x-T2-kde/Fault%203.pdf'
Plot Fault 4.pdf of x-T2-kde in 'file:///F:/torch_joff/joff/Result/PFBO_HY/fd_Act1/cust_mm_x-T2-kde/Fault%204.pdf'
Plot Fault 5.pdf of x-T2-kde in 'file:///F:/torch_joff/joff/Result/PFBO_HY/fd_Act1/cust_mm_x-T2-kde/Fault%205.pdf'
Plot Fault 6.pdf of x-T2-kde in 'file:///F:/torch_joff/joff/Result/PFBO_HY/fd_Act1/cust_mm_x-T2-kde/Fault%206.pdf'
Plot Fault 7.pdf of x-T2-kde in 'file:///F:/torch_joff/joff/Result/PFBO_HY/fd_Act1/cust_mm_x-T2-kde/Fault%207.pdf'
Plot Fault 8.pdf of x-T2-kde in 'file:///F:/torch_joff/joff/Result/PFBO_HY/fd_Act1/cust_mm_x-T2-kde/Fault%208.pdf'
Plot Whole_fd.pdf of x-T2-kde in 'file:///F:/torch_joff/joff/Result/PFBO_HY/fd_Act1/cust_mm_x-T2-kde/Whole_fd.pdf'
Plot Normal.pdf of x-Q-kde in 'file:///F:/torch_joff/joff/Result/PFBO_HY/fd_Act1/cust_mm_x-Q-kde/Normal.pdf'
Plot Fault 1.pdf of x-Q-kde in 'file:///F:/torch_joff/joff/Result/PFBO_HY/fd_Act1/cust_mm_x-Q-kde/Fault%201.pdf'
Plot Fault 2.pdf of x-Q-kde in 'file:///F:/torch_joff/joff/Result/PFBO_HY/fd_Act1/cust_mm_x-Q-kde/Fault%202.pdf'
Plot Fault 3.pdf of x-Q-kde in 'file:///F:/torch_joff/joff/Result/PFBO_HY/fd_Act1/cust_mm_x-Q-kde/Fault%203.pdf'
Plot Fault 4.pdf of x-Q-kde in 'file:///F:/torch_joff/joff/Result/PFBO_HY/fd_Act1/cust_mm_x-Q-kde/Fault%204.pdf'
Plot Fault 5.pdf of x-Q-kde in 'file:///F:/torch_joff/joff/Result/PFBO_HY/fd_Act1/cust_mm_x-Q-kde/Fault%205.pdf'
Plot Fault 6.pdf of x-Q-kde in 'file:///F:/torch_joff/joff/Result/PFBO_HY/fd_Act1/cust_mm_x-Q-kde/Fault%206.pdf'
Plot Fault 7.pdf of x-Q-kde in 'file:///F:/torch_joff/joff/Result/PFBO_HY/fd_Act1/cust_mm_x-Q-kde/Fault%207.pdf'
Plot Fault 8.pdf of x-Q-kde in 'file:///F:/torch_joff/joff/Result/PFBO_HY/fd_Act1/cust_mm_x-Q-kde/Fault%208.pdf'
Plot Whole_fd.pdf of x-Q-kde in 'file:///F:/torch_joff/joff/Result/PFBO_HY/fd_Act1/cust_mm_x-Q-kde/Whole_fd.pdf'
Plot Normal.pdf of catx-T2-kde in 'file:///F:/torch_joff/joff/Result/PFBO_HY/fd_Act1/cust_mm_catx-T2-kde/Normal.pdf'
Plot Fault 1.pdf of catx-T2-kde in 'file:///F:/torch_joff/joff/Result/PFBO_HY/fd_Act1/cust_mm_catx-T2-kde/Fault%201.pdf'
Plot Fault 2.pdf of catx-T2-kde in 'file:///F:/torch_joff/joff/Result/PFBO_HY/fd_Act1/cust_mm_catx-T2-kde/Fault%202.pdf'
Plot Fault 3.pdf of catx-T2-kde in 'file:///F:/torch_joff/joff/Result/PFBO_HY/fd_Act1/cust_mm_catx-T2-kde/Fault%203.pdf'
Plot Fault 4.pdf of catx-T2-kde in 'file:///F:/torch_joff/joff/Result/PFBO_HY/fd_Act1/cust_mm_catx-T2-kde/Fault%204.pdf'
Plot Fault 5.pdf of catx-T2-kde in 'file:///F:/torch_joff/joff/Result/PFBO_HY/fd_Act1/cust_mm_catx-T2-kde/Fault%205.pdf'
Plot Fault 6.pdf of catx-T2-kde in 'file:///F:/torch_joff/joff/Result/PFBO_HY/fd_Act1/cust_mm_catx-T2-kde/Fault%206.pdf'
Plot Fault 7.pdf of catx-T2-kde in 'file:///F:/torch_joff/joff/Result/PFBO_HY/fd_Act1/cust_mm_catx-T2-kde/Fault%207.pdf'
Plot Fault 8.pdf of catx-T2-kde in 'file:///F:/torch_joff/joff/Result/PFBO_HY/fd_Act1/cust_mm_catx-T2-kde/Fault%208.pdf'
Plot Whole_fd.pdf of catx-T2-kde in 'file:///F:/torch_joff/joff/Result/PFBO_HY/fd_Act1/cust_mm_catx-T2-kde/Whole_fd.pdf'
Plot Normal.pdf of catx-Q-kde in 'file:///F:/torch_joff/joff/Result/PFBO_HY/fd_Act1/cust_mm_catx-Q-kde/Normal.pdf'
Plot Fault 1.pdf of catx-Q-kde in 'file:///F:/torch_joff/joff/Result/PFBO_HY/fd_Act1/cust_mm_catx-Q-kde/Fault%201.pdf'
Plot Fault 2.pdf of catx-Q-kde in 'file:///F:/torch_joff/joff/Result/PFBO_HY/fd_Act1/cust_mm_catx-Q-kde/Fault%202.pdf'
Plot Fault 3.pdf of catx-Q-kde in 'file:///F:/torch_joff/joff/Result/PFBO_HY/fd_Act1/cust_mm_catx-Q-kde/Fault%203.pdf'
Plot Fault 4.pdf of catx-Q-kde in 'file:///F:/torch_joff/joff/Result/PFBO_HY/fd_Act1/cust_mm_catx-Q-kde/Fault%204.pdf'
Plot Fault 5.pdf of catx-Q-kde in 'file:///F:/torch_joff/joff/Result/PFBO_HY/fd_Act1/cust_mm_catx-Q-kde/Fault%205.pdf'
Plot Fault 6.pdf of catx-Q-kde in 'file:///F:/torch_joff/joff/Result/PFBO_HY/fd_Act1/cust_mm_catx-Q-kde/Fault%206.pdf'
Plot Fault 7.pdf of catx-Q-kde in 'file:///F:/torch_joff/joff/Result/PFBO_HY/fd_Act1/cust_mm_catx-Q-kde/Fault%207.pdf'
Plot Fault 8.pdf of catx-Q-kde in 'file:///F:/torch_joff/joff/Result/PFBO_HY/fd_Act1/cust_mm_catx-Q-kde/Fault%208.pdf'
Plot Whole_fd.pdf of catx-Q-kde in 'file:///F:/torch_joff/joff/Result/PFBO_HY/fd_Act1/cust_mm_catx-Q-kde/Whole_fd.pdf'
Plot Normal.pdf of cat-T2-kde in 'file:///F:/torch_joff/joff/Result/PFBO_HY/fd_Act1/cust_mm_cat-T2-kde/Normal.pdf'
Plot Fault 1.pdf of cat-T2-kde in 'file:///F:/torch_joff/joff/Result/PFBO_HY/fd_Act1/cust_mm_cat-T2-kde/Fault%201.pdf'
Plot Fault 2.pdf of cat-T2-kde in 'file:///F:/torch_joff/joff/Result/PFBO_HY/fd_Act1/cust_mm_cat-T2-kde/Fault%202.pdf'
Plot Fault 3.pdf of cat-T2-kde in 'file:///F:/torch_joff/joff/Result/PFBO_HY/fd_Act1/cust_mm_cat-T2-kde/Fault%203.pdf'
Plot Fault 4.pdf of cat-T2-kde in 'file:///F:/torch_joff/joff/Result/PFBO_HY/fd_Act1/cust_mm_cat-T2-kde/Fault%204.pdf'
Plot Fault 5.pdf of cat-T2-kde in 'file:///F:/torch_joff/joff/Result/PFBO_HY/fd_Act1/cust_mm_cat-T2-kde/Fault%205.pdf'
Plot Fault 6.pdf of cat-T2-kde in 'file:///F:/torch_joff/joff/Result/PFBO_HY/fd_Act1/cust_mm_cat-T2-kde/Fault%206.pdf'
Plot Fault 7.pdf of cat-T2-kde in 'file:///F:/torch_joff/joff/Result/PFBO_HY/fd_Act1/cust_mm_cat-T2-kde/Fault%207.pdf'
Plot Fault 8.pdf of cat-T2-kde in 'file:///F:/torch_joff/joff/Result/PFBO_HY/fd_Act1/cust_mm_cat-T2-kde/Fault%208.pdf'
Plot Whole_fd.pdf of cat-T2-kde in 'file:///F:/torch_joff/joff/Result/PFBO_HY/fd_Act1/cust_mm_cat-T2-kde/Whole_fd.pdf'
Plot Normal.pdf of cat-Q-kde in 'file:///F:/torch_joff/joff/Result/PFBO_HY/fd_Act1/cust_mm_cat-Q-kde/Normal.pdf'
Plot Fault 1.pdf of cat-Q-kde in 'file:///F:/torch_joff/joff/Result/PFBO_HY/fd_Act1/cust_mm_cat-Q-kde/Fault%201.pdf'
Plot Fault 2.pdf of cat-Q-kde in 'file:///F:/torch_joff/joff/Result/PFBO_HY/fd_Act1/cust_mm_cat-Q-kde/Fault%202.pdf'
Plot Fault 3.pdf of cat-Q-kde in 'file:///F:/torch_joff/joff/Result/PFBO_HY/fd_Act1/cust_mm_cat-Q-kde/Fault%203.pdf'
Plot Fault 4.pdf of cat-Q-kde in 'file:///F:/torch_joff/joff/Result/PFBO_HY/fd_Act1/cust_mm_cat-Q-kde/Fault%204.pdf'
Plot Fault 5.pdf of cat-Q-kde in 'file:///F:/torch_joff/joff/Result/PFBO_HY/fd_Act1/cust_mm_cat-Q-kde/Fault%205.pdf'
Plot Fault 6.pdf of cat-Q-kde in 'file:///F:/torch_joff/joff/Result/PFBO_HY/fd_Act1/cust_mm_cat-Q-kde/Fault%206.pdf'
Plot Fault 7.pdf of cat-Q-kde in 'file:///F:/torch_joff/joff/Result/PFBO_HY/fd_Act1/cust_mm_cat-Q-kde/Fault%207.pdf'
Plot Fault 8.pdf of cat-Q-kde in 'file:///F:/torch_joff/joff/Result/PFBO_HY/fd_Act1/cust_mm_cat-Q-kde/Fault%208.pdf'
Plot Whole_fd.pdf of cat-Q-kde in 'file:///F:/torch_joff/joff/Result/PFBO_HY/fd_Act1/cust_mm_cat-Q-kde/Whole_fd.pdf'
