
PFBO(
  (loss_func): MSELoss()
  (H_E): NICE(
    (loss_func): MSELoss()
    (layers): ModuleList(
      (0): AdditiveCouplingLayer(
        (loss_func): MSELoss()
        (net): Sequential(
          (0): Linear(in_features=130, out_features=130, bias=True)
          (1): Gaussian()
          (2): Linear(in_features=130, out_features=130, bias=True)
          (3): Affine()
        )
      )
      (1): AdditiveCouplingLayer(
        (loss_func): MSELoss()
        (net): Sequential(
          (0): Linear(in_features=130, out_features=130, bias=True)
          (1): Sigmoid()
          (2): Linear(in_features=130, out_features=130, bias=True)
          (3): Affine()
        )
      )
      (2): AdditiveCouplingLayer(
        (loss_func): MSELoss()
        (net): Sequential(
          (0): Linear(in_features=130, out_features=130, bias=True)
          (1): Gaussian()
          (2): Linear(in_features=130, out_features=130, bias=True)
          (3): Affine()
        )
      )
    )
  )
  (H_P): NICE(
    (loss_func): MSELoss()
    (layers): ModuleList(
      (0): AdditiveCouplingLayer(
        (loss_func): MSELoss()
        (net): Sequential(
          (0): Linear(in_features=130, out_features=130, bias=True)
          (1): Gaussian()
          (2): Linear(in_features=130, out_features=130, bias=True)
          (3): Affine()
        )
      )
      (1-2): 2 x AdditiveCouplingLayer(
        (loss_func): MSELoss()
        (net): Sequential(
          (0): Linear(in_features=130, out_features=130, bias=True)
          (1): Affine()
          (2): Linear(in_features=130, out_features=130, bias=True)
          (3): Affine()
        )
      )
    )
  )
)

run paras: {'run_times': 1, 'multirun_seed': 'r*2', '_run_id': '', 'e': 1, 'load_para_type': None, 'load_sub': None, 'load_file_name': None, 'load_path_replace': None, 'view_addi_info': ['forward_loss', 'reverse_loss', 'x_recon_loss', 'loss'], 'if_log': True, 'if_epoch_eval': None, 'if_vmap': False, 'if_save_excel': True, 'if_save_plot': True, 'fd_pr': ['cust_mm_hp&cust_mm_x&cust_mm_cat&cust_mm_catx-T2&Q-kde'], 'fd_pr_dt': [{'mm': 'cust_mm_hp', 'ts': 'T2', 'thrd_meth': 'kde'}, {'mm': 'cust_mm_hp', 'ts': 'Q', 'thrd_meth': 'kde'}, {'mm': 'cust_mm_x', 'ts': 'T2', 'thrd_meth': 'kde'}, {'mm': 'cust_mm_x', 'ts': 'Q', 'thrd_meth': 'kde'}, {'mm': 'cust_mm_cat', 'ts': 'T2', 'thrd_meth': 'kde'}, {'mm': 'cust_mm_cat', 'ts': 'Q', 'thrd_meth': 'kde'}, {'mm': 'cust_mm_catx', 'ts': 'T2', 'thrd_meth': 'kde'}, {'mm': 'cust_mm_catx', 'ts': 'Q', 'thrd_meth': 'kde'}], 'fd_pr_name': ['cust_mm_hp-T2-kde', 'cust_mm_hp-Q-kde', 'cust_mm_x-T2-kde', 'cust_mm_x-Q-kde', 'cust_mm_cat-T2-kde', 'cust_mm_cat-Q-kde', 'cust_mm_catx-T2-kde', 'cust_mm_catx-Q-kde'], 'expt_FAR': 0.02, 'ts_post_op': None, 'if_use_lstsq': True, 'if_plot_mm_kde': False, 'if_plot_score_hm': False, 'if_plot_cov_inv': True, 'if_save_ts': False, 'alld_error': 0.005, 'cl': 0.995, 'if_intp': False}

Train PFBO_HY/fd_Act1 via cuda:
Epoch: 1 - 819/819 | forward_loss = 24.0721, reverse_loss = 38.9202, x_recon_loss = 30.8756, loss = 93.8679                
Finish training~ Spend 12 seconds

Mean training losses: ['train-forward_loss' 'train-reverse_loss' 'train-x_recon_loss'
 'train-loss'] = [ 76.1473  91.3643  50.778  218.2896]

Save model paras [Last] in 'file:///F:/torch_joff/joff/Result/PFBO_HY/fd_Act1'

1) 'cust_mm_hp-T2-kde':
Threshold = 690.22

The test false alarm rates (FARs) are:
[0. 0. 0. 0. 0. 0. 0. 0.](%)

The test missed detection rates (MDRs) are:
[67.26 50.93 64.8  76.59 61.87 34.95 93.14 95.01](%)

The test AFAR is 0.0(%).
The test AMDR is 64.97(%).

2) 'cust_mm_hp-Q-kde':
Threshold = 78.37

The test false alarm rates (FARs) are:
[0. 0. 0. 0. 0. 0. 0. 0.](%)

The test missed detection rates (MDRs) are:
[83.17 66.55 65.14 77.56 56.86 44.44 95.61 96.21](%)

The test AFAR is 0.0(%).
The test AMDR is 72.87(%).

3) 'cust_mm_x-T2-kde':
Threshold = 696.22

The test false alarm rates (FARs) are:
[0. 0. 0. 0. 0. 0. 0. 0.](%)

The test missed detection rates (MDRs) are:
[67.33 55.45 67.82 81.46 66.22 34.47 94.24 95.61](%)

The test AFAR is 0.0(%).
The test AMDR is 66.5(%).

4) 'cust_mm_x-Q-kde':
Threshold = 71.63

The test false alarm rates (FARs) are:
[0. 0. 0. 0. 0. 0. 0. 0.](%)

The test missed detection rates (MDRs) are:
[93.99 79.1  95.2  86.83 77.93 47.63 95.75 96.21](%)

The test AFAR is 0.0(%).
The test AMDR is 81.96(%).

5) 'cust_mm_cat-T2-kde':
Threshold = 1253.98

The test false alarm rates (FARs) are:
[0. 0. 0. 0. 0. 0. 0. 0.](%)

The test missed detection rates (MDRs) are:
[44.42 20.36 47.93 47.8  12.71  7.39 63.51 86.64](%)

The test AFAR is 0.0(%).
The test AMDR is 41.4(%).

6) 'cust_mm_cat-Q-kde':
Threshold = 164.63

The test false alarm rates (FARs) are:
[0. 0. 0. 0. 0. 0. 0. 0.](%)

The test missed detection rates (MDRs) are:
[73.86 57.03 64.8  78.54 54.85 44.08 95.47 96.01](%)

The test AFAR is 0.0(%).
The test AMDR is 69.28(%).

7) 'cust_mm_catx-T2-kde':
Threshold = 1777.18

The test false alarm rates (FARs) are:
[0.   0.   0.   0.59 0.   0.   0.   0.  ](%)

The test missed detection rates (MDRs) are:
[31.82 14.74 31.84 20.49  9.36  1.68 28.53 68.02](%)

The test AFAR is 0.07(%).
The test AMDR is 27.94(%).

8) 'cust_mm_catx-Q-kde':
Threshold = 233.05

The test false alarm rates (FARs) are:
[0. 0. 0. 0. 0. 0. 0. 0.](%)

The test missed detection rates (MDRs) are:
[79.01 62.58 65.25 80.   54.85 44.68 95.47 96.01](%)

The test AFAR is 0.0(%).
The test AMDR is 71.41(%).

Save FD Result.xlsx in 'file:///F:/torch_joff/joff/Result/PFBO_HY/fd_Act1/FD%20Result.xlsx'
Traceback (most recent call last):
  File "F:\torch_joff\joff\_run\_run_model.py", line 67, in _run_with_log
    _run_n(self, p)
  File "F:\torch_joff\joff\_run\_run_model.py", line 119, in _run_n
    self.test()
  File "F:\torch_joff\joff\_nn\_fcnn_module.py", line 100, in test
    _test(self, **kwargs)
  File "F:\torch_joff\joff\_test\_test_model.py", line 27, in _test
    _test_model(self, p)
  File "F:\torch_joff\joff\_test\_test_model.py", line 81, in _test_model
    _save_result(self, p)
  File "F:\torch_joff\joff\_save\_save_result.py", line 21, in _save_result
    if p['if_save_plot']: _save_result2plot(self, p)
                          ^^^^^^^^^^^^^^^^^^^^^^^^^^
  File "F:\torch_joff\joff\_save\_save_result.py", line 54, in _save_result2plot
    _plot_loss_perf(self._save_path, self.train_loss_df, self.test_perf_df, self.task, **p)
  File "F:\torch_joff\joff\_plot\_line.py", line 49, in _plot_loss_perf
    _plot(loss, path = path, file = 'Epoch-Loss', **p)
  File "F:\torch_joff\joff\_plot\_line.py", line 239, in _plot
    print(f"Plot {_cstr( file + '.pdf',p['print_color'],'/')} of {p['pr_name']} in '{clickable_text}'")
                                                                  ~^^^^^^^^^^^
KeyError: 'pr_name'
