
PFBO(
  (loss_func): MSELoss()
  (H_E): NICE(
    (loss_func): MSELoss()
    (layers): ModuleList(
      (0): AdditiveCouplingLayer(
        (loss_func): MSELoss()
        (net): Sequential(
          (0): Linear(in_features=130, out_features=130, bias=True)
          (1): Gaussian()
          (2): Linear(in_features=130, out_features=130, bias=True)
          (3): Affine()
        )
      )
      (1): AdditiveCouplingLayer(
        (loss_func): MSELoss()
        (net): Sequential(
          (0): Linear(in_features=130, out_features=130, bias=True)
          (1): Sigmoid()
          (2): Linear(in_features=130, out_features=130, bias=True)
          (3): Affine()
        )
      )
      (2): AdditiveCouplingLayer(
        (loss_func): MSELoss()
        (net): Sequential(
          (0): Linear(in_features=130, out_features=130, bias=True)
          (1): Gaussian()
          (2): Linear(in_features=130, out_features=130, bias=True)
          (3): Affine()
        )
      )
    )
  )
  (H_P): NICE(
    (loss_func): MSELoss()
    (layers): ModuleList(
      (0): AdditiveCouplingLayer(
        (loss_func): MSELoss()
        (net): Sequential(
          (0): Linear(in_features=130, out_features=130, bias=True)
          (1): Gaussian()
          (2): Linear(in_features=130, out_features=130, bias=True)
          (3): Affine()
        )
      )
      (1-2): 2 x AdditiveCouplingLayer(
        (loss_func): MSELoss()
        (net): Sequential(
          (0): Linear(in_features=130, out_features=130, bias=True)
          (1): Affine()
          (2): Linear(in_features=130, out_features=130, bias=True)
          (3): Affine()
        )
      )
    )
  )
)

run paras: {'run_times': 1, 'multirun_seed': 'r*2', '_run_id': '', 'e': 120, 'load_para_type': None, 'load_sub': None, 'load_file_name': None, 'load_path_replace': None, 'view_addi_info': ['forward_loss', 'reverse_loss', 'x_recon_loss', 'u_recon_loss', 'loss'], 'if_log': True, 'if_epoch_eval': None, 'if_vmap': False, 'if_save_excel': True, 'if_save_plot': True, 'fd_pr': ['cust_mm_hp&cust_mm_x&cust_mm_cat&cust_mm_catx-T2&Q-kde'], 'fd_pr_dt': [{'mm': 'cust_mm_hp', 'ts': 'T2', 'thrd_meth': 'kde'}, {'mm': 'cust_mm_hp', 'ts': 'Q', 'thrd_meth': 'kde'}, {'mm': 'cust_mm_x', 'ts': 'T2', 'thrd_meth': 'kde'}, {'mm': 'cust_mm_x', 'ts': 'Q', 'thrd_meth': 'kde'}, {'mm': 'cust_mm_cat', 'ts': 'T2', 'thrd_meth': 'kde'}, {'mm': 'cust_mm_cat', 'ts': 'Q', 'thrd_meth': 'kde'}, {'mm': 'cust_mm_catx', 'ts': 'T2', 'thrd_meth': 'kde'}, {'mm': 'cust_mm_catx', 'ts': 'Q', 'thrd_meth': 'kde'}], 'fd_pr_name': ['cust_mm_hp-T2-kde', 'cust_mm_hp-Q-kde', 'cust_mm_x-T2-kde', 'cust_mm_x-Q-kde', 'cust_mm_cat-T2-kde', 'cust_mm_cat-Q-kde', 'cust_mm_catx-T2-kde', 'cust_mm_catx-Q-kde'], 'expt_FAR': 0.02, 'ts_post_op': None, 'if_use_lstsq': True, 'if_plot_mm_kde': False, 'if_plot_score_hm': False, 'if_plot_cov_inv': True, 'if_save_ts': False, 'alld_error': 0.005, 'cl': 0.995, 'if_intp': False}

Train PFBO_HY/fd_Act1 via cuda:
Epoch: 120 - 799/799 | forward_loss = 3.8104, reverse_loss = 4.3434, x_recon_loss = 0.3850, u_recon_loss = 0.8153, loss = 8.5388                
Finish training~ Spend 1696 seconds

Mean training losses: ['train-forward_loss' 'train-reverse_loss' 'train-x_recon_loss'
 'train-u_recon_loss' 'train-loss'] = [3.5542 3.6283 0.3806 0.75   7.563 ]

Save model paras [Last] in 'file:///F:/torch_joff/joff/Result/PFBO_HY/fd_Act1'

1) 'cust_mm_hp-T2-kde':
Threshold = 689.24

The test false alarm rates (FARs) are:
[0.   0.   0.   0.   0.   0.   7.27 0.  ](%)

The test missed detection rates (MDRs) are:
[35.05 18.3  19.75 19.51  9.36  1.38 12.35 65.36](%)

The test AFAR is 0.91(%).
The test AMDR is 25.86(%).

2) 'cust_mm_hp-Q-kde':
Threshold = 9.66

The test false alarm rates (FARs) are:
[0.   0.   0.   0.   0.   1.82 8.48 4.24](%)

The test missed detection rates (MDRs) are:
[28.25 17.27 12.46 18.05  6.69  0.84  8.92 54.32](%)

The test AFAR is 1.82(%).
The test AMDR is 21.1(%).

3) 'cust_mm_x-T2-kde':
Threshold = 675.03

The test false alarm rates (FARs) are:
[0.   0.   0.   0.   0.   0.   6.67 0.  ](%)

The test missed detection rates (MDRs) are:
[46.47 21.8  36.25 45.85 10.03  2.64 62.28 88.63](%)

The test AFAR is 0.83(%).
The test AMDR is 39.92(%).

4) 'cust_mm_x-Q-kde':
Threshold = 0.92

The test false alarm rates (FARs) are:
[0.   0.   0.   0.   0.   0.   6.67 0.  ](%)

The test missed detection rates (MDRs) are:
[51.75 26.39 38.83 53.66 13.71  8.83 77.78 93.28](%)

The test AFAR is 0.83(%).
The test AMDR is 45.76(%).

5) 'cust_mm_cat-T2-kde':
Threshold = 1241.65

The test false alarm rates (FARs) are:
[0.   0.   0.   0.   0.   0.   6.67 0.  ](%)

The test missed detection rates (MDRs) are:
[19.67 10.56  9.43 12.2   6.35  0.48  1.37 35.7 ](%)

The test AFAR is 0.83(%).
The test AMDR is 13.73(%).

6) 'cust_mm_cat-Q-kde':
Threshold = 19.23

The test false alarm rates (FARs) are:
[0.   0.   0.   0.   0.   1.21 7.88 1.82](%)

The test missed detection rates (MDRs) are:
[30.5  15.28 15.94 16.1   7.02  1.5   7.68 51.93](%)

The test AFAR is 1.36(%).
The test AMDR is 21.08(%).

7) 'cust_mm_catx-T2-kde':
Threshold = 1766.62

The test false alarm rates (FARs) are:
[0.   0.   0.   0.   0.   0.   6.67 0.  ](%)

The test missed detection rates (MDRs) are:
[ 9.83  9.6   6.4   5.37  3.01  0.42  0.   23.87](%)

The test AFAR is 0.83(%).
The test AMDR is 8.85(%).

8) 'cust_mm_catx-Q-kde':
Threshold = 20.10

The test false alarm rates (FARs) are:
[0.   0.   0.   0.   0.   1.21 7.88 1.82](%)

The test missed detection rates (MDRs) are:
[31.22 15.49 16.5  16.1   7.02  1.56  8.5  54.26](%)

The test AFAR is 1.36(%).
The test AMDR is 21.82(%).

Save FD Result.xlsx in 'file:///F:/torch_joff/joff/Result/PFBO_HY/fd_Act1/FD%20Result.xlsx'
Plot Epoch-Loss.pdf in 'file:///F:/torch_joff/joff/Result/PFBO_HY/fd_Act1/Epoch-Loss.pdf'
Plot Normal.pdf [hp-T2-kde] in 'file:///F:/torch_joff/joff/Result/PFBO_HY/fd_Act1/cust_mm_hp-T2-kde/Normal.pdf'
Plot Fault 1.pdf [hp-T2-kde] in 'file:///F:/torch_joff/joff/Result/PFBO_HY/fd_Act1/cust_mm_hp-T2-kde/Fault%201.pdf'
Plot Fault 2.pdf [hp-T2-kde] in 'file:///F:/torch_joff/joff/Result/PFBO_HY/fd_Act1/cust_mm_hp-T2-kde/Fault%202.pdf'
Plot Fault 3.pdf [hp-T2-kde] in 'file:///F:/torch_joff/joff/Result/PFBO_HY/fd_Act1/cust_mm_hp-T2-kde/Fault%203.pdf'
Plot Fault 4.pdf [hp-T2-kde] in 'file:///F:/torch_joff/joff/Result/PFBO_HY/fd_Act1/cust_mm_hp-T2-kde/Fault%204.pdf'
Plot Fault 5.pdf [hp-T2-kde] in 'file:///F:/torch_joff/joff/Result/PFBO_HY/fd_Act1/cust_mm_hp-T2-kde/Fault%205.pdf'
Plot Fault 6.pdf [hp-T2-kde] in 'file:///F:/torch_joff/joff/Result/PFBO_HY/fd_Act1/cust_mm_hp-T2-kde/Fault%206.pdf'
Plot Fault 7.pdf [hp-T2-kde] in 'file:///F:/torch_joff/joff/Result/PFBO_HY/fd_Act1/cust_mm_hp-T2-kde/Fault%207.pdf'
Plot Fault 8.pdf [hp-T2-kde] in 'file:///F:/torch_joff/joff/Result/PFBO_HY/fd_Act1/cust_mm_hp-T2-kde/Fault%208.pdf'
Plot Whole_fd.pdf [hp-T2-kde] in 'file:///F:/torch_joff/joff/Result/PFBO_HY/fd_Act1/cust_mm_hp-T2-kde/Whole_fd.pdf'
Plot Normal.pdf [hp-Q-kde] in 'file:///F:/torch_joff/joff/Result/PFBO_HY/fd_Act1/cust_mm_hp-Q-kde/Normal.pdf'
Plot Fault 1.pdf [hp-Q-kde] in 'file:///F:/torch_joff/joff/Result/PFBO_HY/fd_Act1/cust_mm_hp-Q-kde/Fault%201.pdf'
Plot Fault 2.pdf [hp-Q-kde] in 'file:///F:/torch_joff/joff/Result/PFBO_HY/fd_Act1/cust_mm_hp-Q-kde/Fault%202.pdf'
Plot Fault 3.pdf [hp-Q-kde] in 'file:///F:/torch_joff/joff/Result/PFBO_HY/fd_Act1/cust_mm_hp-Q-kde/Fault%203.pdf'
Plot Fault 4.pdf [hp-Q-kde] in 'file:///F:/torch_joff/joff/Result/PFBO_HY/fd_Act1/cust_mm_hp-Q-kde/Fault%204.pdf'
Plot Fault 5.pdf [hp-Q-kde] in 'file:///F:/torch_joff/joff/Result/PFBO_HY/fd_Act1/cust_mm_hp-Q-kde/Fault%205.pdf'
Plot Fault 6.pdf [hp-Q-kde] in 'file:///F:/torch_joff/joff/Result/PFBO_HY/fd_Act1/cust_mm_hp-Q-kde/Fault%206.pdf'
Plot Fault 7.pdf [hp-Q-kde] in 'file:///F:/torch_joff/joff/Result/PFBO_HY/fd_Act1/cust_mm_hp-Q-kde/Fault%207.pdf'
Plot Fault 8.pdf [hp-Q-kde] in 'file:///F:/torch_joff/joff/Result/PFBO_HY/fd_Act1/cust_mm_hp-Q-kde/Fault%208.pdf'
Plot Whole_fd.pdf [hp-Q-kde] in 'file:///F:/torch_joff/joff/Result/PFBO_HY/fd_Act1/cust_mm_hp-Q-kde/Whole_fd.pdf'
Plot Normal.pdf [x-T2-kde] in 'file:///F:/torch_joff/joff/Result/PFBO_HY/fd_Act1/cust_mm_x-T2-kde/Normal.pdf'
Plot Fault 1.pdf [x-T2-kde] in 'file:///F:/torch_joff/joff/Result/PFBO_HY/fd_Act1/cust_mm_x-T2-kde/Fault%201.pdf'
Plot Fault 2.pdf [x-T2-kde] in 'file:///F:/torch_joff/joff/Result/PFBO_HY/fd_Act1/cust_mm_x-T2-kde/Fault%202.pdf'
Plot Fault 3.pdf [x-T2-kde] in 'file:///F:/torch_joff/joff/Result/PFBO_HY/fd_Act1/cust_mm_x-T2-kde/Fault%203.pdf'
Plot Fault 4.pdf [x-T2-kde] in 'file:///F:/torch_joff/joff/Result/PFBO_HY/fd_Act1/cust_mm_x-T2-kde/Fault%204.pdf'
Plot Fault 5.pdf [x-T2-kde] in 'file:///F:/torch_joff/joff/Result/PFBO_HY/fd_Act1/cust_mm_x-T2-kde/Fault%205.pdf'
Plot Fault 6.pdf [x-T2-kde] in 'file:///F:/torch_joff/joff/Result/PFBO_HY/fd_Act1/cust_mm_x-T2-kde/Fault%206.pdf'
Plot Fault 7.pdf [x-T2-kde] in 'file:///F:/torch_joff/joff/Result/PFBO_HY/fd_Act1/cust_mm_x-T2-kde/Fault%207.pdf'
Plot Fault 8.pdf [x-T2-kde] in 'file:///F:/torch_joff/joff/Result/PFBO_HY/fd_Act1/cust_mm_x-T2-kde/Fault%208.pdf'
Plot Whole_fd.pdf [x-T2-kde] in 'file:///F:/torch_joff/joff/Result/PFBO_HY/fd_Act1/cust_mm_x-T2-kde/Whole_fd.pdf'
Plot Normal.pdf [x-Q-kde] in 'file:///F:/torch_joff/joff/Result/PFBO_HY/fd_Act1/cust_mm_x-Q-kde/Normal.pdf'
Plot Fault 1.pdf [x-Q-kde] in 'file:///F:/torch_joff/joff/Result/PFBO_HY/fd_Act1/cust_mm_x-Q-kde/Fault%201.pdf'
Plot Fault 2.pdf [x-Q-kde] in 'file:///F:/torch_joff/joff/Result/PFBO_HY/fd_Act1/cust_mm_x-Q-kde/Fault%202.pdf'
Plot Fault 3.pdf [x-Q-kde] in 'file:///F:/torch_joff/joff/Result/PFBO_HY/fd_Act1/cust_mm_x-Q-kde/Fault%203.pdf'
Plot Fault 4.pdf [x-Q-kde] in 'file:///F:/torch_joff/joff/Result/PFBO_HY/fd_Act1/cust_mm_x-Q-kde/Fault%204.pdf'
Plot Fault 5.pdf [x-Q-kde] in 'file:///F:/torch_joff/joff/Result/PFBO_HY/fd_Act1/cust_mm_x-Q-kde/Fault%205.pdf'
Plot Fault 6.pdf [x-Q-kde] in 'file:///F:/torch_joff/joff/Result/PFBO_HY/fd_Act1/cust_mm_x-Q-kde/Fault%206.pdf'
Plot Fault 7.pdf [x-Q-kde] in 'file:///F:/torch_joff/joff/Result/PFBO_HY/fd_Act1/cust_mm_x-Q-kde/Fault%207.pdf'
Plot Fault 8.pdf [x-Q-kde] in 'file:///F:/torch_joff/joff/Result/PFBO_HY/fd_Act1/cust_mm_x-Q-kde/Fault%208.pdf'
Plot Whole_fd.pdf [x-Q-kde] in 'file:///F:/torch_joff/joff/Result/PFBO_HY/fd_Act1/cust_mm_x-Q-kde/Whole_fd.pdf'
Plot Normal.pdf [cat-T2-kde] in 'file:///F:/torch_joff/joff/Result/PFBO_HY/fd_Act1/cust_mm_cat-T2-kde/Normal.pdf'
Plot Fault 1.pdf [cat-T2-kde] in 'file:///F:/torch_joff/joff/Result/PFBO_HY/fd_Act1/cust_mm_cat-T2-kde/Fault%201.pdf'
Plot Fault 2.pdf [cat-T2-kde] in 'file:///F:/torch_joff/joff/Result/PFBO_HY/fd_Act1/cust_mm_cat-T2-kde/Fault%202.pdf'
Plot Fault 3.pdf [cat-T2-kde] in 'file:///F:/torch_joff/joff/Result/PFBO_HY/fd_Act1/cust_mm_cat-T2-kde/Fault%203.pdf'
Plot Fault 4.pdf [cat-T2-kde] in 'file:///F:/torch_joff/joff/Result/PFBO_HY/fd_Act1/cust_mm_cat-T2-kde/Fault%204.pdf'
Plot Fault 5.pdf [cat-T2-kde] in 'file:///F:/torch_joff/joff/Result/PFBO_HY/fd_Act1/cust_mm_cat-T2-kde/Fault%205.pdf'
Plot Fault 6.pdf [cat-T2-kde] in 'file:///F:/torch_joff/joff/Result/PFBO_HY/fd_Act1/cust_mm_cat-T2-kde/Fault%206.pdf'
Plot Fault 7.pdf [cat-T2-kde] in 'file:///F:/torch_joff/joff/Result/PFBO_HY/fd_Act1/cust_mm_cat-T2-kde/Fault%207.pdf'
Plot Fault 8.pdf [cat-T2-kde] in 'file:///F:/torch_joff/joff/Result/PFBO_HY/fd_Act1/cust_mm_cat-T2-kde/Fault%208.pdf'
Plot Whole_fd.pdf [cat-T2-kde] in 'file:///F:/torch_joff/joff/Result/PFBO_HY/fd_Act1/cust_mm_cat-T2-kde/Whole_fd.pdf'
Plot Normal.pdf [cat-Q-kde] in 'file:///F:/torch_joff/joff/Result/PFBO_HY/fd_Act1/cust_mm_cat-Q-kde/Normal.pdf'
Plot Fault 1.pdf [cat-Q-kde] in 'file:///F:/torch_joff/joff/Result/PFBO_HY/fd_Act1/cust_mm_cat-Q-kde/Fault%201.pdf'
Plot Fault 2.pdf [cat-Q-kde] in 'file:///F:/torch_joff/joff/Result/PFBO_HY/fd_Act1/cust_mm_cat-Q-kde/Fault%202.pdf'
Plot Fault 3.pdf [cat-Q-kde] in 'file:///F:/torch_joff/joff/Result/PFBO_HY/fd_Act1/cust_mm_cat-Q-kde/Fault%203.pdf'
Plot Fault 4.pdf [cat-Q-kde] in 'file:///F:/torch_joff/joff/Result/PFBO_HY/fd_Act1/cust_mm_cat-Q-kde/Fault%204.pdf'
Plot Fault 5.pdf [cat-Q-kde] in 'file:///F:/torch_joff/joff/Result/PFBO_HY/fd_Act1/cust_mm_cat-Q-kde/Fault%205.pdf'
Plot Fault 6.pdf [cat-Q-kde] in 'file:///F:/torch_joff/joff/Result/PFBO_HY/fd_Act1/cust_mm_cat-Q-kde/Fault%206.pdf'
Plot Fault 7.pdf [cat-Q-kde] in 'file:///F:/torch_joff/joff/Result/PFBO_HY/fd_Act1/cust_mm_cat-Q-kde/Fault%207.pdf'
Plot Fault 8.pdf [cat-Q-kde] in 'file:///F:/torch_joff/joff/Result/PFBO_HY/fd_Act1/cust_mm_cat-Q-kde/Fault%208.pdf'
Plot Whole_fd.pdf [cat-Q-kde] in 'file:///F:/torch_joff/joff/Result/PFBO_HY/fd_Act1/cust_mm_cat-Q-kde/Whole_fd.pdf'
Plot Normal.pdf [catx-T2-kde] in 'file:///F:/torch_joff/joff/Result/PFBO_HY/fd_Act1/cust_mm_catx-T2-kde/Normal.pdf'
Plot Fault 1.pdf [catx-T2-kde] in 'file:///F:/torch_joff/joff/Result/PFBO_HY/fd_Act1/cust_mm_catx-T2-kde/Fault%201.pdf'
Plot Fault 2.pdf [catx-T2-kde] in 'file:///F:/torch_joff/joff/Result/PFBO_HY/fd_Act1/cust_mm_catx-T2-kde/Fault%202.pdf'
Plot Fault 3.pdf [catx-T2-kde] in 'file:///F:/torch_joff/joff/Result/PFBO_HY/fd_Act1/cust_mm_catx-T2-kde/Fault%203.pdf'
Plot Fault 4.pdf [catx-T2-kde] in 'file:///F:/torch_joff/joff/Result/PFBO_HY/fd_Act1/cust_mm_catx-T2-kde/Fault%204.pdf'
Plot Fault 5.pdf [catx-T2-kde] in 'file:///F:/torch_joff/joff/Result/PFBO_HY/fd_Act1/cust_mm_catx-T2-kde/Fault%205.pdf'
Plot Fault 6.pdf [catx-T2-kde] in 'file:///F:/torch_joff/joff/Result/PFBO_HY/fd_Act1/cust_mm_catx-T2-kde/Fault%206.pdf'
Plot Fault 7.pdf [catx-T2-kde] in 'file:///F:/torch_joff/joff/Result/PFBO_HY/fd_Act1/cust_mm_catx-T2-kde/Fault%207.pdf'
Plot Fault 8.pdf [catx-T2-kde] in 'file:///F:/torch_joff/joff/Result/PFBO_HY/fd_Act1/cust_mm_catx-T2-kde/Fault%208.pdf'
Plot Whole_fd.pdf [catx-T2-kde] in 'file:///F:/torch_joff/joff/Result/PFBO_HY/fd_Act1/cust_mm_catx-T2-kde/Whole_fd.pdf'
Plot Normal.pdf [catx-Q-kde] in 'file:///F:/torch_joff/joff/Result/PFBO_HY/fd_Act1/cust_mm_catx-Q-kde/Normal.pdf'
Plot Fault 1.pdf [catx-Q-kde] in 'file:///F:/torch_joff/joff/Result/PFBO_HY/fd_Act1/cust_mm_catx-Q-kde/Fault%201.pdf'
Plot Fault 2.pdf [catx-Q-kde] in 'file:///F:/torch_joff/joff/Result/PFBO_HY/fd_Act1/cust_mm_catx-Q-kde/Fault%202.pdf'
Plot Fault 3.pdf [catx-Q-kde] in 'file:///F:/torch_joff/joff/Result/PFBO_HY/fd_Act1/cust_mm_catx-Q-kde/Fault%203.pdf'
Plot Fault 4.pdf [catx-Q-kde] in 'file:///F:/torch_joff/joff/Result/PFBO_HY/fd_Act1/cust_mm_catx-Q-kde/Fault%204.pdf'
Plot Fault 5.pdf [catx-Q-kde] in 'file:///F:/torch_joff/joff/Result/PFBO_HY/fd_Act1/cust_mm_catx-Q-kde/Fault%205.pdf'
Plot Fault 6.pdf [catx-Q-kde] in 'file:///F:/torch_joff/joff/Result/PFBO_HY/fd_Act1/cust_mm_catx-Q-kde/Fault%206.pdf'
Plot Fault 7.pdf [catx-Q-kde] in 'file:///F:/torch_joff/joff/Result/PFBO_HY/fd_Act1/cust_mm_catx-Q-kde/Fault%207.pdf'
Plot Fault 8.pdf [catx-Q-kde] in 'file:///F:/torch_joff/joff/Result/PFBO_HY/fd_Act1/cust_mm_catx-Q-kde/Fault%208.pdf'
Plot Whole_fd.pdf [catx-Q-kde] in 'file:///F:/torch_joff/joff/Result/PFBO_HY/fd_Act1/cust_mm_catx-Q-kde/Whole_fd.pdf'
