
PFBO(
  (loss_func): MSELoss()
  (H_E): NICE(
    (loss_func): MSELoss()
    (layers): ModuleList(
      (0): AdditiveCouplingLayer(
        (loss_func): MSELoss()
        (net): Sequential(
          (0): Linear(in_features=130, out_features=130, bias=True)
          (1): Gaussian()
          (2): Linear(in_features=130, out_features=130, bias=True)
          (3): Affine()
        )
      )
      (1): AdditiveCouplingLayer(
        (loss_func): MSELoss()
        (net): Sequential(
          (0): Linear(in_features=130, out_features=130, bias=True)
          (1): Sigmoid()
          (2): Linear(in_features=130, out_features=130, bias=True)
          (3): Affine()
        )
      )
      (2): AdditiveCouplingLayer(
        (loss_func): MSELoss()
        (net): Sequential(
          (0): Linear(in_features=130, out_features=130, bias=True)
          (1): Gaussian()
          (2): Linear(in_features=130, out_features=130, bias=True)
          (3): Affine()
        )
      )
    )
  )
  (H_P): NICE(
    (loss_func): MSELoss()
    (layers): ModuleList(
      (0): AdditiveCouplingLayer(
        (loss_func): MSELoss()
        (net): Sequential(
          (0): Linear(in_features=107, out_features=107, bias=True)
          (1): Gaussian()
          (2): Linear(in_features=107, out_features=108, bias=True)
          (3): Affine()
        )
      )
      (1): AdditiveCouplingLayer(
        (loss_func): MSELoss()
        (net): Sequential(
          (0): Linear(in_features=108, out_features=107, bias=True)
          (1): Affine()
          (2): Linear(in_features=107, out_features=107, bias=True)
          (3): Affine()
        )
      )
      (2): AdditiveCouplingLayer(
        (loss_func): MSELoss()
        (net): Sequential(
          (0): Linear(in_features=107, out_features=107, bias=True)
          (1): Affine()
          (2): Linear(in_features=107, out_features=108, bias=True)
          (3): Affine()
        )
      )
    )
  )
)

run paras: {'run_times': 1, 'multirun_seed': 'r*2', '_run_id': '', 'e': 120, 'load_para_type': None, 'load_sub': None, 'load_file_name': None, 'load_path_replace': None, 'view_addi_info': ['forward_loss', 'reverse_loss', 'he_w_inv_loss', 'hp_w_inv_loss', 'loss'], 'if_log': True, 'if_epoch_eval': None, 'if_vmap': False, 'if_save_excel': True, 'if_save_plot': True, 'fd_pr': ['cust_mm_hp&cust_mm_he&cust_mm_cat-T2&Q-kde'], 'fd_pr_dt': [{'mm': 'cust_mm_hp', 'ts': 'T2', 'thrd_meth': 'kde'}, {'mm': 'cust_mm_hp', 'ts': 'Q', 'thrd_meth': 'kde'}, {'mm': 'cust_mm_he', 'ts': 'T2', 'thrd_meth': 'kde'}, {'mm': 'cust_mm_he', 'ts': 'Q', 'thrd_meth': 'kde'}, {'mm': 'cust_mm_cat', 'ts': 'T2', 'thrd_meth': 'kde'}, {'mm': 'cust_mm_cat', 'ts': 'Q', 'thrd_meth': 'kde'}], 'fd_pr_name': ['cust_mm_hp-T2-kde', 'cust_mm_hp-Q-kde', 'cust_mm_he-T2-kde', 'cust_mm_he-Q-kde', 'cust_mm_cat-T2-kde', 'cust_mm_cat-Q-kde'], 'expt_FAR': 0.02, 'ts_post_op': None, 'if_use_lstsq': True, 'if_plot_mm_kde': False, 'if_plot_score_hm': False, 'if_plot_cov_inv': True, 'if_save_ts': False, 'alld_error': 0.005, 'cl': 0.995, 'if_intp': False}

Train PFBO_HY/fd_Act1 via cuda:
Epoch: 120 - 929/929 | forward_loss = 1.5703, reverse_loss = 1.9849, he_w_inv_loss = 0.1534, hp_w_inv_loss = 0.0214, loss = 5.3028                
Finish training~ Spend 2114 seconds

Mean training losses: ['train-forward_loss' 'train-reverse_loss' 'train-he_w_inv_loss'
 'train-hp_w_inv_loss' 'train-loss'] = [1.7799 2.2945 0.1783 0.04   6.2581]

Save model paras [Last] in 'file:///F:/torch_joff/joff/Result/PFBO_HY/fd_Act1'

1) 'cust_mm_hp-T2-kde':
Threshold = 676.28

The test false alarm rates (FARs) are:
[17.65  9.41 14.71  1.18  7.69  8.88  0.59  3.55](%)

The test missed detection rates (MDRs) are:
[23.23 12.75 15.44 16.04  3.34  0.77  4.94 40.24](%)

The test AFAR is 7.96(%).
The test AMDR is 16.52(%).

2) 'cust_mm_hp-Q-kde':
Threshold = 5.49

The test false alarm rates (FARs) are:
[17.65 17.65 15.88  1.76 14.79 13.02  2.37  7.69](%)

The test missed detection rates (MDRs) are:
[10.56  6.85  5.15 11.76  0.67  0.42  1.1  20.32](%)

The test AFAR is 11.36(%).
The test AMDR is 7.83(%).

3) 'cust_mm_he-T2-kde':
Threshold = 689.35

The test false alarm rates (FARs) are:
[12.94  9.41 15.29  2.35  4.14  7.1   1.78  2.37](%)

The test missed detection rates (MDRs) are:
[42.51 19.53 26.07 37.43 26.76  5.35 31.14 64.06](%)

The test AFAR is 6.93(%).
The test AMDR is 31.27(%).

4) 'cust_mm_he-Q-kde':
Threshold = 9.00

The test false alarm rates (FARs) are:
[11.76 45.29 14.71  1.76  8.28  5.33  1.18  4.73](%)

The test missed detection rates (MDRs) are:
[41.25 20.22 41.73 38.5  35.12  8.26 34.16 52.76](%)

The test AFAR is 11.65(%).
The test AMDR is 32.04(%).

5) 'cust_mm_cat-T2-kde':
Threshold = 1270.94

The test false alarm rates (FARs) are:
[22.35 30.   15.29  2.35 12.43 10.06  1.78  5.92](%)

The test missed detection rates (MDRs) are:
[18.61 10.14 13.14  7.49  2.34  0.42  1.37 28.33](%)

The test AFAR is 12.54(%).
The test AMDR is 12.2(%).

6) 'cust_mm_cat-Q-kde':
Threshold = 13.81

The test false alarm rates (FARs) are:
[15.88 44.12 15.29  1.76 13.02  8.28  1.78  5.33](%)

The test missed detection rates (MDRs) are:
[23.3  14.46 12.27 12.3   6.02  0.77  4.8  28.94](%)

The test AFAR is 13.2(%).
The test AMDR is 14.45(%).

Save FD Result.xlsx in 'file:///F:/torch_joff/joff/Result/PFBO_HY/fd_Act1/FD%20Result.xlsx'
Plot Epoch-Loss.pdf in 'file:///F:/torch_joff/joff/Result/PFBO_HY/fd_Act1/Epoch-Loss.pdf'
Plot Normal.pdf in 'file:///F:/torch_joff/joff/Result/PFBO_HY/fd_Act1/cust_mm_hp-T2-kde/Normal.pdf'
Plot Fault 1.pdf in 'file:///F:/torch_joff/joff/Result/PFBO_HY/fd_Act1/cust_mm_hp-T2-kde/Fault%201.pdf'
Plot Fault 2.pdf in 'file:///F:/torch_joff/joff/Result/PFBO_HY/fd_Act1/cust_mm_hp-T2-kde/Fault%202.pdf'
Plot Fault 3.pdf in 'file:///F:/torch_joff/joff/Result/PFBO_HY/fd_Act1/cust_mm_hp-T2-kde/Fault%203.pdf'
Plot Fault 4.pdf in 'file:///F:/torch_joff/joff/Result/PFBO_HY/fd_Act1/cust_mm_hp-T2-kde/Fault%204.pdf'
Plot Fault 5.pdf in 'file:///F:/torch_joff/joff/Result/PFBO_HY/fd_Act1/cust_mm_hp-T2-kde/Fault%205.pdf'
Plot Fault 6.pdf in 'file:///F:/torch_joff/joff/Result/PFBO_HY/fd_Act1/cust_mm_hp-T2-kde/Fault%206.pdf'
Plot Fault 7.pdf in 'file:///F:/torch_joff/joff/Result/PFBO_HY/fd_Act1/cust_mm_hp-T2-kde/Fault%207.pdf'
Plot Fault 8.pdf in 'file:///F:/torch_joff/joff/Result/PFBO_HY/fd_Act1/cust_mm_hp-T2-kde/Fault%208.pdf'
Plot Whole_fd.pdf in 'file:///F:/torch_joff/joff/Result/PFBO_HY/fd_Act1/cust_mm_hp-T2-kde/Whole_fd.pdf'
Plot Normal.pdf in 'file:///F:/torch_joff/joff/Result/PFBO_HY/fd_Act1/cust_mm_hp-Q-kde/Normal.pdf'
Plot Fault 1.pdf in 'file:///F:/torch_joff/joff/Result/PFBO_HY/fd_Act1/cust_mm_hp-Q-kde/Fault%201.pdf'
Plot Fault 2.pdf in 'file:///F:/torch_joff/joff/Result/PFBO_HY/fd_Act1/cust_mm_hp-Q-kde/Fault%202.pdf'
Plot Fault 3.pdf in 'file:///F:/torch_joff/joff/Result/PFBO_HY/fd_Act1/cust_mm_hp-Q-kde/Fault%203.pdf'
Plot Fault 4.pdf in 'file:///F:/torch_joff/joff/Result/PFBO_HY/fd_Act1/cust_mm_hp-Q-kde/Fault%204.pdf'
Plot Fault 5.pdf in 'file:///F:/torch_joff/joff/Result/PFBO_HY/fd_Act1/cust_mm_hp-Q-kde/Fault%205.pdf'
Plot Fault 6.pdf in 'file:///F:/torch_joff/joff/Result/PFBO_HY/fd_Act1/cust_mm_hp-Q-kde/Fault%206.pdf'
Plot Fault 7.pdf in 'file:///F:/torch_joff/joff/Result/PFBO_HY/fd_Act1/cust_mm_hp-Q-kde/Fault%207.pdf'
Plot Fault 8.pdf in 'file:///F:/torch_joff/joff/Result/PFBO_HY/fd_Act1/cust_mm_hp-Q-kde/Fault%208.pdf'
Plot Whole_fd.pdf in 'file:///F:/torch_joff/joff/Result/PFBO_HY/fd_Act1/cust_mm_hp-Q-kde/Whole_fd.pdf'
Plot Normal.pdf in 'file:///F:/torch_joff/joff/Result/PFBO_HY/fd_Act1/cust_mm_he-T2-kde/Normal.pdf'
Plot Fault 1.pdf in 'file:///F:/torch_joff/joff/Result/PFBO_HY/fd_Act1/cust_mm_he-T2-kde/Fault%201.pdf'
Plot Fault 2.pdf in 'file:///F:/torch_joff/joff/Result/PFBO_HY/fd_Act1/cust_mm_he-T2-kde/Fault%202.pdf'
Plot Fault 3.pdf in 'file:///F:/torch_joff/joff/Result/PFBO_HY/fd_Act1/cust_mm_he-T2-kde/Fault%203.pdf'
Plot Fault 4.pdf in 'file:///F:/torch_joff/joff/Result/PFBO_HY/fd_Act1/cust_mm_he-T2-kde/Fault%204.pdf'
Plot Fault 5.pdf in 'file:///F:/torch_joff/joff/Result/PFBO_HY/fd_Act1/cust_mm_he-T2-kde/Fault%205.pdf'
Plot Fault 6.pdf in 'file:///F:/torch_joff/joff/Result/PFBO_HY/fd_Act1/cust_mm_he-T2-kde/Fault%206.pdf'
Plot Fault 7.pdf in 'file:///F:/torch_joff/joff/Result/PFBO_HY/fd_Act1/cust_mm_he-T2-kde/Fault%207.pdf'
Plot Fault 8.pdf in 'file:///F:/torch_joff/joff/Result/PFBO_HY/fd_Act1/cust_mm_he-T2-kde/Fault%208.pdf'
Plot Whole_fd.pdf in 'file:///F:/torch_joff/joff/Result/PFBO_HY/fd_Act1/cust_mm_he-T2-kde/Whole_fd.pdf'
Plot Normal.pdf in 'file:///F:/torch_joff/joff/Result/PFBO_HY/fd_Act1/cust_mm_he-Q-kde/Normal.pdf'
Plot Fault 1.pdf in 'file:///F:/torch_joff/joff/Result/PFBO_HY/fd_Act1/cust_mm_he-Q-kde/Fault%201.pdf'
Plot Fault 2.pdf in 'file:///F:/torch_joff/joff/Result/PFBO_HY/fd_Act1/cust_mm_he-Q-kde/Fault%202.pdf'
Plot Fault 3.pdf in 'file:///F:/torch_joff/joff/Result/PFBO_HY/fd_Act1/cust_mm_he-Q-kde/Fault%203.pdf'
Plot Fault 4.pdf in 'file:///F:/torch_joff/joff/Result/PFBO_HY/fd_Act1/cust_mm_he-Q-kde/Fault%204.pdf'
Plot Fault 5.pdf in 'file:///F:/torch_joff/joff/Result/PFBO_HY/fd_Act1/cust_mm_he-Q-kde/Fault%205.pdf'
Plot Fault 6.pdf in 'file:///F:/torch_joff/joff/Result/PFBO_HY/fd_Act1/cust_mm_he-Q-kde/Fault%206.pdf'
Plot Fault 7.pdf in 'file:///F:/torch_joff/joff/Result/PFBO_HY/fd_Act1/cust_mm_he-Q-kde/Fault%207.pdf'
Plot Fault 8.pdf in 'file:///F:/torch_joff/joff/Result/PFBO_HY/fd_Act1/cust_mm_he-Q-kde/Fault%208.pdf'
Plot Whole_fd.pdf in 'file:///F:/torch_joff/joff/Result/PFBO_HY/fd_Act1/cust_mm_he-Q-kde/Whole_fd.pdf'
Plot Normal.pdf in 'file:///F:/torch_joff/joff/Result/PFBO_HY/fd_Act1/cust_mm_cat-T2-kde/Normal.pdf'
Plot Fault 1.pdf in 'file:///F:/torch_joff/joff/Result/PFBO_HY/fd_Act1/cust_mm_cat-T2-kde/Fault%201.pdf'
Plot Fault 2.pdf in 'file:///F:/torch_joff/joff/Result/PFBO_HY/fd_Act1/cust_mm_cat-T2-kde/Fault%202.pdf'
Plot Fault 3.pdf in 'file:///F:/torch_joff/joff/Result/PFBO_HY/fd_Act1/cust_mm_cat-T2-kde/Fault%203.pdf'
Plot Fault 4.pdf in 'file:///F:/torch_joff/joff/Result/PFBO_HY/fd_Act1/cust_mm_cat-T2-kde/Fault%204.pdf'
Plot Fault 5.pdf in 'file:///F:/torch_joff/joff/Result/PFBO_HY/fd_Act1/cust_mm_cat-T2-kde/Fault%205.pdf'
Plot Fault 6.pdf in 'file:///F:/torch_joff/joff/Result/PFBO_HY/fd_Act1/cust_mm_cat-T2-kde/Fault%206.pdf'
Plot Fault 7.pdf in 'file:///F:/torch_joff/joff/Result/PFBO_HY/fd_Act1/cust_mm_cat-T2-kde/Fault%207.pdf'
Plot Fault 8.pdf in 'file:///F:/torch_joff/joff/Result/PFBO_HY/fd_Act1/cust_mm_cat-T2-kde/Fault%208.pdf'
Plot Whole_fd.pdf in 'file:///F:/torch_joff/joff/Result/PFBO_HY/fd_Act1/cust_mm_cat-T2-kde/Whole_fd.pdf'
Plot Normal.pdf in 'file:///F:/torch_joff/joff/Result/PFBO_HY/fd_Act1/cust_mm_cat-Q-kde/Normal.pdf'
Plot Fault 1.pdf in 'file:///F:/torch_joff/joff/Result/PFBO_HY/fd_Act1/cust_mm_cat-Q-kde/Fault%201.pdf'
Plot Fault 2.pdf in 'file:///F:/torch_joff/joff/Result/PFBO_HY/fd_Act1/cust_mm_cat-Q-kde/Fault%202.pdf'
Plot Fault 3.pdf in 'file:///F:/torch_joff/joff/Result/PFBO_HY/fd_Act1/cust_mm_cat-Q-kde/Fault%203.pdf'
Plot Fault 4.pdf in 'file:///F:/torch_joff/joff/Result/PFBO_HY/fd_Act1/cust_mm_cat-Q-kde/Fault%204.pdf'
Plot Fault 5.pdf in 'file:///F:/torch_joff/joff/Result/PFBO_HY/fd_Act1/cust_mm_cat-Q-kde/Fault%205.pdf'
Plot Fault 6.pdf in 'file:///F:/torch_joff/joff/Result/PFBO_HY/fd_Act1/cust_mm_cat-Q-kde/Fault%206.pdf'
Plot Fault 7.pdf in 'file:///F:/torch_joff/joff/Result/PFBO_HY/fd_Act1/cust_mm_cat-Q-kde/Fault%207.pdf'
Plot Fault 8.pdf in 'file:///F:/torch_joff/joff/Result/PFBO_HY/fd_Act1/cust_mm_cat-Q-kde/Fault%208.pdf'
Plot Whole_fd.pdf in 'file:///F:/torch_joff/joff/Result/PFBO_HY/fd_Act1/cust_mm_cat-Q-kde/Whole_fd.pdf'
