
PFBO(
  (loss_func): MSELoss()
  (H_E): NICE(
    (loss_func): MSELoss()
    (layers): ModuleList(
      (0): AdditiveCouplingLayer(
        (loss_func): MSELoss()
        (net): Sequential(
          (0): Linear(in_features=130, out_features=130, bias=True)
          (1): Gaussian()
          (2): Linear(in_features=130, out_features=130, bias=True)
          (3): Affine()
        )
      )
      (1): AdditiveCouplingLayer(
        (loss_func): MSELoss()
        (net): Sequential(
          (0): Linear(in_features=130, out_features=130, bias=True)
          (1): Sigmoid()
          (2): Linear(in_features=130, out_features=130, bias=True)
          (3): Affine()
        )
      )
      (2): AdditiveCouplingLayer(
        (loss_func): MSELoss()
        (net): Sequential(
          (0): Linear(in_features=130, out_features=130, bias=True)
          (1): Gaussian()
          (2): Linear(in_features=130, out_features=130, bias=True)
          (3): Affine()
        )
      )
    )
  )
  (H_P): NICE(
    (loss_func): MSELoss()
    (layers): ModuleList(
      (0): AdditiveCouplingLayer(
        (loss_func): MSELoss()
        (net): Sequential(
          (0): Linear(in_features=130, out_features=130, bias=True)
          (1): Gaussian()
          (2): Linear(in_features=130, out_features=130, bias=True)
          (3): Affine()
        )
      )
      (1-2): 2 x AdditiveCouplingLayer(
        (loss_func): MSELoss()
        (net): Sequential(
          (0): Linear(in_features=130, out_features=130, bias=True)
          (1): Affine()
          (2): Linear(in_features=130, out_features=130, bias=True)
          (3): Affine()
        )
      )
    )
  )
)

run paras: {'run_times': 1, 'multirun_seed': 'r*2', '_run_id': '', 'e': 1, 'load_para_type': None, 'load_sub': None, 'load_file_name': None, 'load_path_replace': None, 'view_addi_info': ['forward_loss', 'reverse_loss', 'x_recon_loss', 'loss'], 'if_log': True, 'if_epoch_eval': None, 'if_vmap': False, 'if_save_excel': True, 'if_save_plot': True, 'fd_pr': ['cust_mm_hp&cust_mm_x&cust_mm_catx&cust_mm_cat-T2&Q-kde'], 'fd_pr_dt': [{'mm': 'cust_mm_hp', 'ts': 'T2', 'thrd_meth': 'kde'}, {'mm': 'cust_mm_hp', 'ts': 'Q', 'thrd_meth': 'kde'}, {'mm': 'cust_mm_x', 'ts': 'T2', 'thrd_meth': 'kde'}, {'mm': 'cust_mm_x', 'ts': 'Q', 'thrd_meth': 'kde'}, {'mm': 'cust_mm_catx', 'ts': 'T2', 'thrd_meth': 'kde'}, {'mm': 'cust_mm_catx', 'ts': 'Q', 'thrd_meth': 'kde'}, {'mm': 'cust_mm_cat', 'ts': 'T2', 'thrd_meth': 'kde'}, {'mm': 'cust_mm_cat', 'ts': 'Q', 'thrd_meth': 'kde'}], 'fd_pr_name': ['cust_mm_hp-T2-kde', 'cust_mm_hp-Q-kde', 'cust_mm_x-T2-kde', 'cust_mm_x-Q-kde', 'cust_mm_catx-T2-kde', 'cust_mm_catx-Q-kde', 'cust_mm_cat-T2-kde', 'cust_mm_cat-Q-kde'], 'expt_FAR': 0.02, 'ts_post_op': None, 'if_use_lstsq': True, 'if_plot_mm_kde': False, 'if_plot_score_hm': False, 'if_plot_cov_inv': True, 'if_save_ts': False, 'alld_error': 0.005, 'cl': 0.995, 'if_intp': False}

Train PFBO_HY/fd_Act1 via cuda:
Epoch: 1 - 819/819 | forward_loss = 18.4782, reverse_loss = 23.8337, x_recon_loss = 22.4633, loss = 64.7752                
Finish training~ Spend 13 seconds

Mean training losses: ['train-forward_loss' 'train-reverse_loss' 'train-x_recon_loss'
 'train-loss'] = [ 79.522   92.4362  50.4971 222.4552]

Save model paras [Last] in 'file:///F:/torch_joff/joff/Result/PFBO_HY/fd_Act1'

1) 'cust_mm_hp-T2-kde':
Threshold = 699.99

The test false alarm rates (FARs) are:
[0. 0. 0. 0. 0. 0. 0. 0.](%)

The test missed detection rates (MDRs) are:
[65.35 43.8  65.25 77.56 63.55 35.68 95.06 95.41](%)

The test AFAR is 0.0(%).
The test AMDR is 63.89(%).

2) 'cust_mm_hp-Q-kde':
Threshold = 81.01

The test false alarm rates (FARs) are:
[0. 0. 0. 0. 0. 0. 0. 0.](%)

The test missed detection rates (MDRs) are:
[75.25 70.6  65.47 78.54 71.57 44.08 95.61 96.21](%)

The test AFAR is 0.0(%).
The test AMDR is 72.65(%).

3) 'cust_mm_x-T2-kde':
Threshold = 699.16

The test false alarm rates (FARs) are:
[0. 0. 0. 0. 0. 0. 0. 0.](%)

The test missed detection rates (MDRs) are:
[68.84 45.37 67.26 81.95 67.89 40.06 95.06 95.74](%)

The test AFAR is 0.0(%).
The test AMDR is 66.23(%).

4) 'cust_mm_x-Q-kde':
Threshold = 72.11

The test false alarm rates (FARs) are:
[0. 0. 0. 0. 0. 0. 0. 0.](%)

The test missed detection rates (MDRs) are:
[91.55 79.71 89.94 86.83 79.6  48.17 95.61 96.14](%)

The test AFAR is 0.0(%).
The test AMDR is 81.2(%).

5) 'cust_mm_catx-T2-kde':
Threshold = 1772.83

The test false alarm rates (FARs) are:
[0. 0. 0. 0. 0. 0. 0. 0.](%)

The test missed detection rates (MDRs) are:
[32.15 15.35 37.21 23.41  9.36  1.56 31.69 64.43](%)

The test AFAR is 0.0(%).
The test AMDR is 28.36(%).

6) 'cust_mm_catx-Q-kde':
Threshold = 240.33

The test false alarm rates (FARs) are:
[0. 0. 0. 0. 0. 0. 0. 0.](%)

The test missed detection rates (MDRs) are:
[74.85 65.8  65.36 79.02 57.86 44.56 95.61 96.08](%)

The test AFAR is 0.0(%).
The test AMDR is 71.31(%).

7) 'cust_mm_cat-T2-kde':
Threshold = 1260.85

The test false alarm rates (FARs) are:
[0. 0. 0. 0. 0. 0. 0. 0.](%)

The test missed detection rates (MDRs) are:
[42.38 19.12 51.17 53.17 12.71  4.8  52.81 88.5 ](%)

The test AFAR is 0.0(%).
The test AMDR is 40.16(%).

8) 'cust_mm_cat-Q-kde':
Threshold = 169.40

The test false alarm rates (FARs) are:
[0. 0. 0. 0. 0. 0. 0. 0.](%)

The test missed detection rates (MDRs) are:
[71.02 58.19 64.47 77.56 54.85 42.94 95.75 96.08](%)

The test AFAR is 0.0(%).
The test AMDR is 68.71(%).

Save FD Result.xlsx in 'file:///F:/torch_joff/joff/Result/PFBO_HY/fd_Act1/FD%20Result.xlsx'
Plot Epoch-Loss.pdf in 'file:///F:/torch_joff/joff/Result/PFBO_HY/fd_Act1/Epoch-Loss.pdf'
Plot Normal.pdf [hp-T2-kde] in 'file:///F:/torch_joff/joff/Result/PFBO_HY/fd_Act1/cust_mm_hp-T2-kde/Normal.pdf'
Plot Fault 1.pdf [hp-T2-kde] in 'file:///F:/torch_joff/joff/Result/PFBO_HY/fd_Act1/cust_mm_hp-T2-kde/Fault%201.pdf'
Plot Fault 2.pdf [hp-T2-kde] in 'file:///F:/torch_joff/joff/Result/PFBO_HY/fd_Act1/cust_mm_hp-T2-kde/Fault%202.pdf'
Plot Fault 3.pdf [hp-T2-kde] in 'file:///F:/torch_joff/joff/Result/PFBO_HY/fd_Act1/cust_mm_hp-T2-kde/Fault%203.pdf'
Plot Fault 4.pdf [hp-T2-kde] in 'file:///F:/torch_joff/joff/Result/PFBO_HY/fd_Act1/cust_mm_hp-T2-kde/Fault%204.pdf'
Plot Fault 5.pdf [hp-T2-kde] in 'file:///F:/torch_joff/joff/Result/PFBO_HY/fd_Act1/cust_mm_hp-T2-kde/Fault%205.pdf'
Plot Fault 6.pdf [hp-T2-kde] in 'file:///F:/torch_joff/joff/Result/PFBO_HY/fd_Act1/cust_mm_hp-T2-kde/Fault%206.pdf'
Plot Fault 7.pdf [hp-T2-kde] in 'file:///F:/torch_joff/joff/Result/PFBO_HY/fd_Act1/cust_mm_hp-T2-kde/Fault%207.pdf'
Plot Fault 8.pdf [hp-T2-kde] in 'file:///F:/torch_joff/joff/Result/PFBO_HY/fd_Act1/cust_mm_hp-T2-kde/Fault%208.pdf'
Plot Whole_fd.pdf [hp-T2-kde] in 'file:///F:/torch_joff/joff/Result/PFBO_HY/fd_Act1/cust_mm_hp-T2-kde/Whole_fd.pdf'
Plot Normal.pdf [hp-Q-kde] in 'file:///F:/torch_joff/joff/Result/PFBO_HY/fd_Act1/cust_mm_hp-Q-kde/Normal.pdf'
Plot Fault 1.pdf [hp-Q-kde] in 'file:///F:/torch_joff/joff/Result/PFBO_HY/fd_Act1/cust_mm_hp-Q-kde/Fault%201.pdf'
Plot Fault 2.pdf [hp-Q-kde] in 'file:///F:/torch_joff/joff/Result/PFBO_HY/fd_Act1/cust_mm_hp-Q-kde/Fault%202.pdf'
Plot Fault 3.pdf [hp-Q-kde] in 'file:///F:/torch_joff/joff/Result/PFBO_HY/fd_Act1/cust_mm_hp-Q-kde/Fault%203.pdf'
Plot Fault 4.pdf [hp-Q-kde] in 'file:///F:/torch_joff/joff/Result/PFBO_HY/fd_Act1/cust_mm_hp-Q-kde/Fault%204.pdf'
Plot Fault 5.pdf [hp-Q-kde] in 'file:///F:/torch_joff/joff/Result/PFBO_HY/fd_Act1/cust_mm_hp-Q-kde/Fault%205.pdf'
Plot Fault 6.pdf [hp-Q-kde] in 'file:///F:/torch_joff/joff/Result/PFBO_HY/fd_Act1/cust_mm_hp-Q-kde/Fault%206.pdf'
Plot Fault 7.pdf [hp-Q-kde] in 'file:///F:/torch_joff/joff/Result/PFBO_HY/fd_Act1/cust_mm_hp-Q-kde/Fault%207.pdf'
Plot Fault 8.pdf [hp-Q-kde] in 'file:///F:/torch_joff/joff/Result/PFBO_HY/fd_Act1/cust_mm_hp-Q-kde/Fault%208.pdf'
Plot Whole_fd.pdf [hp-Q-kde] in 'file:///F:/torch_joff/joff/Result/PFBO_HY/fd_Act1/cust_mm_hp-Q-kde/Whole_fd.pdf'
Plot Normal.pdf [x-T2-kde] in 'file:///F:/torch_joff/joff/Result/PFBO_HY/fd_Act1/cust_mm_x-T2-kde/Normal.pdf'
Plot Fault 1.pdf [x-T2-kde] in 'file:///F:/torch_joff/joff/Result/PFBO_HY/fd_Act1/cust_mm_x-T2-kde/Fault%201.pdf'
Plot Fault 2.pdf [x-T2-kde] in 'file:///F:/torch_joff/joff/Result/PFBO_HY/fd_Act1/cust_mm_x-T2-kde/Fault%202.pdf'
Plot Fault 3.pdf [x-T2-kde] in 'file:///F:/torch_joff/joff/Result/PFBO_HY/fd_Act1/cust_mm_x-T2-kde/Fault%203.pdf'
Plot Fault 4.pdf [x-T2-kde] in 'file:///F:/torch_joff/joff/Result/PFBO_HY/fd_Act1/cust_mm_x-T2-kde/Fault%204.pdf'
Plot Fault 5.pdf [x-T2-kde] in 'file:///F:/torch_joff/joff/Result/PFBO_HY/fd_Act1/cust_mm_x-T2-kde/Fault%205.pdf'
Plot Fault 6.pdf [x-T2-kde] in 'file:///F:/torch_joff/joff/Result/PFBO_HY/fd_Act1/cust_mm_x-T2-kde/Fault%206.pdf'
Plot Fault 7.pdf [x-T2-kde] in 'file:///F:/torch_joff/joff/Result/PFBO_HY/fd_Act1/cust_mm_x-T2-kde/Fault%207.pdf'
Plot Fault 8.pdf [x-T2-kde] in 'file:///F:/torch_joff/joff/Result/PFBO_HY/fd_Act1/cust_mm_x-T2-kde/Fault%208.pdf'
Plot Whole_fd.pdf [x-T2-kde] in 'file:///F:/torch_joff/joff/Result/PFBO_HY/fd_Act1/cust_mm_x-T2-kde/Whole_fd.pdf'
Plot Normal.pdf [x-Q-kde] in 'file:///F:/torch_joff/joff/Result/PFBO_HY/fd_Act1/cust_mm_x-Q-kde/Normal.pdf'
Plot Fault 1.pdf [x-Q-kde] in 'file:///F:/torch_joff/joff/Result/PFBO_HY/fd_Act1/cust_mm_x-Q-kde/Fault%201.pdf'
Plot Fault 2.pdf [x-Q-kde] in 'file:///F:/torch_joff/joff/Result/PFBO_HY/fd_Act1/cust_mm_x-Q-kde/Fault%202.pdf'
Plot Fault 3.pdf [x-Q-kde] in 'file:///F:/torch_joff/joff/Result/PFBO_HY/fd_Act1/cust_mm_x-Q-kde/Fault%203.pdf'
Plot Fault 4.pdf [x-Q-kde] in 'file:///F:/torch_joff/joff/Result/PFBO_HY/fd_Act1/cust_mm_x-Q-kde/Fault%204.pdf'
Plot Fault 5.pdf [x-Q-kde] in 'file:///F:/torch_joff/joff/Result/PFBO_HY/fd_Act1/cust_mm_x-Q-kde/Fault%205.pdf'
Plot Fault 6.pdf [x-Q-kde] in 'file:///F:/torch_joff/joff/Result/PFBO_HY/fd_Act1/cust_mm_x-Q-kde/Fault%206.pdf'
Plot Fault 7.pdf [x-Q-kde] in 'file:///F:/torch_joff/joff/Result/PFBO_HY/fd_Act1/cust_mm_x-Q-kde/Fault%207.pdf'
Plot Fault 8.pdf [x-Q-kde] in 'file:///F:/torch_joff/joff/Result/PFBO_HY/fd_Act1/cust_mm_x-Q-kde/Fault%208.pdf'
Plot Whole_fd.pdf [x-Q-kde] in 'file:///F:/torch_joff/joff/Result/PFBO_HY/fd_Act1/cust_mm_x-Q-kde/Whole_fd.pdf'
Plot Normal.pdf [catx-T2-kde] in 'file:///F:/torch_joff/joff/Result/PFBO_HY/fd_Act1/cust_mm_catx-T2-kde/Normal.pdf'
Plot Fault 1.pdf [catx-T2-kde] in 'file:///F:/torch_joff/joff/Result/PFBO_HY/fd_Act1/cust_mm_catx-T2-kde/Fault%201.pdf'
Plot Fault 2.pdf [catx-T2-kde] in 'file:///F:/torch_joff/joff/Result/PFBO_HY/fd_Act1/cust_mm_catx-T2-kde/Fault%202.pdf'
Plot Fault 3.pdf [catx-T2-kde] in 'file:///F:/torch_joff/joff/Result/PFBO_HY/fd_Act1/cust_mm_catx-T2-kde/Fault%203.pdf'
Plot Fault 4.pdf [catx-T2-kde] in 'file:///F:/torch_joff/joff/Result/PFBO_HY/fd_Act1/cust_mm_catx-T2-kde/Fault%204.pdf'
Plot Fault 5.pdf [catx-T2-kde] in 'file:///F:/torch_joff/joff/Result/PFBO_HY/fd_Act1/cust_mm_catx-T2-kde/Fault%205.pdf'
Plot Fault 6.pdf [catx-T2-kde] in 'file:///F:/torch_joff/joff/Result/PFBO_HY/fd_Act1/cust_mm_catx-T2-kde/Fault%206.pdf'
Plot Fault 7.pdf [catx-T2-kde] in 'file:///F:/torch_joff/joff/Result/PFBO_HY/fd_Act1/cust_mm_catx-T2-kde/Fault%207.pdf'
Plot Fault 8.pdf [catx-T2-kde] in 'file:///F:/torch_joff/joff/Result/PFBO_HY/fd_Act1/cust_mm_catx-T2-kde/Fault%208.pdf'
Plot Whole_fd.pdf [catx-T2-kde] in 'file:///F:/torch_joff/joff/Result/PFBO_HY/fd_Act1/cust_mm_catx-T2-kde/Whole_fd.pdf'
Plot Normal.pdf [catx-Q-kde] in 'file:///F:/torch_joff/joff/Result/PFBO_HY/fd_Act1/cust_mm_catx-Q-kde/Normal.pdf'
Plot Fault 1.pdf [catx-Q-kde] in 'file:///F:/torch_joff/joff/Result/PFBO_HY/fd_Act1/cust_mm_catx-Q-kde/Fault%201.pdf'
Plot Fault 2.pdf [catx-Q-kde] in 'file:///F:/torch_joff/joff/Result/PFBO_HY/fd_Act1/cust_mm_catx-Q-kde/Fault%202.pdf'
Plot Fault 3.pdf [catx-Q-kde] in 'file:///F:/torch_joff/joff/Result/PFBO_HY/fd_Act1/cust_mm_catx-Q-kde/Fault%203.pdf'
Plot Fault 4.pdf [catx-Q-kde] in 'file:///F:/torch_joff/joff/Result/PFBO_HY/fd_Act1/cust_mm_catx-Q-kde/Fault%204.pdf'
Plot Fault 5.pdf [catx-Q-kde] in 'file:///F:/torch_joff/joff/Result/PFBO_HY/fd_Act1/cust_mm_catx-Q-kde/Fault%205.pdf'
Plot Fault 6.pdf [catx-Q-kde] in 'file:///F:/torch_joff/joff/Result/PFBO_HY/fd_Act1/cust_mm_catx-Q-kde/Fault%206.pdf'
Plot Fault 7.pdf [catx-Q-kde] in 'file:///F:/torch_joff/joff/Result/PFBO_HY/fd_Act1/cust_mm_catx-Q-kde/Fault%207.pdf'
Plot Fault 8.pdf [catx-Q-kde] in 'file:///F:/torch_joff/joff/Result/PFBO_HY/fd_Act1/cust_mm_catx-Q-kde/Fault%208.pdf'
Plot Whole_fd.pdf [catx-Q-kde] in 'file:///F:/torch_joff/joff/Result/PFBO_HY/fd_Act1/cust_mm_catx-Q-kde/Whole_fd.pdf'
Plot Normal.pdf [cat-T2-kde] in 'file:///F:/torch_joff/joff/Result/PFBO_HY/fd_Act1/cust_mm_cat-T2-kde/Normal.pdf'
Plot Fault 1.pdf [cat-T2-kde] in 'file:///F:/torch_joff/joff/Result/PFBO_HY/fd_Act1/cust_mm_cat-T2-kde/Fault%201.pdf'
Plot Fault 2.pdf [cat-T2-kde] in 'file:///F:/torch_joff/joff/Result/PFBO_HY/fd_Act1/cust_mm_cat-T2-kde/Fault%202.pdf'
Plot Fault 3.pdf [cat-T2-kde] in 'file:///F:/torch_joff/joff/Result/PFBO_HY/fd_Act1/cust_mm_cat-T2-kde/Fault%203.pdf'
Plot Fault 4.pdf [cat-T2-kde] in 'file:///F:/torch_joff/joff/Result/PFBO_HY/fd_Act1/cust_mm_cat-T2-kde/Fault%204.pdf'
Plot Fault 5.pdf [cat-T2-kde] in 'file:///F:/torch_joff/joff/Result/PFBO_HY/fd_Act1/cust_mm_cat-T2-kde/Fault%205.pdf'
Plot Fault 6.pdf [cat-T2-kde] in 'file:///F:/torch_joff/joff/Result/PFBO_HY/fd_Act1/cust_mm_cat-T2-kde/Fault%206.pdf'
Plot Fault 7.pdf [cat-T2-kde] in 'file:///F:/torch_joff/joff/Result/PFBO_HY/fd_Act1/cust_mm_cat-T2-kde/Fault%207.pdf'
Plot Fault 8.pdf [cat-T2-kde] in 'file:///F:/torch_joff/joff/Result/PFBO_HY/fd_Act1/cust_mm_cat-T2-kde/Fault%208.pdf'
Plot Whole_fd.pdf [cat-T2-kde] in 'file:///F:/torch_joff/joff/Result/PFBO_HY/fd_Act1/cust_mm_cat-T2-kde/Whole_fd.pdf'
Plot Normal.pdf [cat-Q-kde] in 'file:///F:/torch_joff/joff/Result/PFBO_HY/fd_Act1/cust_mm_cat-Q-kde/Normal.pdf'
Plot Fault 1.pdf [cat-Q-kde] in 'file:///F:/torch_joff/joff/Result/PFBO_HY/fd_Act1/cust_mm_cat-Q-kde/Fault%201.pdf'
Plot Fault 2.pdf [cat-Q-kde] in 'file:///F:/torch_joff/joff/Result/PFBO_HY/fd_Act1/cust_mm_cat-Q-kde/Fault%202.pdf'
Plot Fault 3.pdf [cat-Q-kde] in 'file:///F:/torch_joff/joff/Result/PFBO_HY/fd_Act1/cust_mm_cat-Q-kde/Fault%203.pdf'
Plot Fault 4.pdf [cat-Q-kde] in 'file:///F:/torch_joff/joff/Result/PFBO_HY/fd_Act1/cust_mm_cat-Q-kde/Fault%204.pdf'
Plot Fault 5.pdf [cat-Q-kde] in 'file:///F:/torch_joff/joff/Result/PFBO_HY/fd_Act1/cust_mm_cat-Q-kde/Fault%205.pdf'
Plot Fault 6.pdf [cat-Q-kde] in 'file:///F:/torch_joff/joff/Result/PFBO_HY/fd_Act1/cust_mm_cat-Q-kde/Fault%206.pdf'
Plot Fault 7.pdf [cat-Q-kde] in 'file:///F:/torch_joff/joff/Result/PFBO_HY/fd_Act1/cust_mm_cat-Q-kde/Fault%207.pdf'
Plot Fault 8.pdf [cat-Q-kde] in 'file:///F:/torch_joff/joff/Result/PFBO_HY/fd_Act1/cust_mm_cat-Q-kde/Fault%208.pdf'
Plot Whole_fd.pdf [cat-Q-kde] in 'file:///F:/torch_joff/joff/Result/PFBO_HY/fd_Act1/cust_mm_cat-Q-kde/Whole_fd.pdf'
