
PFBO(
  (loss_func): MSELoss()
  (H_E): NICE(
    (loss_func): MSELoss()
    (layers): ModuleList(
      (0): AdditiveCouplingLayer(
        (loss_func): MSELoss()
        (net): Sequential(
          (0): Linear(in_features=130, out_features=130, bias=True)
          (1): Gaussian()
          (2): Linear(in_features=130, out_features=130, bias=True)
          (3): Affine()
        )
      )
      (1): AdditiveCouplingLayer(
        (loss_func): MSELoss()
        (net): Sequential(
          (0): Linear(in_features=130, out_features=130, bias=True)
          (1): Sigmoid()
          (2): Linear(in_features=130, out_features=130, bias=True)
          (3): Affine()
        )
      )
      (2): AdditiveCouplingLayer(
        (loss_func): MSELoss()
        (net): Sequential(
          (0): Linear(in_features=130, out_features=130, bias=True)
          (1): Gaussian()
          (2): Linear(in_features=130, out_features=130, bias=True)
          (3): Affine()
        )
      )
    )
  )
  (H_P): NICE(
    (loss_func): MSELoss()
    (layers): ModuleList(
      (0): AdditiveCouplingLayer(
        (loss_func): MSELoss()
        (net): Sequential(
          (0): Linear(in_features=130, out_features=130, bias=True)
          (1): Gaussian()
          (2): Linear(in_features=130, out_features=130, bias=True)
          (3): Affine()
        )
      )
      (1-2): 2 x AdditiveCouplingLayer(
        (loss_func): MSELoss()
        (net): Sequential(
          (0): Linear(in_features=130, out_features=130, bias=True)
          (1): Affine()
          (2): Linear(in_features=130, out_features=130, bias=True)
          (3): Affine()
        )
      )
    )
  )
)

run paras: {'run_times': 1, 'multirun_seed': 'r*2', '_run_id': '', 'e': 1, 'load_para_type': None, 'load_sub': None, 'load_file_name': None, 'load_path_replace': None, 'view_addi_info': ['forward_loss', 'reverse_loss', 'x_recon_loss', 'loss'], 'if_log': True, 'if_epoch_eval': None, 'if_vmap': False, 'if_save_excel': True, 'if_save_plot': True, 'fd_pr': ['cust_mm_hp&cust_mm_x&cust_mm_catx&cust_mm_cat-T2&Q-kde'], 'fd_pr_dt': [{'mm': 'cust_mm_hp', 'ts': 'T2', 'thrd_meth': 'kde'}, {'mm': 'cust_mm_hp', 'ts': 'Q', 'thrd_meth': 'kde'}, {'mm': 'cust_mm_x', 'ts': 'T2', 'thrd_meth': 'kde'}, {'mm': 'cust_mm_x', 'ts': 'Q', 'thrd_meth': 'kde'}, {'mm': 'cust_mm_catx', 'ts': 'T2', 'thrd_meth': 'kde'}, {'mm': 'cust_mm_catx', 'ts': 'Q', 'thrd_meth': 'kde'}, {'mm': 'cust_mm_cat', 'ts': 'T2', 'thrd_meth': 'kde'}, {'mm': 'cust_mm_cat', 'ts': 'Q', 'thrd_meth': 'kde'}], 'fd_pr_name': ['cust_mm_hp-T2-kde', 'cust_mm_hp-Q-kde', 'cust_mm_x-T2-kde', 'cust_mm_x-Q-kde', 'cust_mm_catx-T2-kde', 'cust_mm_catx-Q-kde', 'cust_mm_cat-T2-kde', 'cust_mm_cat-Q-kde'], 'expt_FAR': 0.02, 'ts_post_op': None, 'if_use_lstsq': True, 'if_plot_mm_kde': False, 'if_plot_score_hm': False, 'if_plot_cov_inv': True, 'if_save_ts': False, 'alld_error': 0.005, 'cl': 0.995, 'if_intp': False}

Train PFBO_HY/fd_Act1 via cuda:
Epoch: 1 - 819/819 | forward_loss = 29.9549, reverse_loss = 46.4114, x_recon_loss = 41.0128, loss = 117.3791                
Finish training~ Spend 14 seconds

Mean training losses: ['train-forward_loss' 'train-reverse_loss' 'train-x_recon_loss'
 'train-loss'] = [ 81.8254  99.6169  54.2715 235.7138]

Save model paras [Last] in 'file:///F:/torch_joff/joff/Result/PFBO_HY/fd_Act1'

1) 'cust_mm_hp-T2-kde':
Threshold = 692.63

The test false alarm rates (FARs) are:
[0. 0. 0. 0. 0. 0. 0. 0.](%)

The test missed detection rates (MDRs) are:
[67.19 45.72 65.25 75.61 58.86 34.17 95.06 94.55](%)

The test AFAR is 0.0(%).
The test AMDR is 63.89(%).

2) 'cust_mm_hp-Q-kde':
Threshold = 78.94

The test false alarm rates (FARs) are:
[0. 0. 0. 0. 0. 0. 0. 0.](%)

The test missed detection rates (MDRs) are:
[75.97 58.94 67.15 80.   65.89 43.84 95.47 96.21](%)

The test AFAR is 0.0(%).
The test AMDR is 70.68(%).

3) 'cust_mm_x-T2-kde':
Threshold = 685.39

The test false alarm rates (FARs) are:
[0. 0. 0. 0. 0. 0. 0. 0.](%)

The test missed detection rates (MDRs) are:
[65.54 47.36 64.8  77.07 68.56 37.3  95.06 95.55](%)

The test AFAR is 0.0(%).
The test AMDR is 65.02(%).

4) 'cust_mm_x-Q-kde':
Threshold = 76.86

The test false alarm rates (FARs) are:
[0. 0. 0. 0. 0. 0. 0. 0.](%)

The test missed detection rates (MDRs) are:
[92.61 79.85 81.34 84.88 74.92 47.93 95.88 96.21](%)

The test AFAR is 0.0(%).
The test AMDR is 80.26(%).

5) 'cust_mm_catx-T2-kde':
Threshold = 1774.99

The test false alarm rates (FARs) are:
[0. 0. 0. 0. 0. 0. 0. 0.](%)

The test missed detection rates (MDRs) are:
[32.67 15.01 34.08 20.    9.36  1.44 25.93 66.95](%)

The test AFAR is 0.0(%).
The test AMDR is 27.9(%).

6) 'cust_mm_catx-Q-kde':
Threshold = 242.87

The test false alarm rates (FARs) are:
[0. 0. 0. 0. 0. 0. 0. 0.](%)

The test missed detection rates (MDRs) are:
[74.92 58.05 65.47 78.05 54.85 44.14 95.61 96.08](%)

The test AFAR is 0.0(%).
The test AMDR is 69.75(%).

7) 'cust_mm_cat-T2-kde':
Threshold = 1262.70

The test false alarm rates (FARs) are:
[0. 0. 0. 0. 0. 0. 0. 0.](%)

The test missed detection rates (MDRs) are:
[43.56 19.74 53.52 48.78 13.04  7.03 51.3  83.18](%)

The test AFAR is 0.0(%).
The test AMDR is 40.0(%).

8) 'cust_mm_cat-Q-kde':
Threshold = 171.57

The test false alarm rates (FARs) are:
[0. 0. 0. 0. 0. 0. 0. 0.](%)

The test missed detection rates (MDRs) are:
[73.53 55.11 64.69 77.56 54.52 41.26 95.47 96.14](%)

The test AFAR is 0.0(%).
The test AMDR is 68.29(%).

Save FD Result.xlsx in 'file:///F:/torch_joff/joff/Result/PFBO_HY/fd_Act1/FD%20Result.xlsx'
Plot Epoch-Loss.pdf in 'file:///F:/torch_joff/joff/Result/PFBO_HY/fd_Act1/Epoch-Loss.pdf'
Plot Normal.pdf of hp-T2-kde in 'file:///F:/torch_joff/joff/Result/PFBO_HY/fd_Act1/cust_mm_hp-T2-kde/Normal.pdf'
Plot Fault 1.pdf of hp-T2-kde in 'file:///F:/torch_joff/joff/Result/PFBO_HY/fd_Act1/cust_mm_hp-T2-kde/Fault%201.pdf'
Plot Fault 2.pdf of hp-T2-kde in 'file:///F:/torch_joff/joff/Result/PFBO_HY/fd_Act1/cust_mm_hp-T2-kde/Fault%202.pdf'
Plot Fault 3.pdf of hp-T2-kde in 'file:///F:/torch_joff/joff/Result/PFBO_HY/fd_Act1/cust_mm_hp-T2-kde/Fault%203.pdf'
Plot Fault 4.pdf of hp-T2-kde in 'file:///F:/torch_joff/joff/Result/PFBO_HY/fd_Act1/cust_mm_hp-T2-kde/Fault%204.pdf'
Plot Fault 5.pdf of hp-T2-kde in 'file:///F:/torch_joff/joff/Result/PFBO_HY/fd_Act1/cust_mm_hp-T2-kde/Fault%205.pdf'
Plot Fault 6.pdf of hp-T2-kde in 'file:///F:/torch_joff/joff/Result/PFBO_HY/fd_Act1/cust_mm_hp-T2-kde/Fault%206.pdf'
Plot Fault 7.pdf of hp-T2-kde in 'file:///F:/torch_joff/joff/Result/PFBO_HY/fd_Act1/cust_mm_hp-T2-kde/Fault%207.pdf'
Plot Fault 8.pdf of hp-T2-kde in 'file:///F:/torch_joff/joff/Result/PFBO_HY/fd_Act1/cust_mm_hp-T2-kde/Fault%208.pdf'
Plot Whole_fd.pdf of hp-T2-kde in 'file:///F:/torch_joff/joff/Result/PFBO_HY/fd_Act1/cust_mm_hp-T2-kde/Whole_fd.pdf'
Plot Normal.pdf of hp-Q-kde in 'file:///F:/torch_joff/joff/Result/PFBO_HY/fd_Act1/cust_mm_hp-Q-kde/Normal.pdf'
Plot Fault 1.pdf of hp-Q-kde in 'file:///F:/torch_joff/joff/Result/PFBO_HY/fd_Act1/cust_mm_hp-Q-kde/Fault%201.pdf'
Plot Fault 2.pdf of hp-Q-kde in 'file:///F:/torch_joff/joff/Result/PFBO_HY/fd_Act1/cust_mm_hp-Q-kde/Fault%202.pdf'
Plot Fault 3.pdf of hp-Q-kde in 'file:///F:/torch_joff/joff/Result/PFBO_HY/fd_Act1/cust_mm_hp-Q-kde/Fault%203.pdf'
Plot Fault 4.pdf of hp-Q-kde in 'file:///F:/torch_joff/joff/Result/PFBO_HY/fd_Act1/cust_mm_hp-Q-kde/Fault%204.pdf'
Plot Fault 5.pdf of hp-Q-kde in 'file:///F:/torch_joff/joff/Result/PFBO_HY/fd_Act1/cust_mm_hp-Q-kde/Fault%205.pdf'
Plot Fault 6.pdf of hp-Q-kde in 'file:///F:/torch_joff/joff/Result/PFBO_HY/fd_Act1/cust_mm_hp-Q-kde/Fault%206.pdf'
Plot Fault 7.pdf of hp-Q-kde in 'file:///F:/torch_joff/joff/Result/PFBO_HY/fd_Act1/cust_mm_hp-Q-kde/Fault%207.pdf'
Plot Fault 8.pdf of hp-Q-kde in 'file:///F:/torch_joff/joff/Result/PFBO_HY/fd_Act1/cust_mm_hp-Q-kde/Fault%208.pdf'
Plot Whole_fd.pdf of hp-Q-kde in 'file:///F:/torch_joff/joff/Result/PFBO_HY/fd_Act1/cust_mm_hp-Q-kde/Whole_fd.pdf'
Plot Normal.pdf of x-T2-kde in 'file:///F:/torch_joff/joff/Result/PFBO_HY/fd_Act1/cust_mm_x-T2-kde/Normal.pdf'
Plot Fault 1.pdf of x-T2-kde in 'file:///F:/torch_joff/joff/Result/PFBO_HY/fd_Act1/cust_mm_x-T2-kde/Fault%201.pdf'
Plot Fault 2.pdf of x-T2-kde in 'file:///F:/torch_joff/joff/Result/PFBO_HY/fd_Act1/cust_mm_x-T2-kde/Fault%202.pdf'
Plot Fault 3.pdf of x-T2-kde in 'file:///F:/torch_joff/joff/Result/PFBO_HY/fd_Act1/cust_mm_x-T2-kde/Fault%203.pdf'
Plot Fault 4.pdf of x-T2-kde in 'file:///F:/torch_joff/joff/Result/PFBO_HY/fd_Act1/cust_mm_x-T2-kde/Fault%204.pdf'
Plot Fault 5.pdf of x-T2-kde in 'file:///F:/torch_joff/joff/Result/PFBO_HY/fd_Act1/cust_mm_x-T2-kde/Fault%205.pdf'
Plot Fault 6.pdf of x-T2-kde in 'file:///F:/torch_joff/joff/Result/PFBO_HY/fd_Act1/cust_mm_x-T2-kde/Fault%206.pdf'
Plot Fault 7.pdf of x-T2-kde in 'file:///F:/torch_joff/joff/Result/PFBO_HY/fd_Act1/cust_mm_x-T2-kde/Fault%207.pdf'
Plot Fault 8.pdf of x-T2-kde in 'file:///F:/torch_joff/joff/Result/PFBO_HY/fd_Act1/cust_mm_x-T2-kde/Fault%208.pdf'
Plot Whole_fd.pdf of x-T2-kde in 'file:///F:/torch_joff/joff/Result/PFBO_HY/fd_Act1/cust_mm_x-T2-kde/Whole_fd.pdf'
Plot Normal.pdf of x-Q-kde in 'file:///F:/torch_joff/joff/Result/PFBO_HY/fd_Act1/cust_mm_x-Q-kde/Normal.pdf'
Plot Fault 1.pdf of x-Q-kde in 'file:///F:/torch_joff/joff/Result/PFBO_HY/fd_Act1/cust_mm_x-Q-kde/Fault%201.pdf'
Plot Fault 2.pdf of x-Q-kde in 'file:///F:/torch_joff/joff/Result/PFBO_HY/fd_Act1/cust_mm_x-Q-kde/Fault%202.pdf'
Plot Fault 3.pdf of x-Q-kde in 'file:///F:/torch_joff/joff/Result/PFBO_HY/fd_Act1/cust_mm_x-Q-kde/Fault%203.pdf'
Plot Fault 4.pdf of x-Q-kde in 'file:///F:/torch_joff/joff/Result/PFBO_HY/fd_Act1/cust_mm_x-Q-kde/Fault%204.pdf'
Plot Fault 5.pdf of x-Q-kde in 'file:///F:/torch_joff/joff/Result/PFBO_HY/fd_Act1/cust_mm_x-Q-kde/Fault%205.pdf'
Plot Fault 6.pdf of x-Q-kde in 'file:///F:/torch_joff/joff/Result/PFBO_HY/fd_Act1/cust_mm_x-Q-kde/Fault%206.pdf'
Plot Fault 7.pdf of x-Q-kde in 'file:///F:/torch_joff/joff/Result/PFBO_HY/fd_Act1/cust_mm_x-Q-kde/Fault%207.pdf'
Plot Fault 8.pdf of x-Q-kde in 'file:///F:/torch_joff/joff/Result/PFBO_HY/fd_Act1/cust_mm_x-Q-kde/Fault%208.pdf'
Plot Whole_fd.pdf of x-Q-kde in 'file:///F:/torch_joff/joff/Result/PFBO_HY/fd_Act1/cust_mm_x-Q-kde/Whole_fd.pdf'
Plot Normal.pdf of catx-T2-kde in 'file:///F:/torch_joff/joff/Result/PFBO_HY/fd_Act1/cust_mm_catx-T2-kde/Normal.pdf'
Plot Fault 1.pdf of catx-T2-kde in 'file:///F:/torch_joff/joff/Result/PFBO_HY/fd_Act1/cust_mm_catx-T2-kde/Fault%201.pdf'
Plot Fault 2.pdf of catx-T2-kde in 'file:///F:/torch_joff/joff/Result/PFBO_HY/fd_Act1/cust_mm_catx-T2-kde/Fault%202.pdf'
Plot Fault 3.pdf of catx-T2-kde in 'file:///F:/torch_joff/joff/Result/PFBO_HY/fd_Act1/cust_mm_catx-T2-kde/Fault%203.pdf'
Plot Fault 4.pdf of catx-T2-kde in 'file:///F:/torch_joff/joff/Result/PFBO_HY/fd_Act1/cust_mm_catx-T2-kde/Fault%204.pdf'
Plot Fault 5.pdf of catx-T2-kde in 'file:///F:/torch_joff/joff/Result/PFBO_HY/fd_Act1/cust_mm_catx-T2-kde/Fault%205.pdf'
Plot Fault 6.pdf of catx-T2-kde in 'file:///F:/torch_joff/joff/Result/PFBO_HY/fd_Act1/cust_mm_catx-T2-kde/Fault%206.pdf'
Plot Fault 7.pdf of catx-T2-kde in 'file:///F:/torch_joff/joff/Result/PFBO_HY/fd_Act1/cust_mm_catx-T2-kde/Fault%207.pdf'
Plot Fault 8.pdf of catx-T2-kde in 'file:///F:/torch_joff/joff/Result/PFBO_HY/fd_Act1/cust_mm_catx-T2-kde/Fault%208.pdf'
Plot Whole_fd.pdf of catx-T2-kde in 'file:///F:/torch_joff/joff/Result/PFBO_HY/fd_Act1/cust_mm_catx-T2-kde/Whole_fd.pdf'
Plot Normal.pdf of catx-Q-kde in 'file:///F:/torch_joff/joff/Result/PFBO_HY/fd_Act1/cust_mm_catx-Q-kde/Normal.pdf'
Plot Fault 1.pdf of catx-Q-kde in 'file:///F:/torch_joff/joff/Result/PFBO_HY/fd_Act1/cust_mm_catx-Q-kde/Fault%201.pdf'
Plot Fault 2.pdf of catx-Q-kde in 'file:///F:/torch_joff/joff/Result/PFBO_HY/fd_Act1/cust_mm_catx-Q-kde/Fault%202.pdf'
Plot Fault 3.pdf of catx-Q-kde in 'file:///F:/torch_joff/joff/Result/PFBO_HY/fd_Act1/cust_mm_catx-Q-kde/Fault%203.pdf'
Plot Fault 4.pdf of catx-Q-kde in 'file:///F:/torch_joff/joff/Result/PFBO_HY/fd_Act1/cust_mm_catx-Q-kde/Fault%204.pdf'
Plot Fault 5.pdf of catx-Q-kde in 'file:///F:/torch_joff/joff/Result/PFBO_HY/fd_Act1/cust_mm_catx-Q-kde/Fault%205.pdf'
Plot Fault 6.pdf of catx-Q-kde in 'file:///F:/torch_joff/joff/Result/PFBO_HY/fd_Act1/cust_mm_catx-Q-kde/Fault%206.pdf'
Plot Fault 7.pdf of catx-Q-kde in 'file:///F:/torch_joff/joff/Result/PFBO_HY/fd_Act1/cust_mm_catx-Q-kde/Fault%207.pdf'
Plot Fault 8.pdf of catx-Q-kde in 'file:///F:/torch_joff/joff/Result/PFBO_HY/fd_Act1/cust_mm_catx-Q-kde/Fault%208.pdf'
Plot Whole_fd.pdf of catx-Q-kde in 'file:///F:/torch_joff/joff/Result/PFBO_HY/fd_Act1/cust_mm_catx-Q-kde/Whole_fd.pdf'
Plot Normal.pdf of cat-T2-kde in 'file:///F:/torch_joff/joff/Result/PFBO_HY/fd_Act1/cust_mm_cat-T2-kde/Normal.pdf'
Plot Fault 1.pdf of cat-T2-kde in 'file:///F:/torch_joff/joff/Result/PFBO_HY/fd_Act1/cust_mm_cat-T2-kde/Fault%201.pdf'
Plot Fault 2.pdf of cat-T2-kde in 'file:///F:/torch_joff/joff/Result/PFBO_HY/fd_Act1/cust_mm_cat-T2-kde/Fault%202.pdf'
Plot Fault 3.pdf of cat-T2-kde in 'file:///F:/torch_joff/joff/Result/PFBO_HY/fd_Act1/cust_mm_cat-T2-kde/Fault%203.pdf'
Plot Fault 4.pdf of cat-T2-kde in 'file:///F:/torch_joff/joff/Result/PFBO_HY/fd_Act1/cust_mm_cat-T2-kde/Fault%204.pdf'
Plot Fault 5.pdf of cat-T2-kde in 'file:///F:/torch_joff/joff/Result/PFBO_HY/fd_Act1/cust_mm_cat-T2-kde/Fault%205.pdf'
Plot Fault 6.pdf of cat-T2-kde in 'file:///F:/torch_joff/joff/Result/PFBO_HY/fd_Act1/cust_mm_cat-T2-kde/Fault%206.pdf'
Plot Fault 7.pdf of cat-T2-kde in 'file:///F:/torch_joff/joff/Result/PFBO_HY/fd_Act1/cust_mm_cat-T2-kde/Fault%207.pdf'
Plot Fault 8.pdf of cat-T2-kde in 'file:///F:/torch_joff/joff/Result/PFBO_HY/fd_Act1/cust_mm_cat-T2-kde/Fault%208.pdf'
Plot Whole_fd.pdf of cat-T2-kde in 'file:///F:/torch_joff/joff/Result/PFBO_HY/fd_Act1/cust_mm_cat-T2-kde/Whole_fd.pdf'
Plot Normal.pdf of cat-Q-kde in 'file:///F:/torch_joff/joff/Result/PFBO_HY/fd_Act1/cust_mm_cat-Q-kde/Normal.pdf'
Plot Fault 1.pdf of cat-Q-kde in 'file:///F:/torch_joff/joff/Result/PFBO_HY/fd_Act1/cust_mm_cat-Q-kde/Fault%201.pdf'
Plot Fault 2.pdf of cat-Q-kde in 'file:///F:/torch_joff/joff/Result/PFBO_HY/fd_Act1/cust_mm_cat-Q-kde/Fault%202.pdf'
Plot Fault 3.pdf of cat-Q-kde in 'file:///F:/torch_joff/joff/Result/PFBO_HY/fd_Act1/cust_mm_cat-Q-kde/Fault%203.pdf'
Plot Fault 4.pdf of cat-Q-kde in 'file:///F:/torch_joff/joff/Result/PFBO_HY/fd_Act1/cust_mm_cat-Q-kde/Fault%204.pdf'
Plot Fault 5.pdf of cat-Q-kde in 'file:///F:/torch_joff/joff/Result/PFBO_HY/fd_Act1/cust_mm_cat-Q-kde/Fault%205.pdf'
Plot Fault 6.pdf of cat-Q-kde in 'file:///F:/torch_joff/joff/Result/PFBO_HY/fd_Act1/cust_mm_cat-Q-kde/Fault%206.pdf'
Plot Fault 7.pdf of cat-Q-kde in 'file:///F:/torch_joff/joff/Result/PFBO_HY/fd_Act1/cust_mm_cat-Q-kde/Fault%207.pdf'
Plot Fault 8.pdf of cat-Q-kde in 'file:///F:/torch_joff/joff/Result/PFBO_HY/fd_Act1/cust_mm_cat-Q-kde/Fault%208.pdf'
Plot Whole_fd.pdf of cat-Q-kde in 'file:///F:/torch_joff/joff/Result/PFBO_HY/fd_Act1/cust_mm_cat-Q-kde/Whole_fd.pdf'
