
PFBO(
  (loss_func): MSELoss()
  (H_E): NICE(
    (loss_func): MSELoss()
    (layers): ModuleList(
      (0): AdditiveCouplingLayer(
        (loss_func): MSELoss()
        (net): Sequential(
          (0): Linear(in_features=130, out_features=130, bias=True)
          (1): Gaussian()
          (2): Linear(in_features=130, out_features=130, bias=True)
          (3): Affine()
        )
      )
      (1): AdditiveCouplingLayer(
        (loss_func): MSELoss()
        (net): Sequential(
          (0): Linear(in_features=130, out_features=130, bias=True)
          (1): Sigmoid()
          (2): Linear(in_features=130, out_features=130, bias=True)
          (3): Affine()
        )
      )
      (2): AdditiveCouplingLayer(
        (loss_func): MSELoss()
        (net): Sequential(
          (0): Linear(in_features=130, out_features=130, bias=True)
          (1): Gaussian()
          (2): Linear(in_features=130, out_features=130, bias=True)
          (3): Affine()
        )
      )
    )
  )
  (H_P): NICE(
    (loss_func): MSELoss()
    (layers): ModuleList(
      (0): AdditiveCouplingLayer(
        (loss_func): MSELoss()
        (net): Sequential(
          (0): Linear(in_features=130, out_features=130, bias=True)
          (1): Gaussian()
          (2): Linear(in_features=130, out_features=130, bias=True)
          (3): Affine()
        )
      )
      (1-2): 2 x AdditiveCouplingLayer(
        (loss_func): MSELoss()
        (net): Sequential(
          (0): Linear(in_features=130, out_features=130, bias=True)
          (1): Affine()
          (2): Linear(in_features=130, out_features=130, bias=True)
          (3): Affine()
        )
      )
    )
  )
)

run paras: {'run_times': 1, 'multirun_seed': 'r*2', '_run_id': '', 'e': 1, 'load_para_type': None, 'load_sub': None, 'load_file_name': None, 'load_path_replace': None, 'view_addi_info': ['forward_loss', 'reverse_loss', 'x_recon_loss', 'loss'], 'if_log': True, 'if_epoch_eval': None, 'if_vmap': False, 'if_save_excel': True, 'if_save_plot': True, 'fd_pr': ['cust_mm_hp&cust_mm_x&cust_mm_catx&cust_mm_cat-T2&Q-kde'], 'fd_pr_dt': [{'mm': 'cust_mm_hp', 'ts': 'T2', 'thrd_meth': 'kde'}, {'mm': 'cust_mm_hp', 'ts': 'Q', 'thrd_meth': 'kde'}, {'mm': 'cust_mm_x', 'ts': 'T2', 'thrd_meth': 'kde'}, {'mm': 'cust_mm_x', 'ts': 'Q', 'thrd_meth': 'kde'}, {'mm': 'cust_mm_catx', 'ts': 'T2', 'thrd_meth': 'kde'}, {'mm': 'cust_mm_catx', 'ts': 'Q', 'thrd_meth': 'kde'}, {'mm': 'cust_mm_cat', 'ts': 'T2', 'thrd_meth': 'kde'}, {'mm': 'cust_mm_cat', 'ts': 'Q', 'thrd_meth': 'kde'}], 'fd_pr_name': ['cust_mm_hp-T2-kde', 'cust_mm_hp-Q-kde', 'cust_mm_x-T2-kde', 'cust_mm_x-Q-kde', 'cust_mm_catx-T2-kde', 'cust_mm_catx-Q-kde', 'cust_mm_cat-T2-kde', 'cust_mm_cat-Q-kde'], 'expt_FAR': 0.02, 'ts_post_op': None, 'if_use_lstsq': True, 'if_plot_mm_kde': False, 'if_plot_score_hm': False, 'if_plot_cov_inv': True, 'if_save_ts': False, 'alld_error': 0.005, 'cl': 0.995, 'if_intp': False}

Train PFBO_HY/fd_Act1 via cuda:
Epoch: 1 - 819/819 | forward_loss = 25.8475, reverse_loss = 28.5460, x_recon_loss = 32.1242, loss = 86.5177                
Finish training~ Spend 12 seconds

Mean training losses: ['train-forward_loss' 'train-reverse_loss' 'train-x_recon_loss'
 'train-loss'] = [ 78.7393  95.1928  50.4222 224.3543]

Save model paras [Last] in 'file:///F:/torch_joff/joff/Result/PFBO_HY/fd_Act1'

1) 'cust_mm_hp-T2-kde':
Threshold = 696.34

The test false alarm rates (FARs) are:
[0. 0. 0. 0. 0. 0. 0. 0.](%)

The test missed detection rates (MDRs) are:
[66.07 47.09 64.8  77.07 69.57 31.41 94.92 95.48](%)

The test AFAR is 0.0(%).
The test AMDR is 63.9(%).

2) 'cust_mm_hp-Q-kde':
Threshold = 78.69

The test false alarm rates (FARs) are:
[0. 0. 0. 0. 0. 0. 0. 0.](%)

The test missed detection rates (MDRs) are:
[83.56 65.32 65.03 78.05 71.24 43.54 95.75 96.21](%)

The test AFAR is 0.0(%).
The test AMDR is 73.07(%).

3) 'cust_mm_x-T2-kde':
Threshold = 695.33

The test false alarm rates (FARs) are:
[0. 0. 0. 0. 0. 0. 0. 0.](%)

The test missed detection rates (MDRs) are:
[66.8  49.14 64.92 77.07 68.56 36.76 95.06 95.68](%)

The test AFAR is 0.0(%).
The test AMDR is 65.49(%).

4) 'cust_mm_x-Q-kde':
Threshold = 72.01

The test false alarm rates (FARs) are:
[0. 0. 0. 0. 0. 0. 0. 0.](%)

The test missed detection rates (MDRs) are:
[91.09 80.53 86.26 86.83 75.25 48.23 95.61 96.21](%)

The test AFAR is 0.0(%).
The test AMDR is 80.73(%).

5) 'cust_mm_catx-T2-kde':
Threshold = 1776.95

The test false alarm rates (FARs) are:
[0.   0.   0.   0.59 0.   0.   0.   0.  ](%)

The test missed detection rates (MDRs) are:
[32.41 15.15 35.31 20.98  9.36  1.56 24.97 67.29](%)

The test AFAR is 0.07(%).
The test AMDR is 28.04(%).

6) 'cust_mm_catx-Q-kde':
Threshold = 234.45

The test false alarm rates (FARs) are:
[0. 0. 0. 0. 0. 0. 0. 0.](%)

The test missed detection rates (MDRs) are:
[74.85 64.36 65.36 78.54 54.85 44.62 95.61 96.01](%)

The test AFAR is 0.0(%).
The test AMDR is 70.93(%).

7) 'cust_mm_cat-T2-kde':
Threshold = 1262.37

The test false alarm rates (FARs) are:
[0. 0. 0. 0. 0. 0. 0. 0.](%)

The test missed detection rates (MDRs) are:
[47.79 21.25 57.43 53.66 13.04  5.95 62.   87.97](%)

The test AFAR is 0.0(%).
The test AMDR is 43.17(%).

8) 'cust_mm_cat-Q-kde':
Threshold = 164.05

The test false alarm rates (FARs) are:
[0. 0. 0. 0. 0. 0. 0. 0.](%)

The test missed detection rates (MDRs) are:
[71.88 58.26 64.69 77.07 54.52 41.92 95.61 96.01](%)

The test AFAR is 0.0(%).
The test AMDR is 68.65(%).

Save FD Result.xlsx in 'file:///F:/torch_joff/joff/Result/PFBO_HY/fd_Act1/FD%20Result.xlsx'
Plot Epoch-Loss.pdf in 'file:///F:/torch_joff/joff/Result/PFBO_HY/fd_Act1/Epoch-Loss.pdf'
Plot Normal.pdf of hp-T2-kde in 'file:///F:/torch_joff/joff/Result/PFBO_HY/fd_Act1/cust_mm_hp-T2-kde/Normal.pdf'
Plot Fault 1.pdf of hp-T2-kde in 'file:///F:/torch_joff/joff/Result/PFBO_HY/fd_Act1/cust_mm_hp-T2-kde/Fault%201.pdf'
Plot Fault 2.pdf of hp-T2-kde in 'file:///F:/torch_joff/joff/Result/PFBO_HY/fd_Act1/cust_mm_hp-T2-kde/Fault%202.pdf'
Plot Fault 3.pdf of hp-T2-kde in 'file:///F:/torch_joff/joff/Result/PFBO_HY/fd_Act1/cust_mm_hp-T2-kde/Fault%203.pdf'
Plot Fault 4.pdf of hp-T2-kde in 'file:///F:/torch_joff/joff/Result/PFBO_HY/fd_Act1/cust_mm_hp-T2-kde/Fault%204.pdf'
Plot Fault 5.pdf of hp-T2-kde in 'file:///F:/torch_joff/joff/Result/PFBO_HY/fd_Act1/cust_mm_hp-T2-kde/Fault%205.pdf'
Plot Fault 6.pdf of hp-T2-kde in 'file:///F:/torch_joff/joff/Result/PFBO_HY/fd_Act1/cust_mm_hp-T2-kde/Fault%206.pdf'
Plot Fault 7.pdf of hp-T2-kde in 'file:///F:/torch_joff/joff/Result/PFBO_HY/fd_Act1/cust_mm_hp-T2-kde/Fault%207.pdf'
Plot Fault 8.pdf of hp-T2-kde in 'file:///F:/torch_joff/joff/Result/PFBO_HY/fd_Act1/cust_mm_hp-T2-kde/Fault%208.pdf'
Plot Whole_fd.pdf of hp-T2-kde in 'file:///F:/torch_joff/joff/Result/PFBO_HY/fd_Act1/cust_mm_hp-T2-kde/Whole_fd.pdf'
Plot Normal.pdf of hp-Q-kde in 'file:///F:/torch_joff/joff/Result/PFBO_HY/fd_Act1/cust_mm_hp-Q-kde/Normal.pdf'
Plot Fault 1.pdf of hp-Q-kde in 'file:///F:/torch_joff/joff/Result/PFBO_HY/fd_Act1/cust_mm_hp-Q-kde/Fault%201.pdf'
Plot Fault 2.pdf of hp-Q-kde in 'file:///F:/torch_joff/joff/Result/PFBO_HY/fd_Act1/cust_mm_hp-Q-kde/Fault%202.pdf'
Plot Fault 3.pdf of hp-Q-kde in 'file:///F:/torch_joff/joff/Result/PFBO_HY/fd_Act1/cust_mm_hp-Q-kde/Fault%203.pdf'
Plot Fault 4.pdf of hp-Q-kde in 'file:///F:/torch_joff/joff/Result/PFBO_HY/fd_Act1/cust_mm_hp-Q-kde/Fault%204.pdf'
Plot Fault 5.pdf of hp-Q-kde in 'file:///F:/torch_joff/joff/Result/PFBO_HY/fd_Act1/cust_mm_hp-Q-kde/Fault%205.pdf'
Plot Fault 6.pdf of hp-Q-kde in 'file:///F:/torch_joff/joff/Result/PFBO_HY/fd_Act1/cust_mm_hp-Q-kde/Fault%206.pdf'
Plot Fault 7.pdf of hp-Q-kde in 'file:///F:/torch_joff/joff/Result/PFBO_HY/fd_Act1/cust_mm_hp-Q-kde/Fault%207.pdf'
Plot Fault 8.pdf of hp-Q-kde in 'file:///F:/torch_joff/joff/Result/PFBO_HY/fd_Act1/cust_mm_hp-Q-kde/Fault%208.pdf'
Plot Whole_fd.pdf of hp-Q-kde in 'file:///F:/torch_joff/joff/Result/PFBO_HY/fd_Act1/cust_mm_hp-Q-kde/Whole_fd.pdf'
Plot Normal.pdf of x-T2-kde in 'file:///F:/torch_joff/joff/Result/PFBO_HY/fd_Act1/cust_mm_x-T2-kde/Normal.pdf'
Plot Fault 1.pdf of x-T2-kde in 'file:///F:/torch_joff/joff/Result/PFBO_HY/fd_Act1/cust_mm_x-T2-kde/Fault%201.pdf'
Plot Fault 2.pdf of x-T2-kde in 'file:///F:/torch_joff/joff/Result/PFBO_HY/fd_Act1/cust_mm_x-T2-kde/Fault%202.pdf'
Plot Fault 3.pdf of x-T2-kde in 'file:///F:/torch_joff/joff/Result/PFBO_HY/fd_Act1/cust_mm_x-T2-kde/Fault%203.pdf'
Plot Fault 4.pdf of x-T2-kde in 'file:///F:/torch_joff/joff/Result/PFBO_HY/fd_Act1/cust_mm_x-T2-kde/Fault%204.pdf'
Plot Fault 5.pdf of x-T2-kde in 'file:///F:/torch_joff/joff/Result/PFBO_HY/fd_Act1/cust_mm_x-T2-kde/Fault%205.pdf'
Plot Fault 6.pdf of x-T2-kde in 'file:///F:/torch_joff/joff/Result/PFBO_HY/fd_Act1/cust_mm_x-T2-kde/Fault%206.pdf'
Plot Fault 7.pdf of x-T2-kde in 'file:///F:/torch_joff/joff/Result/PFBO_HY/fd_Act1/cust_mm_x-T2-kde/Fault%207.pdf'
Plot Fault 8.pdf of x-T2-kde in 'file:///F:/torch_joff/joff/Result/PFBO_HY/fd_Act1/cust_mm_x-T2-kde/Fault%208.pdf'
Plot Whole_fd.pdf of x-T2-kde in 'file:///F:/torch_joff/joff/Result/PFBO_HY/fd_Act1/cust_mm_x-T2-kde/Whole_fd.pdf'
Plot Normal.pdf of x-Q-kde in 'file:///F:/torch_joff/joff/Result/PFBO_HY/fd_Act1/cust_mm_x-Q-kde/Normal.pdf'
Plot Fault 1.pdf of x-Q-kde in 'file:///F:/torch_joff/joff/Result/PFBO_HY/fd_Act1/cust_mm_x-Q-kde/Fault%201.pdf'
Plot Fault 2.pdf of x-Q-kde in 'file:///F:/torch_joff/joff/Result/PFBO_HY/fd_Act1/cust_mm_x-Q-kde/Fault%202.pdf'
Plot Fault 3.pdf of x-Q-kde in 'file:///F:/torch_joff/joff/Result/PFBO_HY/fd_Act1/cust_mm_x-Q-kde/Fault%203.pdf'
Plot Fault 4.pdf of x-Q-kde in 'file:///F:/torch_joff/joff/Result/PFBO_HY/fd_Act1/cust_mm_x-Q-kde/Fault%204.pdf'
Plot Fault 5.pdf of x-Q-kde in 'file:///F:/torch_joff/joff/Result/PFBO_HY/fd_Act1/cust_mm_x-Q-kde/Fault%205.pdf'
Plot Fault 6.pdf of x-Q-kde in 'file:///F:/torch_joff/joff/Result/PFBO_HY/fd_Act1/cust_mm_x-Q-kde/Fault%206.pdf'
Plot Fault 7.pdf of x-Q-kde in 'file:///F:/torch_joff/joff/Result/PFBO_HY/fd_Act1/cust_mm_x-Q-kde/Fault%207.pdf'
Plot Fault 8.pdf of x-Q-kde in 'file:///F:/torch_joff/joff/Result/PFBO_HY/fd_Act1/cust_mm_x-Q-kde/Fault%208.pdf'
Plot Whole_fd.pdf of x-Q-kde in 'file:///F:/torch_joff/joff/Result/PFBO_HY/fd_Act1/cust_mm_x-Q-kde/Whole_fd.pdf'
Plot Normal.pdf of catx-T2-kde in 'file:///F:/torch_joff/joff/Result/PFBO_HY/fd_Act1/cust_mm_catx-T2-kde/Normal.pdf'
Plot Fault 1.pdf of catx-T2-kde in 'file:///F:/torch_joff/joff/Result/PFBO_HY/fd_Act1/cust_mm_catx-T2-kde/Fault%201.pdf'
Plot Fault 2.pdf of catx-T2-kde in 'file:///F:/torch_joff/joff/Result/PFBO_HY/fd_Act1/cust_mm_catx-T2-kde/Fault%202.pdf'
Plot Fault 3.pdf of catx-T2-kde in 'file:///F:/torch_joff/joff/Result/PFBO_HY/fd_Act1/cust_mm_catx-T2-kde/Fault%203.pdf'
Plot Fault 4.pdf of catx-T2-kde in 'file:///F:/torch_joff/joff/Result/PFBO_HY/fd_Act1/cust_mm_catx-T2-kde/Fault%204.pdf'
Plot Fault 5.pdf of catx-T2-kde in 'file:///F:/torch_joff/joff/Result/PFBO_HY/fd_Act1/cust_mm_catx-T2-kde/Fault%205.pdf'
Plot Fault 6.pdf of catx-T2-kde in 'file:///F:/torch_joff/joff/Result/PFBO_HY/fd_Act1/cust_mm_catx-T2-kde/Fault%206.pdf'
Plot Fault 7.pdf of catx-T2-kde in 'file:///F:/torch_joff/joff/Result/PFBO_HY/fd_Act1/cust_mm_catx-T2-kde/Fault%207.pdf'
Plot Fault 8.pdf of catx-T2-kde in 'file:///F:/torch_joff/joff/Result/PFBO_HY/fd_Act1/cust_mm_catx-T2-kde/Fault%208.pdf'
Plot Whole_fd.pdf of catx-T2-kde in 'file:///F:/torch_joff/joff/Result/PFBO_HY/fd_Act1/cust_mm_catx-T2-kde/Whole_fd.pdf'
Plot Normal.pdf of catx-Q-kde in 'file:///F:/torch_joff/joff/Result/PFBO_HY/fd_Act1/cust_mm_catx-Q-kde/Normal.pdf'
Plot Fault 1.pdf of catx-Q-kde in 'file:///F:/torch_joff/joff/Result/PFBO_HY/fd_Act1/cust_mm_catx-Q-kde/Fault%201.pdf'
Plot Fault 2.pdf of catx-Q-kde in 'file:///F:/torch_joff/joff/Result/PFBO_HY/fd_Act1/cust_mm_catx-Q-kde/Fault%202.pdf'
Plot Fault 3.pdf of catx-Q-kde in 'file:///F:/torch_joff/joff/Result/PFBO_HY/fd_Act1/cust_mm_catx-Q-kde/Fault%203.pdf'
Plot Fault 4.pdf of catx-Q-kde in 'file:///F:/torch_joff/joff/Result/PFBO_HY/fd_Act1/cust_mm_catx-Q-kde/Fault%204.pdf'
Plot Fault 5.pdf of catx-Q-kde in 'file:///F:/torch_joff/joff/Result/PFBO_HY/fd_Act1/cust_mm_catx-Q-kde/Fault%205.pdf'
Plot Fault 6.pdf of catx-Q-kde in 'file:///F:/torch_joff/joff/Result/PFBO_HY/fd_Act1/cust_mm_catx-Q-kde/Fault%206.pdf'
Plot Fault 7.pdf of catx-Q-kde in 'file:///F:/torch_joff/joff/Result/PFBO_HY/fd_Act1/cust_mm_catx-Q-kde/Fault%207.pdf'
Plot Fault 8.pdf of catx-Q-kde in 'file:///F:/torch_joff/joff/Result/PFBO_HY/fd_Act1/cust_mm_catx-Q-kde/Fault%208.pdf'
Plot Whole_fd.pdf of catx-Q-kde in 'file:///F:/torch_joff/joff/Result/PFBO_HY/fd_Act1/cust_mm_catx-Q-kde/Whole_fd.pdf'
Plot Normal.pdf of cat-T2-kde in 'file:///F:/torch_joff/joff/Result/PFBO_HY/fd_Act1/cust_mm_cat-T2-kde/Normal.pdf'
Plot Fault 1.pdf of cat-T2-kde in 'file:///F:/torch_joff/joff/Result/PFBO_HY/fd_Act1/cust_mm_cat-T2-kde/Fault%201.pdf'
Plot Fault 2.pdf of cat-T2-kde in 'file:///F:/torch_joff/joff/Result/PFBO_HY/fd_Act1/cust_mm_cat-T2-kde/Fault%202.pdf'
Plot Fault 3.pdf of cat-T2-kde in 'file:///F:/torch_joff/joff/Result/PFBO_HY/fd_Act1/cust_mm_cat-T2-kde/Fault%203.pdf'
Plot Fault 4.pdf of cat-T2-kde in 'file:///F:/torch_joff/joff/Result/PFBO_HY/fd_Act1/cust_mm_cat-T2-kde/Fault%204.pdf'
Plot Fault 5.pdf of cat-T2-kde in 'file:///F:/torch_joff/joff/Result/PFBO_HY/fd_Act1/cust_mm_cat-T2-kde/Fault%205.pdf'
Plot Fault 6.pdf of cat-T2-kde in 'file:///F:/torch_joff/joff/Result/PFBO_HY/fd_Act1/cust_mm_cat-T2-kde/Fault%206.pdf'
Plot Fault 7.pdf of cat-T2-kde in 'file:///F:/torch_joff/joff/Result/PFBO_HY/fd_Act1/cust_mm_cat-T2-kde/Fault%207.pdf'
Plot Fault 8.pdf of cat-T2-kde in 'file:///F:/torch_joff/joff/Result/PFBO_HY/fd_Act1/cust_mm_cat-T2-kde/Fault%208.pdf'
Plot Whole_fd.pdf of cat-T2-kde in 'file:///F:/torch_joff/joff/Result/PFBO_HY/fd_Act1/cust_mm_cat-T2-kde/Whole_fd.pdf'
Plot Normal.pdf of cat-Q-kde in 'file:///F:/torch_joff/joff/Result/PFBO_HY/fd_Act1/cust_mm_cat-Q-kde/Normal.pdf'
Plot Fault 1.pdf of cat-Q-kde in 'file:///F:/torch_joff/joff/Result/PFBO_HY/fd_Act1/cust_mm_cat-Q-kde/Fault%201.pdf'
Plot Fault 2.pdf of cat-Q-kde in 'file:///F:/torch_joff/joff/Result/PFBO_HY/fd_Act1/cust_mm_cat-Q-kde/Fault%202.pdf'
Plot Fault 3.pdf of cat-Q-kde in 'file:///F:/torch_joff/joff/Result/PFBO_HY/fd_Act1/cust_mm_cat-Q-kde/Fault%203.pdf'
Plot Fault 4.pdf of cat-Q-kde in 'file:///F:/torch_joff/joff/Result/PFBO_HY/fd_Act1/cust_mm_cat-Q-kde/Fault%204.pdf'
Plot Fault 5.pdf of cat-Q-kde in 'file:///F:/torch_joff/joff/Result/PFBO_HY/fd_Act1/cust_mm_cat-Q-kde/Fault%205.pdf'
Plot Fault 6.pdf of cat-Q-kde in 'file:///F:/torch_joff/joff/Result/PFBO_HY/fd_Act1/cust_mm_cat-Q-kde/Fault%206.pdf'
Plot Fault 7.pdf of cat-Q-kde in 'file:///F:/torch_joff/joff/Result/PFBO_HY/fd_Act1/cust_mm_cat-Q-kde/Fault%207.pdf'
Plot Fault 8.pdf of cat-Q-kde in 'file:///F:/torch_joff/joff/Result/PFBO_HY/fd_Act1/cust_mm_cat-Q-kde/Fault%208.pdf'
Plot Whole_fd.pdf of cat-Q-kde in 'file:///F:/torch_joff/joff/Result/PFBO_HY/fd_Act1/cust_mm_cat-Q-kde/Whole_fd.pdf'
