
DAE(
  (loss_func): MSELoss()
  (encoder): Sequential(
    (0): Linear(in_features=10, out_features=100, bias=True)
    (1): Sigmoid()
    (2): Linear(in_features=100, out_features=50, bias=True)
    (3): Sigmoid()
  )
  (decoder): Sequential(
    (0): Linear(in_features=50, out_features=100, bias=True)
    (1): Sigmoid()
    (2): Linear(in_features=100, out_features=10, bias=True)
    (3): Affine()
  )
)

run paras: {'run_times': 1, 'multirun_seed': 'r*2', '_run_id': '', 'e': 24, 'load_para_type': None, 'load_sub': None, 'load_file_name': None, 'view_addi_info': ['loss'], 'if_log': True, 'if_epoch_eval': None, 'if_vmap': False, 'if_save_excel': True, 'if_save_plot': True, 'fd_pr': ['re-T2-ineq&kde'], 'fd_pr_dt': [{'mm': 're', 'ts': 'T2', 'thrd_meth': 'ineq'}, {'mm': 're', 'ts': 'T2', 'thrd_meth': 'kde'}], 'fd_pr_name': ['re-T2-ineq', 're-T2-kde'], 'if_minus_mean': True, 'if_use_lstsq': False, 'expt_FAR': 0.005, 'if_plot_mm_kde': True, 'if_plot_score_hm': False, 'if_mm_tab': False, 'if_mm_tsne': False, 'alld_error': 0.005, 'cl': 0.995, 'if_intp': False}

Train DAE[unsup_res]_CSTR_fd_Act2 in cuda:
Epoch: 24 - 751/751 | loss = 0.0034                
Finish training~ Spend 28 seconds

Mean training losses: ['train-loss'] = [0.0079]

Save model paras in '../Result/DAE[unsup_res]_CSTR_fd_Act2/Last'
Plot [T2_cov_sqrt_inv] re-T2-ineq.pdf in '../Result/DAE[unsup_res]_CSTR_fd_Act2'

Plot: 10/10 subplot of 'score_kde'...                
Save [mm_kde] re-T2-ineq.pdf in ../Result/DAE[unsup_res]_CSTR_fd_Act2

1) 're-T2-ineq':

Sample size: N = 12010
Chernoff's minimum requirements: N >= 119830
Freedman's minimum requirements: N >= 5400
De la Pena's minimum requirements: N >= 5394
Bernstein's minimum requirements: N >= 5802
Threshold = 81.22

The test false alarm rates (FARs) are:
[1.  0.  0.  0.  0.5 0.  1.  0.  0.  0.5](%)

The test missed detection rates (MDRs) are:
[38.86 14.99 11.29  0.9   2.6   3.9   2.1   4.7   4.4  22.88](%)

The test AFAR is 0.3(%).
The test AMDR is 10.66(%).
Plot [T2_cov_sqrt_inv] re-T2-kde.pdf in '../Result/DAE[unsup_res]_CSTR_fd_Act2'

Plot: 10/10 subplot of 'score_kde'...                
Save [mm_kde] re-T2-kde.pdf in ../Result/DAE[unsup_res]_CSTR_fd_Act2

2) 're-T2-kde':

Solutions = [87.17]
Threshold = 87.17

The test false alarm rates (FARs) are:
[0.5 0.  0.  0.  0.5 0.  1.  0.  0.  0. ](%)

The test missed detection rates (MDRs) are:
[39.76 15.78 12.09  0.9   2.9   4.    2.1   4.7   4.6  23.28](%)

The test AFAR is 0.2(%).
The test AMDR is 11.01(%).

Save FD Result.xlsx in '../Result/DAE[unsup_res]_CSTR_fd_Act2'
['loss']
Plot Epoch-Loss.pdf in '../Result/DAE[unsup_res]_CSTR_fd_Act2'
Plot Fault 01.pdf in '../Result/DAE[unsup_res]_CSTR_fd_Act2/re-T2-ineq'
Plot Fault 02.pdf in '../Result/DAE[unsup_res]_CSTR_fd_Act2/re-T2-ineq'
Plot Fault 03.pdf in '../Result/DAE[unsup_res]_CSTR_fd_Act2/re-T2-ineq'
Plot Fault 04.pdf in '../Result/DAE[unsup_res]_CSTR_fd_Act2/re-T2-ineq'
Plot Fault 05.pdf in '../Result/DAE[unsup_res]_CSTR_fd_Act2/re-T2-ineq'
Plot Fault 06.pdf in '../Result/DAE[unsup_res]_CSTR_fd_Act2/re-T2-ineq'
Plot Fault 07.pdf in '../Result/DAE[unsup_res]_CSTR_fd_Act2/re-T2-ineq'
Plot Fault 08.pdf in '../Result/DAE[unsup_res]_CSTR_fd_Act2/re-T2-ineq'
Plot Fault 09.pdf in '../Result/DAE[unsup_res]_CSTR_fd_Act2/re-T2-ineq'
Plot Fault 10.pdf in '../Result/DAE[unsup_res]_CSTR_fd_Act2/re-T2-ineq'
Plot Fault 01.pdf in '../Result/DAE[unsup_res]_CSTR_fd_Act2/re-T2-kde'
Plot Fault 02.pdf in '../Result/DAE[unsup_res]_CSTR_fd_Act2/re-T2-kde'
Plot Fault 03.pdf in '../Result/DAE[unsup_res]_CSTR_fd_Act2/re-T2-kde'
Plot Fault 04.pdf in '../Result/DAE[unsup_res]_CSTR_fd_Act2/re-T2-kde'
Plot Fault 05.pdf in '../Result/DAE[unsup_res]_CSTR_fd_Act2/re-T2-kde'
Plot Fault 06.pdf in '../Result/DAE[unsup_res]_CSTR_fd_Act2/re-T2-kde'
Plot Fault 07.pdf in '../Result/DAE[unsup_res]_CSTR_fd_Act2/re-T2-kde'
Plot Fault 08.pdf in '../Result/DAE[unsup_res]_CSTR_fd_Act2/re-T2-kde'
Plot Fault 09.pdf in '../Result/DAE[unsup_res]_CSTR_fd_Act2/re-T2-kde'
Plot Fault 10.pdf in '../Result/DAE[unsup_res]_CSTR_fd_Act2/re-T2-kde'
